INFO - 2024-08-25 20:43:47 --> Session: Class initialized using 'CodeIgniter\Session\Handlers\FileHandler' driver.
INFO - 2024-08-25 20:44:13 --> iniciando sesion
INFO - 2024-08-25 20:44:15 --> Valor retornado del acceso es:: [{"url_acceso":"solicitudes","orden_acceso":"1"},{"url_acceso":"clientes","orden_acceso":"2"},{"url_acceso":"nueva_solicitud","orden_acceso":null}]
INFO - 2024-08-25 20:44:15 --> Session: Class initialized using 'CodeIgniter\Session\Handlers\FileHandler' driver.
INFO - 2024-08-25 20:44:15 --> Session: Class initialized using 'CodeIgniter\Session\Handlers\FileHandler' driver.
INFO - 2024-08-25 20:44:15 --> SolicitudesController solicitudes
INFO - 2024-08-25 20:44:18 --> Session: Class initialized using 'CodeIgniter\Session\Handlers\FileHandler' driver.
INFO - 2024-08-25 20:44:18 --> SolicitudesController nueva_solicitud
INFO - 2024-08-25 20:44:20 --> Session: Class initialized using 'CodeIgniter\Session\Handlers\FileHandler' driver.
INFO - 2024-08-25 20:44:23 --> Session: Class initialized using 'CodeIgniter\Session\Handlers\FileHandler' driver.
INFO - 2024-08-25 20:44:25 --> Session: Class initialized using 'CodeIgniter\Session\Handlers\FileHandler' driver.
INFO - 2024-08-25 20:49:33 --> llego a buscarProductos con consulta
INFO - 2024-08-25 20:49:33 --> Session: Class initialized using 'CodeIgniter\Session\Handlers\FileHandler' driver.
INFO - 2024-08-25 20:49:33 --> Abuscar es:: MO-0001 origen suc 1
INFO - 2024-08-25 20:49:33 --> query 
INFO - 2024-08-25 20:49:34 --> productos Array
(
    [0] => stdClass Object
        (
            [id_sucursal_destino] => 1
            [id_producto] => 11
            [nombre] => MOVIL
            [marca] => Redmi
            [modelo] => Note 11 PRO
            [color] => Negro
            [medidas] => Estandar
            [precio] => 500.00
            [costo_unitario] => 200.00
            [id_categoria] => 7
            [disponible] => 0
            [codigo_producto] => MO-0001
            [estado] => 1
            [id_usuario_creacion] => 1
            [fecha_creacion] => 2024-08-23
            [disponibilidad] => 5
        )

)

