INFO - 2025-01-05 16:40:10 --> Session: Class initialized using 'CodeIgniter\Session\Handlers\FileHandler' driver.
INFO - 2025-01-05 16:40:15 --> iniciando sesion
INFO - 2025-01-05 16:40:17 --> Valor retornado del acceso es:: [{"url_acceso":"solicitudes","orden_acceso":"1"},{"url_acceso":"clientes","orden_acceso":"2"},{"url_acceso":"nueva_solicitud","orden_acceso":null},{"url_acceso":"perfil","orden_acceso":null},{"url_acceso":"nuevo_cliente","orden_acceso":null},{"url_acceso":"cobros","orden_acceso":"13"}]
INFO - 2025-01-05 16:40:17 --> Session: Class initialized using 'CodeIgniter\Session\Handlers\FileHandler' driver.
INFO - 2025-01-05 16:40:18 --> Session: Class initialized using 'CodeIgniter\Session\Handlers\FileHandler' driver.
INFO - 2025-01-05 16:40:18 --> SolicitudesController solicitudes
INFO - 2025-01-05 16:40:26 --> Session: Class initialized using 'CodeIgniter\Session\Handlers\FileHandler' driver.
INFO - 2025-01-05 16:42:09 --> Session: Class initialized using 'CodeIgniter\Session\Handlers\FileHandler' driver.
INFO - 2025-01-05 16:42:10 --> Resultado JSON: [{"id_solicitud":"20","numero_solicitud":"000002","fecha_creacion":"2025-01-03 20:48:16","dui":"04578956-3","nombre_completo":"Carla Vanessa Garc\u00eda Hern\u00e1ndez","user_creador":"Raul Antonio Lopez Ramirez","estado":"Aprobada","id_estado_actual":"2","observacion":null,"num_contrato":"0001-00000002","montoApagar":"87.87"}]
INFO - 2025-01-05 16:42:12 --> Session: Class initialized using 'CodeIgniter\Session\Handlers\FileHandler' driver.
INFO - 2025-01-05 16:42:12 --> Resultado JSON id_solicitud: 20
INFO - 2025-01-05 16:42:12 --> Resultado JSON deudasSolicitud: Array
(
    [0] => Array
        (
            [id_cobro] => 22
            [id_solicitud] => 20
            [numero_cuota] => 0
            [monto_cuota] => 50.00
            [descripcion] => Pago de prima o cuota numero 0 de 2
            [estado] => CANCELADO
            [fecha_vencimiento] => 2025-01-03
            [fecha_pago] => 
            [interesGenerado] => 0
        )

    [1] => Array
        (
            [id_cobro] => 23
            [id_solicitud] => 20
            [numero_cuota] => 1
            [monto_cuota] => 37.87
            [descripcion] => Pago de la cuota 1 con valor de cuota de $37.87
            [estado] => PENDIENTE
            [fecha_vencimiento] => 2025-02-03
            [fecha_pago] => 2025-01-03
            [interesGenerado] => 0.00
        )

    [2] => Array
        (
            [id_cobro] => 24
            [id_solicitud] => 20
            [numero_cuota] => 2
            [monto_cuota] => 37.87
            [descripcion] => Pago de la cuota 2 con valor de cuota de $37.87
            [estado] => PENDIENTE
            [fecha_vencimiento] => 2025-03-03
            [fecha_pago] => 2025-01-03
            [interesGenerado] => 0.00
        )

)

INFO - 2025-01-05 16:44:13 --> Cobro actualizado: {"id":"23","diasMora":0,"mora":"0.00","montoTotalCuotaInteres":37.87,"montoCuota":37.87,"numero_cuota":1}
INFO - 2025-01-05 16:44:14 --> ***************************************generarDocPagos***************************************
INFO - 2025-01-05 16:44:14 --> Session: Class initialized using 'CodeIgniter\Session\Handlers\FileHandler' driver.
INFO - 2025-01-05 16:44:14 --> generarDocPagos ------> Cobros cancelados: Array
(
    [0] => Array
        (
            [id_cobro] => 23
            [id_solicitud] => 20
            [numero_cuota] => 1
            [monto_cuota] => 37.87
            [descripcion] => Pago de la cuota 1 con valor de cuota de $37.87
            [estado] => CANCELADO
            [fecha_vencimiento] => 2025-02-03
            [fecha_pago] => 2025-01-05
            [interesGenerado] => 0.00
        )

)

INFO - 2025-01-05 16:44:15 --> valor del datosCobros::: Array
(
    [0] => Array
        (
            [num_contrato] => 0001-00000002
            [nombre_completo] => Carla Vanessa García Hernández
        )

)

INFO - 2025-01-05 16:44:15 --> Documento generado exitosamente: public/documentos/pagos/000002/pagoCuota000002_1.docx
INFO - 2025-01-05 16:44:15 --> ***************************************FIN generarContrato***************************************
INFO - 2025-01-05 16:44:21 --> Session: Class initialized using 'CodeIgniter\Session\Handlers\FileHandler' driver.
INFO - 2025-01-05 16:46:58 --> Session: Class initialized using 'CodeIgniter\Session\Handlers\FileHandler' driver.
INFO - 2025-01-05 16:46:59 --> Resultado JSON: [{"id_solicitud":"20","numero_solicitud":"000002","fecha_creacion":"2025-01-03 20:48:16","dui":"04578956-3","nombre_completo":"Carla Vanessa Garc\u00eda Hern\u00e1ndez","user_creador":"Raul Antonio Lopez Ramirez","estado":"Aprobada","id_estado_actual":"2","observacion":null,"num_contrato":"0001-00000002","montoApagar":"100"}]
INFO - 2025-01-05 16:47:12 --> Session: Class initialized using 'CodeIgniter\Session\Handlers\FileHandler' driver.
INFO - 2025-01-05 16:47:12 --> Resultado JSON id_solicitud: 20
INFO - 2025-01-05 16:47:12 --> Resultado JSON deudasSolicitud: Array
(
    [0] => Array
        (
            [id_cobro] => 22
            [id_solicitud] => 20
            [numero_cuota] => 0
            [monto_cuota] => 50.00
            [descripcion] => Pago de prima o cuota numero 0 de 2
            [estado] => CANCELADO
            [fecha_vencimiento] => 2025-01-03
            [fecha_pago] => 
            [interesGenerado] => 0
        )

    [1] => Array
        (
            [id_cobro] => 23
            [id_solicitud] => 20
            [numero_cuota] => 1
            [monto_cuota] => 37.87
            [descripcion] => Pago de la cuota 1 con valor de cuota de $37.87
            [estado] => CANCELADO
            [fecha_vencimiento] => 2025-02-03
            [fecha_pago] => 2025-01-05
            [interesGenerado] => 0.00
        )

    [2] => Array
        (
            [id_cobro] => 24
            [id_solicitud] => 20
            [numero_cuota] => 2
            [monto_cuota] => 37.87
            [descripcion] => Pago de la cuota 2 con valor de cuota de $37.87
            [estado] => PENDIENTE
            [fecha_vencimiento] => 2025-03-03
            [fecha_pago] => 2025-01-03
            [interesGenerado] => 0.00
        )

)

INFO - 2025-01-05 16:47:28 --> Session: Class initialized using 'CodeIgniter\Session\Handlers\FileHandler' driver.
INFO - 2025-01-05 16:47:28 --> Resultado JSON id_solicitud: 20
INFO - 2025-01-05 16:47:29 --> Resultado JSON deudasSolicitud: Array
(
    [0] => Array
        (
            [id_cobro] => 22
            [id_solicitud] => 20
            [numero_cuota] => 0
            [monto_cuota] => 50.00
            [descripcion] => Pago de prima o cuota numero 0 de 2
            [estado] => CANCELADO
            [fecha_vencimiento] => 2025-01-03
            [fecha_pago] => 
            [interesGenerado] => 0
        )

    [1] => Array
        (
            [id_cobro] => 23
            [id_solicitud] => 20
            [numero_cuota] => 1
            [monto_cuota] => 37.87
            [descripcion] => Pago de la cuota 1 con valor de cuota de $37.87
            [estado] => PENDIENTE
            [fecha_vencimiento] => 2025-02-03
            [fecha_pago] => 2025-01-05
            [interesGenerado] => 0.00
        )

    [2] => Array
        (
            [id_cobro] => 24
            [id_solicitud] => 20
            [numero_cuota] => 2
            [monto_cuota] => 37.87
            [descripcion] => Pago de la cuota 2 con valor de cuota de $37.87
            [estado] => PENDIENTE
            [fecha_vencimiento] => 2025-03-03
            [fecha_pago] => 2025-01-03
            [interesGenerado] => 0.00
        )

)

INFO - 2025-01-05 16:47:34 --> Cobro actualizado: {"id":"23","diasMora":0,"mora":"0.00","montoTotalCuotaInteres":37.87,"montoCuota":37.87,"numero_cuota":1}
INFO - 2025-01-05 16:47:35 --> Cobro actualizado: {"id":"24","diasMora":0,"mora":"0.00","montoTotalCuotaInteres":37.87,"montoCuota":37.87,"numero_cuota":2}
INFO - 2025-01-05 16:47:35 --> ***************************************generarDocPagos***************************************
INFO - 2025-01-05 16:47:35 --> Session: Class initialized using 'CodeIgniter\Session\Handlers\FileHandler' driver.
INFO - 2025-01-05 16:47:35 --> generarDocPagos ------> Cobros cancelados: Array
(
    [0] => Array
        (
            [id_cobro] => 23
            [id_solicitud] => 20
            [numero_cuota] => 1
            [monto_cuota] => 37.87
            [descripcion] => Pago de la cuota 1 con valor de cuota de $37.87
            [estado] => CANCELADO
            [fecha_vencimiento] => 2025-02-03
            [fecha_pago] => 2025-01-05
            [interesGenerado] => 0.00
        )

    [1] => Array
        (
            [id_cobro] => 24
            [id_solicitud] => 20
            [numero_cuota] => 2
            [monto_cuota] => 37.87
            [descripcion] => Pago de la cuota 2 con valor de cuota de $37.87
            [estado] => CANCELADO
            [fecha_vencimiento] => 2025-03-03
            [fecha_pago] => 2025-01-05
            [interesGenerado] => 0.00
        )

)

INFO - 2025-01-05 16:47:36 --> valor del datosCobros::: Array
(
    [0] => Array
        (
            [num_contrato] => 0001-00000002
            [nombre_completo] => Carla Vanessa García Hernández
        )

)

INFO - 2025-01-05 16:47:36 --> Documento generado exitosamente: public/documentos/pagos/000002/pagoCuota000002_1_2.docx
INFO - 2025-01-05 16:47:36 --> ***************************************FIN generarContrato***************************************
INFO - 2025-01-05 16:47:43 --> Session: Class initialized using 'CodeIgniter\Session\Handlers\FileHandler' driver.
