INFO - 2025-01-06 08:42:36 --> Session: Class initialized using 'CodeIgniter\Session\Handlers\FileHandler' driver.
INFO - 2025-01-06 08:42:37 --> Session: Class initialized using 'CodeIgniter\Session\Handlers\FileHandler' driver.
INFO - 2025-01-06 08:43:13 --> iniciando sesion
INFO - 2025-01-06 08:43:15 --> Valor retornado del acceso es:: [{"url_acceso":"solicitudes","orden_acceso":"1"},{"url_acceso":"clientes","orden_acceso":"2"},{"url_acceso":"nueva_solicitud","orden_acceso":null},{"url_acceso":"perfil","orden_acceso":null},{"url_acceso":"nuevo_cliente","orden_acceso":null},{"url_acceso":"cobros","orden_acceso":"13"}]
INFO - 2025-01-06 08:43:15 --> Session: Class initialized using 'CodeIgniter\Session\Handlers\FileHandler' driver.
INFO - 2025-01-06 08:43:17 --> Session: Class initialized using 'CodeIgniter\Session\Handlers\FileHandler' driver.
INFO - 2025-01-06 08:43:17 --> SolicitudesController solicitudes
INFO - 2025-01-06 08:43:25 --> Session: Class initialized using 'CodeIgniter\Session\Handlers\FileHandler' driver.
INFO - 2025-01-06 08:43:30 --> Session: Class initialized using 'CodeIgniter\Session\Handlers\FileHandler' driver.
INFO - 2025-01-06 08:43:30 --> SolicitudesController solicitudes
INFO - 2025-01-06 08:43:38 --> Session: Class initialized using 'CodeIgniter\Session\Handlers\FileHandler' driver.
INFO - 2025-01-06 08:43:45 --> Session: Class initialized using 'CodeIgniter\Session\Handlers\FileHandler' driver.
INFO - 2025-01-06 08:43:45 --> SolicitudesController solicitudes
INFO - 2025-01-06 08:43:53 --> Session: Class initialized using 'CodeIgniter\Session\Handlers\FileHandler' driver.
INFO - 2025-01-06 08:43:58 --> Session: Class initialized using 'CodeIgniter\Session\Handlers\FileHandler' driver.
INFO - 2025-01-06 08:43:59 --> Resultado JSON: [{"id_solicitud":"20","numero_solicitud":"000002","fecha_creacion":"2025-01-03 20:48:16","dui":"04578956-3","nombre_completo":"Carla Vanessa Garc\u00eda Hern\u00e1ndez","user_creador":"Raul Antonio Lopez Ramirez","estado":"Aprobada","id_estado_actual":"2","observacion":null,"num_contrato":"0001-00000002","montoApagar":"24.26"}]
INFO - 2025-01-06 08:45:11 --> Session: Class initialized using 'CodeIgniter\Session\Handlers\FileHandler' driver.
INFO - 2025-01-06 08:45:11 --> Resultado JSON id_solicitud: 20
INFO - 2025-01-06 08:45:12 --> Resultado JSON deudasSolicitud: Array
(
    [0] => Array
        (
            [id_cobro] => 22
            [id_solicitud] => 20
            [numero_cuota] => 0
            [monto_cuota] => 50.00
            [descripcion] => Pago de prima o cuota numero 0 de 2
            [estado] => CANCELADO
            [fecha_vencimiento] => 2025-01-03
            [fecha_pago] => 
            [interesGenerado] => 0
        )

    [1] => Array
        (
            [id_cobro] => 23
            [id_solicitud] => 20
            [numero_cuota] => 1
            [monto_cuota] => 37.87
            [descripcion] => Pago de la cuota 1 con valor de cuota de $37.87
            [estado] => CANCELADO
            [fecha_vencimiento] => 2025-02-03
            [fecha_pago] => 2025-01-05
            [interesGenerado] => 0.00
        )

    [2] => Array
        (
            [id_cobro] => 24
            [id_solicitud] => 20
            [numero_cuota] => 2
            [monto_cuota] => 37.87
            [descripcion] => Pago de la cuota 2 con valor de cuota de $37.87
            [estado] => CANCELADO
            [fecha_vencimiento] => 2025-03-03
            [fecha_pago] => 2025-01-05
            [interesGenerado] => 0.00
        )

)

INFO - 2025-01-06 08:45:15 --> Session: Class initialized using 'CodeIgniter\Session\Handlers\FileHandler' driver.
INFO - 2025-01-06 08:45:15 --> Resultado JSON: [{"id_solicitud":"20","numero_solicitud":"000002","fecha_creacion":"2025-01-03 20:48:16","dui":"04578956-3","nombre_completo":"Carla Vanessa Garc\u00eda Hern\u00e1ndez","user_creador":"Raul Antonio Lopez Ramirez","estado":"Aprobada","id_estado_actual":"2","observacion":null,"num_contrato":"0001-00000002","montoApagar":"100"}]
INFO - 2025-01-06 08:45:37 --> Session: Class initialized using 'CodeIgniter\Session\Handlers\FileHandler' driver.
INFO - 2025-01-06 08:45:38 --> Resultado JSON: [{"id_solicitud":"20","numero_solicitud":"000002","fecha_creacion":"2025-01-03 20:48:16","dui":"04578956-3","nombre_completo":"Carla Vanessa Garc\u00eda Hern\u00e1ndez","user_creador":"Raul Antonio Lopez Ramirez","estado":"Aprobada","id_estado_actual":"2","observacion":null,"num_contrato":"0001-00000002","montoApagar":"100"}]
INFO - 2025-01-06 08:45:39 --> Session: Class initialized using 'CodeIgniter\Session\Handlers\FileHandler' driver.
INFO - 2025-01-06 08:45:39 --> Resultado JSON id_solicitud: 20
INFO - 2025-01-06 08:45:40 --> Resultado JSON deudasSolicitud: Array
(
    [0] => Array
        (
            [id_cobro] => 22
            [id_solicitud] => 20
            [numero_cuota] => 0
            [monto_cuota] => 50.00
            [descripcion] => Pago de prima o cuota numero 0 de 2
            [estado] => CANCELADO
            [fecha_vencimiento] => 2025-01-03
            [fecha_pago] => 
            [interesGenerado] => 0
        )

    [1] => Array
        (
            [id_cobro] => 23
            [id_solicitud] => 20
            [numero_cuota] => 1
            [monto_cuota] => 37.87
            [descripcion] => Pago de la cuota 1 con valor de cuota de $37.87
            [estado] => PENDIENTE
            [fecha_vencimiento] => 2025-02-03
            [fecha_pago] => 2025-01-05
            [interesGenerado] => 0.00
        )

    [2] => Array
        (
            [id_cobro] => 24
            [id_solicitud] => 20
            [numero_cuota] => 2
            [monto_cuota] => 37.87
            [descripcion] => Pago de la cuota 2 con valor de cuota de $37.87
            [estado] => PENDIENTE
            [fecha_vencimiento] => 2025-03-03
            [fecha_pago] => 2025-01-05
            [interesGenerado] => 0.00
        )

)

INFO - 2025-01-06 08:45:50 --> Cobro actualizado: {"id":"23","diasMora":0,"mora":"0.00","montoTotalCuotaInteres":37.87,"montoCuota":37.87,"numero_cuota":1}
INFO - 2025-01-06 08:45:50 --> Cobro actualizado: {"id":"24","diasMora":0,"mora":"0.00","montoTotalCuotaInteres":37.87,"montoCuota":37.87,"numero_cuota":2}
INFO - 2025-01-06 08:45:51 --> ***************************************generarDocPagos***************************************
INFO - 2025-01-06 08:45:51 --> Session: Class initialized using 'CodeIgniter\Session\Handlers\FileHandler' driver.
INFO - 2025-01-06 08:45:51 --> generarDocPagos ------> Cobros cancelados: Array
(
    [0] => Array
        (
            [id_cobro] => 23
            [id_solicitud] => 20
            [numero_cuota] => 1
            [monto_cuota] => 37.87
            [descripcion] => Pago de la cuota 1 con valor de cuota de $37.87
            [estado] => CANCELADO
            [fecha_vencimiento] => 2025-02-03
            [fecha_pago] => 2025-01-06
            [interesGenerado] => 0.00
        )

    [1] => Array
        (
            [id_cobro] => 24
            [id_solicitud] => 20
            [numero_cuota] => 2
            [monto_cuota] => 37.87
            [descripcion] => Pago de la cuota 2 con valor de cuota de $37.87
            [estado] => CANCELADO
            [fecha_vencimiento] => 2025-03-03
            [fecha_pago] => 2025-01-06
            [interesGenerado] => 0.00
        )

)

INFO - 2025-01-06 08:45:51 --> valor del datosCobros::: Array
(
    [0] => Array
        (
            [num_contrato] => 0001-00000002
            [nombre_completo] => Carla Vanessa García Hernández
        )

)

INFO - 2025-01-06 08:45:51 --> Documento generado exitosamente: public/documentos/pagos/000002/pagoCuota000002_1_2.docx
INFO - 2025-01-06 08:45:51 --> ***************************************FIN generarContrato***************************************
INFO - 2025-01-06 08:45:58 --> Session: Class initialized using 'CodeIgniter\Session\Handlers\FileHandler' driver.
INFO - 2025-01-06 19:23:38 --> Session: Class initialized using 'CodeIgniter\Session\Handlers\FileHandler' driver.
INFO - 2025-01-06 19:23:41 --> Session: Class initialized using 'CodeIgniter\Session\Handlers\FileHandler' driver.
INFO - 2025-01-06 19:23:56 --> iniciando sesion
INFO - 2025-01-06 19:23:58 --> Valor retornado del acceso es:: [{"url_acceso":"solicitudes","orden_acceso":"1"},{"url_acceso":"clientes","orden_acceso":"2"},{"url_acceso":"nueva_solicitud","orden_acceso":null},{"url_acceso":"perfil","orden_acceso":null},{"url_acceso":"nuevo_cliente","orden_acceso":null},{"url_acceso":"cobros","orden_acceso":"13"}]
INFO - 2025-01-06 19:23:58 --> Session: Class initialized using 'CodeIgniter\Session\Handlers\FileHandler' driver.
INFO - 2025-01-06 19:23:59 --> Session: Class initialized using 'CodeIgniter\Session\Handlers\FileHandler' driver.
INFO - 2025-01-06 19:23:59 --> SolicitudesController solicitudes
INFO - 2025-01-06 19:24:02 --> Session: Class initialized using 'CodeIgniter\Session\Handlers\FileHandler' driver.
INFO - 2025-01-06 19:24:05 --> Session: Class initialized using 'CodeIgniter\Session\Handlers\FileHandler' driver.
INFO - 2025-01-06 19:24:05 --> SolicitudesController solicitudes
INFO - 2025-01-06 19:24:12 --> Session: Class initialized using 'CodeIgniter\Session\Handlers\FileHandler' driver.
INFO - 2025-01-06 19:24:16 --> Session: Class initialized using 'CodeIgniter\Session\Handlers\FileHandler' driver.
INFO - 2025-01-06 19:24:16 --> Resultado JSON: [{"id_solicitud":"20","numero_solicitud":"000002","fecha_creacion":"2025-01-03 20:48:16","dui":"04578956-3","nombre_completo":"Carla Vanessa Garc\u00eda Hern\u00e1ndez","user_creador":"Raul Antonio Lopez Ramirez","estado":"Aprobada","id_estado_actual":"2","observacion":null,"num_contrato":"0001-00000002","montoApagar":"24.26"}]
INFO - 2025-01-06 19:24:19 --> Session: Class initialized using 'CodeIgniter\Session\Handlers\FileHandler' driver.
INFO - 2025-01-06 19:24:19 --> Resultado JSON id_solicitud: 20
INFO - 2025-01-06 19:24:20 --> Resultado JSON deudasSolicitud: Array
(
    [0] => Array
        (
            [id_cobro] => 22
            [id_solicitud] => 20
            [numero_cuota] => 0
            [monto_cuota] => 50.00
            [descripcion] => Pago de prima o cuota numero 0 de 2
            [estado] => CANCELADO
            [fecha_vencimiento] => 2025-01-03
            [fecha_pago] => 
            [interesGenerado] => 0
        )

    [1] => Array
        (
            [id_cobro] => 23
            [id_solicitud] => 20
            [numero_cuota] => 1
            [monto_cuota] => 37.87
            [descripcion] => Pago de la cuota 1 con valor de cuota de $37.87
            [estado] => CANCELADO
            [fecha_vencimiento] => 2025-02-03
            [fecha_pago] => 2025-01-06
            [interesGenerado] => 0.00
        )

    [2] => Array
        (
            [id_cobro] => 24
            [id_solicitud] => 20
            [numero_cuota] => 2
            [monto_cuota] => 37.87
            [descripcion] => Pago de la cuota 2 con valor de cuota de $37.87
            [estado] => CANCELADO
            [fecha_vencimiento] => 2025-03-03
            [fecha_pago] => 2025-01-06
            [interesGenerado] => 0.00
        )

)

INFO - 2025-01-06 19:27:12 --> Session: Class initialized using 'CodeIgniter\Session\Handlers\FileHandler' driver.
INFO - 2025-01-06 19:27:13 --> Resultado JSON: [{"id_solicitud":"20","numero_solicitud":"000002","fecha_creacion":"2025-01-03 20:48:16","dui":"04578956-3","nombre_completo":"Carla Vanessa Garc\u00eda Hern\u00e1ndez","user_creador":"Raul Antonio Lopez Ramirez","estado":"Aprobada","id_estado_actual":"2","observacion":null,"num_contrato":"0001-00000002","montoApagar":"125.74"}]
INFO - 2025-01-06 19:27:14 --> Session: Class initialized using 'CodeIgniter\Session\Handlers\FileHandler' driver.
INFO - 2025-01-06 19:27:14 --> Resultado JSON id_solicitud: 20
INFO - 2025-01-06 19:27:15 --> Resultado JSON deudasSolicitud: Array
(
    [0] => Array
        (
            [id_cobro] => 22
            [id_solicitud] => 20
            [numero_cuota] => 0
            [monto_cuota] => 50.00
            [descripcion] => Pago de prima o cuota numero 0 de 2
            [estado] => CANCELADO
            [fecha_vencimiento] => 2025-01-03
            [fecha_pago] => 
            [interesGenerado] => 0
        )

    [1] => Array
        (
            [id_cobro] => 23
            [id_solicitud] => 20
            [numero_cuota] => 1
            [monto_cuota] => 37.87
            [descripcion] => Pago de la cuota 1 con valor de cuota de $37.87
            [estado] => PENDIENTE
            [fecha_vencimiento] => 2025-02-03
            [fecha_pago] => 2025-01-06
            [interesGenerado] => 0.00
        )

    [2] => Array
        (
            [id_cobro] => 24
            [id_solicitud] => 20
            [numero_cuota] => 2
            [monto_cuota] => 37.87
            [descripcion] => Pago de la cuota 2 con valor de cuota de $37.87
            [estado] => PENDIENTE
            [fecha_vencimiento] => 2025-03-03
            [fecha_pago] => 2025-01-06
            [interesGenerado] => 0.00
        )

)

INFO - 2025-01-06 19:27:55 --> Cobro actualizado: {"id":"23","diasMora":0,"mora":"0.00","montoTotalCuotaInteres":37.87,"montoCuota":37.87,"numero_cuota":1}
INFO - 2025-01-06 19:27:55 --> Cobro actualizado: {"id":"24","diasMora":0,"mora":"0.00","montoTotalCuotaInteres":37.87,"montoCuota":37.87,"numero_cuota":2}
INFO - 2025-01-06 19:27:56 --> ***************************************generarDocPagos***************************************
INFO - 2025-01-06 19:27:56 --> Session: Class initialized using 'CodeIgniter\Session\Handlers\FileHandler' driver.
INFO - 2025-01-06 19:27:56 --> generarDocPagos ------> Cobros cancelados: Array
(
    [0] => Array
        (
            [id_cobro] => 23
            [id_solicitud] => 20
            [numero_cuota] => 1
            [monto_cuota] => 37.87
            [descripcion] => Pago de la cuota 1 con valor de cuota de $37.87
            [estado] => CANCELADO
            [fecha_vencimiento] => 2025-02-03
            [fecha_pago] => 2025-01-06
            [interesGenerado] => 0.00
        )

    [1] => Array
        (
            [id_cobro] => 24
            [id_solicitud] => 20
            [numero_cuota] => 2
            [monto_cuota] => 37.87
            [descripcion] => Pago de la cuota 2 con valor de cuota de $37.87
            [estado] => CANCELADO
            [fecha_vencimiento] => 2025-03-03
            [fecha_pago] => 2025-01-06
            [interesGenerado] => 0.00
        )

)

INFO - 2025-01-06 19:27:56 --> valor del datosCobros::: Array
(
    [0] => Array
        (
            [num_contrato] => 0001-00000002
            [nombre_completo] => Carla Vanessa García Hernández
        )

)

INFO - 2025-01-06 19:27:56 --> Documento generado exitosamente: public/documentos/pagos/000002/pagoCuota000002_1_2.docx
INFO - 2025-01-06 19:27:56 --> ***************************************FIN generarContrato***************************************
INFO - 2025-01-06 19:28:03 --> Session: Class initialized using 'CodeIgniter\Session\Handlers\FileHandler' driver.
INFO - 2025-01-06 19:30:05 --> Session: Class initialized using 'CodeIgniter\Session\Handlers\FileHandler' driver.
INFO - 2025-01-06 19:30:05 --> Resultado JSON: [{"id_solicitud":"20","numero_solicitud":"000002","fecha_creacion":"2025-01-03 20:48:16","dui":"04578956-3","nombre_completo":"Carla Vanessa Garc\u00eda Hern\u00e1ndez","user_creador":"Raul Antonio Lopez Ramirez","estado":"Aprobada","id_estado_actual":"2","observacion":null,"num_contrato":"0001-00000002","montoApagar":"125.74"}]
INFO - 2025-01-06 19:30:07 --> Session: Class initialized using 'CodeIgniter\Session\Handlers\FileHandler' driver.
INFO - 2025-01-06 19:30:07 --> Resultado JSON id_solicitud: 20
INFO - 2025-01-06 19:30:07 --> Resultado JSON deudasSolicitud: Array
(
    [0] => Array
        (
            [id_cobro] => 22
            [id_solicitud] => 20
            [numero_cuota] => 0
            [monto_cuota] => 50.00
            [descripcion] => Pago de prima o cuota numero 0 de 2
            [estado] => CANCELADO
            [fecha_vencimiento] => 2025-01-03
            [fecha_pago] => 
            [interesGenerado] => 0
        )

    [1] => Array
        (
            [id_cobro] => 23
            [id_solicitud] => 20
            [numero_cuota] => 1
            [monto_cuota] => 37.87
            [descripcion] => Pago de la cuota 1 con valor de cuota de $37.87
            [estado] => PENDIENTE
            [fecha_vencimiento] => 2025-02-03
            [fecha_pago] => 2025-01-06
            [interesGenerado] => 0.00
        )

    [2] => Array
        (
            [id_cobro] => 24
            [id_solicitud] => 20
            [numero_cuota] => 2
            [monto_cuota] => 37.87
            [descripcion] => Pago de la cuota 2 con valor de cuota de $37.87
            [estado] => PENDIENTE
            [fecha_vencimiento] => 2025-03-03
            [fecha_pago] => 2025-01-06
            [interesGenerado] => 0.00
        )

)

INFO - 2025-01-06 19:30:14 --> Cobro actualizado: {"id":"23","diasMora":0,"mora":"0.00","montoTotalCuotaInteres":37.87,"montoCuota":37.87,"numero_cuota":1}
INFO - 2025-01-06 19:30:14 --> Cobro actualizado: {"id":"24","diasMora":0,"mora":"0.00","montoTotalCuotaInteres":37.87,"montoCuota":37.87,"numero_cuota":2}
INFO - 2025-01-06 19:30:15 --> ***************************************generarDocPagos***************************************
INFO - 2025-01-06 19:30:15 --> Session: Class initialized using 'CodeIgniter\Session\Handlers\FileHandler' driver.
INFO - 2025-01-06 19:30:15 --> generarDocPagos ------> Cobros cancelados: Array
(
    [0] => Array
        (
            [id_cobro] => 23
            [id_solicitud] => 20
            [numero_cuota] => 1
            [monto_cuota] => 37.87
            [descripcion] => Pago de la cuota 1 con valor de cuota de $37.87
            [estado] => CANCELADO
            [fecha_vencimiento] => 2025-02-03
            [fecha_pago] => 2025-01-06
            [interesGenerado] => 0.00
        )

    [1] => Array
        (
            [id_cobro] => 24
            [id_solicitud] => 20
            [numero_cuota] => 2
            [monto_cuota] => 37.87
            [descripcion] => Pago de la cuota 2 con valor de cuota de $37.87
            [estado] => CANCELADO
            [fecha_vencimiento] => 2025-03-03
            [fecha_pago] => 2025-01-06
            [interesGenerado] => 0.00
        )

)

INFO - 2025-01-06 19:30:15 --> valor del datosCobros::: Array
(
    [0] => Array
        (
            [num_contrato] => 0001-00000002
            [nombre_completo] => Carla Vanessa García Hernández
        )

)

INFO - 2025-01-06 19:30:15 --> Documento generado exitosamente: public/documentos/pagos/000002/pagoCuota000002_1_2.docx
INFO - 2025-01-06 19:30:15 --> ***************************************FIN generarContrato***************************************
INFO - 2025-01-06 19:30:22 --> Session: Class initialized using 'CodeIgniter\Session\Handlers\FileHandler' driver.
INFO - 2025-01-06 19:52:14 --> Session: Class initialized using 'CodeIgniter\Session\Handlers\FileHandler' driver.
INFO - 2025-01-06 19:52:14 --> SolicitudesController solicitudes
INFO - 2025-01-06 20:20:28 --> Session: Class initialized using 'CodeIgniter\Session\Handlers\FileHandler' driver.
INFO - 2025-01-06 20:20:28 --> SolicitudesController solicitudes
INFO - 2025-01-06 20:21:48 --> Session: Class initialized using 'CodeIgniter\Session\Handlers\FileHandler' driver.
INFO - 2025-01-06 20:22:33 --> Session: Class initialized using 'CodeIgniter\Session\Handlers\FileHandler' driver.
INFO - 2025-01-06 20:22:34 --> Resultado JSON: [{"id_solicitud":"20","numero_solicitud":"000002","fecha_creacion":"2025-01-03 20:48:16","dui":"04578956-3","nombre_completo":"Carla Vanessa Garc\u00eda Hern\u00e1ndez","user_creador":"Raul Antonio Lopez Ramirez","estado":"Aprobada","id_estado_actual":"2","observacion":null,"num_contrato":"0001-00000002","montoApagar":"125.74"}]
INFO - 2025-01-06 20:23:12 --> Session: Class initialized using 'CodeIgniter\Session\Handlers\FileHandler' driver.
INFO - 2025-01-06 20:23:12 --> SolicitudesController solicitudes
INFO - 2025-01-06 20:23:25 --> Session: Class initialized using 'CodeIgniter\Session\Handlers\FileHandler' driver.
INFO - 2025-01-06 20:23:29 --> Session: Class initialized using 'CodeIgniter\Session\Handlers\FileHandler' driver.
INFO - 2025-01-06 20:23:29 --> SolicitudesController solicitudes
INFO - 2025-01-06 20:23:40 --> Session: Class initialized using 'CodeIgniter\Session\Handlers\FileHandler' driver.
INFO - 2025-01-06 20:23:49 --> Session: Class initialized using 'CodeIgniter\Session\Handlers\FileHandler' driver.
INFO - 2025-01-06 20:23:50 --> Resultado JSON: [{"id_solicitud":"20","numero_solicitud":"000002","fecha_creacion":"2025-01-03 20:48:16","dui":"04578956-3","nombre_completo":"Carla Vanessa Garc\u00eda Hern\u00e1ndez","user_creador":"Raul Antonio Lopez Ramirez","estado":"Aprobada","id_estado_actual":"2","observacion":null,"num_contrato":"0001-00000002","montoApagar":"125.74"}]
INFO - 2025-01-06 20:24:10 --> Session: Class initialized using 'CodeIgniter\Session\Handlers\FileHandler' driver.
INFO - 2025-01-06 20:24:10 --> Resultado JSON id_solicitud: 20
INFO - 2025-01-06 20:24:12 --> Resultado JSON deudasSolicitud: Array
(
    [0] => Array
        (
            [id_cobro] => 22
            [id_solicitud] => 20
            [numero_cuota] => 0
            [monto_cuota] => 50.00
            [descripcion] => Pago de prima o cuota numero 0 de 2
            [estado] => CANCELADO
            [fecha_vencimiento] => 2025-01-03
            [fecha_pago] => 
            [interesGenerado] => 0
        )

    [1] => Array
        (
            [id_cobro] => 23
            [id_solicitud] => 20
            [numero_cuota] => 1
            [monto_cuota] => 37.87
            [descripcion] => Pago de la cuota 1 con valor de cuota de $37.87
            [estado] => PENDIENTE
            [fecha_vencimiento] => 2025-02-03
            [fecha_pago] => 2025-01-06
            [interesGenerado] => 0.00
        )

    [2] => Array
        (
            [id_cobro] => 24
            [id_solicitud] => 20
            [numero_cuota] => 2
            [monto_cuota] => 37.87
            [descripcion] => Pago de la cuota 2 con valor de cuota de $37.87
            [estado] => PENDIENTE
            [fecha_vencimiento] => 2025-03-03
            [fecha_pago] => 2025-01-06
            [interesGenerado] => 0.00
        )

)

INFO - 2025-01-06 20:25:51 --> Cobro actualizado: {"id":"23","diasMora":0,"mora":"0.00","montoTotalCuotaInteres":37.87,"montoCuota":37.87,"numero_cuota":1}
INFO - 2025-01-06 20:25:51 --> Cobro actualizado: {"id":"24","diasMora":0,"mora":"0.00","montoTotalCuotaInteres":37.87,"montoCuota":37.87,"numero_cuota":2}
INFO - 2025-01-06 20:25:52 --> ***************************************generarDocPagos***************************************
INFO - 2025-01-06 20:25:52 --> Session: Class initialized using 'CodeIgniter\Session\Handlers\FileHandler' driver.
INFO - 2025-01-06 20:25:52 --> generarDocPagos ------> Cobros cancelados: Array
(
    [0] => Array
        (
            [id_cobro] => 23
            [id_solicitud] => 20
            [numero_cuota] => 1
            [monto_cuota] => 37.87
            [descripcion] => Pago de la cuota 1 con valor de cuota de $37.87
            [estado] => CANCELADO
            [fecha_vencimiento] => 2025-02-03
            [fecha_pago] => 2025-01-06
            [interesGenerado] => 0.00
        )

    [1] => Array
        (
            [id_cobro] => 24
            [id_solicitud] => 20
            [numero_cuota] => 2
            [monto_cuota] => 37.87
            [descripcion] => Pago de la cuota 2 con valor de cuota de $37.87
            [estado] => CANCELADO
            [fecha_vencimiento] => 2025-03-03
            [fecha_pago] => 2025-01-06
            [interesGenerado] => 0.00
        )

)

INFO - 2025-01-06 20:25:52 --> valor del datosCobros::: Array
(
    [0] => Array
        (
            [num_contrato] => 0001-00000002
            [nombre_completo] => Carla Vanessa García Hernández
        )

)

INFO - 2025-01-06 20:25:53 --> Documento generado exitosamente: public/documentos/pagos/000002/pagoCuota000002_1_2.docx
INFO - 2025-01-06 20:25:53 --> ***************************************FIN generarContrato***************************************
INFO - 2025-01-06 20:29:08 --> Session: Class initialized using 'CodeIgniter\Session\Handlers\FileHandler' driver.
INFO - 2025-01-06 20:31:07 --> Session: Class initialized using 'CodeIgniter\Session\Handlers\FileHandler' driver.
INFO - 2025-01-06 20:31:08 --> Resultado JSON: [{"id_solicitud":"20","numero_solicitud":"000002","fecha_creacion":"2025-01-03 20:48:16","dui":"04578956-3","nombre_completo":"Carla Vanessa Garc\u00eda Hern\u00e1ndez","user_creador":"Raul Antonio Lopez Ramirez","estado":"Aprobada","id_estado_actual":"2","observacion":null,"num_contrato":"0001-00000002","montoApagar":"125.74"}]
INFO - 2025-01-06 20:31:09 --> Session: Class initialized using 'CodeIgniter\Session\Handlers\FileHandler' driver.
INFO - 2025-01-06 20:31:09 --> Resultado JSON id_solicitud: 20
INFO - 2025-01-06 20:31:10 --> Resultado JSON deudasSolicitud: Array
(
    [0] => Array
        (
            [id_cobro] => 22
            [id_solicitud] => 20
            [numero_cuota] => 0
            [monto_cuota] => 50.00
            [descripcion] => Pago de prima o cuota numero 0 de 2
            [estado] => CANCELADO
            [fecha_vencimiento] => 2025-01-03
            [fecha_pago] => 
            [interesGenerado] => 0
        )

    [1] => Array
        (
            [id_cobro] => 23
            [id_solicitud] => 20
            [numero_cuota] => 1
            [monto_cuota] => 37.87
            [descripcion] => Pago de la cuota 1 con valor de cuota de $37.87
            [estado] => PENDIENTE
            [fecha_vencimiento] => 2025-02-03
            [fecha_pago] => 2025-01-06
            [interesGenerado] => 0.00
        )

    [2] => Array
        (
            [id_cobro] => 24
            [id_solicitud] => 20
            [numero_cuota] => 2
            [monto_cuota] => 37.87
            [descripcion] => Pago de la cuota 2 con valor de cuota de $37.87
            [estado] => PENDIENTE
            [fecha_vencimiento] => 2025-03-03
            [fecha_pago] => 2025-01-06
            [interesGenerado] => 0.00
        )

)

INFO - 2025-01-06 20:31:14 --> Cobro actualizado: {"id":"23","diasMora":0,"mora":"0.00","montoTotalCuotaInteres":37.87,"montoCuota":37.87,"numero_cuota":1}
INFO - 2025-01-06 20:31:14 --> Cobro actualizado: {"id":"24","diasMora":0,"mora":"0.00","montoTotalCuotaInteres":37.87,"montoCuota":37.87,"numero_cuota":2}
INFO - 2025-01-06 20:31:15 --> ***************************************generarDocPagos***************************************
INFO - 2025-01-06 20:31:15 --> Session: Class initialized using 'CodeIgniter\Session\Handlers\FileHandler' driver.
INFO - 2025-01-06 20:31:16 --> generarDocPagos ------> Cobros cancelados: Array
(
    [0] => Array
        (
            [id_cobro] => 23
            [id_solicitud] => 20
            [numero_cuota] => 1
            [monto_cuota] => 37.87
            [descripcion] => Pago de la cuota 1 con valor de cuota de $37.87
            [estado] => CANCELADO
            [fecha_vencimiento] => 2025-02-03
            [fecha_pago] => 2025-01-06
            [interesGenerado] => 0.00
        )

    [1] => Array
        (
            [id_cobro] => 24
            [id_solicitud] => 20
            [numero_cuota] => 2
            [monto_cuota] => 37.87
            [descripcion] => Pago de la cuota 2 con valor de cuota de $37.87
            [estado] => CANCELADO
            [fecha_vencimiento] => 2025-03-03
            [fecha_pago] => 2025-01-06
            [interesGenerado] => 0.00
        )

)

INFO - 2025-01-06 20:31:16 --> valor del datosCobros::: Array
(
    [0] => Array
        (
            [num_contrato] => 0001-00000002
            [nombre_completo] => Carla Vanessa García Hernández
        )

)

INFO - 2025-01-06 20:31:16 --> Documento generado exitosamente: public/documentos/pagos/000002/pagoCuota000002_1_2.docx
INFO - 2025-01-06 20:31:16 --> ***************************************FIN generarContrato***************************************
INFO - 2025-01-06 20:31:24 --> Session: Class initialized using 'CodeIgniter\Session\Handlers\FileHandler' driver.
INFO - 2025-01-06 20:33:58 --> Session: Class initialized using 'CodeIgniter\Session\Handlers\FileHandler' driver.
INFO - 2025-01-06 20:33:58 --> Resultado JSON: [{"id_solicitud":"20","numero_solicitud":"000002","fecha_creacion":"2025-01-03 20:48:16","dui":"04578956-3","nombre_completo":"Carla Vanessa Garc\u00eda Hern\u00e1ndez","user_creador":"Raul Antonio Lopez Ramirez","estado":"Aprobada","id_estado_actual":"2","observacion":null,"num_contrato":"0001-00000002","montoApagar":"125.74"}]
INFO - 2025-01-06 20:34:00 --> Session: Class initialized using 'CodeIgniter\Session\Handlers\FileHandler' driver.
INFO - 2025-01-06 20:34:00 --> Resultado JSON id_solicitud: 20
INFO - 2025-01-06 20:34:01 --> Resultado JSON deudasSolicitud: Array
(
    [0] => Array
        (
            [id_cobro] => 22
            [id_solicitud] => 20
            [numero_cuota] => 0
            [monto_cuota] => 50.00
            [descripcion] => Pago de prima o cuota numero 0 de 2
            [estado] => CANCELADO
            [fecha_vencimiento] => 2025-01-03
            [fecha_pago] => 
            [interesGenerado] => 0
        )

    [1] => Array
        (
            [id_cobro] => 23
            [id_solicitud] => 20
            [numero_cuota] => 1
            [monto_cuota] => 37.87
            [descripcion] => Pago de la cuota 1 con valor de cuota de $37.87
            [estado] => PENDIENTE
            [fecha_vencimiento] => 2025-02-03
            [fecha_pago] => 2025-01-06
            [interesGenerado] => 0.00
        )

    [2] => Array
        (
            [id_cobro] => 24
            [id_solicitud] => 20
            [numero_cuota] => 2
            [monto_cuota] => 37.87
            [descripcion] => Pago de la cuota 2 con valor de cuota de $37.87
            [estado] => PENDIENTE
            [fecha_vencimiento] => 2025-03-03
            [fecha_pago] => 2025-01-06
            [interesGenerado] => 0.00
        )

)

INFO - 2025-01-06 20:34:10 --> Cobro actualizado: {"id":"23","diasMora":0,"mora":"0.00","montoTotalCuotaInteres":37.87,"montoCuota":37.87,"numero_cuota":1}
INFO - 2025-01-06 20:34:10 --> Cobro actualizado: {"id":"24","diasMora":0,"mora":"0.00","montoTotalCuotaInteres":37.87,"montoCuota":37.87,"numero_cuota":2}
INFO - 2025-01-06 20:34:11 --> ***************************************generarDocPagos***************************************
INFO - 2025-01-06 20:34:11 --> Session: Class initialized using 'CodeIgniter\Session\Handlers\FileHandler' driver.
INFO - 2025-01-06 20:34:11 --> generarDocPagos ------> Cobros cancelados: Array
(
    [0] => Array
        (
            [id_cobro] => 23
            [id_solicitud] => 20
            [numero_cuota] => 1
            [monto_cuota] => 37.87
            [descripcion] => Pago de la cuota 1 con valor de cuota de $37.87
            [estado] => CANCELADO
            [fecha_vencimiento] => 2025-02-03
            [fecha_pago] => 2025-01-06
            [interesGenerado] => 0.00
        )

    [1] => Array
        (
            [id_cobro] => 24
            [id_solicitud] => 20
            [numero_cuota] => 2
            [monto_cuota] => 37.87
            [descripcion] => Pago de la cuota 2 con valor de cuota de $37.87
            [estado] => CANCELADO
            [fecha_vencimiento] => 2025-03-03
            [fecha_pago] => 2025-01-06
            [interesGenerado] => 0.00
        )

)

INFO - 2025-01-06 20:34:12 --> valor del datosCobros::: Array
(
    [0] => Array
        (
            [num_contrato] => 0001-00000002
            [nombre_completo] => Carla Vanessa García Hernández
        )

)

INFO - 2025-01-06 20:34:12 --> Documento generado exitosamente: public/documentos/pagos/000002/pagoCuota000002_1_2.docx
INFO - 2025-01-06 20:34:12 --> ***************************************FIN generarContrato***************************************
INFO - 2025-01-06 20:34:22 --> Session: Class initialized using 'CodeIgniter\Session\Handlers\FileHandler' driver.
INFO - 2025-01-06 20:34:37 --> Session: Class initialized using 'CodeIgniter\Session\Handlers\FileHandler' driver.
INFO - 2025-01-06 20:34:37 --> Resultado JSON: [{"id_solicitud":"20","numero_solicitud":"000002","fecha_creacion":"2025-01-03 20:48:16","dui":"04578956-3","nombre_completo":"Carla Vanessa Garc\u00eda Hern\u00e1ndez","user_creador":"Raul Antonio Lopez Ramirez","estado":"Aprobada","id_estado_actual":"2","observacion":null,"num_contrato":"0001-00000002","montoApagar":"50"}]
INFO - 2025-01-06 20:34:39 --> Session: Class initialized using 'CodeIgniter\Session\Handlers\FileHandler' driver.
INFO - 2025-01-06 20:34:39 --> Resultado JSON id_solicitud: 20
INFO - 2025-01-06 20:34:39 --> Resultado JSON deudasSolicitud: Array
(
    [0] => Array
        (
            [id_cobro] => 22
            [id_solicitud] => 20
            [numero_cuota] => 0
            [monto_cuota] => 50.00
            [descripcion] => Pago de prima o cuota numero 0 de 2
            [estado] => CANCELADO
            [fecha_vencimiento] => 2025-01-03
            [fecha_pago] => 
            [interesGenerado] => 0
        )

    [1] => Array
        (
            [id_cobro] => 23
            [id_solicitud] => 20
            [numero_cuota] => 1
            [monto_cuota] => 37.87
            [descripcion] => Pago de la cuota 1 con valor de cuota de $37.87
            [estado] => CANCELADO
            [fecha_vencimiento] => 2025-02-03
            [fecha_pago] => 2025-01-06
            [interesGenerado] => 0.00
        )

    [2] => Array
        (
            [id_cobro] => 24
            [id_solicitud] => 20
            [numero_cuota] => 2
            [monto_cuota] => 37.87
            [descripcion] => Pago de la cuota 2 con valor de cuota de $37.87
            [estado] => CANCELADO
            [fecha_vencimiento] => 2025-03-03
            [fecha_pago] => 2025-01-06
            [interesGenerado] => 0.00
        )

)

INFO - 2025-01-06 20:40:57 --> Session: Class initialized using 'CodeIgniter\Session\Handlers\FileHandler' driver.
INFO - 2025-01-06 20:40:57 --> Session: Class initialized using 'CodeIgniter\Session\Handlers\FileHandler' driver.
INFO - 2025-01-06 20:41:00 --> iniciando sesion
INFO - 2025-01-06 20:41:02 --> Valor retornado del acceso es:: [{"url_acceso":"inicio_administracion","orden_acceso":"1"},{"url_acceso":"usuarios","orden_acceso":"2"},{"url_acceso":"productos","orden_acceso":"3"},{"url_acceso":"categorias","orden_acceso":"4"},{"url_acceso":"proveedores","orden_acceso":"5"},{"url_acceso":"ingresos_por_compras","orden_acceso":"6"},{"url_acceso":"ingresos","orden_acceso":"7"},{"url_acceso":"salidas","orden_acceso":"8"},{"url_acceso":"apoderados","orden_acceso":"9"},{"url_acceso":"permisos","orden_acceso":"10"},{"url_acceso":"perfil","orden_acceso":null},{"url_acceso":"solicitudes","orden_acceso":"1"},{"url_acceso":"clientes","orden_acceso":"2"},{"url_acceso":"nueva_solicitud","orden_acceso":null},{"url_acceso":"profesiones","orden_acceso":"11"},{"url_acceso":"nuevo_cliente","orden_acceso":null},{"url_acceso":"colonias","orden_acceso":"12"},{"url_acceso":"cobros","orden_acceso":"13"}]
INFO - 2025-01-06 20:41:02 --> Session: Class initialized using 'CodeIgniter\Session\Handlers\FileHandler' driver.
INFO - 2025-01-06 20:41:02 --> Session: Class initialized using 'CodeIgniter\Session\Handlers\FileHandler' driver.
INFO - 2025-01-06 20:41:02 --> AdministracionController inicio_administracion
INFO - 2025-01-06 20:41:02 --> AdministracionController Acceso permitido
INFO - 2025-01-06 20:41:10 --> Session: Class initialized using 'CodeIgniter\Session\Handlers\FileHandler' driver.
INFO - 2025-01-06 20:41:10 --> IngresoPorComprasController ingresos_por_compras
INFO - 2025-01-06 20:41:19 --> Session: Class initialized using 'CodeIgniter\Session\Handlers\FileHandler' driver.
INFO - 2025-01-06 20:41:19 --> IngresosController ingresos
INFO - 2025-01-06 20:41:23 --> Session: Class initialized using 'CodeIgniter\Session\Handlers\FileHandler' driver.
INFO - 2025-01-06 20:41:23 --> SalidasController salidas
INFO - 2025-01-06 20:42:10 --> Session: Class initialized using 'CodeIgniter\Session\Handlers\FileHandler' driver.
INFO - 2025-01-06 20:42:10 --> SolicitudesController solicitudes
INFO - 2025-01-06 20:42:14 --> Session: Class initialized using 'CodeIgniter\Session\Handlers\FileHandler' driver.
INFO - 2025-01-06 20:42:14 --> IngresosController ingresos
INFO - 2025-01-06 20:42:36 --> Session: Class initialized using 'CodeIgniter\Session\Handlers\FileHandler' driver.
INFO - 2025-01-06 20:42:36 --> Session: Class initialized using 'CodeIgniter\Session\Handlers\FileHandler' driver.
INFO - 2025-01-06 20:42:39 --> iniciando sesion
INFO - 2025-01-06 20:42:40 --> Valor retornado del acceso es:: [{"url_acceso":"solicitudes","orden_acceso":"1"},{"url_acceso":"clientes","orden_acceso":"2"},{"url_acceso":"nueva_solicitud","orden_acceso":null},{"url_acceso":"perfil","orden_acceso":null},{"url_acceso":"nuevo_cliente","orden_acceso":null},{"url_acceso":"cobros","orden_acceso":"13"}]
INFO - 2025-01-06 20:42:40 --> Session: Class initialized using 'CodeIgniter\Session\Handlers\FileHandler' driver.
INFO - 2025-01-06 20:42:40 --> Session: Class initialized using 'CodeIgniter\Session\Handlers\FileHandler' driver.
INFO - 2025-01-06 20:42:40 --> SolicitudesController solicitudes
INFO - 2025-01-06 20:42:50 --> Session: Class initialized using 'CodeIgniter\Session\Handlers\FileHandler' driver.
INFO - 2025-01-06 20:42:53 --> Session: Class initialized using 'CodeIgniter\Session\Handlers\FileHandler' driver.
INFO - 2025-01-06 20:42:53 --> Resultado JSON: [{"id_solicitud":"19","numero_solicitud":"000001","fecha_creacion":"2024-12-09 16:03:16","dui":"01234567-8","nombre_completo":"Ana Mar\u00eda P\u00e9rez L\u00f3pez","user_creador":"Jaime Edgardo Palacios Garcia","estado":"Aprobada","id_estado_actual":"2","observacion":null,"num_contrato":"0001-00000001","montoApagar":"0"}]
INFO - 2025-01-06 20:43:00 --> Session: Class initialized using 'CodeIgniter\Session\Handlers\FileHandler' driver.
INFO - 2025-01-06 20:43:00 --> Resultado JSON id_solicitud: 19
INFO - 2025-01-06 20:43:01 --> Resultado JSON deudasSolicitud: Array
(
    [0] => Array
        (
            [id_cobro] => 10
            [id_solicitud] => 19
            [numero_cuota] => 1
            [monto_cuota] => 27.72
            [descripcion] => Pago de la cuota 1 con valor de cuota de $27.72
            [estado] => CANCELADO
            [fecha_vencimiento] => 2025-01-09
            [fecha_pago] => 2024-12-09
            [interesGenerado] => 0.00
        )

    [1] => Array
        (
            [id_cobro] => 11
            [id_solicitud] => 19
            [numero_cuota] => 2
            [monto_cuota] => 27.72
            [descripcion] => Pago de la cuota 2 con valor de cuota de $27.72
            [estado] => CANCELADO
            [fecha_vencimiento] => 2025-02-09
            [fecha_pago] => 2024-12-09
            [interesGenerado] => 0.00
        )

    [2] => Array
        (
            [id_cobro] => 12
            [id_solicitud] => 19
            [numero_cuota] => 3
            [monto_cuota] => 27.72
            [descripcion] => Pago de la cuota 3 con valor de cuota de $27.72
            [estado] => CANCELADO
            [fecha_vencimiento] => 2025-03-09
            [fecha_pago] => 2024-12-09
            [interesGenerado] => 0.00
        )

    [3] => Array
        (
            [id_cobro] => 13
            [id_solicitud] => 19
            [numero_cuota] => 4
            [monto_cuota] => 27.72
            [descripcion] => Pago de la cuota 4 con valor de cuota de $27.72
            [estado] => CANCELADO
            [fecha_vencimiento] => 2025-04-09
            [fecha_pago] => 2024-12-09
            [interesGenerado] => 0.00
        )

    [4] => Array
        (
            [id_cobro] => 14
            [id_solicitud] => 19
            [numero_cuota] => 5
            [monto_cuota] => 27.72
            [descripcion] => Pago de la cuota 5 con valor de cuota de $27.72
            [estado] => CANCELADO
            [fecha_vencimiento] => 2025-05-09
            [fecha_pago] => 2024-12-09
            [interesGenerado] => 0.00
        )

    [5] => Array
        (
            [id_cobro] => 15
            [id_solicitud] => 19
            [numero_cuota] => 6
            [monto_cuota] => 27.72
            [descripcion] => Pago de la cuota 6 con valor de cuota de $27.72
            [estado] => CANCELADO
            [fecha_vencimiento] => 2025-06-09
            [fecha_pago] => 2024-12-09
            [interesGenerado] => 0.00
        )

    [6] => Array
        (
            [id_cobro] => 16
            [id_solicitud] => 19
            [numero_cuota] => 7
            [monto_cuota] => 27.72
            [descripcion] => Pago de la cuota 7 con valor de cuota de $27.72
            [estado] => CANCELADO
            [fecha_vencimiento] => 2025-07-09
            [fecha_pago] => 2024-12-09
            [interesGenerado] => 0.00
        )

    [7] => Array
        (
            [id_cobro] => 17
            [id_solicitud] => 19
            [numero_cuota] => 8
            [monto_cuota] => 27.72
            [descripcion] => Pago de la cuota 8 con valor de cuota de $27.72
            [estado] => CANCELADO
            [fecha_vencimiento] => 2025-08-09
            [fecha_pago] => 2024-12-09
            [interesGenerado] => 0.00
        )

    [8] => Array
        (
            [id_cobro] => 18
            [id_solicitud] => 19
            [numero_cuota] => 9
            [monto_cuota] => 27.72
            [descripcion] => Pago de la cuota 9 con valor de cuota de $27.72
            [estado] => CANCELADO
            [fecha_vencimiento] => 2025-09-09
            [fecha_pago] => 2024-12-09
            [interesGenerado] => 0.00
        )

    [9] => Array
        (
            [id_cobro] => 19
            [id_solicitud] => 19
            [numero_cuota] => 10
            [monto_cuota] => 27.72
            [descripcion] => Pago de la cuota 10 con valor de cuota de $27.72
            [estado] => CANCELADO
            [fecha_vencimiento] => 2025-10-09
            [fecha_pago] => 2024-12-09
            [interesGenerado] => 0.00
        )

    [10] => Array
        (
            [id_cobro] => 20
            [id_solicitud] => 19
            [numero_cuota] => 11
            [monto_cuota] => 27.72
            [descripcion] => Pago de la cuota 11 con valor de cuota de $27.72
            [estado] => CANCELADO
            [fecha_vencimiento] => 2025-11-09
            [fecha_pago] => 2024-12-09
            [interesGenerado] => 0.00
        )

    [11] => Array
        (
            [id_cobro] => 21
            [id_solicitud] => 19
            [numero_cuota] => 12
            [monto_cuota] => 27.72
            [descripcion] => Pago de la cuota 12 con valor de cuota de $27.72
            [estado] => CANCELADO
            [fecha_vencimiento] => 2025-12-09
            [fecha_pago] => 2024-12-09
            [interesGenerado] => 0.00
        )

)

INFO - 2025-01-06 20:43:24 --> Session: Class initialized using 'CodeIgniter\Session\Handlers\FileHandler' driver.
INFO - 2025-01-06 20:43:24 --> Resultado JSON id_solicitud: 19
INFO - 2025-01-06 20:43:28 --> Resultado JSON deudasSolicitud: Array
(
    [0] => Array
        (
            [id_cobro] => 10
            [id_solicitud] => 19
            [numero_cuota] => 1
            [monto_cuota] => 27.72
            [descripcion] => Pago de la cuota 1 con valor de cuota de $27.72
            [estado] => CANCELADO
            [fecha_vencimiento] => 2025-01-09
            [fecha_pago] => 2024-12-09
            [interesGenerado] => 0.00
        )

    [1] => Array
        (
            [id_cobro] => 11
            [id_solicitud] => 19
            [numero_cuota] => 2
            [monto_cuota] => 27.72
            [descripcion] => Pago de la cuota 2 con valor de cuota de $27.72
            [estado] => CANCELADO
            [fecha_vencimiento] => 2025-02-09
            [fecha_pago] => 2024-12-09
            [interesGenerado] => 0.00
        )

    [2] => Array
        (
            [id_cobro] => 12
            [id_solicitud] => 19
            [numero_cuota] => 3
            [monto_cuota] => 27.72
            [descripcion] => Pago de la cuota 3 con valor de cuota de $27.72
            [estado] => CANCELADO
            [fecha_vencimiento] => 2025-03-09
            [fecha_pago] => 2024-12-09
            [interesGenerado] => 0.00
        )

    [3] => Array
        (
            [id_cobro] => 13
            [id_solicitud] => 19
            [numero_cuota] => 4
            [monto_cuota] => 27.72
            [descripcion] => Pago de la cuota 4 con valor de cuota de $27.72
            [estado] => CANCELADO
            [fecha_vencimiento] => 2025-04-09
            [fecha_pago] => 2024-12-09
            [interesGenerado] => 0.00
        )

    [4] => Array
        (
            [id_cobro] => 14
            [id_solicitud] => 19
            [numero_cuota] => 5
            [monto_cuota] => 27.72
            [descripcion] => Pago de la cuota 5 con valor de cuota de $27.72
            [estado] => CANCELADO
            [fecha_vencimiento] => 2025-05-09
            [fecha_pago] => 2024-12-09
            [interesGenerado] => 0.00
        )

    [5] => Array
        (
            [id_cobro] => 15
            [id_solicitud] => 19
            [numero_cuota] => 6
            [monto_cuota] => 27.72
            [descripcion] => Pago de la cuota 6 con valor de cuota de $27.72
            [estado] => CANCELADO
            [fecha_vencimiento] => 2025-06-09
            [fecha_pago] => 2024-12-09
            [interesGenerado] => 0.00
        )

    [6] => Array
        (
            [id_cobro] => 16
            [id_solicitud] => 19
            [numero_cuota] => 7
            [monto_cuota] => 27.72
            [descripcion] => Pago de la cuota 7 con valor de cuota de $27.72
            [estado] => CANCELADO
            [fecha_vencimiento] => 2025-07-09
            [fecha_pago] => 2024-12-09
            [interesGenerado] => 0.00
        )

    [7] => Array
        (
            [id_cobro] => 17
            [id_solicitud] => 19
            [numero_cuota] => 8
            [monto_cuota] => 27.72
            [descripcion] => Pago de la cuota 8 con valor de cuota de $27.72
            [estado] => CANCELADO
            [fecha_vencimiento] => 2025-08-09
            [fecha_pago] => 2024-12-09
            [interesGenerado] => 0.00
        )

    [8] => Array
        (
            [id_cobro] => 18
            [id_solicitud] => 19
            [numero_cuota] => 9
            [monto_cuota] => 27.72
            [descripcion] => Pago de la cuota 9 con valor de cuota de $27.72
            [estado] => CANCELADO
            [fecha_vencimiento] => 2025-09-09
            [fecha_pago] => 2024-12-09
            [interesGenerado] => 0.00
        )

    [9] => Array
        (
            [id_cobro] => 19
            [id_solicitud] => 19
            [numero_cuota] => 10
            [monto_cuota] => 27.72
            [descripcion] => Pago de la cuota 10 con valor de cuota de $27.72
            [estado] => CANCELADO
            [fecha_vencimiento] => 2025-10-09
            [fecha_pago] => 2024-12-09
            [interesGenerado] => 0.00
        )

    [10] => Array
        (
            [id_cobro] => 20
            [id_solicitud] => 19
            [numero_cuota] => 11
            [monto_cuota] => 27.72
            [descripcion] => Pago de la cuota 11 con valor de cuota de $27.72
            [estado] => CANCELADO
            [fecha_vencimiento] => 2025-11-09
            [fecha_pago] => 2024-12-09
            [interesGenerado] => 0.00
        )

    [11] => Array
        (
            [id_cobro] => 21
            [id_solicitud] => 19
            [numero_cuota] => 12
            [monto_cuota] => 27.72
            [descripcion] => Pago de la cuota 12 con valor de cuota de $27.72
            [estado] => CANCELADO
            [fecha_vencimiento] => 2025-12-09
            [fecha_pago] => 2024-12-09
            [interesGenerado] => 0.00
        )

)

INFO - 2025-01-06 20:44:06 --> Session: Class initialized using 'CodeIgniter\Session\Handlers\FileHandler' driver.
INFO - 2025-01-06 20:44:06 --> Session: Class initialized using 'CodeIgniter\Session\Handlers\FileHandler' driver.
INFO - 2025-01-06 20:44:09 --> iniciando sesion
INFO - 2025-01-06 20:44:10 --> Valor retornado del acceso es:: [{"url_acceso":"inicio_administracion","orden_acceso":"1"},{"url_acceso":"usuarios","orden_acceso":"2"},{"url_acceso":"productos","orden_acceso":"3"},{"url_acceso":"categorias","orden_acceso":"4"},{"url_acceso":"proveedores","orden_acceso":"5"},{"url_acceso":"ingresos_por_compras","orden_acceso":"6"},{"url_acceso":"ingresos","orden_acceso":"7"},{"url_acceso":"salidas","orden_acceso":"8"},{"url_acceso":"apoderados","orden_acceso":"9"},{"url_acceso":"permisos","orden_acceso":"10"},{"url_acceso":"perfil","orden_acceso":null},{"url_acceso":"solicitudes","orden_acceso":"1"},{"url_acceso":"clientes","orden_acceso":"2"},{"url_acceso":"nueva_solicitud","orden_acceso":null},{"url_acceso":"profesiones","orden_acceso":"11"},{"url_acceso":"nuevo_cliente","orden_acceso":null},{"url_acceso":"colonias","orden_acceso":"12"},{"url_acceso":"cobros","orden_acceso":"13"}]
INFO - 2025-01-06 20:44:10 --> Session: Class initialized using 'CodeIgniter\Session\Handlers\FileHandler' driver.
INFO - 2025-01-06 20:44:10 --> Session: Class initialized using 'CodeIgniter\Session\Handlers\FileHandler' driver.
INFO - 2025-01-06 20:44:10 --> AdministracionController inicio_administracion
INFO - 2025-01-06 20:44:10 --> AdministracionController Acceso permitido
INFO - 2025-01-06 20:44:14 --> Session: Class initialized using 'CodeIgniter\Session\Handlers\FileHandler' driver.
INFO - 2025-01-06 20:44:14 --> IngresosController ingresos
INFO - 2025-01-06 20:47:40 --> Llego a buscarProductos con consulta
INFO - 2025-01-06 20:47:40 --> Session: Class initialized using 'CodeIgniter\Session\Handlers\FileHandler' driver.
INFO - 2025-01-06 20:47:40 --> Abuscar es:: 00001 origen suc 1
INFO - 2025-01-06 20:47:40 --> query 
INFO - 2025-01-06 20:47:41 --> resultDisponible 1::: [{"id_sucursal_destino":"1","id_producto":"12","nombre":"Auriculares Inal\u00e1mbricos Bluetooth","marca":"SoundWave","modelo":"SW-X100","color":"Negro Mate","medidas":"5 x 4 x 2 cm","precio":"120.00","costo_unitario":"55.00","id_categoria":"7","disponible":"0","codigo_producto":"00001","estado":"1","id_usuario_creacion":"1","fecha_creacion":"2024-11-09","disponibilidad":"6"}]
INFO - 2025-01-06 20:47:41 --> resultTotalSalidas 2::: [{"totalSalida":"2"},{"totalSalida":"1"}]
INFO - 2025-01-06 20:47:41 --> Datos iniciales - resultDisponible: Array
(
    [0] => stdClass Object
        (
            [id_sucursal_destino] => 1
            [id_producto] => 12
            [nombre] => Auriculares Inalámbricos Bluetooth
            [marca] => SoundWave
            [modelo] => SW-X100
            [color] => Negro Mate
            [medidas] => 5 x 4 x 2 cm
            [precio] => 120.00
            [costo_unitario] => 55.00
            [id_categoria] => 7
            [disponible] => 0
            [codigo_producto] => 00001
            [estado] => 1
            [id_usuario_creacion] => 1
            [fecha_creacion] => 2024-11-09
            [disponibilidad] => 6
        )

)

INFO - 2025-01-06 20:47:41 --> Datos iniciales - resultTotalSalidas: Array
(
    [0] => stdClass Object
        (
            [totalSalida] => 2
        )

    [1] => stdClass Object
        (
            [totalSalida] => 1
        )

)

INFO - 2025-01-06 20:47:41 --> Sumando salida: 2 - Total acumulado: 2
INFO - 2025-01-06 20:47:41 --> Sumando salida: 1 - Total acumulado: 3
INFO - 2025-01-06 20:47:41 --> Disponibilidad inicial: 6
INFO - 2025-01-06 20:47:41 --> Nuevo valor final:: Array
(
    [0] => stdClass Object
        (
            [id_sucursal_destino] => 1
            [id_producto] => 12
            [nombre] => Auriculares Inalámbricos Bluetooth
            [marca] => SoundWave
            [modelo] => SW-X100
            [color] => Negro Mate
            [medidas] => 5 x 4 x 2 cm
            [precio] => 120.00
            [costo_unitario] => 55.00
            [id_categoria] => 7
            [disponible] => 0
            [codigo_producto] => 00001
            [estado] => 1
            [id_usuario_creacion] => 1
            [fecha_creacion] => 2024-11-09
            [disponibilidad] => 3
        )

)

INFO - 2025-01-06 20:48:35 --> Session: Class initialized using 'CodeIgniter\Session\Handlers\FileHandler' driver.
INFO - 2025-01-06 20:48:35 --> IngresosController ingresar_movimiento
INFO - 2025-01-06 20:48:36 -->  ingresar_movimiento no es nota de remision flujo de entrada
DEBUG - 2025-01-06 20:48:36 --> Datos del documento de salida a insertar: Array
(
    [id_usuario_creacion] => 1
    [monto_total] => 360.00
    [estado] => Anulado
    [noDocumento] => dgdfgdg
    [correlativo] => gdfgd
    [observaciones] => gdg
    [id_proveedor] => 1
    [id_tipo_movimiento] => 4
    [id_sucursal_destino] => 1
)

DEBUG - 2025-01-06 20:49:05 --> el valor del idTipoDoc es--->  4
DEBUG - 2025-01-06 20:49:06 --> entro porque idTipoDoc es diferente de null
INFO - 2025-01-06 20:49:09 --> Session: Class initialized using 'CodeIgniter\Session\Handlers\FileHandler' driver.
DEBUG - 2025-01-06 20:49:11 --> Información del documento: Array
(
    [id_documento] => 40
    [id_usuario_creacion] => 1
    [id_sucursal_destino] => 1
    [id_sucursal_origen] => 
    [id_proveedor] => 1
    [fecha_creacion] => 2025-01-07 02:48:36
    [monto_total] => 360.00
    [estado] => Anulado
    [noDocumento] => dgdfgdg
    [correlativo] => gdfgd
    [observaciones] => gdg
    [id_tipo_movimiento] => 4
    [usuario] => Jaime Edgardo
    [sucursal] => Casa Matriz
    [proveedor] => ELECTROGLOBAL
)

DEBUG - 2025-01-06 20:49:11 --> Obteniendo productos para el documento ID: 40
DEBUG - 2025-01-06 20:49:11 --> Resultado de productos obtenidos: Array
(
    [0] => Array
        (
            [codigo_producto] => 00001
            [cantidad] => 3
            [nombre] => Auriculares Inalámbricos Bluetooth
            [modelo] => SW-X100
            [precio] => 120.00
        )

)

DEBUG - 2025-01-06 20:49:11 --> Información del documento Array
(
    [id_documento] => 40
    [id_usuario_creacion] => 1
    [id_sucursal_destino] => 1
    [id_sucursal_origen] => 
    [id_proveedor] => 1
    [fecha_creacion] => 2025-01-07 02:48:36
    [monto_total] => 360.00
    [estado] => Anulado
    [noDocumento] => dgdfgdg
    [correlativo] => gdfgd
    [observaciones] => gdg
    [id_tipo_movimiento] => 4
    [usuario] => Jaime Edgardo
    [sucursal] => Casa Matriz
    [proveedor] => ELECTROGLOBAL
)

INFO - 2025-01-06 20:51:36 --> Session: Class initialized using 'CodeIgniter\Session\Handlers\FileHandler' driver.
INFO - 2025-01-06 20:51:36 --> SolicitudesController solicitudes
INFO - 2025-01-06 20:51:39 --> Session: Class initialized using 'CodeIgniter\Session\Handlers\FileHandler' driver.
INFO - 2025-01-06 20:51:39 --> SolicitudesController nueva_solicitud
INFO - 2025-01-06 20:51:41 --> Session: Class initialized using 'CodeIgniter\Session\Handlers\FileHandler' driver.
INFO - 2025-01-06 20:52:11 --> Llego a buscarProductos con consulta
INFO - 2025-01-06 20:52:11 --> Session: Class initialized using 'CodeIgniter\Session\Handlers\FileHandler' driver.
INFO - 2025-01-06 20:52:11 --> Abuscar es:: 0001 origen suc 1
INFO - 2025-01-06 20:52:11 --> query 
INFO - 2025-01-06 20:52:13 --> resultDisponible 1::: []
INFO - 2025-01-06 20:52:13 --> resultTotalSalidas 2::: []
INFO - 2025-01-06 20:52:13 --> Datos iniciales - resultDisponible: Array
(
)

INFO - 2025-01-06 20:52:13 --> Datos iniciales - resultTotalSalidas: Array
(
)

INFO - 2025-01-06 20:52:13 --> Nuevo valor final:: Array
(
)

INFO - 2025-01-06 20:52:13 --> No hay disponibilidad ajustada; se realiza la búsqueda alternativa
INFO - 2025-01-06 20:52:39 --> Session: Class initialized using 'CodeIgniter\Session\Handlers\FileHandler' driver.
INFO - 2025-01-06 20:52:39 --> SolicitudesController nueva_solicitud
INFO - 2025-01-06 20:52:40 --> Session: Class initialized using 'CodeIgniter\Session\Handlers\FileHandler' driver.
INFO - 2025-01-06 20:52:50 --> Llego a buscarProductos con consulta
INFO - 2025-01-06 20:52:50 --> Session: Class initialized using 'CodeIgniter\Session\Handlers\FileHandler' driver.
INFO - 2025-01-06 20:52:50 --> Abuscar es:: 0001 origen suc 1
INFO - 2025-01-06 20:52:50 --> query 
INFO - 2025-01-06 20:52:50 --> resultDisponible 1::: []
INFO - 2025-01-06 20:52:51 --> resultTotalSalidas 2::: []
INFO - 2025-01-06 20:52:51 --> Datos iniciales - resultDisponible: Array
(
)

INFO - 2025-01-06 20:52:51 --> Datos iniciales - resultTotalSalidas: Array
(
)

INFO - 2025-01-06 20:52:51 --> Nuevo valor final:: Array
(
)

INFO - 2025-01-06 20:52:51 --> No hay disponibilidad ajustada; se realiza la búsqueda alternativa
