INFO - 2024-08-28 00:00:03 --> templatePath:: C:\xampp\htdocs\creditos\public\documentos\solicitudCredito.docx
INFO - 2024-08-28 00:00:26 --> templatePath:: C:\xampp\htdocs\creditos\public\documentos\solicitudCredito.docx
INFO - 2024-08-28 00:00:51 --> Session: Class initialized using 'CodeIgniter\Session\Handlers\FileHandler' driver.
INFO - 2024-08-28 00:00:51 --> encryptedSolicitud::: MTI=
INFO - 2024-08-28 00:00:51 --> numero de solicitud decrypted::: 12
INFO - 2024-08-28 00:00:53 --> refCodeudor:: Array
(
    [0] => Array
        (
            [id_refe_codeudor] => 4
            [nombre] => RUBEN GARZA
            [parentesco] => PAPÁ
            [direccion] => San marcos, san salvador
            [telefono] => 9877-6767
            [id_codeudor] => 4
        )

)

INFO - 2024-08-28 00:00:56 --> templatePath:: C:\xampp\htdocs\creditos\public\documentos\solicitudCredito.docx
INFO - 2024-08-28 00:00:57 --> templatePath:: C:\xampp\htdocs\creditos\public\documentos\solicitudCredito.docx
INFO - 2024-08-28 00:02:03 --> templatePath:: C:\xampp\htdocs\creditos\public\documentos\solicitudCredito.docx
INFO - 2024-08-28 00:05:52 --> Session: Class initialized using 'CodeIgniter\Session\Handlers\FileHandler' driver.
INFO - 2024-08-28 00:05:52 --> encryptedSolicitud::: MTI=
INFO - 2024-08-28 00:05:52 --> numero de solicitud decrypted::: 12
INFO - 2024-08-28 00:05:54 --> refCodeudor:: Array
(
    [0] => Array
        (
            [id_refe_codeudor] => 4
            [nombre] => RUBEN GARZA
            [parentesco] => PAPÁ
            [direccion] => San marcos, san salvador
            [telefono] => 9877-6767
            [id_codeudor] => 4
        )

)

INFO - 2024-08-28 08:06:54 --> Session: Class initialized using 'CodeIgniter\Session\Handlers\FileHandler' driver.
INFO - 2024-08-28 08:06:54 --> Session: Class initialized using 'CodeIgniter\Session\Handlers\FileHandler' driver.
INFO - 2024-08-28 08:06:56 --> iniciando sesion
INFO - 2024-08-28 08:06:58 --> Valor retornado del acceso es:: [{"url_acceso":"solicitudes","orden_acceso":"1"},{"url_acceso":"clientes","orden_acceso":"2"},{"url_acceso":"nueva_solicitud","orden_acceso":null}]
INFO - 2024-08-28 08:06:58 --> Session: Class initialized using 'CodeIgniter\Session\Handlers\FileHandler' driver.
INFO - 2024-08-28 08:06:59 --> Session: Class initialized using 'CodeIgniter\Session\Handlers\FileHandler' driver.
INFO - 2024-08-28 08:06:59 --> SolicitudesController solicitudes
INFO - 2024-08-28 08:07:23 --> templatePath:: C:\xampp\htdocs\creditos\public\documentos\solicitudCredito.docx
INFO - 2024-08-28 08:07:24 --> templatePath:: C:\xampp\htdocs\creditos\public\documentos\solicitudCredito.docx
INFO - 2024-08-28 10:13:32 --> Session: Class initialized using 'CodeIgniter\Session\Handlers\FileHandler' driver.
INFO - 2024-08-28 10:13:34 --> Session: Class initialized using 'CodeIgniter\Session\Handlers\FileHandler' driver.
INFO - 2024-08-28 10:13:37 --> iniciando sesion
INFO - 2024-08-28 10:13:38 --> Valor retornado del acceso es:: [{"url_acceso":"solicitudes","orden_acceso":"1"},{"url_acceso":"clientes","orden_acceso":"2"},{"url_acceso":"nueva_solicitud","orden_acceso":null}]
INFO - 2024-08-28 10:13:38 --> Session: Class initialized using 'CodeIgniter\Session\Handlers\FileHandler' driver.
INFO - 2024-08-28 10:13:39 --> Session: Class initialized using 'CodeIgniter\Session\Handlers\FileHandler' driver.
INFO - 2024-08-28 10:13:39 --> SolicitudesController solicitudes
INFO - 2024-08-28 10:13:45 --> Session: Class initialized using 'CodeIgniter\Session\Handlers\FileHandler' driver.
INFO - 2024-08-28 10:13:45 --> encryptedSolicitud::: MTI=
INFO - 2024-08-28 10:13:45 --> numero de solicitud decrypted::: 12
INFO - 2024-08-28 10:13:47 --> refCodeudor:: Array
(
    [0] => Array
        (
            [id_refe_codeudor] => 4
            [nombre] => RUBEN GARZA
            [parentesco] => PAPÁ
            [direccion] => San marcos, san salvador
            [telefono] => 9877-6767
            [id_codeudor] => 4
        )

)

INFO - 2024-08-28 10:35:45 --> Session: Class initialized using 'CodeIgniter\Session\Handlers\FileHandler' driver.
INFO - 2024-08-28 10:35:45 --> encryptedSolicitud::: MTI=
INFO - 2024-08-28 10:35:45 --> numero de solicitud decrypted::: 12
INFO - 2024-08-28 10:35:47 --> refCodeudor:: Array
(
    [0] => Array
        (
            [id_refe_codeudor] => 4
            [nombre] => RUBEN GARZA
            [parentesco] => PAPÁ
            [direccion] => San marcos, san salvador
            [telefono] => 9877-6767
            [id_codeudor] => 4
        )

)

INFO - 2024-08-28 10:36:01 --> Session: Class initialized using 'CodeIgniter\Session\Handlers\FileHandler' driver.
INFO - 2024-08-28 10:36:01 --> SolicitudesController solicitudes
INFO - 2024-08-28 10:37:27 --> Session: Class initialized using 'CodeIgniter\Session\Handlers\FileHandler' driver.
INFO - 2024-08-28 10:37:27 --> SolicitudesController solicitudes
INFO - 2024-08-28 10:37:47 --> Session: Class initialized using 'CodeIgniter\Session\Handlers\FileHandler' driver.
INFO - 2024-08-28 10:37:47 --> SolicitudesController solicitudes
INFO - 2024-08-28 10:37:55 --> templatePath:: C:\xampp\htdocs\creditos\public\documentos\solicitudCredito.docx
INFO - 2024-08-28 10:47:05 --> templatePath:: C:\xampp\htdocs\creditos\public\documentos\solicitudCredito.docx
INFO - 2024-08-28 10:49:32 --> templatePath:: C:\xampp\htdocs\creditos\public\documentos\solicitudCredito.docx
INFO - 2024-08-28 10:55:36 --> templatePath:: C:\xampp\htdocs\creditos\public\documentos\solicitudCredito.docx
INFO - 2024-08-28 11:57:34 --> templatePath:: C:\xampp\htdocs\creditos\public\documentos\solicitudCredito.docx
INFO - 2024-08-28 12:02:49 --> templatePath:: C:\xampp\htdocs\creditos\public\documentos\solicitudCredito.docx
INFO - 2024-08-28 12:27:26 --> templatePath:: C:\xampp\htdocs\creditos\public\documentos\solicitudCredito.docx
INFO - 2024-08-28 12:28:01 --> templatePath:: C:\xampp\htdocs\creditos\public\documentos\solicitudCredito.docx
INFO - 2024-08-28 12:29:14 --> templatePath:: C:\xampp\htdocs\creditos\public\documentos\solicitudCredito.docx
INFO - 2024-08-28 12:29:30 --> templatePath:: C:\xampp\htdocs\creditos\public\documentos\solicitudCredito.docx
INFO - 2024-08-28 13:27:39 --> Session: Class initialized using 'CodeIgniter\Session\Handlers\FileHandler' driver.
INFO - 2024-08-28 13:27:39 --> Session: Class initialized using 'CodeIgniter\Session\Handlers\FileHandler' driver.
INFO - 2024-08-28 13:27:41 --> iniciando sesion
INFO - 2024-08-28 13:27:43 --> Valor retornado del acceso es:: [{"url_acceso":"solicitudes","orden_acceso":"1"},{"url_acceso":"clientes","orden_acceso":"2"},{"url_acceso":"nueva_solicitud","orden_acceso":null}]
INFO - 2024-08-28 13:27:43 --> Session: Class initialized using 'CodeIgniter\Session\Handlers\FileHandler' driver.
INFO - 2024-08-28 13:27:43 --> Session: Class initialized using 'CodeIgniter\Session\Handlers\FileHandler' driver.
INFO - 2024-08-28 13:27:43 --> SolicitudesController solicitudes
INFO - 2024-08-28 13:31:53 --> Session: Class initialized using 'CodeIgniter\Session\Handlers\FileHandler' driver.
INFO - 2024-08-28 13:31:53 --> SolicitudesController solicitudes
INFO - 2024-08-28 13:32:08 --> templatePath:: C:\xampp\htdocs\creditos\public\documentos\solicitudCredito.docx
INFO - 2024-08-28 13:33:12 --> Session: Class initialized using 'CodeIgniter\Session\Handlers\FileHandler' driver.
INFO - 2024-08-28 13:33:12 --> SolicitudesController solicitudes
INFO - 2024-08-28 13:33:18 --> templatePath:: C:\xampp\htdocs\creditos\public\documentos\solicitudCredito.docx
INFO - 2024-08-28 13:35:11 --> templatePath:: C:\xampp\htdocs\creditos\public\documentos\solicitudCredito.docx
INFO - 2024-08-28 13:36:23 --> templatePath:: C:\xampp\htdocs\creditos\public\documentos\solicitudCredito.docx
INFO - 2024-08-28 13:38:38 --> templatePath:: C:\xampp\htdocs\creditos\public\documentos\solicitudCredito.docx
INFO - 2024-08-28 13:40:45 --> templatePath:: C:\xampp\htdocs\creditos\public\documentos\solicitudCredito.docx
INFO - 2024-08-28 13:41:20 --> templatePath:: C:\xampp\htdocs\creditos\public\documentos\solicitudCredito.docx
INFO - 2024-08-28 13:41:40 --> templatePath:: C:\xampp\htdocs\creditos\public\documentos\solicitudCredito.docx
INFO - 2024-08-28 13:43:25 --> Session: Class initialized using 'CodeIgniter\Session\Handlers\FileHandler' driver.
INFO - 2024-08-28 13:43:25 --> SolicitudesController solicitudes
INFO - 2024-08-28 13:43:38 --> templatePath:: C:\xampp\htdocs\creditos\public\documentos\solicitudCredito.docx
INFO - 2024-08-28 13:44:04 --> Session: Class initialized using 'CodeIgniter\Session\Handlers\FileHandler' driver.
INFO - 2024-08-28 13:44:04 --> SolicitudesController solicitudes
INFO - 2024-08-28 13:44:08 --> templatePath:: C:\xampp\htdocs\creditos\public\documentos\solicitudCredito.docx
INFO - 2024-08-28 13:44:52 --> templatePath:: C:\xampp\htdocs\creditos\public\documentos\solicitudCredito.docx
INFO - 2024-08-28 14:56:24 --> Session: Class initialized using 'CodeIgniter\Session\Handlers\FileHandler' driver.
INFO - 2024-08-28 14:56:24 --> SolicitudesController solicitudes
INFO - 2024-08-28 15:24:46 --> Session: Class initialized using 'CodeIgniter\Session\Handlers\FileHandler' driver.
INFO - 2024-08-28 15:24:46 --> SolicitudesController solicitudes
INFO - 2024-08-28 15:36:12 --> Session: Class initialized using 'CodeIgniter\Session\Handlers\FileHandler' driver.
INFO - 2024-08-28 15:36:12 --> encryptedSolicitud::: MTI=
INFO - 2024-08-28 15:36:12 --> numero de solicitud decrypted::: 12
INFO - 2024-08-28 15:36:14 --> refCodeudor:: Array
(
    [0] => Array
        (
            [id_refe_codeudor] => 4
            [nombre] => RUBEN GARZA
            [parentesco] => PAPÁ
            [direccion] => San marcos, san salvador
            [telefono] => 9877-6767
            [id_codeudor] => 4
        )

)

INFO - 2024-08-28 15:49:30 --> Session: Class initialized using 'CodeIgniter\Session\Handlers\FileHandler' driver.
INFO - 2024-08-28 15:49:30 --> encryptedSolicitud::: MTI=
INFO - 2024-08-28 15:49:30 --> numero de solicitud decrypted::: 12
INFO - 2024-08-28 15:49:33 --> refCodeudor:: Array
(
    [0] => Array
        (
            [id_refe_codeudor] => 4
            [nombre] => RUBEN GARZA
            [parentesco] => PAPÁ
            [direccion] => San marcos, san salvador
            [telefono] => 9877-6767
            [id_codeudor] => 4
        )

)

INFO - 2024-08-28 16:03:22 --> Session: Class initialized using 'CodeIgniter\Session\Handlers\FileHandler' driver.
INFO - 2024-08-28 16:03:22 --> encryptedSolicitud::: MTI=
INFO - 2024-08-28 16:03:22 --> numero de solicitud decrypted::: 12
INFO - 2024-08-28 16:03:25 --> refCodeudor:: Array
(
    [0] => Array
        (
            [id_refe_codeudor] => 4
            [nombre] => RUBEN GARZA
            [parentesco] => PAPÁ
            [direccion] => San marcos, san salvador
            [telefono] => 9877-6767
            [id_codeudor] => 4
        )

)

INFO - 2024-08-28 16:13:29 --> Session: Class initialized using 'CodeIgniter\Session\Handlers\FileHandler' driver.
INFO - 2024-08-28 16:13:29 --> SolicitudesController solicitudes
INFO - 2024-08-28 16:14:30 --> Session: Class initialized using 'CodeIgniter\Session\Handlers\FileHandler' driver.
INFO - 2024-08-28 16:14:30 --> SolicitudesController solicitudes
INFO - 2024-08-28 16:14:36 --> encryptedSolicitud::: MTI=
INFO - 2024-08-28 16:14:36 --> numero de solicitud decrypted::: 12
INFO - 2024-08-28 16:15:02 --> encryptedSolicitud::: MTI=
INFO - 2024-08-28 16:15:02 --> numero de solicitud decrypted::: 12
INFO - 2024-08-28 16:15:09 --> Session: Class initialized using 'CodeIgniter\Session\Handlers\FileHandler' driver.
INFO - 2024-08-28 16:15:09 --> SolicitudesController solicitudes
INFO - 2024-08-28 16:17:06 --> generarDocumento encryptedSolicitud::: MTI=
INFO - 2024-08-28 16:17:06 --> numero de solicitud decrypted::: 12
INFO - 2024-08-28 16:20:13 --> generarDocumento encryptedSolicitud::: MTI=
INFO - 2024-08-28 16:20:14 --> datos del usuario ====>> Array
(
    [id_cliente] => 2
    [dui] => 05682717-5
    [nombre_completo] => Jaime Edgardo Palacios Garcia
    [estado_civil] => Casada/o
    [fecha_nacimiento] => 1998-03-21
    [telefono] => 7759-3143
    [direccion] => QUEZALTEPEQUE, RES VILLA PRIMAVERA
    [departamento] => 05
    [municipio] => 80
    [correo] => JAIMEPALACIOS998@GMAIL.COM
    [nombre_conyugue] => Katherinne Marquez
    [direccion_trabajo_conyugue] => QUEZALTEPEQUE, RES VILLA PRIMAVERA
    [telefono_trabajo_conyugue] => 7759-3143
    [nombre_padres] => Jaime Palacios
    [direccion_padres] => QUEZALTEPEQUE, BO EL GUAYABAL
    [telefono_padres] => 7777-7777
    [CpropiaCN] => SI
    [CpromesaVentaCN] => NO
    [CalquiladaCN] => NO
    [aQuienPerteneceCN] => 
    [telPropietarioCN] => 
    [tiempoDeVivirDomicilioCN] => 
    [id_user_creacion] => 7
    [id_sucursal_creacion] => 1
    [fechaCreacion] => 2024-05-28 23:09:09
)

INFO - 2024-08-28 16:28:03 --> Session: Class initialized using 'CodeIgniter\Session\Handlers\FileHandler' driver.
INFO - 2024-08-28 16:28:03 --> SolicitudesController solicitudes
INFO - 2024-08-28 16:28:11 --> generarDocumento encryptedSolicitud::: MTI=
INFO - 2024-08-28 16:28:12 --> datos del usuario ====>> Array
(
    [id_cliente] => 2
    [dui] => 05682717-5
    [nombre_completo] => Jaime Edgardo Palacios Garcia
    [estado_civil] => Casada/o
    [fecha_nacimiento] => 1998-03-21
    [telefono] => 7759-3143
    [direccion] => QUEZALTEPEQUE, RES VILLA PRIMAVERA
    [departamento] => 05
    [municipio] => 80
    [correo] => JAIMEPALACIOS998@GMAIL.COM
    [nombre_conyugue] => Katherinne Marquez
    [direccion_trabajo_conyugue] => QUEZALTEPEQUE, RES VILLA PRIMAVERA
    [telefono_trabajo_conyugue] => 7759-3143
    [nombre_padres] => Jaime Palacios
    [direccion_padres] => QUEZALTEPEQUE, BO EL GUAYABAL
    [telefono_padres] => 7777-7777
    [CpropiaCN] => SI
    [CpromesaVentaCN] => NO
    [CalquiladaCN] => NO
    [aQuienPerteneceCN] => 
    [telPropietarioCN] => 
    [tiempoDeVivirDomicilioCN] => 
    [id_user_creacion] => 7
    [id_sucursal_creacion] => 1
    [fechaCreacion] => 2024-05-28 23:09:09
)

INFO - 2024-08-28 16:34:15 --> Session: Class initialized using 'CodeIgniter\Session\Handlers\FileHandler' driver.
INFO - 2024-08-28 16:34:15 --> encryptedSolicitud::: MTI=
INFO - 2024-08-28 16:34:15 --> numero de solicitud decrypted::: 12
INFO - 2024-08-28 16:34:17 --> refCodeudor:: Array
(
    [0] => Array
        (
            [id_refe_codeudor] => 4
            [nombre] => RUBEN GARZA
            [parentesco] => PAPÁ
            [direccion] => San marcos, san salvador
            [telefono] => 9877-6767
            [id_codeudor] => 4
        )

)

INFO - 2024-08-28 16:39:24 --> Session: Class initialized using 'CodeIgniter\Session\Handlers\FileHandler' driver.
INFO - 2024-08-28 16:39:24 --> SolicitudesController solicitudes
INFO - 2024-08-28 16:39:37 --> generarDocumento encryptedSolicitud::: MTI=
INFO - 2024-08-28 16:39:38 --> datos del reflab ====>> Array
(
    [0] => Array
        (
            [id_referencia_laboral] => 11
            [id_solicitud] => 12
            [profesion_oficio] => Programador
            [empresa] => Sis. financiero
            [direccion_trabajo] => San salvador colonia medica
            [telefono_trabajo] => 2309-8655
            [cargo] => DEV JAVA
            [salario] => 2000.00
            [tiempo_laborado_empresa] => 3 AÑOS
            [nombre_jefe_inmediato] => MARIO LOPEZ
            [empresa_anterior] => WARESOFT
            [telefono_empresa_anterior] => 2333-3333
        )

)

INFO - 2024-08-28 17:16:10 --> Session: Class initialized using 'CodeIgniter\Session\Handlers\FileHandler' driver.
INFO - 2024-08-28 17:16:10 --> SolicitudesController solicitudes
INFO - 2024-08-28 17:16:13 --> generarDocumento encryptedSolicitud::: MTI=
INFO - 2024-08-28 17:16:15 --> datos del refFamiliares ====>> Array
(
    [0] => Array
        (
            [id_referencia_familiar] => 10
            [id_solicitud] => 12
            [nombre] => Miguel Ramirez
            [parentesco] => TIO/A
            [direccion] => QUEZALTEPEQUE
            [telefono] => 7756-5399
            [lugar_trabajo] => Pollo campero, quezaltepeque
            [telefono_trabajo] => 2309-8888
        )

)

INFO - 2024-08-28 17:17:23 --> generarDocumento encryptedSolicitud::: MTI=
INFO - 2024-08-28 17:17:25 --> datos del refFamiliares ====>> Array
(
    [0] => Array
        (
            [id_referencia_familiar] => 10
            [id_solicitud] => 12
            [nombre] => Miguel Ramirez
            [parentesco] => TIO/A
            [direccion] => QUEZALTEPEQUE
            [telefono] => 7756-5399
            [lugar_trabajo] => Pollo campero, quezaltepeque
            [telefono_trabajo] => 2309-8888
        )

)

INFO - 2024-08-28 17:18:02 --> generarDocumento encryptedSolicitud::: MTI=
INFO - 2024-08-28 17:18:04 --> datos del planPago ====>> Array
(
    [0] => Array
        (
            [id_plan_pago] => 4
            [valor_articulo] => 500.00
            [valor_prima] => 120.00
            [saldo_a_pagar] => 380.00
            [cuotas] => 8
            [monto_cuotas] => 59.77
            [monto_total_pagar] => 598.19
            [observaciones] => 
            [id_solicitud] => 12
        )

)

INFO - 2024-08-28 17:20:40 --> generarDocumento encryptedSolicitud::: MTI=
INFO - 2024-08-28 17:20:42 --> datos del planPago ====>> Array
(
    [0] => Array
        (
            [id_plan_pago] => 4
            [valor_articulo] => 500.00
            [valor_prima] => 120.00
            [saldo_a_pagar] => 380.00
            [cuotas] => 8
            [monto_cuotas] => 59.77
            [monto_total_pagar] => 598.19
            [observaciones] => 
            [id_solicitud] => 12
        )

)

INFO - 2024-08-28 20:27:43 --> Session: Class initialized using 'CodeIgniter\Session\Handlers\FileHandler' driver.
INFO - 2024-08-28 20:27:45 --> Session: Class initialized using 'CodeIgniter\Session\Handlers\FileHandler' driver.
INFO - 2024-08-28 20:27:48 --> iniciando sesion
INFO - 2024-08-28 20:27:49 --> Valor retornado del acceso es:: [{"url_acceso":"solicitudes","orden_acceso":"1"},{"url_acceso":"clientes","orden_acceso":"2"},{"url_acceso":"nueva_solicitud","orden_acceso":null}]
INFO - 2024-08-28 20:27:49 --> Session: Class initialized using 'CodeIgniter\Session\Handlers\FileHandler' driver.
INFO - 2024-08-28 20:27:49 --> Session: Class initialized using 'CodeIgniter\Session\Handlers\FileHandler' driver.
INFO - 2024-08-28 20:27:49 --> SolicitudesController solicitudes
INFO - 2024-08-28 20:27:57 --> Session: Class initialized using 'CodeIgniter\Session\Handlers\FileHandler' driver.
INFO - 2024-08-28 20:27:57 --> encryptedSolicitud::: MTI=
INFO - 2024-08-28 20:27:57 --> numero de solicitud decrypted::: 12
INFO - 2024-08-28 20:28:00 --> refCodeudor:: Array
(
    [0] => Array
        (
            [id_refe_codeudor] => 4
            [nombre] => RUBEN GARZA
            [parentesco] => PAPÁ
            [direccion] => San marcos, san salvador
            [telefono] => 9877-6767
            [id_codeudor] => 4
        )

)

INFO - 2024-08-28 20:30:36 --> Session: Class initialized using 'CodeIgniter\Session\Handlers\FileHandler' driver.
INFO - 2024-08-28 20:30:36 --> SolicitudesController solicitudes
INFO - 2024-08-28 20:30:43 --> generarDocumento encryptedSolicitud::: MTI=
INFO - 2024-08-28 20:30:45 --> datos del planPago ====>> Array
(
    [0] => Array
        (
            [id_plan_pago] => 4
            [valor_articulo] => 500.00
            [valor_prima] => 120.00
            [saldo_a_pagar] => 380.00
            [cuotas] => 8
            [monto_cuotas] => 59.77
            [monto_total_pagar] => 598.19
            [observaciones] => 
            [id_solicitud] => 12
        )

)

INFO - 2024-08-28 20:32:18 --> generarDocumento encryptedSolicitud::: MTI=
INFO - 2024-08-28 20:32:20 --> datos del planPago ====>> Array
(
    [0] => Array
        (
            [id_plan_pago] => 4
            [valor_articulo] => 500.00
            [valor_prima] => 120.00
            [saldo_a_pagar] => 380.00
            [cuotas] => 8
            [monto_cuotas] => 59.77
            [monto_total_pagar] => 598.19
            [observaciones] => 
            [id_solicitud] => 12
        )

)

INFO - 2024-08-28 20:34:03 --> Session: Class initialized using 'CodeIgniter\Session\Handlers\FileHandler' driver.
INFO - 2024-08-28 20:34:03 --> SolicitudesController nueva_solicitud
INFO - 2024-08-28 20:34:04 --> Session: Class initialized using 'CodeIgniter\Session\Handlers\FileHandler' driver.
INFO - 2024-08-28 20:34:06 --> Session: Class initialized using 'CodeIgniter\Session\Handlers\FileHandler' driver.
INFO - 2024-08-28 20:34:06 --> SolicitudesController solicitudes
