INFO - 2025-01-17 17:07:17 --> Session: Class initialized using 'CodeIgniter\Session\Handlers\FileHandler' driver.
INFO - 2025-01-17 17:07:17 --> A buscar es:: prd001 origen suc 3
INFO - 2025-01-17 17:07:17 --> query 
INFO - 2025-01-17 17:07:29 --> resultDisponible:: Array
(
    [0] => stdClass Object
        (
            [id_sucursal_destino] => 3
            [id_producto] => 13
            [nombre] => Refrigerador LG
            [marca] => LG
            [modelo] => GL-B201APZY
            [color] => Plata
            [medidas] => 60x170 cm
            [precio] => 450.00
            [costo_unitario] => 350.00
            [id_categoria] => 8
            [disponible] => 0
            [codigo_producto] => PRD001
            [estado] => 1
            [id_usuario_creacion] => 8
            [fecha_creacion] => 2025-01-09
            [upc] => EAN-13
            [disponibilidad] => 10
        )

)

INFO - 2025-01-17 17:07:29 --> resultTotalSalidas:: Array
(
)

INFO - 2025-01-17 17:07:29 --> Datos resultDisponible:: Array
(
    [0] => stdClass Object
        (
            [id_sucursal_destino] => 3
            [id_producto] => 13
            [nombre] => Refrigerador LG
            [marca] => LG
            [modelo] => GL-B201APZY
            [color] => Plata
            [medidas] => 60x170 cm
            [precio] => 450.00
            [costo_unitario] => 350.00
            [id_categoria] => 8
            [disponible] => 0
            [codigo_producto] => PRD001
            [estado] => 1
            [id_usuario_creacion] => 8
            [fecha_creacion] => 2025-01-09
            [upc] => EAN-13
            [disponibilidad] => 10
        )

)

INFO - 2025-01-17 17:07:29 --> Cantidad de elementos en resultDisponible:: 1
INFO - 2025-01-17 17:07:29 --> Datos resultTotalSalidas:: Array
(
)

INFO - 2025-01-17 17:07:29 --> Cantidad de elementos en resultTotalSalidas:: 0
INFO - 2025-01-17 18:55:18 --> Session: Class initialized using 'CodeIgniter\Session\Handlers\FileHandler' driver.
INFO - 2025-01-17 18:55:18 --> SolicitudesController nueva_solicitud
INFO - 2025-01-17 18:55:20 --> Session: Class initialized using 'CodeIgniter\Session\Handlers\FileHandler' driver.
INFO - 2025-01-17 19:56:45 --> iniciando sesion
INFO - 2025-01-17 19:56:46 --> Valor retornado del acceso es:: [{"url_acceso":"inicio_administracion","orden_acceso":"1"},{"url_acceso":"usuarios","orden_acceso":"2"},{"url_acceso":"solicitudes","orden_acceso":"1"},{"url_acceso":"clientes","orden_acceso":"2"},{"url_acceso":"productos","orden_acceso":"3"},{"url_acceso":"categorias","orden_acceso":"4"},{"url_acceso":"proveedores","orden_acceso":"5"},{"url_acceso":"ingresos_por_compras","orden_acceso":"6"},{"url_acceso":"ingresos","orden_acceso":"7"},{"url_acceso":"salidas","orden_acceso":"8"},{"url_acceso":"nueva_solicitud","orden_acceso":null},{"url_acceso":"apoderados","orden_acceso":"9"},{"url_acceso":"permisos","orden_acceso":"10"},{"url_acceso":"perfil","orden_acceso":null},{"url_acceso":"nuevo_cliente","orden_acceso":null},{"url_acceso":"profesiones","orden_acceso":"11"},{"url_acceso":"colonias","orden_acceso":"12"},{"url_acceso":"cobros","orden_acceso":"13"}]
INFO - 2025-01-17 19:56:46 --> Session: Class initialized using 'CodeIgniter\Session\Handlers\FileHandler' driver.
INFO - 2025-01-17 21:23:24 --> Session: Class initialized using 'CodeIgniter\Session\Handlers\FileHandler' driver.
INFO - 2025-01-17 21:23:25 --> Session: Class initialized using 'CodeIgniter\Session\Handlers\FileHandler' driver.
INFO - 2025-01-17 21:23:31 --> iniciando sesion
INFO - 2025-01-17 21:23:32 --> Valor retornado del acceso es:: [{"url_acceso":"inicio_administracion","orden_acceso":"1"},{"url_acceso":"usuarios","orden_acceso":"2"},{"url_acceso":"solicitudes","orden_acceso":"1"},{"url_acceso":"clientes","orden_acceso":"2"},{"url_acceso":"productos","orden_acceso":"3"},{"url_acceso":"categorias","orden_acceso":"4"},{"url_acceso":"proveedores","orden_acceso":"5"},{"url_acceso":"ingresos_por_compras","orden_acceso":"6"},{"url_acceso":"ingresos","orden_acceso":"7"},{"url_acceso":"salidas","orden_acceso":"8"},{"url_acceso":"nueva_solicitud","orden_acceso":null},{"url_acceso":"apoderados","orden_acceso":"9"},{"url_acceso":"permisos","orden_acceso":"10"},{"url_acceso":"perfil","orden_acceso":null},{"url_acceso":"nuevo_cliente","orden_acceso":null},{"url_acceso":"profesiones","orden_acceso":"11"},{"url_acceso":"colonias","orden_acceso":"12"},{"url_acceso":"cobros","orden_acceso":"13"}]
INFO - 2025-01-17 21:23:32 --> Session: Class initialized using 'CodeIgniter\Session\Handlers\FileHandler' driver.
INFO - 2025-01-17 21:23:32 --> Session: Class initialized using 'CodeIgniter\Session\Handlers\FileHandler' driver.
INFO - 2025-01-17 21:23:32 --> AdministracionController inicio_administracion
INFO - 2025-01-17 21:23:32 --> AdministracionController Acceso permitido
INFO - 2025-01-17 21:23:35 --> Session: Class initialized using 'CodeIgniter\Session\Handlers\FileHandler' driver.
INFO - 2025-01-17 21:23:35 --> SolicitudesController solicitudes
INFO - 2025-01-17 21:23:48 --> Session: Class initialized using 'CodeIgniter\Session\Handlers\FileHandler' driver.
INFO - 2025-01-17 21:23:48 --> SolicitudesController nueva_solicitud
INFO - 2025-01-17 21:23:49 --> Session: Class initialized using 'CodeIgniter\Session\Handlers\FileHandler' driver.
INFO - 2025-01-17 21:23:52 --> Session: Class initialized using 'CodeIgniter\Session\Handlers\FileHandler' driver.
INFO - 2025-01-17 21:23:53 --> Session: Class initialized using 'CodeIgniter\Session\Handlers\FileHandler' driver.
INFO - 2025-01-17 21:23:54 --> Session: Class initialized using 'CodeIgniter\Session\Handlers\FileHandler' driver.
INFO - 2025-01-17 21:23:54 --> 8
INFO - 2025-01-17 21:47:16 --> Session: Class initialized using 'CodeIgniter\Session\Handlers\FileHandler' driver.
INFO - 2025-01-17 21:47:16 --> Session: Class initialized using 'CodeIgniter\Session\Handlers\FileHandler' driver.
INFO - 2025-01-17 21:47:16 --> AdministracionController perfil
INFO - 2025-01-17 21:47:21 --> Session: Class initialized using 'CodeIgniter\Session\Handlers\FileHandler' driver.
INFO - 2025-01-17 21:47:21 --> SolicitudesController solicitudes
INFO - 2025-01-17 21:51:01 --> Session: Class initialized using 'CodeIgniter\Session\Handlers\FileHandler' driver.
INFO - 2025-01-17 21:51:01 --> SolicitudesController solicitudes
INFO - 2025-01-17 21:51:16 --> Session: Class initialized using 'CodeIgniter\Session\Handlers\FileHandler' driver.
INFO - 2025-01-17 21:51:16 --> SolicitudesController nueva_solicitud
INFO - 2025-01-17 21:51:17 --> Session: Class initialized using 'CodeIgniter\Session\Handlers\FileHandler' driver.
INFO - 2025-01-17 21:51:31 --> Session: Class initialized using 'CodeIgniter\Session\Handlers\FileHandler' driver.
INFO - 2025-01-17 21:51:32 --> Session: Class initialized using 'CodeIgniter\Session\Handlers\FileHandler' driver.
INFO - 2025-01-17 21:51:33 --> Session: Class initialized using 'CodeIgniter\Session\Handlers\FileHandler' driver.
INFO - 2025-01-17 21:51:33 --> 9
INFO - 2025-01-17 21:52:45 --> Session: Class initialized using 'CodeIgniter\Session\Handlers\FileHandler' driver.
INFO - 2025-01-17 21:52:45 --> A buscar es:: prd001 origen suc 3
INFO - 2025-01-17 21:52:45 --> query 
INFO - 2025-01-17 21:52:46 --> resultDisponible:: Array
(
    [0] => stdClass Object
        (
            [id_sucursal_destino] => 3
            [id_producto] => 13
            [nombre] => Refrigerador LG
            [marca] => LG
            [modelo] => GL-B201APZY
            [color] => Plata
            [medidas] => 60x170 cm
            [precio] => 450.00
            [costo_unitario] => 350.00
            [id_categoria] => 8
            [disponible] => 0
            [codigo_producto] => PRD001
            [estado] => 1
            [id_usuario_creacion] => 8
            [fecha_creacion] => 2025-01-09
            [upc] => EAN-13
            [disponibilidad] => 10
        )

)

INFO - 2025-01-17 21:52:46 --> resultTotalSalidas:: Array
(
)

INFO - 2025-01-17 21:52:46 --> Datos resultDisponible:: Array
(
    [0] => stdClass Object
        (
            [id_sucursal_destino] => 3
            [id_producto] => 13
            [nombre] => Refrigerador LG
            [marca] => LG
            [modelo] => GL-B201APZY
            [color] => Plata
            [medidas] => 60x170 cm
            [precio] => 450.00
            [costo_unitario] => 350.00
            [id_categoria] => 8
            [disponible] => 0
            [codigo_producto] => PRD001
            [estado] => 1
            [id_usuario_creacion] => 8
            [fecha_creacion] => 2025-01-09
            [upc] => EAN-13
            [disponibilidad] => 10
        )

)

INFO - 2025-01-17 21:52:46 --> Cantidad de elementos en resultDisponible:: 1
INFO - 2025-01-17 21:52:46 --> Datos resultTotalSalidas:: Array
(
)

INFO - 2025-01-17 21:52:46 --> Cantidad de elementos en resultTotalSalidas:: 0
INFO - 2025-01-17 21:53:12 --> Session: Class initialized using 'CodeIgniter\Session\Handlers\FileHandler' driver.
INFO - 2025-01-17 21:53:12 --> Datos recibidos: Array
(
    [datos_personales] => Array
        (
            [id_cliente] => 14
        )

    [referencias_laborales] => Array
        (
            [profesion_oficio] => -1
            [empresa] => Empresa Tech Solutions
            [direccion_trabajo] => Boulevard de los Héroes, San Salvador
            [telefono_trabajo] => 25241234
            [cargo] => Analista de Sistemas
            [salario] => 1200.00
            [tiempo_laborando_empresa] => 3 años
            [nombre_jefe_inmediato] => Lic. José Hernández
            [empresa_anterior] => Innovatech S.A. de C.V.
            [telefono_empresa_anterior] => 22334455
        )

    [referencias_familiares] => Array
        (
            [0] => Array
                (
                    [nombre] => María Rodríguez
                    [parentesco] => PAPÁ
                    [direccion] => Boulevard de la Reforma
                    [telefono] => 2332-6028
                    [lugar_trabajo] => Servicios Financieros S.A.
                    [telefono_trabajo] => 4920-1834
                )

            [1] => Array
                (
                    [nombre] => Luis García
                    [parentesco] => PAPÁ
                    [direccion] => Calle El Sol, Usulután
                    [telefono] => 2332-6028
                    [lugar_trabajo] => Servicios Financieros S.A.
                    [telefono_trabajo] => 8573-9434
                )

        )

    [referencias_personas_no_familiar] => Array
        (
            [0] => Array
                (
                    [nombre] => Marta Rodríguez
                    [direccion] => Calle El Sol, Usulután
                    [telefono] => 5036-8391
                    [lugar_trabajo] => Consultora ABC
                    [telefono_trabajo] => 5031-0648
                )

            [1] => Array
                (
                    [nombre] => Juan Pérez
                    [direccion] => Calle El Sol, Usulután
                    [telefono] => 5035-1995
                    [lugar_trabajo] => Comercial de Servicios S.A.
                    [telefono_trabajo] => 5038-6068
                )

        )

    [referencias_crediticias] => Array
        (
        )

    [analisis_socioeconomico] => Array
        (
            [ingresoMensual] => 200.00
            [egresoMensual] => 120.00
            [salarioIng] => 1200.00
            [pagoCasa] => 
            [otrosIngresos] => 
            [gastosVida] => 
            [otrosEgresos] => 
            [totalIngresos] => 1400.00
            [totalEgresos] => 120.00
            [diferencia] => 1280.00
            [cantidadCuotas] => 0.0884
            [observaciones] => gcbcvnvbnvbnvbnvnvn
            [estado_label] => Sano
        )

    [co_deudor] => Array
        (
            [referencias] => Array
                (
                )

            [nombre] => 
            [dui] => 
            [direccion] => 
            [COtelPersonal] => 
            [COpropiaCN] => -1
            [COpromesaVenta] => -1
            [COalquilada] => -1
            [COtiempoVivienda] => 
            [COestadoCivil] => -1
            [nombreConyugueCN] => 
            [profesion] => 
            [patrono] => 
            [COdireccionTrabajo] => 
            [COtelefonoTrabajo] => 
            [COcargoDesempeña] => 
            [COsalario] => 
            [COnombreJefe] => 
        )

    [plan_de_pago] => Array
        (
            [valorArticulo] => 450.00
            [valorPagoPrima] => 85
            [saldoAPagar] => 365.00
            [cantidadCuotas] => 18
            [montoCuota] => 32.27
            [montoTotalPagar] => 665.86
        )

    [productosSolicitud] => Array
        (
            [0] => Array
                (
                    [id_sucursal_destino] => 3
                    [id_producto] => 13
                    [nombre] => Refrigerador LG
                    [marca] => LG
                    [modelo] => GL-B201APZY
                    [color] => Plata
                    [medidas] => 60x170 cm
                    [precio] => 450.00
                    [costo_unitario] => 350.00
                    [id_categoria] => 8
                    [disponible] => 0
                    [codigo_producto] => PRD001
                    [estado] => 1
                    [id_usuario_creacion] => 8
                    [fecha_creacion] => 2025-01-09
                    [upc] => EAN-13
                    [disponibilidad] => 10
                    [cantidad] => 1
                )

        )

)

INFO - 2025-01-17 21:53:12 --> *********************************** PASO 1 ***********************************
INFO - 2025-01-17 21:53:13 --> solicitud creada id_solicitud: 28
INFO - 2025-01-17 21:53:13 --> numero solicitud creada: 000002
INFO - 2025-01-17 21:53:13 --> ********************************* FIN PASO 1 *********************************
INFO - 2025-01-17 21:53:13 --> *********************************** PASO 2 ***********************************
INFO - 2025-01-17 21:53:13 --> el valor de los datos de referencia es:: Array
(
    [profesion_oficio] => -1
    [empresa] => Empresa Tech Solutions
    [direccion_trabajo] => Boulevard de los Héroes, San Salvador
    [telefono_trabajo] => 25241234
    [cargo] => Analista de Sistemas
    [salario] => 1200.00
    [tiempo_laborando_empresa] => 3 años
    [nombre_jefe_inmediato] => Lic. José Hernández
    [empresa_anterior] => Innovatech S.A. de C.V.
    [telefono_empresa_anterior] => 22334455
)

ERROR - 2025-01-17 21:53:13 --> mysqli_sql_exception: Cannot add or update a child row: a foreign key constraint fails (`u735812367_pruebaU`.`referencias_laborales`, CONSTRAINT `referencias_laborales_ibfk_2` FOREIGN KEY (`id_profesion`) REFERENCES `profesiones` (`id_profesion`)) in C:\xampp\htdocs\creditos\system\Database\MySQLi\Connection.php:306
Stack trace:
#0 C:\xampp\htdocs\creditos\system\Database\MySQLi\Connection.php(306): mysqli->query('INSERT INTO `re...', 0)
#1 C:\xampp\htdocs\creditos\system\Database\BaseConnection.php(693): CodeIgniter\Database\MySQLi\Connection->execute('INSERT INTO `re...')
#2 C:\xampp\htdocs\creditos\system\Database\BaseConnection.php(607): CodeIgniter\Database\BaseConnection->simpleQuery('INSERT INTO `re...')
#3 C:\xampp\htdocs\creditos\system\Database\BaseBuilder.php(2307): CodeIgniter\Database\BaseConnection->query('INSERT INTO `re...', Array, false)
#4 C:\xampp\htdocs\creditos\system\Model.php(327): CodeIgniter\Database\BaseBuilder->insert()
#5 C:\xampp\htdocs\creditos\system\BaseModel.php(802): CodeIgniter\Model->doInsert(Array)
#6 C:\xampp\htdocs\creditos\system\Model.php(749): CodeIgniter\BaseModel->insert(Array, true)
#7 C:\xampp\htdocs\creditos\app\Controllers\SolicitudesController.php(283): CodeIgniter\Model->insert(Array)
#8 C:\xampp\htdocs\creditos\app\Controllers\SolicitudesController.php(156): App\Controllers\SolicitudesController->crearReferenciasLaborales(Array, 28)
#9 C:\xampp\htdocs\creditos\system\CodeIgniter.php(943): App\Controllers\SolicitudesController->procesarSolicitud()
#10 C:\xampp\htdocs\creditos\system\CodeIgniter.php(503): CodeIgniter\CodeIgniter->runController(Object(App\Controllers\SolicitudesController))
#11 C:\xampp\htdocs\creditos\system\CodeIgniter.php(361): CodeIgniter\CodeIgniter->handleRequest(NULL, Object(Config\Cache), false)
#12 C:\xampp\htdocs\creditos\index.php(79): CodeIgniter\CodeIgniter->run()
#13 {main}
ERROR - 2025-01-17 21:53:13 --> Ocurrió un error: Cannot add or update a child row: a foreign key constraint fails (`u735812367_pruebaU`.`referencias_laborales`, CONSTRAINT `referencias_laborales_ibfk_2` FOREIGN KEY (`id_profesion`) REFERENCES `profesiones` (`id_profesion`))
Trace: #0 C:\xampp\htdocs\creditos\system\Database\BaseBuilder.php(2307): CodeIgniter\Database\BaseConnection->query('INSERT INTO `re...', Array, false)
#1 C:\xampp\htdocs\creditos\system\Model.php(327): CodeIgniter\Database\BaseBuilder->insert()
#2 C:\xampp\htdocs\creditos\system\BaseModel.php(802): CodeIgniter\Model->doInsert(Array)
#3 C:\xampp\htdocs\creditos\system\Model.php(749): CodeIgniter\BaseModel->insert(Array, true)
#4 C:\xampp\htdocs\creditos\app\Controllers\SolicitudesController.php(283): CodeIgniter\Model->insert(Array)
#5 C:\xampp\htdocs\creditos\app\Controllers\SolicitudesController.php(156): App\Controllers\SolicitudesController->crearReferenciasLaborales(Array, 28)
#6 C:\xampp\htdocs\creditos\system\CodeIgniter.php(943): App\Controllers\SolicitudesController->procesarSolicitud()
#7 C:\xampp\htdocs\creditos\system\CodeIgniter.php(503): CodeIgniter\CodeIgniter->runController(Object(App\Controllers\SolicitudesController))
#8 C:\xampp\htdocs\creditos\system\CodeIgniter.php(361): CodeIgniter\CodeIgniter->handleRequest(NULL, Object(Config\Cache), false)
#9 C:\xampp\htdocs\creditos\index.php(79): CodeIgniter\CodeIgniter->run()
#10 {main}
INFO - 2025-01-17 22:00:52 --> Session: Class initialized using 'CodeIgniter\Session\Handlers\FileHandler' driver.
INFO - 2025-01-17 22:00:52 --> SolicitudesController nueva_solicitud
INFO - 2025-01-17 22:00:54 --> Session: Class initialized using 'CodeIgniter\Session\Handlers\FileHandler' driver.
INFO - 2025-01-17 22:04:28 --> Session: Class initialized using 'CodeIgniter\Session\Handlers\FileHandler' driver.
INFO - 2025-01-17 22:04:28 --> SolicitudesController nueva_solicitud
INFO - 2025-01-17 22:04:31 --> Session: Class initialized using 'CodeIgniter\Session\Handlers\FileHandler' driver.
INFO - 2025-01-17 22:04:43 --> Session: Class initialized using 'CodeIgniter\Session\Handlers\FileHandler' driver.
INFO - 2025-01-17 22:04:44 --> Session: Class initialized using 'CodeIgniter\Session\Handlers\FileHandler' driver.
INFO - 2025-01-17 22:04:45 --> Session: Class initialized using 'CodeIgniter\Session\Handlers\FileHandler' driver.
INFO - 2025-01-17 22:04:45 --> 8
INFO - 2025-01-17 22:06:22 --> Session: Class initialized using 'CodeIgniter\Session\Handlers\FileHandler' driver.
INFO - 2025-01-17 22:06:22 --> A buscar es:: prd001 origen suc 3
INFO - 2025-01-17 22:06:22 --> query 
INFO - 2025-01-17 22:06:22 --> resultDisponible:: Array
(
    [0] => stdClass Object
        (
            [id_sucursal_destino] => 3
            [id_producto] => 13
            [nombre] => Refrigerador LG
            [marca] => LG
            [modelo] => GL-B201APZY
            [color] => Plata
            [medidas] => 60x170 cm
            [precio] => 450.00
            [costo_unitario] => 350.00
            [id_categoria] => 8
            [disponible] => 0
            [codigo_producto] => PRD001
            [estado] => 1
            [id_usuario_creacion] => 8
            [fecha_creacion] => 2025-01-09
            [upc] => EAN-13
            [disponibilidad] => 10
        )

)

INFO - 2025-01-17 22:06:22 --> resultTotalSalidas:: Array
(
)

INFO - 2025-01-17 22:06:22 --> Datos resultDisponible:: Array
(
    [0] => stdClass Object
        (
            [id_sucursal_destino] => 3
            [id_producto] => 13
            [nombre] => Refrigerador LG
            [marca] => LG
            [modelo] => GL-B201APZY
            [color] => Plata
            [medidas] => 60x170 cm
            [precio] => 450.00
            [costo_unitario] => 350.00
            [id_categoria] => 8
            [disponible] => 0
            [codigo_producto] => PRD001
            [estado] => 1
            [id_usuario_creacion] => 8
            [fecha_creacion] => 2025-01-09
            [upc] => EAN-13
            [disponibilidad] => 10
        )

)

INFO - 2025-01-17 22:06:22 --> Cantidad de elementos en resultDisponible:: 1
INFO - 2025-01-17 22:06:22 --> Datos resultTotalSalidas:: Array
(
)

INFO - 2025-01-17 22:06:22 --> Cantidad de elementos en resultTotalSalidas:: 0
INFO - 2025-01-17 22:11:43 --> Session: Class initialized using 'CodeIgniter\Session\Handlers\FileHandler' driver.
INFO - 2025-01-17 22:11:43 --> SolicitudesController nueva_solicitud
INFO - 2025-01-17 22:11:45 --> Session: Class initialized using 'CodeIgniter\Session\Handlers\FileHandler' driver.
INFO - 2025-01-17 22:12:00 --> Session: Class initialized using 'CodeIgniter\Session\Handlers\FileHandler' driver.
INFO - 2025-01-17 22:12:00 --> A buscar es:: prd001 origen suc 3
INFO - 2025-01-17 22:12:00 --> query 
INFO - 2025-01-17 22:12:00 --> resultDisponible:: Array
(
    [0] => stdClass Object
        (
            [id_sucursal_destino] => 3
            [id_producto] => 13
            [nombre] => Refrigerador LG
            [marca] => LG
            [modelo] => GL-B201APZY
            [color] => Plata
            [medidas] => 60x170 cm
            [precio] => 450.00
            [costo_unitario] => 350.00
            [id_categoria] => 8
            [disponible] => 0
            [codigo_producto] => PRD001
            [estado] => 1
            [id_usuario_creacion] => 8
            [fecha_creacion] => 2025-01-09
            [upc] => EAN-13
            [disponibilidad] => 10
        )

)

INFO - 2025-01-17 22:12:00 --> resultTotalSalidas:: Array
(
)

INFO - 2025-01-17 22:12:00 --> Datos resultDisponible:: Array
(
    [0] => stdClass Object
        (
            [id_sucursal_destino] => 3
            [id_producto] => 13
            [nombre] => Refrigerador LG
            [marca] => LG
            [modelo] => GL-B201APZY
            [color] => Plata
            [medidas] => 60x170 cm
            [precio] => 450.00
            [costo_unitario] => 350.00
            [id_categoria] => 8
            [disponible] => 0
            [codigo_producto] => PRD001
            [estado] => 1
            [id_usuario_creacion] => 8
            [fecha_creacion] => 2025-01-09
            [upc] => EAN-13
            [disponibilidad] => 10
        )

)

INFO - 2025-01-17 22:12:00 --> Cantidad de elementos en resultDisponible:: 1
INFO - 2025-01-17 22:12:00 --> Datos resultTotalSalidas:: Array
(
)

INFO - 2025-01-17 22:12:00 --> Cantidad de elementos en resultTotalSalidas:: 0
INFO - 2025-01-17 22:13:31 --> Session: Class initialized using 'CodeIgniter\Session\Handlers\FileHandler' driver.
INFO - 2025-01-17 22:13:31 --> A buscar es:: prd001 origen suc 3
INFO - 2025-01-17 22:13:31 --> query 
INFO - 2025-01-17 22:13:31 --> resultDisponible:: Array
(
    [0] => stdClass Object
        (
            [id_sucursal_destino] => 3
            [id_producto] => 13
            [nombre] => Refrigerador LG
            [marca] => LG
            [modelo] => GL-B201APZY
            [color] => Plata
            [medidas] => 60x170 cm
            [precio] => 450.00
            [costo_unitario] => 350.00
            [id_categoria] => 8
            [disponible] => 0
            [codigo_producto] => PRD001
            [estado] => 1
            [id_usuario_creacion] => 8
            [fecha_creacion] => 2025-01-09
            [upc] => EAN-13
            [disponibilidad] => 10
        )

)

INFO - 2025-01-17 22:13:31 --> resultTotalSalidas:: Array
(
)

INFO - 2025-01-17 22:13:31 --> Datos resultDisponible:: Array
(
    [0] => stdClass Object
        (
            [id_sucursal_destino] => 3
            [id_producto] => 13
            [nombre] => Refrigerador LG
            [marca] => LG
            [modelo] => GL-B201APZY
            [color] => Plata
            [medidas] => 60x170 cm
            [precio] => 450.00
            [costo_unitario] => 350.00
            [id_categoria] => 8
            [disponible] => 0
            [codigo_producto] => PRD001
            [estado] => 1
            [id_usuario_creacion] => 8
            [fecha_creacion] => 2025-01-09
            [upc] => EAN-13
            [disponibilidad] => 10
        )

)

INFO - 2025-01-17 22:13:31 --> Cantidad de elementos en resultDisponible:: 1
INFO - 2025-01-17 22:13:31 --> Datos resultTotalSalidas:: Array
(
)

INFO - 2025-01-17 22:13:31 --> Cantidad de elementos en resultTotalSalidas:: 0
INFO - 2025-01-17 22:16:20 --> Session: Class initialized using 'CodeIgniter\Session\Handlers\FileHandler' driver.
INFO - 2025-01-17 22:16:20 --> SolicitudesController nueva_solicitud
INFO - 2025-01-17 22:16:22 --> Session: Class initialized using 'CodeIgniter\Session\Handlers\FileHandler' driver.
INFO - 2025-01-17 22:16:31 --> Session: Class initialized using 'CodeIgniter\Session\Handlers\FileHandler' driver.
INFO - 2025-01-17 22:16:31 --> A buscar es:: prd001 origen suc 3
INFO - 2025-01-17 22:16:31 --> query 
INFO - 2025-01-17 22:16:32 --> resultDisponible:: Array
(
    [0] => stdClass Object
        (
            [id_sucursal_destino] => 3
            [id_producto] => 13
            [nombre] => Refrigerador LG
            [marca] => LG
            [modelo] => GL-B201APZY
            [color] => Plata
            [medidas] => 60x170 cm
            [precio] => 450.00
            [costo_unitario] => 350.00
            [id_categoria] => 8
            [disponible] => 0
            [codigo_producto] => PRD001
            [estado] => 1
            [id_usuario_creacion] => 8
            [fecha_creacion] => 2025-01-09
            [upc] => EAN-13
            [disponibilidad] => 10
        )

)

INFO - 2025-01-17 22:16:32 --> resultTotalSalidas:: Array
(
)

INFO - 2025-01-17 22:16:32 --> Datos resultDisponible:: Array
(
    [0] => stdClass Object
        (
            [id_sucursal_destino] => 3
            [id_producto] => 13
            [nombre] => Refrigerador LG
            [marca] => LG
            [modelo] => GL-B201APZY
            [color] => Plata
            [medidas] => 60x170 cm
            [precio] => 450.00
            [costo_unitario] => 350.00
            [id_categoria] => 8
            [disponible] => 0
            [codigo_producto] => PRD001
            [estado] => 1
            [id_usuario_creacion] => 8
            [fecha_creacion] => 2025-01-09
            [upc] => EAN-13
            [disponibilidad] => 10
        )

)

INFO - 2025-01-17 22:16:32 --> Cantidad de elementos en resultDisponible:: 1
INFO - 2025-01-17 22:16:32 --> Datos resultTotalSalidas:: Array
(
)

INFO - 2025-01-17 22:16:32 --> Cantidad de elementos en resultTotalSalidas:: 0
