INFO - 2025-01-03 22:05:27 --> Session: Class initialized using 'CodeIgniter\Session\Handlers\FileHandler' driver.
INFO - 2025-01-03 22:05:57 --> Session: Class initialized using 'CodeIgniter\Session\Handlers\FileHandler' driver.
INFO - 2025-01-03 22:05:58 --> Resultado JSON: [{"id_solicitud":"20","numero_solicitud":"000002","fecha_creacion":"2025-01-03 20:48:16","dui":"04578956-3","nombre_completo":"Carla Vanessa Garc\u00eda Hern\u00e1ndez","user_creador":"Raul Antonio Lopez Ramirez","estado":"Aprobada","id_estado_actual":"2","observacion":null,"num_contrato":"0001-00000002","montoApagar":"87.87"}]
INFO - 2025-01-03 22:05:59 --> Session: Class initialized using 'CodeIgniter\Session\Handlers\FileHandler' driver.
INFO - 2025-01-03 22:05:59 --> Resultado JSON id_solicitud: 20
INFO - 2025-01-03 22:06:00 --> Resultado JSON deudasSolicitud: Array
(
    [0] => Array
        (
            [id_cobro] => 22
            [id_solicitud] => 20
            [numero_cuota] => 0
            [monto_cuota] => 50.00
            [descripcion] => Pago de prima o cuota numero 0 de 2
            [estado] => CANCELADO
            [fecha_vencimiento] => 2025-01-03
            [fecha_pago] => 
            [interesGenerado] => 0
        )

    [1] => Array
        (
            [id_cobro] => 23
            [id_solicitud] => 20
            [numero_cuota] => 1
            [monto_cuota] => 37.87
            [descripcion] => Pago de la cuota 1 con valor de cuota de $37.87
            [estado] => CANCELADO
            [fecha_vencimiento] => 2025-02-03
            [fecha_pago] => 2025-01-03
            [interesGenerado] => 0.00
        )

    [2] => Array
        (
            [id_cobro] => 24
            [id_solicitud] => 20
            [numero_cuota] => 2
            [monto_cuota] => 37.87
            [descripcion] => Pago de la cuota 2 con valor de cuota de $37.87
            [estado] => PENDIENTE
            [fecha_vencimiento] => 2025-03-03
            [fecha_pago] => 2025-01-03
            [interesGenerado] => 0.00
        )

)

INFO - 2025-01-03 22:06:05 --> Cobro actualizado: {"id":"24","diasMora":0,"mora":"0.00","montoTotalCuotaInteres":37.87,"montoCuota":37.87,"numero_cuota":2}
INFO - 2025-01-03 22:06:06 --> ***************************************generarDocPagos***************************************
INFO - 2025-01-03 22:06:06 --> Session: Class initialized using 'CodeIgniter\Session\Handlers\FileHandler' driver.
INFO - 2025-01-03 22:06:06 --> generarDocPagos ------> Cobros cancelados: Array
(
    [0] => Array
        (
            [id_cobro] => 24
            [id_solicitud] => 20
            [numero_cuota] => 2
            [monto_cuota] => 37.87
            [descripcion] => Pago de la cuota 2 con valor de cuota de $37.87
            [estado] => CANCELADO
            [fecha_vencimiento] => 2025-03-03
            [fecha_pago] => 2025-01-03
            [interesGenerado] => 0.00
        )

)

INFO - 2025-01-03 22:06:06 --> valor del datosCobros::: Array
(
    [0] => Array
        (
            [numero_solicitud] => 000002
            [nombre_completo] => Carla Vanessa García Hernández
            [fecha_vencimiento] => 2025-01-03
        )

    [1] => Array
        (
            [numero_solicitud] => 000002
            [nombre_completo] => Carla Vanessa García Hernández
            [fecha_vencimiento] => 2025-02-03
        )

    [2] => Array
        (
            [numero_solicitud] => 000002
            [nombre_completo] => Carla Vanessa García Hernández
            [fecha_vencimiento] => 2025-03-03
        )

)

INFO - 2025-01-03 22:06:06 --> Documento generado exitosamente: public/documentos/pagos/000002/pagoCuota000002_2.docx
INFO - 2025-01-03 22:06:06 --> ***************************************FIN generarContrato***************************************
INFO - 2025-01-03 22:06:13 --> Session: Class initialized using 'CodeIgniter\Session\Handlers\FileHandler' driver.
INFO - 2025-01-03 22:18:11 --> Session: Class initialized using 'CodeIgniter\Session\Handlers\FileHandler' driver.
INFO - 2025-01-03 22:18:12 --> Resultado JSON: [{"id_solicitud":"20","numero_solicitud":"000002","fecha_creacion":"2025-01-03 20:48:16","dui":"04578956-3","nombre_completo":"Carla Vanessa Garc\u00eda Hern\u00e1ndez","user_creador":"Raul Antonio Lopez Ramirez","estado":"Aprobada","id_estado_actual":"2","observacion":null,"num_contrato":"0001-00000002","montoApagar":"125.74"}]
INFO - 2025-01-03 22:18:17 --> Session: Class initialized using 'CodeIgniter\Session\Handlers\FileHandler' driver.
INFO - 2025-01-03 22:18:17 --> Resultado JSON id_solicitud: 20
INFO - 2025-01-03 22:18:18 --> Resultado JSON deudasSolicitud: Array
(
    [0] => Array
        (
            [id_cobro] => 22
            [id_solicitud] => 20
            [numero_cuota] => 0
            [monto_cuota] => 50.00
            [descripcion] => Pago de prima o cuota numero 0 de 2
            [estado] => CANCELADO
            [fecha_vencimiento] => 2025-01-03
            [fecha_pago] => 
            [interesGenerado] => 0
        )

    [1] => Array
        (
            [id_cobro] => 23
            [id_solicitud] => 20
            [numero_cuota] => 1
            [monto_cuota] => 37.87
            [descripcion] => Pago de la cuota 1 con valor de cuota de $37.87
            [estado] => PENDIENTE
            [fecha_vencimiento] => 2025-02-03
            [fecha_pago] => 2025-01-03
            [interesGenerado] => 0.00
        )

    [2] => Array
        (
            [id_cobro] => 24
            [id_solicitud] => 20
            [numero_cuota] => 2
            [monto_cuota] => 37.87
            [descripcion] => Pago de la cuota 2 con valor de cuota de $37.87
            [estado] => PENDIENTE
            [fecha_vencimiento] => 2025-03-03
            [fecha_pago] => 2025-01-03
            [interesGenerado] => 0.00
        )

)

INFO - 2025-01-03 22:18:27 --> Cobro actualizado: {"id":"23","diasMora":0,"mora":"0.00","montoTotalCuotaInteres":37.87,"montoCuota":37.87,"numero_cuota":1}
INFO - 2025-01-03 22:18:27 --> ***************************************generarDocPagos***************************************
INFO - 2025-01-03 22:18:27 --> Session: Class initialized using 'CodeIgniter\Session\Handlers\FileHandler' driver.
INFO - 2025-01-03 22:18:27 --> generarDocPagos ------> Cobros cancelados: Array
(
    [0] => Array
        (
            [id_cobro] => 23
            [id_solicitud] => 20
            [numero_cuota] => 1
            [monto_cuota] => 37.87
            [descripcion] => Pago de la cuota 1 con valor de cuota de $37.87
            [estado] => CANCELADO
            [fecha_vencimiento] => 2025-02-03
            [fecha_pago] => 2025-01-03
            [interesGenerado] => 0.00
        )

)

INFO - 2025-01-03 22:18:28 --> valor del datosCobros::: Array
(
    [0] => Array
        (
            [num_contrato] => 0001-00000002
            [nombre_completo] => Carla Vanessa García Hernández
        )

)

INFO - 2025-01-03 22:18:28 --> Documento generado exitosamente: public/documentos/pagos/000002/pagoCuota000002_1.docx
INFO - 2025-01-03 22:18:28 --> ***************************************FIN generarContrato***************************************
INFO - 2025-01-03 22:18:35 --> Session: Class initialized using 'CodeIgniter\Session\Handlers\FileHandler' driver.
