INFO - 2025-01-20 19:04:09 --> Session: Class initialized using 'CodeIgniter\Session\Handlers\FileHandler' driver.
INFO - 2025-01-20 19:04:11 --> Session: Class initialized using 'CodeIgniter\Session\Handlers\FileHandler' driver.
INFO - 2025-01-20 19:04:29 --> iniciando sesion
INFO - 2025-01-20 19:04:31 --> Valor retornado del acceso es:: [{"url_acceso":"solicitudes","orden_acceso":"1"},{"url_acceso":"clientes","orden_acceso":"2"},{"url_acceso":"nueva_solicitud","orden_acceso":null},{"url_acceso":"perfil","orden_acceso":null},{"url_acceso":"nuevo_cliente","orden_acceso":null},{"url_acceso":"cobros","orden_acceso":"13"}]
INFO - 2025-01-20 19:04:31 --> Session: Class initialized using 'CodeIgniter\Session\Handlers\FileHandler' driver.
INFO - 2025-01-20 19:04:32 --> Session: Class initialized using 'CodeIgniter\Session\Handlers\FileHandler' driver.
INFO - 2025-01-20 19:04:32 --> SolicitudesController solicitudes
INFO - 2025-01-20 19:04:47 --> Session: Class initialized using 'CodeIgniter\Session\Handlers\FileHandler' driver.
INFO - 2025-01-20 19:04:47 --> SolicitudesController nueva_solicitud
INFO - 2025-01-20 19:04:49 --> Session: Class initialized using 'CodeIgniter\Session\Handlers\FileHandler' driver.
INFO - 2025-01-20 19:05:01 --> Session: Class initialized using 'CodeIgniter\Session\Handlers\FileHandler' driver.
INFO - 2025-01-20 19:05:02 --> Session: Class initialized using 'CodeIgniter\Session\Handlers\FileHandler' driver.
INFO - 2025-01-20 19:05:03 --> Session: Class initialized using 'CodeIgniter\Session\Handlers\FileHandler' driver.
INFO - 2025-01-20 19:05:03 --> 8
INFO - 2025-01-20 19:06:08 --> Session: Class initialized using 'CodeIgniter\Session\Handlers\FileHandler' driver.
INFO - 2025-01-20 19:06:08 --> Session: Class initialized using 'CodeIgniter\Session\Handlers\FileHandler' driver.
INFO - 2025-01-20 19:06:09 --> Session: Class initialized using 'CodeIgniter\Session\Handlers\FileHandler' driver.
INFO - 2025-01-20 19:06:09 --> 8
INFO - 2025-01-20 19:07:23 --> Session: Class initialized using 'CodeIgniter\Session\Handlers\FileHandler' driver.
INFO - 2025-01-20 19:07:23 --> SolicitudesController nueva_solicitud
INFO - 2025-01-20 19:07:24 --> Session: Class initialized using 'CodeIgniter\Session\Handlers\FileHandler' driver.
INFO - 2025-01-20 19:07:33 --> Session: Class initialized using 'CodeIgniter\Session\Handlers\FileHandler' driver.
INFO - 2025-01-20 19:07:34 --> Session: Class initialized using 'CodeIgniter\Session\Handlers\FileHandler' driver.
INFO - 2025-01-20 19:07:34 --> Iniciando búsqueda de referencias.
INFO - 2025-01-20 19:07:34 --> ID del cliente recibido: 13
INFO - 2025-01-20 19:07:35 --> Solicitud encontrada: null
WARNING - 2025-01-20 19:07:35 --> No se encontró ninguna solicitud para el cliente: 13
INFO - 2025-01-20 19:07:35 --> Session: Class initialized using 'CodeIgniter\Session\Handlers\FileHandler' driver.
INFO - 2025-01-20 19:07:35 --> 8
INFO - 2025-01-20 19:08:49 --> Session: Class initialized using 'CodeIgniter\Session\Handlers\FileHandler' driver.
INFO - 2025-01-20 19:08:49 --> SolicitudesController nueva_solicitud
INFO - 2025-01-20 19:08:51 --> Session: Class initialized using 'CodeIgniter\Session\Handlers\FileHandler' driver.
INFO - 2025-01-20 19:09:17 --> Session: Class initialized using 'CodeIgniter\Session\Handlers\FileHandler' driver.
INFO - 2025-01-20 19:09:17 --> SolicitudesController nueva_solicitud
INFO - 2025-01-20 19:09:19 --> Session: Class initialized using 'CodeIgniter\Session\Handlers\FileHandler' driver.
INFO - 2025-01-20 19:09:49 --> Session: Class initialized using 'CodeIgniter\Session\Handlers\FileHandler' driver.
INFO - 2025-01-20 19:09:49 --> SolicitudesController nueva_solicitud
INFO - 2025-01-20 19:09:50 --> Session: Class initialized using 'CodeIgniter\Session\Handlers\FileHandler' driver.
INFO - 2025-01-20 19:10:01 --> Session: Class initialized using 'CodeIgniter\Session\Handlers\FileHandler' driver.
INFO - 2025-01-20 19:10:01 --> SolicitudesController nueva_solicitud
INFO - 2025-01-20 19:10:02 --> Session: Class initialized using 'CodeIgniter\Session\Handlers\FileHandler' driver.
INFO - 2025-01-20 19:10:25 --> Session: Class initialized using 'CodeIgniter\Session\Handlers\FileHandler' driver.
INFO - 2025-01-20 19:10:25 --> SolicitudesController nueva_solicitud
INFO - 2025-01-20 19:10:26 --> Session: Class initialized using 'CodeIgniter\Session\Handlers\FileHandler' driver.
INFO - 2025-01-20 19:11:57 --> Session: Class initialized using 'CodeIgniter\Session\Handlers\FileHandler' driver.
INFO - 2025-01-20 19:11:57 --> SolicitudesController nueva_solicitud
INFO - 2025-01-20 19:11:59 --> Session: Class initialized using 'CodeIgniter\Session\Handlers\FileHandler' driver.
INFO - 2025-01-20 19:12:08 --> Session: Class initialized using 'CodeIgniter\Session\Handlers\FileHandler' driver.
INFO - 2025-01-20 19:12:09 --> Session: Class initialized using 'CodeIgniter\Session\Handlers\FileHandler' driver.
INFO - 2025-01-20 19:12:09 --> Iniciando búsqueda de referencias.
INFO - 2025-01-20 19:12:09 --> ID del cliente recibido: 13
INFO - 2025-01-20 19:12:10 --> Solicitud encontrada: null
WARNING - 2025-01-20 19:12:10 --> No se encontró ninguna solicitud para el cliente: 13
INFO - 2025-01-20 19:12:10 --> Session: Class initialized using 'CodeIgniter\Session\Handlers\FileHandler' driver.
INFO - 2025-01-20 19:12:10 --> 8
INFO - 2025-01-20 19:12:51 --> Session: Class initialized using 'CodeIgniter\Session\Handlers\FileHandler' driver.
INFO - 2025-01-20 19:12:52 --> Session: Class initialized using 'CodeIgniter\Session\Handlers\FileHandler' driver.
INFO - 2025-01-20 19:12:52 --> Iniciando búsqueda de referencias.
INFO - 2025-01-20 19:12:52 --> ID del cliente recibido: 13
INFO - 2025-01-20 19:12:53 --> Solicitud encontrada: null
WARNING - 2025-01-20 19:12:53 --> No se encontró ninguna solicitud para el cliente: 13
INFO - 2025-01-20 19:12:53 --> Session: Class initialized using 'CodeIgniter\Session\Handlers\FileHandler' driver.
INFO - 2025-01-20 19:12:53 --> 8
INFO - 2025-01-20 19:14:23 --> Session: Class initialized using 'CodeIgniter\Session\Handlers\FileHandler' driver.
INFO - 2025-01-20 19:14:23 --> SolicitudesController nueva_solicitud
INFO - 2025-01-20 19:14:25 --> Session: Class initialized using 'CodeIgniter\Session\Handlers\FileHandler' driver.
INFO - 2025-01-20 19:14:40 --> Session: Class initialized using 'CodeIgniter\Session\Handlers\FileHandler' driver.
INFO - 2025-01-20 19:14:41 --> Session: Class initialized using 'CodeIgniter\Session\Handlers\FileHandler' driver.
INFO - 2025-01-20 19:14:41 --> Iniciando búsqueda de referencias.
INFO - 2025-01-20 19:14:41 --> ID del cliente recibido: 13
INFO - 2025-01-20 19:14:42 --> Solicitud encontrada: null
WARNING - 2025-01-20 19:14:42 --> No se encontró ninguna solicitud para el cliente: 13
INFO - 2025-01-20 19:14:42 --> Session: Class initialized using 'CodeIgniter\Session\Handlers\FileHandler' driver.
INFO - 2025-01-20 19:14:42 --> 8
INFO - 2025-01-20 19:15:47 --> Session: Class initialized using 'CodeIgniter\Session\Handlers\FileHandler' driver.
INFO - 2025-01-20 19:15:47 --> SolicitudesController nueva_solicitud
INFO - 2025-01-20 19:15:49 --> Session: Class initialized using 'CodeIgniter\Session\Handlers\FileHandler' driver.
INFO - 2025-01-20 19:15:58 --> Session: Class initialized using 'CodeIgniter\Session\Handlers\FileHandler' driver.
INFO - 2025-01-20 19:15:59 --> Session: Class initialized using 'CodeIgniter\Session\Handlers\FileHandler' driver.
INFO - 2025-01-20 19:15:59 --> Iniciando búsqueda de referencias.
INFO - 2025-01-20 19:15:59 --> ID del cliente recibido: 13
INFO - 2025-01-20 19:15:59 --> Solicitud encontrada: null
WARNING - 2025-01-20 19:15:59 --> No se encontró ninguna solicitud para el cliente: 13
INFO - 2025-01-20 19:16:00 --> Session: Class initialized using 'CodeIgniter\Session\Handlers\FileHandler' driver.
INFO - 2025-01-20 19:16:00 --> 8
INFO - 2025-01-20 19:55:59 --> Session: Class initialized using 'CodeIgniter\Session\Handlers\FileHandler' driver.
INFO - 2025-01-20 19:55:59 --> AdministracionController inicio_administracion
INFO - 2025-01-20 19:56:17 --> Session: Class initialized using 'CodeIgniter\Session\Handlers\FileHandler' driver.
INFO - 2025-01-20 19:56:17 --> SolicitudesController solicitudes
INFO - 2025-01-20 19:56:26 --> Session: Class initialized using 'CodeIgniter\Session\Handlers\FileHandler' driver.
INFO - 2025-01-20 19:56:26 --> Session: Class initialized using 'CodeIgniter\Session\Handlers\FileHandler' driver.
INFO - 2025-01-20 19:56:41 --> iniciando sesion
INFO - 2025-01-20 19:56:49 --> iniciando sesion
INFO - 2025-01-20 19:57:03 --> iniciando sesion
INFO - 2025-01-20 19:57:04 --> Valor retornado del acceso es:: [{"url_acceso":"inicio_administracion","orden_acceso":"1"},{"url_acceso":"usuarios","orden_acceso":"2"},{"url_acceso":"solicitudes","orden_acceso":"1"},{"url_acceso":"clientes","orden_acceso":"2"},{"url_acceso":"productos","orden_acceso":"3"},{"url_acceso":"categorias","orden_acceso":"4"},{"url_acceso":"proveedores","orden_acceso":"5"},{"url_acceso":"ingresos_por_compras","orden_acceso":"6"},{"url_acceso":"ingresos","orden_acceso":"7"},{"url_acceso":"salidas","orden_acceso":"8"},{"url_acceso":"nueva_solicitud","orden_acceso":null},{"url_acceso":"apoderados","orden_acceso":"9"},{"url_acceso":"permisos","orden_acceso":"10"},{"url_acceso":"perfil","orden_acceso":null},{"url_acceso":"nuevo_cliente","orden_acceso":null},{"url_acceso":"profesiones","orden_acceso":"11"},{"url_acceso":"colonias","orden_acceso":"12"},{"url_acceso":"cobros","orden_acceso":"13"}]
INFO - 2025-01-20 19:57:04 --> Session: Class initialized using 'CodeIgniter\Session\Handlers\FileHandler' driver.
INFO - 2025-01-20 19:57:04 --> Session: Class initialized using 'CodeIgniter\Session\Handlers\FileHandler' driver.
INFO - 2025-01-20 19:57:04 --> AdministracionController inicio_administracion
INFO - 2025-01-20 19:57:04 --> AdministracionController Acceso permitido
INFO - 2025-01-20 19:57:09 --> Session: Class initialized using 'CodeIgniter\Session\Handlers\FileHandler' driver.
INFO - 2025-01-20 19:57:09 --> Session: Class initialized using 'CodeIgniter\Session\Handlers\FileHandler' driver.
INFO - 2025-01-20 19:57:15 --> iniciando sesion
INFO - 2025-01-20 19:57:16 --> Valor retornado del acceso es:: [{"url_acceso":"solicitudes","orden_acceso":"1"},{"url_acceso":"clientes","orden_acceso":"2"},{"url_acceso":"nueva_solicitud","orden_acceso":null},{"url_acceso":"perfil","orden_acceso":null},{"url_acceso":"nuevo_cliente","orden_acceso":null},{"url_acceso":"cobros","orden_acceso":"13"}]
INFO - 2025-01-20 19:57:16 --> Session: Class initialized using 'CodeIgniter\Session\Handlers\FileHandler' driver.
INFO - 2025-01-20 19:57:16 --> Session: Class initialized using 'CodeIgniter\Session\Handlers\FileHandler' driver.
INFO - 2025-01-20 19:57:16 --> SolicitudesController solicitudes
INFO - 2025-01-20 19:57:27 --> Session: Class initialized using 'CodeIgniter\Session\Handlers\FileHandler' driver.
INFO - 2025-01-20 19:57:27 --> Session: Class initialized using 'CodeIgniter\Session\Handlers\FileHandler' driver.
INFO - 2025-01-20 19:57:31 --> iniciando sesion
INFO - 2025-01-20 19:57:31 --> Valor retornado del acceso es:: [{"url_acceso":"solicitudes","orden_acceso":"1"},{"url_acceso":"clientes","orden_acceso":"2"},{"url_acceso":"nueva_solicitud","orden_acceso":null},{"url_acceso":"perfil","orden_acceso":null},{"url_acceso":"nuevo_cliente","orden_acceso":null},{"url_acceso":"cobros","orden_acceso":"13"}]
INFO - 2025-01-20 19:57:31 --> Session: Class initialized using 'CodeIgniter\Session\Handlers\FileHandler' driver.
INFO - 2025-01-20 19:57:32 --> Session: Class initialized using 'CodeIgniter\Session\Handlers\FileHandler' driver.
INFO - 2025-01-20 19:57:32 --> SolicitudesController solicitudes
INFO - 2025-01-20 19:57:36 --> Session: Class initialized using 'CodeIgniter\Session\Handlers\FileHandler' driver.
INFO - 2025-01-20 19:57:36 --> SolicitudesController nueva_solicitud
INFO - 2025-01-20 19:57:37 --> Session: Class initialized using 'CodeIgniter\Session\Handlers\FileHandler' driver.
INFO - 2025-01-20 19:57:52 --> Session: Class initialized using 'CodeIgniter\Session\Handlers\FileHandler' driver.
INFO - 2025-01-20 19:57:53 --> Session: Class initialized using 'CodeIgniter\Session\Handlers\FileHandler' driver.
INFO - 2025-01-20 19:57:53 --> Iniciando búsqueda de referencias.
INFO - 2025-01-20 19:57:53 --> ID del cliente recibido: 13
INFO - 2025-01-20 19:57:54 --> Solicitud encontrada: null
WARNING - 2025-01-20 19:57:54 --> No se encontró ninguna solicitud para el cliente: 13
INFO - 2025-01-20 19:57:54 --> Session: Class initialized using 'CodeIgniter\Session\Handlers\FileHandler' driver.
INFO - 2025-01-20 19:57:54 --> 8
INFO - 2025-01-20 19:59:58 --> Session: Class initialized using 'CodeIgniter\Session\Handlers\FileHandler' driver.
INFO - 2025-01-20 19:59:58 --> A buscar es:: prd001 origen suc 3
INFO - 2025-01-20 19:59:58 --> query 
INFO - 2025-01-20 19:59:58 --> resultDisponible:: Array
(
    [0] => stdClass Object
        (
            [id_sucursal_destino] => 3
            [id_producto] => 13
            [nombre] => Refrigerador LG
            [marca] => LG
            [modelo] => GL-B201APZY
            [color] => Plata
            [medidas] => 60x170 cm
            [precio] => 450.00
            [costo_unitario] => 350.00
            [id_categoria] => 8
            [disponible] => 0
            [codigo_producto] => PRD001
            [estado] => 1
            [id_usuario_creacion] => 8
            [fecha_creacion] => 2025-01-09
            [upc] => EAN-13
            [disponibilidad] => 10
        )

)

INFO - 2025-01-20 19:59:58 --> resultTotalSalidas:: Array
(
)

INFO - 2025-01-20 19:59:58 --> Datos resultDisponible:: Array
(
    [0] => stdClass Object
        (
            [id_sucursal_destino] => 3
            [id_producto] => 13
            [nombre] => Refrigerador LG
            [marca] => LG
            [modelo] => GL-B201APZY
            [color] => Plata
            [medidas] => 60x170 cm
            [precio] => 450.00
            [costo_unitario] => 350.00
            [id_categoria] => 8
            [disponible] => 0
            [codigo_producto] => PRD001
            [estado] => 1
            [id_usuario_creacion] => 8
            [fecha_creacion] => 2025-01-09
            [upc] => EAN-13
            [disponibilidad] => 10
        )

)

INFO - 2025-01-20 19:59:58 --> Cantidad de elementos en resultDisponible:: 1
INFO - 2025-01-20 19:59:58 --> Datos resultTotalSalidas:: Array
(
)

INFO - 2025-01-20 19:59:58 --> Cantidad de elementos en resultTotalSalidas:: 0
INFO - 2025-01-20 20:00:57 --> Session: Class initialized using 'CodeIgniter\Session\Handlers\FileHandler' driver.
INFO - 2025-01-20 20:00:57 --> Datos recibidos: Array
(
    [datos_personales] => Array
        (
            [id_cliente] => 13
        )

    [referencias_laborales] => Array
        (
            [profesion_oficio] => 7
            [empresa] => Empresa Tech Solutions
            [direccion_trabajo] => Boulevard de los Héroes, San Salvador
            [telefono_trabajo] => 25241234
            [cargo] => Analista de Sistemas
            [salario] => 1200.00
            [tiempo_laborando_empresa] => 3 años
            [nombre_jefe_inmediato] => Lic. José Hernández
            [empresa_anterior] => Innovatech S.A. de C.V.
            [telefono_empresa_anterior] => 22334455
        )

    [referencias_familiares] => Array
        (
            [0] => Array
                (
                    [nombre] => Juan Pérez
                    [parentesco] => PAPÁ
                    [direccion] => Calle El Sol, Usulután
                    [telefono] => 1374-5878
                    [lugar_trabajo] => Comercial de Servicios S.A.
                    [telefono_trabajo] => 7754-3073
                )

            [1] => Array
                (
                    [nombre] => Carlos López
                    [parentesco] => HERMANO/A
                    [direccion] => Calle 15, Santa Ana
                    [telefono] => 1374-5878
                    [lugar_trabajo] => Comercial de Servicios S.A.
                    [telefono_trabajo] => 4238-3601
                )

        )

    [referencias_personas_no_familiar] => Array
        (
            [0] => Array
                (
                    [nombre] => Juan Pérez
                    [direccion] => Boulevard de la Reforma
                    [telefono] => 6130-8365
                    [lugar_trabajo] => Servicios Financieros S.A.
                    [telefono_trabajo] => 2192-7454
                )

            [1] => Array
                (
                    [nombre] => Ana López
                    [direccion] => Boulevard de la Reforma
                    [telefono] => 6947-7153
                    [lugar_trabajo] => Comercial de Servicios S.A.
                    [telefono_trabajo] => 2401-2823
                )

        )

    [referencias_crediticias] => Array
        (
        )

    [analisis_socioeconomico] => Array
        (
            [ingresoMensual] => 120.00
            [egresoMensual] => 580.00
            [salarioIng] => 1200.00
            [pagoCasa] => 
            [otrosIngresos] => 
            [gastosVida] => 
            [otrosEgresos] => 
            [totalIngresos] => 1320.00
            [totalEgresos] => 580.00
            [diferencia] => 740.00
            [cantidadCuotas] => 0.0884
            [observaciones] => Prueba de observacion
            [estado_label] => Sano
        )

    [co_deudor] => Array
        (
            [referencias] => Array
                (
                )

            [nombre] => 
            [dui] => 
            [direccion] => 
            [COtelPersonal] => 
            [COpropiaCN] => -1
            [COpromesaVenta] => -1
            [COalquilada] => -1
            [COtiempoVivienda] => 
            [COestadoCivil] => -1
            [nombreConyugueCN] => 
            [profesion] => 
            [patrono] => 
            [COdireccionTrabajo] => 
            [COtelefonoTrabajo] => 
            [COcargoDesempeña] => 
            [COsalario] => 
            [COnombreJefe] => 
        )

    [plan_de_pago] => Array
        (
            [valorArticulo] => 450.00
            [valorPagoPrima] => 85
            [saldoAPagar] => 365.00
            [cantidadCuotas] => 18
            [montoCuota] => 32.27
            [montoTotalPagar] => 665.86
            [observaciones] => Prueba de observacion
        )

    [productosSolicitud] => Array
        (
            [0] => Array
                (
                    [id_sucursal_destino] => 3
                    [id_producto] => 13
                    [nombre] => Refrigerador LG
                    [marca] => LG
                    [modelo] => GL-B201APZY
                    [color] => Plata
                    [medidas] => 60x170 cm
                    [precio] => 450.00
                    [costo_unitario] => 350.00
                    [id_categoria] => 8
                    [disponible] => 0
                    [codigo_producto] => PRD001
                    [estado] => 1
                    [id_usuario_creacion] => 8
                    [fecha_creacion] => 2025-01-09
                    [upc] => EAN-13
                    [disponibilidad] => 10
                    [cantidad] => 1
                )

        )

)

INFO - 2025-01-20 20:00:57 --> *********************************** PASO 1 ***********************************
INFO - 2025-01-20 20:00:57 --> solicitud creada id_solicitud: 29
INFO - 2025-01-20 20:00:57 --> numero solicitud creada: 000001
INFO - 2025-01-20 20:00:57 --> ********************************* FIN PASO 1 *********************************
INFO - 2025-01-20 20:00:57 --> *********************************** PASO 2 ***********************************
INFO - 2025-01-20 20:00:57 --> el valor de los datos de referencia es:: Array
(
    [profesion_oficio] => 7
    [empresa] => Empresa Tech Solutions
    [direccion_trabajo] => Boulevard de los Héroes, San Salvador
    [telefono_trabajo] => 25241234
    [cargo] => Analista de Sistemas
    [salario] => 1200.00
    [tiempo_laborando_empresa] => 3 años
    [nombre_jefe_inmediato] => Lic. José Hernández
    [empresa_anterior] => Innovatech S.A. de C.V.
    [telefono_empresa_anterior] => 22334455
)

INFO - 2025-01-20 20:00:57 --> ********************************* FIN PASO 2 *********************************
INFO - 2025-01-20 20:00:57 --> *********************************** PASO 3 ***********************************
INFO - 2025-01-20 20:00:58 --> ********************************* FIN PASO 3 *********************************
INFO - 2025-01-20 20:00:58 --> *********************************** PASO 4 ***********************************
INFO - 2025-01-20 20:00:58 --> ********************************* FIN PASO 4 *********************************
INFO - 2025-01-20 20:00:58 --> *********************************** PASO 5 ***********************************
INFO - 2025-01-20 20:00:58 --> Resultado ref crediticias: Array
(
)

INFO - 2025-01-20 20:00:58 --> ********************************* FIN PASO 5 *********************************
INFO - 2025-01-20 20:00:58 --> *********************************** PASO 6 ***********************************
INFO - 2025-01-20 20:00:58 --> ********************************* FIN PASO 6 *********************************
INFO - 2025-01-20 20:00:58 --> *********************************** PASO 7 ***********************************
INFO - 2025-01-20 20:00:58 --> ********************************* FIN PASO 7 *********************************
INFO - 2025-01-20 20:00:58 --> *********************************** PASO 8 ***********************************
INFO - 2025-01-20 20:00:58 --> ********************************* FIN PASO 8 *********************************
INFO - 2025-01-20 20:00:58 --> *********************************** PASO 9 ***********************************
INFO - 2025-01-20 20:00:59 --> ********************************* FIN PASO 9 *********************************
INFO - 2025-01-20 20:00:59 --> *********************************** PASO 10 ***********************************
INFO - 2025-01-20 20:00:59 --> SolicitudesController registrarMovimientoSalidaVenta
INFO - 2025-01-20 20:00:59 --> ********************************* FIN PASO 10 *********************************
INFO - 2025-01-20 20:01:01 --> Session: Class initialized using 'CodeIgniter\Session\Handlers\FileHandler' driver.
INFO - 2025-01-20 20:01:01 --> SolicitudesController solicitudes
INFO - 2025-01-20 20:01:15 --> generarDocumento encryptedSolicitud::: Mjk=
INFO - 2025-01-20 20:01:59 --> ***************************************generarContrato***************************************
INFO - 2025-01-20 20:01:59 --> Session: Class initialized using 'CodeIgniter\Session\Handlers\FileHandler' driver.
INFO - 2025-01-20 20:01:59 --> Valor que entra: 29
INFO - 2025-01-20 20:02:00 --> Valor que entra: 1
INFO - 2025-01-20 20:02:01 --> numero de contrato generado:: ::: 0003-00000001
INFO - 2025-01-20 20:02:01 --> Reemplazando representanteLegal con MARTHA LOPEZ PEREZ
INFO - 2025-01-20 20:02:01 --> Reemplazando edadRepresentanteLet con CUARENTA Y CUATRO
INFO - 2025-01-20 20:02:01 --> Reemplazando duiRepresentante con 98875666-3
INFO - 2025-01-20 20:02:01 --> Reemplazando mueblesSolicitados con REFRIGERADOR LG
INFO - 2025-01-20 20:02:01 --> Reemplazando sucursal con BOULEVARD CONSTITUCIÓN
INFO - 2025-01-20 20:02:01 --> Reemplazando cantidadCuotas con 18
INFO - 2025-01-20 20:02:01 --> Reemplazando precioTotal con $665.86
INFO - 2025-01-20 20:02:01 --> Reemplazando valorPrima con $85
INFO - 2025-01-20 20:02:01 --> Reemplazando montoCuotas con $32.27
INFO - 2025-01-20 20:02:01 --> Reemplazando diaLetra con VEINTICINCO
INFO - 2025-01-20 20:02:01 --> Reemplazando mesLetra con SEPTIEMBRE
INFO - 2025-01-20 20:02:01 --> Reemplazando anioLetra con VEINTICUATRO
INFO - 2025-01-20 20:02:01 --> Reemplazando montoTotalPagar con $665.86
INFO - 2025-01-20 20:02:01 --> Reemplazando inicioPeriodoPago con 21 DE ENERO DE 2025
INFO - 2025-01-20 20:02:01 --> Reemplazando diasPago con 21
INFO - 2025-01-20 20:02:01 --> Reemplazando nombreFiador con 
INFO - 2025-01-20 20:02:01 --> Reemplazando domicilioFiador con 
INFO - 2025-01-20 20:02:01 --> Reemplazando duiFiador con 
INFO - 2025-01-20 20:02:01 --> Reemplazando nitFiador con 
INFO - 2025-01-20 20:02:01 --> Reemplazando nombreCliente con JOSE ANTONIO PEREZ
INFO - 2025-01-20 20:02:01 --> Reemplazando ciudadContrato con SAN SALVADOR
INFO - 2025-01-20 20:02:01 --> Reemplazando ciudadSucursal con SAN SALVADOR
INFO - 2025-01-20 20:02:01 --> Reemplazando horaDefault con 10:00 AM
INFO - 2025-01-20 20:02:01 --> Reemplazando diaCreacionSol con 21
INFO - 2025-01-20 20:02:01 --> Reemplazando mesCreacionSol con ENERO
INFO - 2025-01-20 20:02:01 --> Reemplazando anioCreacionSol con 2025
INFO - 2025-01-20 20:02:01 --> Reemplazando nombreApoderado con JOSE ALFONSO REDONDO
INFO - 2025-01-20 20:02:01 --> Reemplazando domicilioApoderado con CALLE CENTRAL, SAN SALVADOR
INFO - 2025-01-20 20:02:01 --> Reemplazando duiCliente con 87877868-7
INFO - 2025-01-20 20:02:07 --> Session: Class initialized using 'CodeIgniter\Session\Handlers\FileHandler' driver.
INFO - 2025-01-20 20:02:07 --> SolicitudesController solicitudes
INFO - 2025-01-20 20:02:21 --> llega la sol::: 000001
INFO - 2025-01-20 20:02:22 --> respuesta del select::: C:\xampp\htdocs\creditos\public/documentos/000001/contrato_000001.docx
INFO - 2025-01-20 20:03:06 --> Session: Class initialized using 'CodeIgniter\Session\Handlers\FileHandler' driver.
INFO - 2025-01-20 20:03:06 --> SolicitudesController nueva_solicitud
INFO - 2025-01-20 20:03:08 --> Session: Class initialized using 'CodeIgniter\Session\Handlers\FileHandler' driver.
INFO - 2025-01-20 20:03:15 --> Session: Class initialized using 'CodeIgniter\Session\Handlers\FileHandler' driver.
INFO - 2025-01-20 20:03:15 --> SolicitudesController nueva_solicitud
INFO - 2025-01-20 20:03:16 --> Session: Class initialized using 'CodeIgniter\Session\Handlers\FileHandler' driver.
INFO - 2025-01-20 20:03:18 --> Session: Class initialized using 'CodeIgniter\Session\Handlers\FileHandler' driver.
INFO - 2025-01-20 20:03:19 --> Session: Class initialized using 'CodeIgniter\Session\Handlers\FileHandler' driver.
INFO - 2025-01-20 20:03:20 --> Iniciando búsqueda de referencias.
INFO - 2025-01-20 20:03:20 --> ID del cliente recibido: 13
INFO - 2025-01-20 20:03:20 --> Solicitud encontrada: {"id_solicitud":"29","numero_solicitud":"000001","id_cliente":"13","id_usuario_creacion":"7","id_estado_actual":"1","id_sucursal":"3","fecha_creacion":"2025-01-21 02:00:57","monto_solicitud":"665.86","observacion":null,"montoApagar":"580.86"}
INFO - 2025-01-20 20:03:20 --> ID de solicitud extraído: 29
INFO - 2025-01-20 20:03:20 --> Referencias laborales encontradas: [{"id_referencia_laboral":"26","id_solicitud":"29","id_profesion":"7","empresa":"Empresa Tech Solutions","direccion_trabajo":"Boulevard de los H\u00e9roes, San Salvador","telefono_trabajo":"25241234","cargo":"Analista de Sistemas","salario":"1200.00","tiempo_laborado_empresa":"3 a\u00f1os","nombre_jefe_inmediato":"Lic. Jos\u00e9 Hern\u00e1ndez","empresa_anterior":"Innovatech S.A. de C.V.","telefono_empresa_anterior":"22334455","descripcion":"INGENIERO(A)"}]
INFO - 2025-01-20 20:03:20 --> Session: Class initialized using 'CodeIgniter\Session\Handlers\FileHandler' driver.
INFO - 2025-01-20 20:03:20 --> 8
INFO - 2025-01-20 20:03:21 --> Referencias familiares encontradas: [{"id_referencia_familiar":"37","id_solicitud":"29","nombre":"Juan P\u00e9rez","parentesco":"PAP\u00c1","direccion":"Calle El Sol, Usulut\u00e1n","telefono":"1374-5878","lugar_trabajo":"Comercial de Servicios S.A.","telefono_trabajo":"7754-3073"},{"id_referencia_familiar":"38","id_solicitud":"29","nombre":"Carlos L\u00f3pez","parentesco":"HERMANO\/A","direccion":"Calle 15, Santa Ana","telefono":"1374-5878","lugar_trabajo":"Comercial de Servicios S.A.","telefono_trabajo":"4238-3601"}]
INFO - 2025-01-20 20:03:21 --> Referencias no familiares encontradas: [{"id_referencia_no_familiar":"41","id_solicitud":"29","nombre":"Juan P\u00e9rez","direccion":"Boulevard de la Reforma","telefono":"6130-8365","lugar_trabajo":"Servicios Financieros S.A.","telefono_trabajo":"2192-7454"},{"id_referencia_no_familiar":"42","id_solicitud":"29","nombre":"Ana L\u00f3pez","direccion":"Boulevard de la Reforma","telefono":"6947-7153","lugar_trabajo":"Comercial de Servicios S.A.","telefono_trabajo":"2401-2823"}]
INFO - 2025-01-20 20:03:57 --> Session: Class initialized using 'CodeIgniter\Session\Handlers\FileHandler' driver.
INFO - 2025-01-20 20:03:58 --> Session: Class initialized using 'CodeIgniter\Session\Handlers\FileHandler' driver.
INFO - 2025-01-20 20:03:58 --> Iniciando búsqueda de referencias.
INFO - 2025-01-20 20:03:58 --> ID del cliente recibido: 13
INFO - 2025-01-20 20:03:59 --> Solicitud encontrada: {"id_solicitud":"29","numero_solicitud":"000001","id_cliente":"13","id_usuario_creacion":"7","id_estado_actual":"1","id_sucursal":"3","fecha_creacion":"2025-01-21 02:00:57","monto_solicitud":"665.86","observacion":null,"montoApagar":"580.86"}
INFO - 2025-01-20 20:03:59 --> ID de solicitud extraído: 29
INFO - 2025-01-20 20:03:59 --> Referencias laborales encontradas: [{"id_referencia_laboral":"26","id_solicitud":"29","id_profesion":"7","empresa":"Empresa Tech Solutions","direccion_trabajo":"Boulevard de los H\u00e9roes, San Salvador","telefono_trabajo":"25241234","cargo":"Analista de Sistemas","salario":"1200.00","tiempo_laborado_empresa":"3 a\u00f1os","nombre_jefe_inmediato":"Lic. Jos\u00e9 Hern\u00e1ndez","empresa_anterior":"Innovatech S.A. de C.V.","telefono_empresa_anterior":"22334455","descripcion":"INGENIERO(A)"}]
INFO - 2025-01-20 20:03:59 --> Session: Class initialized using 'CodeIgniter\Session\Handlers\FileHandler' driver.
INFO - 2025-01-20 20:03:59 --> 8
INFO - 2025-01-20 20:03:59 --> Referencias familiares encontradas: [{"id_referencia_familiar":"37","id_solicitud":"29","nombre":"Juan P\u00e9rez","parentesco":"PAP\u00c1","direccion":"Calle El Sol, Usulut\u00e1n","telefono":"1374-5878","lugar_trabajo":"Comercial de Servicios S.A.","telefono_trabajo":"7754-3073"},{"id_referencia_familiar":"38","id_solicitud":"29","nombre":"Carlos L\u00f3pez","parentesco":"HERMANO\/A","direccion":"Calle 15, Santa Ana","telefono":"1374-5878","lugar_trabajo":"Comercial de Servicios S.A.","telefono_trabajo":"4238-3601"}]
INFO - 2025-01-20 20:03:59 --> Referencias no familiares encontradas: [{"id_referencia_no_familiar":"41","id_solicitud":"29","nombre":"Juan P\u00e9rez","direccion":"Boulevard de la Reforma","telefono":"6130-8365","lugar_trabajo":"Servicios Financieros S.A.","telefono_trabajo":"2192-7454"},{"id_referencia_no_familiar":"42","id_solicitud":"29","nombre":"Ana L\u00f3pez","direccion":"Boulevard de la Reforma","telefono":"6947-7153","lugar_trabajo":"Comercial de Servicios S.A.","telefono_trabajo":"2401-2823"}]
INFO - 2025-01-20 20:08:11 --> Session: Class initialized using 'CodeIgniter\Session\Handlers\FileHandler' driver.
INFO - 2025-01-20 20:08:11 --> SolicitudesController nueva_solicitud
INFO - 2025-01-20 20:08:13 --> Session: Class initialized using 'CodeIgniter\Session\Handlers\FileHandler' driver.
INFO - 2025-01-20 20:08:24 --> Session: Class initialized using 'CodeIgniter\Session\Handlers\FileHandler' driver.
INFO - 2025-01-20 20:08:25 --> Session: Class initialized using 'CodeIgniter\Session\Handlers\FileHandler' driver.
INFO - 2025-01-20 20:08:25 --> Iniciando búsqueda de referencias.
INFO - 2025-01-20 20:08:25 --> ID del cliente recibido: 13
INFO - 2025-01-20 20:08:26 --> Solicitud encontrada: {"id_solicitud":"29","numero_solicitud":"000001","id_cliente":"13","id_usuario_creacion":"7","id_estado_actual":"1","id_sucursal":"3","fecha_creacion":"2025-01-21 02:00:57","monto_solicitud":"665.86","observacion":null,"montoApagar":"580.86"}
INFO - 2025-01-20 20:08:26 --> ID de solicitud extraído: 29
INFO - 2025-01-20 20:08:26 --> Session: Class initialized using 'CodeIgniter\Session\Handlers\FileHandler' driver.
INFO - 2025-01-20 20:08:26 --> 8
INFO - 2025-01-20 20:08:26 --> Referencias laborales encontradas: [{"id_referencia_laboral":"26","id_solicitud":"29","id_profesion":"7","empresa":"Empresa Tech Solutions","direccion_trabajo":"Boulevard de los H\u00e9roes, San Salvador","telefono_trabajo":"25241234","cargo":"Analista de Sistemas","salario":"1200.00","tiempo_laborado_empresa":"3 a\u00f1os","nombre_jefe_inmediato":"Lic. Jos\u00e9 Hern\u00e1ndez","empresa_anterior":"Innovatech S.A. de C.V.","telefono_empresa_anterior":"22334455","descripcion":"INGENIERO(A)"}]
INFO - 2025-01-20 20:08:26 --> Referencias familiares encontradas: [{"id_referencia_familiar":"37","id_solicitud":"29","nombre":"Juan P\u00e9rez","parentesco":"PAP\u00c1","direccion":"Calle El Sol, Usulut\u00e1n","telefono":"1374-5878","lugar_trabajo":"Comercial de Servicios S.A.","telefono_trabajo":"7754-3073"},{"id_referencia_familiar":"38","id_solicitud":"29","nombre":"Carlos L\u00f3pez","parentesco":"HERMANO\/A","direccion":"Calle 15, Santa Ana","telefono":"1374-5878","lugar_trabajo":"Comercial de Servicios S.A.","telefono_trabajo":"4238-3601"}]
INFO - 2025-01-20 20:08:26 --> Referencias no familiares encontradas: [{"id_referencia_no_familiar":"41","id_solicitud":"29","nombre":"Juan P\u00e9rez","direccion":"Boulevard de la Reforma","telefono":"6130-8365","lugar_trabajo":"Servicios Financieros S.A.","telefono_trabajo":"2192-7454"},{"id_referencia_no_familiar":"42","id_solicitud":"29","nombre":"Ana L\u00f3pez","direccion":"Boulevard de la Reforma","telefono":"6947-7153","lugar_trabajo":"Comercial de Servicios S.A.","telefono_trabajo":"2401-2823"}]
INFO - 2025-01-20 20:22:27 --> Session: Class initialized using 'CodeIgniter\Session\Handlers\FileHandler' driver.
INFO - 2025-01-20 20:22:27 --> SolicitudesController nueva_solicitud
INFO - 2025-01-20 20:22:29 --> Session: Class initialized using 'CodeIgniter\Session\Handlers\FileHandler' driver.
INFO - 2025-01-20 20:22:43 --> Session: Class initialized using 'CodeIgniter\Session\Handlers\FileHandler' driver.
INFO - 2025-01-20 20:22:44 --> Session: Class initialized using 'CodeIgniter\Session\Handlers\FileHandler' driver.
INFO - 2025-01-20 20:22:44 --> Iniciando búsqueda de referencias.
INFO - 2025-01-20 20:22:44 --> ID del cliente recibido: 13
INFO - 2025-01-20 20:22:45 --> Solicitud encontrada: {"id_solicitud":"29","numero_solicitud":"000001","id_cliente":"13","id_usuario_creacion":"7","id_estado_actual":"1","id_sucursal":"3","fecha_creacion":"2025-01-21 02:00:57","monto_solicitud":"665.86","observacion":null,"montoApagar":"580.86"}
INFO - 2025-01-20 20:22:45 --> ID de solicitud extraído: 29
INFO - 2025-01-20 20:22:45 --> Session: Class initialized using 'CodeIgniter\Session\Handlers\FileHandler' driver.
INFO - 2025-01-20 20:22:45 --> 8
INFO - 2025-01-20 20:22:45 --> Referencias laborales encontradas: [{"id_referencia_laboral":"26","id_solicitud":"29","id_profesion":"7","empresa":"Empresa Tech Solutions","direccion_trabajo":"Boulevard de los H\u00e9roes, San Salvador","telefono_trabajo":"25241234","cargo":"Analista de Sistemas","salario":"1200.00","tiempo_laborado_empresa":"3 a\u00f1os","nombre_jefe_inmediato":"Lic. Jos\u00e9 Hern\u00e1ndez","empresa_anterior":"Innovatech S.A. de C.V.","telefono_empresa_anterior":"22334455","descripcion":"INGENIERO(A)"}]
INFO - 2025-01-20 20:22:45 --> Referencias familiares encontradas: [{"id_referencia_familiar":"37","id_solicitud":"29","nombre":"Juan P\u00e9rez","parentesco":"PAP\u00c1","direccion":"Calle El Sol, Usulut\u00e1n","telefono":"1374-5878","lugar_trabajo":"Comercial de Servicios S.A.","telefono_trabajo":"7754-3073"},{"id_referencia_familiar":"38","id_solicitud":"29","nombre":"Carlos L\u00f3pez","parentesco":"HERMANO\/A","direccion":"Calle 15, Santa Ana","telefono":"1374-5878","lugar_trabajo":"Comercial de Servicios S.A.","telefono_trabajo":"4238-3601"}]
INFO - 2025-01-20 20:22:45 --> Referencias no familiares encontradas: [{"id_referencia_no_familiar":"41","id_solicitud":"29","nombre":"Juan P\u00e9rez","direccion":"Boulevard de la Reforma","telefono":"6130-8365","lugar_trabajo":"Servicios Financieros S.A.","telefono_trabajo":"2192-7454"},{"id_referencia_no_familiar":"42","id_solicitud":"29","nombre":"Ana L\u00f3pez","direccion":"Boulevard de la Reforma","telefono":"6947-7153","lugar_trabajo":"Comercial de Servicios S.A.","telefono_trabajo":"2401-2823"}]
INFO - 2025-01-20 20:25:01 --> Session: Class initialized using 'CodeIgniter\Session\Handlers\FileHandler' driver.
INFO - 2025-01-20 20:25:01 --> AdministracionController perfil
INFO - 2025-01-20 20:25:04 --> Session: Class initialized using 'CodeIgniter\Session\Handlers\FileHandler' driver.
INFO - 2025-01-20 20:25:04 --> SolicitudesController solicitudes
INFO - 2025-01-20 20:25:25 --> Session: Class initialized using 'CodeIgniter\Session\Handlers\FileHandler' driver.
INFO - 2025-01-20 20:25:25 --> AdministracionController perfil
INFO - 2025-01-20 20:25:32 --> Session: Class initialized using 'CodeIgniter\Session\Handlers\FileHandler' driver.
INFO - 2025-01-20 20:25:32 --> Session: Class initialized using 'CodeIgniter\Session\Handlers\FileHandler' driver.
INFO - 2025-01-20 20:25:37 --> Session: Class initialized using 'CodeIgniter\Session\Handlers\FileHandler' driver.
INFO - 2025-01-20 20:25:37 --> Session: Class initialized using 'CodeIgniter\Session\Handlers\FileHandler' driver.
INFO - 2025-01-20 20:25:59 --> Session: Class initialized using 'CodeIgniter\Session\Handlers\FileHandler' driver.
INFO - 2025-01-20 20:25:59 --> Session: Class initialized using 'CodeIgniter\Session\Handlers\FileHandler' driver.
