INFO - 2024-09-20 20:52:49 --> ***************************************generarContrato***************************************
INFO - 2024-09-20 20:52:49 --> Session: Class initialized using 'CodeIgniter\Session\Handlers\FileHandler' driver.
INFO - 2024-09-20 20:52:50 --> numero de contrato generado:: ::: 0001-00000041
INFO - 2024-09-20 20:52:50 --> GenerarSolicitudCreditoController ------> generarContrato::: Ocurrió un error: Undefined array key "sucursalN"
Trace: #0 C:\xampp\htdocs\creditos\app\Controllers\GenerarSolicitudCreditoController.php(350): CodeIgniter\Debug\Exceptions->errorHandler(2, 'Undefined array...', 'C:\\xampp\\htdocs...', 350)
#1 C:\xampp\htdocs\creditos\app\Controllers\SolicitudesController.php(638): App\Controllers\GenerarSolicitudCreditoController->generarContrato('12')
#2 C:\xampp\htdocs\creditos\system\CodeIgniter.php(943): App\Controllers\SolicitudesController->actualizarEstado()
#3 C:\xampp\htdocs\creditos\system\CodeIgniter.php(503): CodeIgniter\CodeIgniter->runController(Object(App\Controllers\SolicitudesController))
#4 C:\xampp\htdocs\creditos\system\CodeIgniter.php(361): CodeIgniter\CodeIgniter->handleRequest(NULL, Object(Config\Cache), false)
#5 C:\xampp\htdocs\creditos\index.php(79): CodeIgniter\CodeIgniter->run()
#6 {main}
INFO - 2024-09-20 20:53:17 --> Session: Class initialized using 'CodeIgniter\Session\Handlers\FileHandler' driver.
INFO - 2024-09-20 20:53:18 --> Session: Class initialized using 'CodeIgniter\Session\Handlers\FileHandler' driver.
INFO - 2024-09-20 20:53:20 --> iniciando sesion
INFO - 2024-09-20 20:53:21 --> Valor retornado del acceso es:: [{"url_acceso":"inicio_administracion","orden_acceso":"1"},{"url_acceso":"usuarios","orden_acceso":"2"},{"url_acceso":"productos","orden_acceso":"3"},{"url_acceso":"categorias","orden_acceso":"4"},{"url_acceso":"proveedores","orden_acceso":"5"},{"url_acceso":"ingresos_por_compras","orden_acceso":"6"},{"url_acceso":"ingresos","orden_acceso":"7"},{"url_acceso":"salidas","orden_acceso":"8"},{"url_acceso":"apoderados","orden_acceso":"9"},{"url_acceso":"permisos","orden_acceso":"10"},{"url_acceso":"perfil","orden_acceso":null},{"url_acceso":"solicitudes","orden_acceso":"1"},{"url_acceso":"clientes","orden_acceso":"2"},{"url_acceso":"nueva_solicitud","orden_acceso":null}]
INFO - 2024-09-20 20:53:21 --> Session: Class initialized using 'CodeIgniter\Session\Handlers\FileHandler' driver.
INFO - 2024-09-20 20:53:21 --> Session: Class initialized using 'CodeIgniter\Session\Handlers\FileHandler' driver.
INFO - 2024-09-20 20:53:21 --> AdministracionController inicio_administracion
INFO - 2024-09-20 20:53:21 --> AdministracionController Acceso permitido
INFO - 2024-09-20 20:53:26 --> Session: Class initialized using 'CodeIgniter\Session\Handlers\FileHandler' driver.
INFO - 2024-09-20 20:53:26 --> SolicitudesController solicitudes
INFO - 2024-09-20 20:53:29 --> Session: Class initialized using 'CodeIgniter\Session\Handlers\FileHandler' driver.
INFO - 2024-09-20 20:53:29 --> SolicitudesController nueva_solicitud
INFO - 2024-09-20 20:53:30 --> Session: Class initialized using 'CodeIgniter\Session\Handlers\FileHandler' driver.
INFO - 2024-09-20 20:53:32 --> Session: Class initialized using 'CodeIgniter\Session\Handlers\FileHandler' driver.
INFO - 2024-09-20 20:53:32 --> SolicitudesController solicitudes
INFO - 2024-09-20 20:53:36 --> Session: Class initialized using 'CodeIgniter\Session\Handlers\FileHandler' driver.
INFO - 2024-09-20 20:53:36 --> encryptedSolicitud::: MTI=
INFO - 2024-09-20 20:53:36 --> numero de solicitud decrypted::: 12
INFO - 2024-09-20 20:53:37 --> Datos de la refLaboral:: Array
(
    [0] => Array
        (
            [id_referencia_laboral] => 11
            [id_solicitud] => 12
            [profesion_oficio] => Programador
            [empresa] => Sis. financiero
            [direccion_trabajo] => San salvador colonia medica
            [telefono_trabajo] => 2309-8655
            [cargo] => DEV JAVA
            [salario] => 2000.00
            [tiempo_laborado_empresa] => 3 AÑOS
            [nombre_jefe_inmediato] => MARIO LOPEZ
            [empresa_anterior] => WARESOFT
            [telefono_empresa_anterior] => 2333-3333
        )

)

INFO - 2024-09-20 20:53:43 --> ***************************************generarContrato***************************************
INFO - 2024-09-20 20:53:43 --> Session: Class initialized using 'CodeIgniter\Session\Handlers\FileHandler' driver.
INFO - 2024-09-20 20:53:44 --> numero de contrato generado:: ::: 0001-00000041
INFO - 2024-09-20 20:53:44 --> Reemplazando representanteLegal con MARTHA LOPEZ PEREZ
INFO - 2024-09-20 20:53:44 --> Reemplazando edadRepresentanteLet con CUARENTA Y CUATRO
INFO - 2024-09-20 20:53:44 --> Reemplazando duiRepresentante con 98875666-3
INFO - 2024-09-20 20:53:44 --> Reemplazando mueblesSolicitados con MOVIL
INFO - 2024-09-20 20:53:44 --> Reemplazando sucursal con CASA MATRIZ
INFO - 2024-09-20 20:53:44 --> Reemplazando cantidadCuotas con 8
INFO - 2024-09-20 20:53:44 --> Reemplazando precioTotal con $598.19
INFO - 2024-09-20 20:53:44 --> Reemplazando valorPrima con $120.00
INFO - 2024-09-20 20:53:44 --> Reemplazando montoCuotas con $59.77
INFO - 2024-09-20 20:53:44 --> Reemplazando diaLetra con VEINTICINCO
INFO - 2024-09-20 20:53:44 --> Reemplazando mesLetra con SEPTIEMBRE
INFO - 2024-09-20 20:53:44 --> Reemplazando anioLetra con VEINTICUATRO
INFO - 2024-09-20 20:53:44 --> Reemplazando montoTotalPagar con $598.19
INFO - 2024-09-20 20:53:44 --> Reemplazando inicioPeriodoPago con 26 DE AGOSTO DE 2024
INFO - 2024-09-20 20:53:44 --> Reemplazando diasPago con 26
INFO - 2024-09-20 20:53:44 --> Reemplazando nombreFiador con JORGE ANTONIO LOPEZ
INFO - 2024-09-20 20:53:44 --> Reemplazando domicilioFiador con QUEZALTEPEQUE, LA LIBERTAD
INFO - 2024-09-20 20:53:44 --> Reemplazando duiFiador con 09388877-7
INFO - 2024-09-20 20:53:44 --> Reemplazando nitFiador con 09388877-7
INFO - 2024-09-20 20:53:44 --> Reemplazando nombreCliente con JAIME EDGARDO PALACIOS GARCIA
INFO - 2024-09-20 20:53:44 --> Reemplazando ciudadContrato con SAN SALVADOR
INFO - 2024-09-20 20:53:44 --> Reemplazando ciudadSucursal con SAN SALVADOR
INFO - 2024-09-20 20:53:44 --> Reemplazando horaDefault con 10:00 AM
INFO - 2024-09-20 20:53:44 --> Reemplazando diaCreacionSol con 26
INFO - 2024-09-20 20:53:44 --> Reemplazando mesCreacionSol con AGOSTO
INFO - 2024-09-20 20:53:44 --> Reemplazando anioCreacionSol con 2024
INFO - 2024-09-20 20:53:44 --> Reemplazando nombreApoderado con JOSE ALFONSO REDONDO
INFO - 2024-09-20 20:53:44 --> Reemplazando domicilioApoderado con CALLE CENTRAL, SAN SALVADOR
INFO - 2024-09-20 20:53:44 --> Reemplazando duiCliente con 05682717-5
INFO - 2024-09-20 20:53:50 --> llega la sol::: 000001
INFO - 2024-09-20 20:53:51 --> respuesta del select::: C:\xampp\htdocs\creditos\public/documentos/000001/contrato_000001.docx
