INFO - 2025-01-15 08:20:14 --> ***************************************generarContrato***************************************
INFO - 2025-01-15 08:20:14 --> Session: Class initialized using 'CodeIgniter\Session\Handlers\FileHandler' driver.
INFO - 2025-01-15 08:20:14 --> Valor que entra: 000001
INFO - 2025-01-15 08:20:14 --> Valor que entra: 
INFO - 2025-01-15 08:20:15 --> GenerarSolicitudCreditoController ------> generarContrato::: Ocurrió un error: Trying to access array offset on value of type null
Trace: #0 C:\xampp\htdocs\creditos\app\Controllers\GenerarSolicitudCreditoController.php(334): CodeIgniter\Debug\Exceptions->errorHandler(2, 'Trying to acces...', 'C:\\xampp\\htdocs...', 334)
#1 C:\xampp\htdocs\creditos\system\CodeIgniter.php(943): App\Controllers\GenerarSolicitudCreditoController->generarContrato('000001')
#2 C:\xampp\htdocs\creditos\system\CodeIgniter.php(503): CodeIgniter\CodeIgniter->runController(Object(App\Controllers\GenerarSolicitudCreditoController))
#3 C:\xampp\htdocs\creditos\system\CodeIgniter.php(361): CodeIgniter\CodeIgniter->handleRequest(NULL, Object(Config\Cache), false)
#4 C:\xampp\htdocs\creditos\index.php(79): CodeIgniter\CodeIgniter->run()
#5 {main}
INFO - 2025-01-15 08:21:07 --> Session: Class initialized using 'CodeIgniter\Session\Handlers\FileHandler' driver.
INFO - 2025-01-15 08:21:07 --> SolicitudesController solicitudes
INFO - 2025-01-15 08:23:38 --> Session: Class initialized using 'CodeIgniter\Session\Handlers\FileHandler' driver.
INFO - 2025-01-15 08:23:38 --> SolicitudesController solicitudes
INFO - 2025-01-15 08:23:47 --> ***************************************generarContrato***************************************
INFO - 2025-01-15 08:23:47 --> Session: Class initialized using 'CodeIgniter\Session\Handlers\FileHandler' driver.
INFO - 2025-01-15 08:23:47 --> Valor que entra: 24
INFO - 2025-01-15 08:23:47 --> Valor que entra: 1
INFO - 2025-01-15 08:23:48 --> numero de contrato generado:: ::: 0001-00000001
INFO - 2025-01-15 08:23:48 --> Reemplazando representanteLegal con MARTHA LOPEZ PEREZ
INFO - 2025-01-15 08:23:48 --> Reemplazando edadRepresentanteLet con CUARENTA Y CUATRO
INFO - 2025-01-15 08:23:48 --> Reemplazando duiRepresentante con 98875666-3
INFO - 2025-01-15 08:23:48 --> Reemplazando mueblesSolicitados con REFRIGERADOR LG
INFO - 2025-01-15 08:23:48 --> Reemplazando sucursal con CASA MATRIZ
INFO - 2025-01-15 08:23:48 --> Reemplazando cantidadCuotas con 3
INFO - 2025-01-15 08:23:48 --> Reemplazando precioTotal con $499.63
INFO - 2025-01-15 08:23:48 --> Reemplazando valorPrima con $0
INFO - 2025-01-15 08:23:48 --> Reemplazando montoCuotas con $166.54
INFO - 2025-01-15 08:23:48 --> Reemplazando diaLetra con VEINTICINCO
INFO - 2025-01-15 08:23:48 --> Reemplazando mesLetra con SEPTIEMBRE
INFO - 2025-01-15 08:23:48 --> Reemplazando anioLetra con VEINTICUATRO
INFO - 2025-01-15 08:23:48 --> Reemplazando montoTotalPagar con $499.63
INFO - 2025-01-15 08:23:48 --> Reemplazando inicioPeriodoPago con 15 DE ENERO DE 2025
INFO - 2025-01-15 08:23:48 --> Reemplazando diasPago con 15
INFO - 2025-01-15 08:23:48 --> Reemplazando nombreFiador con 
INFO - 2025-01-15 08:23:48 --> Reemplazando domicilioFiador con 
INFO - 2025-01-15 08:23:48 --> Reemplazando duiFiador con 
INFO - 2025-01-15 08:23:48 --> Reemplazando nitFiador con 
INFO - 2025-01-15 08:23:48 --> Reemplazando nombreCliente con JOSE ANTONIO PEREZ
INFO - 2025-01-15 08:23:48 --> Reemplazando ciudadContrato con SAN SALVADOR
INFO - 2025-01-15 08:23:48 --> Reemplazando ciudadSucursal con SAN SALVADOR
INFO - 2025-01-15 08:23:48 --> Reemplazando horaDefault con 10:00 AM
INFO - 2025-01-15 08:23:48 --> Reemplazando diaCreacionSol con 15
INFO - 2025-01-15 08:23:48 --> Reemplazando mesCreacionSol con ENERO
INFO - 2025-01-15 08:23:48 --> Reemplazando anioCreacionSol con 2025
INFO - 2025-01-15 08:23:48 --> Reemplazando nombreApoderado con JOSE ALFONSO REDONDO
INFO - 2025-01-15 08:23:48 --> Reemplazando domicilioApoderado con CALLE CENTRAL, SAN SALVADOR
INFO - 2025-01-15 08:23:48 --> Reemplazando duiCliente con 87877868-7
INFO - 2025-01-15 08:23:53 --> Session: Class initialized using 'CodeIgniter\Session\Handlers\FileHandler' driver.
INFO - 2025-01-15 08:23:53 --> SolicitudesController solicitudes
INFO - 2025-01-15 08:24:25 --> llega la sol::: 000001
INFO - 2025-01-15 08:24:26 --> respuesta del select::: C:\xampp\htdocs\creditos\public/documentos/000001/contrato_000001.docx
INFO - 2025-01-15 08:24:55 --> Session: Class initialized using 'CodeIgniter\Session\Handlers\FileHandler' driver.
INFO - 2025-01-15 08:24:55 --> encryptedSolicitud::: MjQ=
INFO - 2025-01-15 08:24:55 --> numero de solicitud decrypted::: 24
INFO - 2025-01-15 08:24:56 --> Nombre de la colonia cliente: Nueva Apopa
INFO - 2025-01-15 08:24:56 --> Datos de la refLaboral:: Array
(
    [0] => Array
        (
            [id_referencia_laboral] => 21
            [id_solicitud] => 24
            [id_profesion] => 7
            [empresa] => Empresa Tech Solutions
            [direccion_trabajo] => Boulevard de los Héroes, San Salvador
            [telefono_trabajo] => 25241234
            [cargo] => Analista de Sistemas
            [salario] => 1200.00
            [tiempo_laborado_empresa] => 3 años
            [nombre_jefe_inmediato] => Lic. José Hernández
            [empresa_anterior] => Innovatech S.A. de C.V.
            [telefono_empresa_anterior] => 22334455
            [descripcion] => INGENIERO(A)
        )

)

INFO - 2025-01-15 08:27:21 --> Validando si el estado existe:: 1
INFO - 2025-01-15 08:27:21 --> Entro al if2 actualizarEstado
INFO - 2025-01-15 08:27:21 --> *********************************** COBROS ***********************************
INFO - 2025-01-15 08:27:21 --> Guardado
INFO - 2025-01-15 08:27:21 --> Guardado
INFO - 2025-01-15 08:27:21 --> Guardado
INFO - 2025-01-15 08:27:21 --> ********************************* FIN COBROS *********************************
INFO - 2025-01-15 08:28:02 --> Session: Class initialized using 'CodeIgniter\Session\Handlers\FileHandler' driver.
INFO - 2025-01-15 08:28:02 --> encryptedSolicitud::: MjQ=
INFO - 2025-01-15 08:28:02 --> numero de solicitud decrypted::: 24
INFO - 2025-01-15 08:28:03 --> Nombre de la colonia cliente: Nueva Apopa
INFO - 2025-01-15 08:28:03 --> Datos de la refLaboral:: Array
(
    [0] => Array
        (
            [id_referencia_laboral] => 21
            [id_solicitud] => 24
            [id_profesion] => 7
            [empresa] => Empresa Tech Solutions
            [direccion_trabajo] => Boulevard de los Héroes, San Salvador
            [telefono_trabajo] => 25241234
            [cargo] => Analista de Sistemas
            [salario] => 1200.00
            [tiempo_laborado_empresa] => 3 años
            [nombre_jefe_inmediato] => Lic. José Hernández
            [empresa_anterior] => Innovatech S.A. de C.V.
            [telefono_empresa_anterior] => 22334455
            [descripcion] => INGENIERO(A)
        )

)

INFO - 2025-01-15 08:35:57 --> Session: Class initialized using 'CodeIgniter\Session\Handlers\FileHandler' driver.
INFO - 2025-01-15 08:35:57 --> encryptedSolicitud::: MjQ=
INFO - 2025-01-15 08:35:57 --> numero de solicitud decrypted::: 24
INFO - 2025-01-15 08:35:58 --> Nombre de la colonia cliente: Nueva Apopa
INFO - 2025-01-15 08:35:58 --> Datos de la refLaboral:: Array
(
    [0] => Array
        (
            [id_referencia_laboral] => 21
            [id_solicitud] => 24
            [id_profesion] => 7
            [empresa] => Empresa Tech Solutions
            [direccion_trabajo] => Boulevard de los Héroes, San Salvador
            [telefono_trabajo] => 25241234
            [cargo] => Analista de Sistemas
            [salario] => 1200.00
            [tiempo_laborado_empresa] => 3 años
            [nombre_jefe_inmediato] => Lic. José Hernández
            [empresa_anterior] => Innovatech S.A. de C.V.
            [telefono_empresa_anterior] => 22334455
            [descripcion] => INGENIERO(A)
        )

)

INFO - 2025-01-15 08:36:14 --> Session: Class initialized using 'CodeIgniter\Session\Handlers\FileHandler' driver.
INFO - 2025-01-15 08:36:14 --> encryptedSolicitud::: MjQ=
INFO - 2025-01-15 08:36:14 --> numero de solicitud decrypted::: 24
INFO - 2025-01-15 08:36:15 --> Nombre de la colonia cliente: Nueva Apopa
INFO - 2025-01-15 08:36:16 --> Datos de la refLaboral:: Array
(
    [0] => Array
        (
            [id_referencia_laboral] => 21
            [id_solicitud] => 24
            [id_profesion] => 7
            [empresa] => Empresa Tech Solutions
            [direccion_trabajo] => Boulevard de los Héroes, San Salvador
            [telefono_trabajo] => 25241234
            [cargo] => Analista de Sistemas
            [salario] => 1200.00
            [tiempo_laborado_empresa] => 3 años
            [nombre_jefe_inmediato] => Lic. José Hernández
            [empresa_anterior] => Innovatech S.A. de C.V.
            [telefono_empresa_anterior] => 22334455
            [descripcion] => INGENIERO(A)
        )

)

INFO - 2025-01-15 08:36:28 --> Session: Class initialized using 'CodeIgniter\Session\Handlers\FileHandler' driver.
INFO - 2025-01-15 08:36:28 --> encryptedSolicitud::: MjQ=
INFO - 2025-01-15 08:36:28 --> numero de solicitud decrypted::: 24
INFO - 2025-01-15 08:36:29 --> Nombre de la colonia cliente: Nueva Apopa
INFO - 2025-01-15 08:36:29 --> Datos de la refLaboral:: Array
(
    [0] => Array
        (
            [id_referencia_laboral] => 21
            [id_solicitud] => 24
            [id_profesion] => 7
            [empresa] => Empresa Tech Solutions
            [direccion_trabajo] => Boulevard de los Héroes, San Salvador
            [telefono_trabajo] => 25241234
            [cargo] => Analista de Sistemas
            [salario] => 1200.00
            [tiempo_laborado_empresa] => 3 años
            [nombre_jefe_inmediato] => Lic. José Hernández
            [empresa_anterior] => Innovatech S.A. de C.V.
            [telefono_empresa_anterior] => 22334455
            [descripcion] => INGENIERO(A)
        )

)

INFO - 2025-01-15 08:36:34 --> Validando si el estado existe:: Array
(
    [success] => 1
    [message] => existe
    [solicitud] => 000001
)

INFO - 2025-01-15 08:36:34 --> Entra en el if del contrato generado
INFO - 2025-01-15 08:36:34 --> valor de rspContrato:: Array
(
    [success] => 1
    [message] => El contrato ya existe para esta solicitud.
    [solicitud] => 000001
)

INFO - 2025-01-15 08:36:34 --> Entro al if2 actualizarEstado
INFO - 2025-01-15 08:36:34 --> *********************************** COBROS ***********************************
INFO - 2025-01-15 08:36:35 --> Guardado
INFO - 2025-01-15 08:36:35 --> Guardado
INFO - 2025-01-15 08:36:35 --> Guardado
INFO - 2025-01-15 08:36:35 --> ********************************* FIN COBROS *********************************
INFO - 2025-01-15 08:36:40 --> llega la sol::: 000001
INFO - 2025-01-15 08:36:41 --> respuesta del select::: C:\xampp\htdocs\creditos\public/documentos/000001/contrato_000001.docx
INFO - 2025-01-15 08:36:42 --> Session: Class initialized using 'CodeIgniter\Session\Handlers\FileHandler' driver.
INFO - 2025-01-15 08:36:42 --> SolicitudesController solicitudes
INFO - 2025-01-15 08:36:49 --> Session: Class initialized using 'CodeIgniter\Session\Handlers\FileHandler' driver.
INFO - 2025-01-15 08:36:49 --> SolicitudesController solicitudes
INFO - 2025-01-15 08:38:10 --> Session: Class initialized using 'CodeIgniter\Session\Handlers\FileHandler' driver.
INFO - 2025-01-15 08:38:10 --> ClientesController clientes
INFO - 2025-01-15 08:38:13 --> Session: Class initialized using 'CodeIgniter\Session\Handlers\FileHandler' driver.
INFO - 2025-01-15 08:38:18 --> Session: Class initialized using 'CodeIgniter\Session\Handlers\FileHandler' driver.
INFO - 2025-01-15 08:38:19 --> Resultado JSON: [{"id_solicitud":"24","numero_solicitud":"000001","fecha_creacion":"2025-01-15 06:16:04","dui":"87877868-7","nombre_completo":"Jose Antonio Perez","user_creador":"Maria  Chacon","estado":"Aprobada","id_estado_actual":"2","observacion":null,"num_contrato":"0001-00000001","montoApagar":"499.63"}]
INFO - 2025-01-15 08:38:23 --> Session: Class initialized using 'CodeIgniter\Session\Handlers\FileHandler' driver.
INFO - 2025-01-15 08:38:23 --> Resultado JSON id_solicitud: 24
INFO - 2025-01-15 08:38:24 --> Resultado JSON deudasSolicitud: Array
(
    [0] => Array
        (
            [id_cobro] => 86
            [id_solicitud] => 24
            [numero_cuota] => 1
            [monto_cuota] => 166.54
            [descripcion] => 
            [estado] => PENDIENTE
            [fecha_vencimiento] => 2025-02-15
            [fecha_pago] => 
            [interesGenerado] => 0
            [esPrima] => 0
        )

    [1] => Array
        (
            [id_cobro] => 87
            [id_solicitud] => 24
            [numero_cuota] => 2
            [monto_cuota] => 166.54
            [descripcion] => 
            [estado] => PENDIENTE
            [fecha_vencimiento] => 2025-03-15
            [fecha_pago] => 
            [interesGenerado] => 0
            [esPrima] => 0
        )

    [2] => Array
        (
            [id_cobro] => 88
            [id_solicitud] => 24
            [numero_cuota] => 3
            [monto_cuota] => 166.54
            [descripcion] => 
            [estado] => PENDIENTE
            [fecha_vencimiento] => 2025-04-15
            [fecha_pago] => 
            [interesGenerado] => 0
            [esPrima] => 0
        )

)

INFO - 2025-01-15 08:45:38 --> Session: Class initialized using 'CodeIgniter\Session\Handlers\FileHandler' driver.
INFO - 2025-01-15 08:45:38 --> SolicitudesController solicitudes
INFO - 2025-01-15 08:45:49 --> Session: Class initialized using 'CodeIgniter\Session\Handlers\FileHandler' driver.
INFO - 2025-01-15 08:45:49 --> encryptedSolicitud::: MjQ=
INFO - 2025-01-15 08:45:49 --> numero de solicitud decrypted::: 24
INFO - 2025-01-15 08:45:50 --> Nombre de la colonia cliente: Nueva Apopa
INFO - 2025-01-15 08:45:50 --> Datos de la refLaboral:: Array
(
    [0] => Array
        (
            [id_referencia_laboral] => 21
            [id_solicitud] => 24
            [id_profesion] => 7
            [empresa] => Empresa Tech Solutions
            [direccion_trabajo] => Boulevard de los Héroes, San Salvador
            [telefono_trabajo] => 25241234
            [cargo] => Analista de Sistemas
            [salario] => 1200.00
            [tiempo_laborado_empresa] => 3 años
            [nombre_jefe_inmediato] => Lic. José Hernández
            [empresa_anterior] => Innovatech S.A. de C.V.
            [telefono_empresa_anterior] => 22334455
            [descripcion] => INGENIERO(A)
        )

)

INFO - 2025-01-15 08:45:59 --> Validando si el estado existe:: Array
(
    [success] => 1
    [message] => existe
    [solicitud] => 000001
)

INFO - 2025-01-15 08:45:59 --> Entra en el if del contrato generado
INFO - 2025-01-15 08:45:59 --> valor de rspContrato:: Array
(
    [success] => 1
    [message] => El contrato ya existe para esta solicitud.
    [solicitud] => 000001
)

INFO - 2025-01-15 08:45:59 --> Entro al if2 actualizarEstado
INFO - 2025-01-15 08:45:59 --> *********************************** COBROS ***********************************
INFO - 2025-01-15 08:45:59 --> Guardado
INFO - 2025-01-15 08:45:59 --> Guardado
INFO - 2025-01-15 08:46:00 --> Guardado
INFO - 2025-01-15 08:46:00 --> ********************************* FIN COBROS *********************************
INFO - 2025-01-15 08:46:05 --> llega la sol::: 000001
INFO - 2025-01-15 08:46:05 --> respuesta del select::: C:\xampp\htdocs\creditos\public/documentos/000001/contrato_000001.docx
INFO - 2025-01-15 08:46:07 --> Session: Class initialized using 'CodeIgniter\Session\Handlers\FileHandler' driver.
INFO - 2025-01-15 08:46:07 --> SolicitudesController solicitudes
INFO - 2025-01-15 08:46:58 --> Session: Class initialized using 'CodeIgniter\Session\Handlers\FileHandler' driver.
INFO - 2025-01-15 08:47:02 --> Session: Class initialized using 'CodeIgniter\Session\Handlers\FileHandler' driver.
INFO - 2025-01-15 08:47:03 --> Resultado JSON: [{"id_solicitud":"24","numero_solicitud":"000001","fecha_creacion":"2025-01-15 06:16:04","dui":"87877868-7","nombre_completo":"Jose Antonio Perez","user_creador":"Maria  Chacon","estado":"Aprobada","id_estado_actual":"2","observacion":null,"num_contrato":"0001-00000001","montoApagar":"499.63"}]
INFO - 2025-01-15 08:47:05 --> Session: Class initialized using 'CodeIgniter\Session\Handlers\FileHandler' driver.
INFO - 2025-01-15 08:47:05 --> Resultado JSON id_solicitud: 24
INFO - 2025-01-15 08:47:05 --> Resultado JSON deudasSolicitud: Array
(
    [0] => Array
        (
            [id_cobro] => 89
            [id_solicitud] => 24
            [numero_cuota] => 1
            [monto_cuota] => 166.54
            [descripcion] => 
            [estado] => PENDIENTE
            [fecha_vencimiento] => 2025-02-15
            [fecha_pago] => 
            [interesGenerado] => 0
            [esPrima] => 0
        )

    [1] => Array
        (
            [id_cobro] => 90
            [id_solicitud] => 24
            [numero_cuota] => 2
            [monto_cuota] => 166.54
            [descripcion] => 
            [estado] => PENDIENTE
            [fecha_vencimiento] => 2025-03-15
            [fecha_pago] => 
            [interesGenerado] => 0
            [esPrima] => 0
        )

    [2] => Array
        (
            [id_cobro] => 91
            [id_solicitud] => 24
            [numero_cuota] => 3
            [monto_cuota] => 166.54
            [descripcion] => 
            [estado] => PENDIENTE
            [fecha_vencimiento] => 2025-04-15
            [fecha_pago] => 
            [interesGenerado] => 0
            [esPrima] => 0
        )

)

INFO - 2025-01-15 08:49:39 --> Session: Class initialized using 'CodeIgniter\Session\Handlers\FileHandler' driver.
INFO - 2025-01-15 08:49:39 --> Resultado JSON: [{"id_solicitud":"24","numero_solicitud":"000001","fecha_creacion":"2025-01-15 06:16:04","dui":"87877868-7","nombre_completo":"Jose Antonio Perez","user_creador":"Maria  Chacon","estado":"Aprobada","id_estado_actual":"2","observacion":null,"num_contrato":"0001-00000001","montoApagar":"499.63"}]
INFO - 2025-01-15 08:49:40 --> Session: Class initialized using 'CodeIgniter\Session\Handlers\FileHandler' driver.
INFO - 2025-01-15 08:49:40 --> Resultado JSON id_solicitud: 24
INFO - 2025-01-15 08:49:41 --> Resultado JSON deudasSolicitud: Array
(
    [0] => Array
        (
            [id_cobro] => 89
            [id_solicitud] => 24
            [numero_cuota] => 1
            [monto_cuota] => 166.54
            [descripcion] => 
            [estado] => PENDIENTE
            [fecha_vencimiento] => 2023-12-15
            [fecha_pago] => 
            [interesGenerado] => 0
            [esPrima] => 0
        )

    [1] => Array
        (
            [id_cobro] => 90
            [id_solicitud] => 24
            [numero_cuota] => 2
            [monto_cuota] => 166.54
            [descripcion] => 
            [estado] => PENDIENTE
            [fecha_vencimiento] => 2025-01-15
            [fecha_pago] => 
            [interesGenerado] => 0
            [esPrima] => 0
        )

    [2] => Array
        (
            [id_cobro] => 91
            [id_solicitud] => 24
            [numero_cuota] => 3
            [monto_cuota] => 166.54
            [descripcion] => 
            [estado] => PENDIENTE
            [fecha_vencimiento] => 2025-02-15
            [fecha_pago] => 
            [interesGenerado] => 0
            [esPrima] => 0
        )

)

