INFO - 2024-09-22 09:41:50 --> Session: Class initialized using 'CodeIgniter\Session\Handlers\FileHandler' driver.
INFO - 2024-09-22 09:41:50 --> SolicitudesController solicitudes
ERROR - 2024-09-22 09:41:51 --> mysqli_sql_exception: Illegal mix of collations (utf8mb4_unicode_ci,IMPLICIT) and (utf8mb4_general_ci,IMPLICIT) for operation '=' in C:\xampp\htdocs\creditos\system\Database\MySQLi\Connection.php:306
Stack trace:
#0 C:\xampp\htdocs\creditos\system\Database\MySQLi\Connection.php(306): mysqli->query('SELECT `s`.`id_...', 0)
#1 C:\xampp\htdocs\creditos\system\Database\BaseConnection.php(693): CodeIgniter\Database\MySQLi\Connection->execute('SELECT `s`.`id_...')
#2 C:\xampp\htdocs\creditos\system\Database\BaseConnection.php(607): CodeIgniter\Database\BaseConnection->simpleQuery('SELECT `s`.`id_...')
#3 C:\xampp\htdocs\creditos\system\Database\BaseBuilder.php(1616): CodeIgniter\Database\BaseConnection->query('SELECT `s`.`id_...', Array, false)
#4 C:\xampp\htdocs\creditos\system\Model.php(243): CodeIgniter\Database\BaseBuilder->get()
#5 C:\xampp\htdocs\creditos\system\BaseModel.php(638): CodeIgniter\Model->doFindAll(0, 0)
#6 C:\xampp\htdocs\creditos\app\Models\SolicitudModel.php(38): CodeIgniter\BaseModel->findAll()
#7 C:\xampp\htdocs\creditos\app\Controllers\SolicitudesController.php(71): App\Models\SolicitudModel->solicitudPorSucursal('1')
#8 C:\xampp\htdocs\creditos\system\CodeIgniter.php(943): App\Controllers\SolicitudesController->index()
#9 C:\xampp\htdocs\creditos\system\CodeIgniter.php(503): CodeIgniter\CodeIgniter->runController(Object(App\Controllers\SolicitudesController))
#10 C:\xampp\htdocs\creditos\system\CodeIgniter.php(361): CodeIgniter\CodeIgniter->handleRequest(NULL, Object(Config\Cache), false)
#11 C:\xampp\htdocs\creditos\index.php(79): CodeIgniter\CodeIgniter->run()
#12 {main}
CRITICAL - 2024-09-22 09:41:51 --> CodeIgniter\Database\Exceptions\DatabaseException: Illegal mix of collations (utf8mb4_unicode_ci,IMPLICIT) and (utf8mb4_general_ci,IMPLICIT) for operation '='
in SYSTEMPATH\Database\BaseConnection.php on line 647.
 1 SYSTEMPATH\Database\BaseBuilder.php(1616): CodeIgniter\Database\BaseConnection->query('SELECT `s`.`id_solicitud`, `s`.`numero_solicitud`, `s`.`fecha_creacion`, `c`.`dui`, `c`.`nombre_completo`, CONCAT(u.nombres, " ", u.apellidos) as user_creador, `es`.`estado`, `s`.`id_estado_actual`, `s`.`observacion`, `cs`.`num_contrato`
FROM (`solicitud`, `solicitud` as `s`)
JOIN `clientes` as `c` ON `s`.`id_cliente` = `c`.`id_cliente`
JOIN `usuarios` as `u` ON `s`.`id_usuario_creacion` = `u`.`id_usuario`
JOIN `estados_solicitud` as `es` ON `s`.`id_estado_actual` = `es`.`id_estado`
JOIN `contrato_solicitud` as `cs` ON `cs`.`numero_solicitud` = `s`.`numero_solicitud`
WHERE `s`.`id_sucursal` = :s.id_sucursal:', [...], false)
 2 SYSTEMPATH\Model.php(243): CodeIgniter\Database\BaseBuilder->get()
 3 SYSTEMPATH\BaseModel.php(638): CodeIgniter\Model->doFindAll(0, 0)
 4 APPPATH\Models\SolicitudModel.php(38): CodeIgniter\BaseModel->findAll()
 5 APPPATH\Controllers\SolicitudesController.php(71): App\Models\SolicitudModel->solicitudPorSucursal('1')
 6 SYSTEMPATH\CodeIgniter.php(943): App\Controllers\SolicitudesController->index()
 7 SYSTEMPATH\CodeIgniter.php(503): CodeIgniter\CodeIgniter->runController(Object(App\Controllers\SolicitudesController))
 8 SYSTEMPATH\CodeIgniter.php(361): CodeIgniter\CodeIgniter->handleRequest(null, Object(Config\Cache), false)
 9 FCPATH\index.php(79): CodeIgniter\CodeIgniter->run()
CRITICAL - 2024-09-22 09:41:51 --> [Caused by] CodeIgniter\Database\Exceptions\DatabaseException: Illegal mix of collations (utf8mb4_unicode_ci,IMPLICIT) and (utf8mb4_general_ci,IMPLICIT) for operation '='
in SYSTEMPATH\Database\MySQLi\Connection.php on line 311.
 1 SYSTEMPATH\Database\BaseConnection.php(693): CodeIgniter\Database\MySQLi\Connection->execute('SELECT `s`.`id_solicitud`, `s`.`numero_solicitud`, `s`.`fecha_creacion`, `c`.`dui`, `c`.`nombre_completo`, CONCAT(u.nombres, " ", u.apellidos) as user_creador, `es`.`estado`, `s`.`id_estado_actual`, `s`.`observacion`, `cs`.`num_contrato`
FROM (`solicitud`, `solicitud` as `s`)
JOIN `clientes` as `c` ON `s`.`id_cliente` = `c`.`id_cliente`
JOIN `usuarios` as `u` ON `s`.`id_usuario_creacion` = `u`.`id_usuario`
JOIN `estados_solicitud` as `es` ON `s`.`id_estado_actual` = `es`.`id_estado`
JOIN `contrato_solicitud` as `cs` ON `cs`.`numero_solicitud` = `s`.`numero_solicitud`
WHERE `s`.`id_sucursal` = \'1\'')
 2 SYSTEMPATH\Database\BaseConnection.php(607): CodeIgniter\Database\BaseConnection->simpleQuery('SELECT `s`.`id_solicitud`, `s`.`numero_solicitud`, `s`.`fecha_creacion`, `c`.`dui`, `c`.`nombre_completo`, CONCAT(u.nombres, " ", u.apellidos) as user_creador, `es`.`estado`, `s`.`id_estado_actual`, `s`.`observacion`, `cs`.`num_contrato`
FROM (`solicitud`, `solicitud` as `s`)
JOIN `clientes` as `c` ON `s`.`id_cliente` = `c`.`id_cliente`
JOIN `usuarios` as `u` ON `s`.`id_usuario_creacion` = `u`.`id_usuario`
JOIN `estados_solicitud` as `es` ON `s`.`id_estado_actual` = `es`.`id_estado`
JOIN `contrato_solicitud` as `cs` ON `cs`.`numero_solicitud` = `s`.`numero_solicitud`
WHERE `s`.`id_sucursal` = \'1\'')
 3 SYSTEMPATH\Database\BaseBuilder.php(1616): CodeIgniter\Database\BaseConnection->query('SELECT `s`.`id_solicitud`, `s`.`numero_solicitud`, `s`.`fecha_creacion`, `c`.`dui`, `c`.`nombre_completo`, CONCAT(u.nombres, " ", u.apellidos) as user_creador, `es`.`estado`, `s`.`id_estado_actual`, `s`.`observacion`, `cs`.`num_contrato`
FROM (`solicitud`, `solicitud` as `s`)
JOIN `clientes` as `c` ON `s`.`id_cliente` = `c`.`id_cliente`
JOIN `usuarios` as `u` ON `s`.`id_usuario_creacion` = `u`.`id_usuario`
JOIN `estados_solicitud` as `es` ON `s`.`id_estado_actual` = `es`.`id_estado`
JOIN `contrato_solicitud` as `cs` ON `cs`.`numero_solicitud` = `s`.`numero_solicitud`
WHERE `s`.`id_sucursal` = :s.id_sucursal:', [...], false)
 4 SYSTEMPATH\Model.php(243): CodeIgniter\Database\BaseBuilder->get()
 5 SYSTEMPATH\BaseModel.php(638): CodeIgniter\Model->doFindAll(0, 0)
 6 APPPATH\Models\SolicitudModel.php(38): CodeIgniter\BaseModel->findAll()
 7 APPPATH\Controllers\SolicitudesController.php(71): App\Models\SolicitudModel->solicitudPorSucursal('1')
 8 SYSTEMPATH\CodeIgniter.php(943): App\Controllers\SolicitudesController->index()
 9 SYSTEMPATH\CodeIgniter.php(503): CodeIgniter\CodeIgniter->runController(Object(App\Controllers\SolicitudesController))
10 SYSTEMPATH\CodeIgniter.php(361): CodeIgniter\CodeIgniter->handleRequest(null, Object(Config\Cache), false)
11 FCPATH\index.php(79): CodeIgniter\CodeIgniter->run()
CRITICAL - 2024-09-22 09:41:51 --> [Caused by] mysqli_sql_exception: Illegal mix of collations (utf8mb4_unicode_ci,IMPLICIT) and (utf8mb4_general_ci,IMPLICIT) for operation '='
in SYSTEMPATH\Database\MySQLi\Connection.php on line 306.
 1 SYSTEMPATH\Database\MySQLi\Connection.php(306): mysqli->query('SELECT `s`.`id_solicitud`, `s`.`numero_solicitud`, `s`.`fecha_creacion`, `c`.`dui`, `c`.`nombre_completo`, CONCAT(u.nombres, " ", u.apellidos) as user_creador, `es`.`estado`, `s`.`id_estado_actual`, `s`.`observacion`, `cs`.`num_contrato`
FROM (`solicitud`, `solicitud` as `s`)
JOIN `clientes` as `c` ON `s`.`id_cliente` = `c`.`id_cliente`
JOIN `usuarios` as `u` ON `s`.`id_usuario_creacion` = `u`.`id_usuario`
JOIN `estados_solicitud` as `es` ON `s`.`id_estado_actual` = `es`.`id_estado`
JOIN `contrato_solicitud` as `cs` ON `cs`.`numero_solicitud` = `s`.`numero_solicitud`
WHERE `s`.`id_sucursal` = \'1\'', 0)
 2 SYSTEMPATH\Database\BaseConnection.php(693): CodeIgniter\Database\MySQLi\Connection->execute('SELECT `s`.`id_solicitud`, `s`.`numero_solicitud`, `s`.`fecha_creacion`, `c`.`dui`, `c`.`nombre_completo`, CONCAT(u.nombres, " ", u.apellidos) as user_creador, `es`.`estado`, `s`.`id_estado_actual`, `s`.`observacion`, `cs`.`num_contrato`
FROM (`solicitud`, `solicitud` as `s`)
JOIN `clientes` as `c` ON `s`.`id_cliente` = `c`.`id_cliente`
JOIN `usuarios` as `u` ON `s`.`id_usuario_creacion` = `u`.`id_usuario`
JOIN `estados_solicitud` as `es` ON `s`.`id_estado_actual` = `es`.`id_estado`
JOIN `contrato_solicitud` as `cs` ON `cs`.`numero_solicitud` = `s`.`numero_solicitud`
WHERE `s`.`id_sucursal` = \'1\'')
 3 SYSTEMPATH\Database\BaseConnection.php(607): CodeIgniter\Database\BaseConnection->simpleQuery('SELECT `s`.`id_solicitud`, `s`.`numero_solicitud`, `s`.`fecha_creacion`, `c`.`dui`, `c`.`nombre_completo`, CONCAT(u.nombres, " ", u.apellidos) as user_creador, `es`.`estado`, `s`.`id_estado_actual`, `s`.`observacion`, `cs`.`num_contrato`
FROM (`solicitud`, `solicitud` as `s`)
JOIN `clientes` as `c` ON `s`.`id_cliente` = `c`.`id_cliente`
JOIN `usuarios` as `u` ON `s`.`id_usuario_creacion` = `u`.`id_usuario`
JOIN `estados_solicitud` as `es` ON `s`.`id_estado_actual` = `es`.`id_estado`
JOIN `contrato_solicitud` as `cs` ON `cs`.`numero_solicitud` = `s`.`numero_solicitud`
WHERE `s`.`id_sucursal` = \'1\'')
 4 SYSTEMPATH\Database\BaseBuilder.php(1616): CodeIgniter\Database\BaseConnection->query('SELECT `s`.`id_solicitud`, `s`.`numero_solicitud`, `s`.`fecha_creacion`, `c`.`dui`, `c`.`nombre_completo`, CONCAT(u.nombres, " ", u.apellidos) as user_creador, `es`.`estado`, `s`.`id_estado_actual`, `s`.`observacion`, `cs`.`num_contrato`
FROM (`solicitud`, `solicitud` as `s`)
JOIN `clientes` as `c` ON `s`.`id_cliente` = `c`.`id_cliente`
JOIN `usuarios` as `u` ON `s`.`id_usuario_creacion` = `u`.`id_usuario`
JOIN `estados_solicitud` as `es` ON `s`.`id_estado_actual` = `es`.`id_estado`
JOIN `contrato_solicitud` as `cs` ON `cs`.`numero_solicitud` = `s`.`numero_solicitud`
WHERE `s`.`id_sucursal` = :s.id_sucursal:', [...], false)
 5 SYSTEMPATH\Model.php(243): CodeIgniter\Database\BaseBuilder->get()
 6 SYSTEMPATH\BaseModel.php(638): CodeIgniter\Model->doFindAll(0, 0)
 7 APPPATH\Models\SolicitudModel.php(38): CodeIgniter\BaseModel->findAll()
 8 APPPATH\Controllers\SolicitudesController.php(71): App\Models\SolicitudModel->solicitudPorSucursal('1')
 9 SYSTEMPATH\CodeIgniter.php(943): App\Controllers\SolicitudesController->index()
10 SYSTEMPATH\CodeIgniter.php(503): CodeIgniter\CodeIgniter->runController(Object(App\Controllers\SolicitudesController))
11 SYSTEMPATH\CodeIgniter.php(361): CodeIgniter\CodeIgniter->handleRequest(null, Object(Config\Cache), false)
12 FCPATH\index.php(79): CodeIgniter\CodeIgniter->run()
INFO - 2024-09-22 09:42:26 --> Session: Class initialized using 'CodeIgniter\Session\Handlers\FileHandler' driver.
INFO - 2024-09-22 09:42:26 --> SolicitudesController solicitudes
INFO - 2024-09-22 09:54:58 --> Session: Class initialized using 'CodeIgniter\Session\Handlers\FileHandler' driver.
INFO - 2024-09-22 09:54:58 --> SolicitudesController solicitudes
ERROR - 2024-09-22 09:54:59 --> mysqli_sql_exception: You have an error in your SQL syntax; check the manual that corresponds to your MariaDB server version for the right syntax to use near '`utf8mb4_unicode_ci`
JOIN `usuarios` AS `u` ON `s`.`id_usuario_creacion` = `u...' at line 3 in C:\xampp\htdocs\creditos\system\Database\MySQLi\Connection.php:306
Stack trace:
#0 C:\xampp\htdocs\creditos\system\Database\MySQLi\Connection.php(306): mysqli->query('SELECT `s`.`id_...', 0)
#1 C:\xampp\htdocs\creditos\system\Database\BaseConnection.php(693): CodeIgniter\Database\MySQLi\Connection->execute('SELECT `s`.`id_...')
#2 C:\xampp\htdocs\creditos\system\Database\BaseConnection.php(607): CodeIgniter\Database\BaseConnection->simpleQuery('SELECT `s`.`id_...')
#3 C:\xampp\htdocs\creditos\system\Database\BaseBuilder.php(1616): CodeIgniter\Database\BaseConnection->query('SELECT `s`.`id_...', Array, false)
#4 C:\xampp\htdocs\creditos\system\Model.php(243): CodeIgniter\Database\BaseBuilder->get()
#5 C:\xampp\htdocs\creditos\system\BaseModel.php(638): CodeIgniter\Model->doFindAll(0, 0)
#6 C:\xampp\htdocs\creditos\app\Models\SolicitudModel.php(44): CodeIgniter\BaseModel->findAll()
#7 C:\xampp\htdocs\creditos\app\Controllers\SolicitudesController.php(71): App\Models\SolicitudModel->solicitudPorSucursal('1')
#8 C:\xampp\htdocs\creditos\system\CodeIgniter.php(943): App\Controllers\SolicitudesController->index()
#9 C:\xampp\htdocs\creditos\system\CodeIgniter.php(503): CodeIgniter\CodeIgniter->runController(Object(App\Controllers\SolicitudesController))
#10 C:\xampp\htdocs\creditos\system\CodeIgniter.php(361): CodeIgniter\CodeIgniter->handleRequest(NULL, Object(Config\Cache), false)
#11 C:\xampp\htdocs\creditos\index.php(79): CodeIgniter\CodeIgniter->run()
#12 {main}
CRITICAL - 2024-09-22 09:54:59 --> CodeIgniter\Database\Exceptions\DatabaseException: You have an error in your SQL syntax; check the manual that corresponds to your MariaDB server version for the right syntax to use near '`utf8mb4_unicode_ci`
JOIN `usuarios` AS `u` ON `s`.`id_usuario_creacion` = `u...' at line 3
in SYSTEMPATH\Database\BaseConnection.php on line 647.
 1 SYSTEMPATH\Database\BaseBuilder.php(1616): CodeIgniter\Database\BaseConnection->query('SELECT `s`.`id_solicitud`, `s`.`numero_solicitud`, `s`.`fecha_creacion`, `c`.`dui`, `c`.`nombre_completo`, CONCAT(u.nombres, " ", u.apellidos) AS user_creador, `es`.`estado`, `s`.`id_estado_actual`, `s`.`observacion`, `cs`.`num_contrato`
FROM (`solicitud`, `solicitud` AS `s`)
JOIN `clientes` AS `c` ON `s`.`id_cliente` = `c`.`id_cliente COLLATE` `utf8mb4_unicode_ci`
JOIN `usuarios` AS `u` ON `s`.`id_usuario_creacion` = `u`.`id_usuario COLLATE` `utf8mb4_unicode_ci`
JOIN `estados_solicitud` AS `es` ON `s`.`id_estado_actual` = `es`.`id_estado COLLATE` `utf8mb4_unicode_ci`
JOIN `contrato_solicitud` AS `cs` ON `cs`.`numero_solicitud` = `s`.`numero_solicitud COLLATE` `utf8mb4_unicode_ci`
WHERE `s`.`id_sucursal` = :s.id_sucursal:', [...], false)
 2 SYSTEMPATH\Model.php(243): CodeIgniter\Database\BaseBuilder->get()
 3 SYSTEMPATH\BaseModel.php(638): CodeIgniter\Model->doFindAll(0, 0)
 4 APPPATH\Models\SolicitudModel.php(44): CodeIgniter\BaseModel->findAll()
 5 APPPATH\Controllers\SolicitudesController.php(71): App\Models\SolicitudModel->solicitudPorSucursal('1')
 6 SYSTEMPATH\CodeIgniter.php(943): App\Controllers\SolicitudesController->index()
 7 SYSTEMPATH\CodeIgniter.php(503): CodeIgniter\CodeIgniter->runController(Object(App\Controllers\SolicitudesController))
 8 SYSTEMPATH\CodeIgniter.php(361): CodeIgniter\CodeIgniter->handleRequest(null, Object(Config\Cache), false)
 9 FCPATH\index.php(79): CodeIgniter\CodeIgniter->run()
CRITICAL - 2024-09-22 09:54:59 --> [Caused by] CodeIgniter\Database\Exceptions\DatabaseException: You have an error in your SQL syntax; check the manual that corresponds to your MariaDB server version for the right syntax to use near '`utf8mb4_unicode_ci`
JOIN `usuarios` AS `u` ON `s`.`id_usuario_creacion` = `u...' at line 3
in SYSTEMPATH\Database\MySQLi\Connection.php on line 311.
 1 SYSTEMPATH\Database\BaseConnection.php(693): CodeIgniter\Database\MySQLi\Connection->execute('SELECT `s`.`id_solicitud`, `s`.`numero_solicitud`, `s`.`fecha_creacion`, `c`.`dui`, `c`.`nombre_completo`, CONCAT(u.nombres, " ", u.apellidos) AS user_creador, `es`.`estado`, `s`.`id_estado_actual`, `s`.`observacion`, `cs`.`num_contrato`
FROM (`solicitud`, `solicitud` AS `s`)
JOIN `clientes` AS `c` ON `s`.`id_cliente` = `c`.`id_cliente COLLATE` `utf8mb4_unicode_ci`
JOIN `usuarios` AS `u` ON `s`.`id_usuario_creacion` = `u`.`id_usuario COLLATE` `utf8mb4_unicode_ci`
JOIN `estados_solicitud` AS `es` ON `s`.`id_estado_actual` = `es`.`id_estado COLLATE` `utf8mb4_unicode_ci`
JOIN `contrato_solicitud` AS `cs` ON `cs`.`numero_solicitud` = `s`.`numero_solicitud COLLATE` `utf8mb4_unicode_ci`
WHERE `s`.`id_sucursal` = \'1\'')
 2 SYSTEMPATH\Database\BaseConnection.php(607): CodeIgniter\Database\BaseConnection->simpleQuery('SELECT `s`.`id_solicitud`, `s`.`numero_solicitud`, `s`.`fecha_creacion`, `c`.`dui`, `c`.`nombre_completo`, CONCAT(u.nombres, " ", u.apellidos) AS user_creador, `es`.`estado`, `s`.`id_estado_actual`, `s`.`observacion`, `cs`.`num_contrato`
FROM (`solicitud`, `solicitud` AS `s`)
JOIN `clientes` AS `c` ON `s`.`id_cliente` = `c`.`id_cliente COLLATE` `utf8mb4_unicode_ci`
JOIN `usuarios` AS `u` ON `s`.`id_usuario_creacion` = `u`.`id_usuario COLLATE` `utf8mb4_unicode_ci`
JOIN `estados_solicitud` AS `es` ON `s`.`id_estado_actual` = `es`.`id_estado COLLATE` `utf8mb4_unicode_ci`
JOIN `contrato_solicitud` AS `cs` ON `cs`.`numero_solicitud` = `s`.`numero_solicitud COLLATE` `utf8mb4_unicode_ci`
WHERE `s`.`id_sucursal` = \'1\'')
 3 SYSTEMPATH\Database\BaseBuilder.php(1616): CodeIgniter\Database\BaseConnection->query('SELECT `s`.`id_solicitud`, `s`.`numero_solicitud`, `s`.`fecha_creacion`, `c`.`dui`, `c`.`nombre_completo`, CONCAT(u.nombres, " ", u.apellidos) AS user_creador, `es`.`estado`, `s`.`id_estado_actual`, `s`.`observacion`, `cs`.`num_contrato`
FROM (`solicitud`, `solicitud` AS `s`)
JOIN `clientes` AS `c` ON `s`.`id_cliente` = `c`.`id_cliente COLLATE` `utf8mb4_unicode_ci`
JOIN `usuarios` AS `u` ON `s`.`id_usuario_creacion` = `u`.`id_usuario COLLATE` `utf8mb4_unicode_ci`
JOIN `estados_solicitud` AS `es` ON `s`.`id_estado_actual` = `es`.`id_estado COLLATE` `utf8mb4_unicode_ci`
JOIN `contrato_solicitud` AS `cs` ON `cs`.`numero_solicitud` = `s`.`numero_solicitud COLLATE` `utf8mb4_unicode_ci`
WHERE `s`.`id_sucursal` = :s.id_sucursal:', [...], false)
 4 SYSTEMPATH\Model.php(243): CodeIgniter\Database\BaseBuilder->get()
 5 SYSTEMPATH\BaseModel.php(638): CodeIgniter\Model->doFindAll(0, 0)
 6 APPPATH\Models\SolicitudModel.php(44): CodeIgniter\BaseModel->findAll()
 7 APPPATH\Controllers\SolicitudesController.php(71): App\Models\SolicitudModel->solicitudPorSucursal('1')
 8 SYSTEMPATH\CodeIgniter.php(943): App\Controllers\SolicitudesController->index()
 9 SYSTEMPATH\CodeIgniter.php(503): CodeIgniter\CodeIgniter->runController(Object(App\Controllers\SolicitudesController))
10 SYSTEMPATH\CodeIgniter.php(361): CodeIgniter\CodeIgniter->handleRequest(null, Object(Config\Cache), false)
11 FCPATH\index.php(79): CodeIgniter\CodeIgniter->run()
CRITICAL - 2024-09-22 09:54:59 --> [Caused by] mysqli_sql_exception: You have an error in your SQL syntax; check the manual that corresponds to your MariaDB server version for the right syntax to use near '`utf8mb4_unicode_ci`
JOIN `usuarios` AS `u` ON `s`.`id_usuario_creacion` = `u...' at line 3
in SYSTEMPATH\Database\MySQLi\Connection.php on line 306.
 1 SYSTEMPATH\Database\MySQLi\Connection.php(306): mysqli->query('SELECT `s`.`id_solicitud`, `s`.`numero_solicitud`, `s`.`fecha_creacion`, `c`.`dui`, `c`.`nombre_completo`, CONCAT(u.nombres, " ", u.apellidos) AS user_creador, `es`.`estado`, `s`.`id_estado_actual`, `s`.`observacion`, `cs`.`num_contrato`
FROM (`solicitud`, `solicitud` AS `s`)
JOIN `clientes` AS `c` ON `s`.`id_cliente` = `c`.`id_cliente COLLATE` `utf8mb4_unicode_ci`
JOIN `usuarios` AS `u` ON `s`.`id_usuario_creacion` = `u`.`id_usuario COLLATE` `utf8mb4_unicode_ci`
JOIN `estados_solicitud` AS `es` ON `s`.`id_estado_actual` = `es`.`id_estado COLLATE` `utf8mb4_unicode_ci`
JOIN `contrato_solicitud` AS `cs` ON `cs`.`numero_solicitud` = `s`.`numero_solicitud COLLATE` `utf8mb4_unicode_ci`
WHERE `s`.`id_sucursal` = \'1\'', 0)
 2 SYSTEMPATH\Database\BaseConnection.php(693): CodeIgniter\Database\MySQLi\Connection->execute('SELECT `s`.`id_solicitud`, `s`.`numero_solicitud`, `s`.`fecha_creacion`, `c`.`dui`, `c`.`nombre_completo`, CONCAT(u.nombres, " ", u.apellidos) AS user_creador, `es`.`estado`, `s`.`id_estado_actual`, `s`.`observacion`, `cs`.`num_contrato`
FROM (`solicitud`, `solicitud` AS `s`)
JOIN `clientes` AS `c` ON `s`.`id_cliente` = `c`.`id_cliente COLLATE` `utf8mb4_unicode_ci`
JOIN `usuarios` AS `u` ON `s`.`id_usuario_creacion` = `u`.`id_usuario COLLATE` `utf8mb4_unicode_ci`
JOIN `estados_solicitud` AS `es` ON `s`.`id_estado_actual` = `es`.`id_estado COLLATE` `utf8mb4_unicode_ci`
JOIN `contrato_solicitud` AS `cs` ON `cs`.`numero_solicitud` = `s`.`numero_solicitud COLLATE` `utf8mb4_unicode_ci`
WHERE `s`.`id_sucursal` = \'1\'')
 3 SYSTEMPATH\Database\BaseConnection.php(607): CodeIgniter\Database\BaseConnection->simpleQuery('SELECT `s`.`id_solicitud`, `s`.`numero_solicitud`, `s`.`fecha_creacion`, `c`.`dui`, `c`.`nombre_completo`, CONCAT(u.nombres, " ", u.apellidos) AS user_creador, `es`.`estado`, `s`.`id_estado_actual`, `s`.`observacion`, `cs`.`num_contrato`
FROM (`solicitud`, `solicitud` AS `s`)
JOIN `clientes` AS `c` ON `s`.`id_cliente` = `c`.`id_cliente COLLATE` `utf8mb4_unicode_ci`
JOIN `usuarios` AS `u` ON `s`.`id_usuario_creacion` = `u`.`id_usuario COLLATE` `utf8mb4_unicode_ci`
JOIN `estados_solicitud` AS `es` ON `s`.`id_estado_actual` = `es`.`id_estado COLLATE` `utf8mb4_unicode_ci`
JOIN `contrato_solicitud` AS `cs` ON `cs`.`numero_solicitud` = `s`.`numero_solicitud COLLATE` `utf8mb4_unicode_ci`
WHERE `s`.`id_sucursal` = \'1\'')
 4 SYSTEMPATH\Database\BaseBuilder.php(1616): CodeIgniter\Database\BaseConnection->query('SELECT `s`.`id_solicitud`, `s`.`numero_solicitud`, `s`.`fecha_creacion`, `c`.`dui`, `c`.`nombre_completo`, CONCAT(u.nombres, " ", u.apellidos) AS user_creador, `es`.`estado`, `s`.`id_estado_actual`, `s`.`observacion`, `cs`.`num_contrato`
FROM (`solicitud`, `solicitud` AS `s`)
JOIN `clientes` AS `c` ON `s`.`id_cliente` = `c`.`id_cliente COLLATE` `utf8mb4_unicode_ci`
JOIN `usuarios` AS `u` ON `s`.`id_usuario_creacion` = `u`.`id_usuario COLLATE` `utf8mb4_unicode_ci`
JOIN `estados_solicitud` AS `es` ON `s`.`id_estado_actual` = `es`.`id_estado COLLATE` `utf8mb4_unicode_ci`
JOIN `contrato_solicitud` AS `cs` ON `cs`.`numero_solicitud` = `s`.`numero_solicitud COLLATE` `utf8mb4_unicode_ci`
WHERE `s`.`id_sucursal` = :s.id_sucursal:', [...], false)
 5 SYSTEMPATH\Model.php(243): CodeIgniter\Database\BaseBuilder->get()
 6 SYSTEMPATH\BaseModel.php(638): CodeIgniter\Model->doFindAll(0, 0)
 7 APPPATH\Models\SolicitudModel.php(44): CodeIgniter\BaseModel->findAll()
 8 APPPATH\Controllers\SolicitudesController.php(71): App\Models\SolicitudModel->solicitudPorSucursal('1')
 9 SYSTEMPATH\CodeIgniter.php(943): App\Controllers\SolicitudesController->index()
10 SYSTEMPATH\CodeIgniter.php(503): CodeIgniter\CodeIgniter->runController(Object(App\Controllers\SolicitudesController))
11 SYSTEMPATH\CodeIgniter.php(361): CodeIgniter\CodeIgniter->handleRequest(null, Object(Config\Cache), false)
12 FCPATH\index.php(79): CodeIgniter\CodeIgniter->run()
INFO - 2024-09-22 09:57:48 --> Session: Class initialized using 'CodeIgniter\Session\Handlers\FileHandler' driver.
INFO - 2024-09-22 09:57:48 --> SolicitudesController solicitudes
ERROR - 2024-09-22 09:57:49 --> mysqli_sql_exception: COLLATION 'utf8mb4_unicode_ci' is not valid for CHARACTER SET 'utf8mb3' in C:\xampp\htdocs\creditos\system\Database\MySQLi\Connection.php:306
Stack trace:
#0 C:\xampp\htdocs\creditos\system\Database\MySQLi\Connection.php(306): mysqli->query('SELECT \r\n      ...', 0)
#1 C:\xampp\htdocs\creditos\system\Database\BaseConnection.php(693): CodeIgniter\Database\MySQLi\Connection->execute('SELECT \r\n      ...')
#2 C:\xampp\htdocs\creditos\system\Database\BaseConnection.php(607): CodeIgniter\Database\BaseConnection->simpleQuery('SELECT \r\n      ...')
#3 C:\xampp\htdocs\creditos\app\Models\SolicitudModel.php(53): CodeIgniter\Database\BaseConnection->query('SELECT \r\n      ...', Array)
#4 C:\xampp\htdocs\creditos\app\Controllers\SolicitudesController.php(71): App\Models\SolicitudModel->solicitudPorSucursal('1')
#5 C:\xampp\htdocs\creditos\system\CodeIgniter.php(943): App\Controllers\SolicitudesController->index()
#6 C:\xampp\htdocs\creditos\system\CodeIgniter.php(503): CodeIgniter\CodeIgniter->runController(Object(App\Controllers\SolicitudesController))
#7 C:\xampp\htdocs\creditos\system\CodeIgniter.php(361): CodeIgniter\CodeIgniter->handleRequest(NULL, Object(Config\Cache), false)
#8 C:\xampp\htdocs\creditos\index.php(79): CodeIgniter\CodeIgniter->run()
#9 {main}
CRITICAL - 2024-09-22 09:57:49 --> CodeIgniter\Database\Exceptions\DatabaseException: COLLATION 'utf8mb4_unicode_ci' is not valid for CHARACTER SET 'utf8mb3'
in SYSTEMPATH\Database\BaseConnection.php on line 647.
 1 APPPATH\Models\SolicitudModel.php(53): CodeIgniter\Database\BaseConnection->query('SELECT 
                s.id_solicitud, 
                s.numero_solicitud, 
                s.fecha_creacion, 
                c.dui, 
                c.nombre_completo, 
                CONCAT(u.nombres, \' \', u.apellidos) AS user_creador, 
                es.estado, 
                s.id_estado_actual, 
                s.observacion
            FROM 
                solicitud AS s
            JOIN 
                clientes AS c ON s.id_cliente = c.id_cliente
            JOIN 
                usuarios AS u ON s.id_usuario_creacion = u.id_usuario
            JOIN 
                estados_solicitud AS es ON s.id_estado_actual = es.id_estado
            JOIN 
                contrato_solicitud AS cs ON cs.numero_solicitud = s.numero_solicitud
            WHERE 
                s.id_sucursal = ?
            COLLATE utf8mb4_unicode_ci', [...])
 2 APPPATH\Controllers\SolicitudesController.php(71): App\Models\SolicitudModel->solicitudPorSucursal('1')
 3 SYSTEMPATH\CodeIgniter.php(943): App\Controllers\SolicitudesController->index()
 4 SYSTEMPATH\CodeIgniter.php(503): CodeIgniter\CodeIgniter->runController(Object(App\Controllers\SolicitudesController))
 5 SYSTEMPATH\CodeIgniter.php(361): CodeIgniter\CodeIgniter->handleRequest(null, Object(Config\Cache), false)
 6 FCPATH\index.php(79): CodeIgniter\CodeIgniter->run()
CRITICAL - 2024-09-22 09:57:49 --> [Caused by] CodeIgniter\Database\Exceptions\DatabaseException: COLLATION 'utf8mb4_unicode_ci' is not valid for CHARACTER SET 'utf8mb3'
in SYSTEMPATH\Database\MySQLi\Connection.php on line 311.
 1 SYSTEMPATH\Database\BaseConnection.php(693): CodeIgniter\Database\MySQLi\Connection->execute('SELECT 
                s.id_solicitud, 
                s.numero_solicitud, 
                s.fecha_creacion, 
                c.dui, 
                c.nombre_completo, 
                CONCAT(u.nombres, \' \', u.apellidos) AS user_creador, 
                es.estado, 
                s.id_estado_actual, 
                s.observacion
            FROM 
                solicitud AS s
            JOIN 
                clientes AS c ON s.id_cliente = c.id_cliente
            JOIN 
                usuarios AS u ON s.id_usuario_creacion = u.id_usuario
            JOIN 
                estados_solicitud AS es ON s.id_estado_actual = es.id_estado
            JOIN 
                contrato_solicitud AS cs ON cs.numero_solicitud = s.numero_solicitud
            WHERE 
                s.id_sucursal = \'1\'
            COLLATE utf8mb4_unicode_ci')
 2 SYSTEMPATH\Database\BaseConnection.php(607): CodeIgniter\Database\BaseConnection->simpleQuery('SELECT 
                s.id_solicitud, 
                s.numero_solicitud, 
                s.fecha_creacion, 
                c.dui, 
                c.nombre_completo, 
                CONCAT(u.nombres, \' \', u.apellidos) AS user_creador, 
                es.estado, 
                s.id_estado_actual, 
                s.observacion
            FROM 
                solicitud AS s
            JOIN 
                clientes AS c ON s.id_cliente = c.id_cliente
            JOIN 
                usuarios AS u ON s.id_usuario_creacion = u.id_usuario
            JOIN 
                estados_solicitud AS es ON s.id_estado_actual = es.id_estado
            JOIN 
                contrato_solicitud AS cs ON cs.numero_solicitud = s.numero_solicitud
            WHERE 
                s.id_sucursal = \'1\'
            COLLATE utf8mb4_unicode_ci')
 3 APPPATH\Models\SolicitudModel.php(53): CodeIgniter\Database\BaseConnection->query('SELECT 
                s.id_solicitud, 
                s.numero_solicitud, 
                s.fecha_creacion, 
                c.dui, 
                c.nombre_completo, 
                CONCAT(u.nombres, \' \', u.apellidos) AS user_creador, 
                es.estado, 
                s.id_estado_actual, 
                s.observacion
            FROM 
                solicitud AS s
            JOIN 
                clientes AS c ON s.id_cliente = c.id_cliente
            JOIN 
                usuarios AS u ON s.id_usuario_creacion = u.id_usuario
            JOIN 
                estados_solicitud AS es ON s.id_estado_actual = es.id_estado
            JOIN 
                contrato_solicitud AS cs ON cs.numero_solicitud = s.numero_solicitud
            WHERE 
                s.id_sucursal = ?
            COLLATE utf8mb4_unicode_ci', [...])
 4 APPPATH\Controllers\SolicitudesController.php(71): App\Models\SolicitudModel->solicitudPorSucursal('1')
 5 SYSTEMPATH\CodeIgniter.php(943): App\Controllers\SolicitudesController->index()
 6 SYSTEMPATH\CodeIgniter.php(503): CodeIgniter\CodeIgniter->runController(Object(App\Controllers\SolicitudesController))
 7 SYSTEMPATH\CodeIgniter.php(361): CodeIgniter\CodeIgniter->handleRequest(null, Object(Config\Cache), false)
 8 FCPATH\index.php(79): CodeIgniter\CodeIgniter->run()
CRITICAL - 2024-09-22 09:57:49 --> [Caused by] mysqli_sql_exception: COLLATION 'utf8mb4_unicode_ci' is not valid for CHARACTER SET 'utf8mb3'
in SYSTEMPATH\Database\MySQLi\Connection.php on line 306.
 1 SYSTEMPATH\Database\MySQLi\Connection.php(306): mysqli->query('SELECT 
                s.id_solicitud, 
                s.numero_solicitud, 
                s.fecha_creacion, 
                c.dui, 
                c.nombre_completo, 
                CONCAT(u.nombres, \' \', u.apellidos) AS user_creador, 
                es.estado, 
                s.id_estado_actual, 
                s.observacion
            FROM 
                solicitud AS s
            JOIN 
                clientes AS c ON s.id_cliente = c.id_cliente
            JOIN 
                usuarios AS u ON s.id_usuario_creacion = u.id_usuario
            JOIN 
                estados_solicitud AS es ON s.id_estado_actual = es.id_estado
            JOIN 
                contrato_solicitud AS cs ON cs.numero_solicitud = s.numero_solicitud
            WHERE 
                s.id_sucursal = \'1\'
            COLLATE utf8mb4_unicode_ci', 0)
 2 SYSTEMPATH\Database\BaseConnection.php(693): CodeIgniter\Database\MySQLi\Connection->execute('SELECT 
                s.id_solicitud, 
                s.numero_solicitud, 
                s.fecha_creacion, 
                c.dui, 
                c.nombre_completo, 
                CONCAT(u.nombres, \' \', u.apellidos) AS user_creador, 
                es.estado, 
                s.id_estado_actual, 
                s.observacion
            FROM 
                solicitud AS s
            JOIN 
                clientes AS c ON s.id_cliente = c.id_cliente
            JOIN 
                usuarios AS u ON s.id_usuario_creacion = u.id_usuario
            JOIN 
                estados_solicitud AS es ON s.id_estado_actual = es.id_estado
            JOIN 
                contrato_solicitud AS cs ON cs.numero_solicitud = s.numero_solicitud
            WHERE 
                s.id_sucursal = \'1\'
            COLLATE utf8mb4_unicode_ci')
 3 SYSTEMPATH\Database\BaseConnection.php(607): CodeIgniter\Database\BaseConnection->simpleQuery('SELECT 
                s.id_solicitud, 
                s.numero_solicitud, 
                s.fecha_creacion, 
                c.dui, 
                c.nombre_completo, 
                CONCAT(u.nombres, \' \', u.apellidos) AS user_creador, 
                es.estado, 
                s.id_estado_actual, 
                s.observacion
            FROM 
                solicitud AS s
            JOIN 
                clientes AS c ON s.id_cliente = c.id_cliente
            JOIN 
                usuarios AS u ON s.id_usuario_creacion = u.id_usuario
            JOIN 
                estados_solicitud AS es ON s.id_estado_actual = es.id_estado
            JOIN 
                contrato_solicitud AS cs ON cs.numero_solicitud = s.numero_solicitud
            WHERE 
                s.id_sucursal = \'1\'
            COLLATE utf8mb4_unicode_ci')
 4 APPPATH\Models\SolicitudModel.php(53): CodeIgniter\Database\BaseConnection->query('SELECT 
                s.id_solicitud, 
                s.numero_solicitud, 
                s.fecha_creacion, 
                c.dui, 
                c.nombre_completo, 
                CONCAT(u.nombres, \' \', u.apellidos) AS user_creador, 
                es.estado, 
                s.id_estado_actual, 
                s.observacion
            FROM 
                solicitud AS s
            JOIN 
                clientes AS c ON s.id_cliente = c.id_cliente
            JOIN 
                usuarios AS u ON s.id_usuario_creacion = u.id_usuario
            JOIN 
                estados_solicitud AS es ON s.id_estado_actual = es.id_estado
            JOIN 
                contrato_solicitud AS cs ON cs.numero_solicitud = s.numero_solicitud
            WHERE 
                s.id_sucursal = ?
            COLLATE utf8mb4_unicode_ci', [...])
 5 APPPATH\Controllers\SolicitudesController.php(71): App\Models\SolicitudModel->solicitudPorSucursal('1')
 6 SYSTEMPATH\CodeIgniter.php(943): App\Controllers\SolicitudesController->index()
 7 SYSTEMPATH\CodeIgniter.php(503): CodeIgniter\CodeIgniter->runController(Object(App\Controllers\SolicitudesController))
 8 SYSTEMPATH\CodeIgniter.php(361): CodeIgniter\CodeIgniter->handleRequest(null, Object(Config\Cache), false)
 9 FCPATH\index.php(79): CodeIgniter\CodeIgniter->run()
INFO - 2024-09-22 09:59:14 --> Session: Class initialized using 'CodeIgniter\Session\Handlers\FileHandler' driver.
INFO - 2024-09-22 09:59:14 --> SolicitudesController solicitudes
INFO - 2024-09-22 10:01:10 --> Session: Class initialized using 'CodeIgniter\Session\Handlers\FileHandler' driver.
INFO - 2024-09-22 10:01:10 --> SolicitudesController solicitudes
ERROR - 2024-09-22 10:01:11 --> mysqli_sql_exception: Illegal mix of collations (utf8mb4_unicode_ci,IMPLICIT) and (utf8mb4_general_ci,IMPLICIT) for operation '=' in C:\xampp\htdocs\creditos\system\Database\MySQLi\Connection.php:306
Stack trace:
#0 C:\xampp\htdocs\creditos\system\Database\MySQLi\Connection.php(306): mysqli->query('SELECT `s`.`id_...', 0)
#1 C:\xampp\htdocs\creditos\system\Database\BaseConnection.php(693): CodeIgniter\Database\MySQLi\Connection->execute('SELECT `s`.`id_...')
#2 C:\xampp\htdocs\creditos\system\Database\BaseConnection.php(607): CodeIgniter\Database\BaseConnection->simpleQuery('SELECT `s`.`id_...')
#3 C:\xampp\htdocs\creditos\system\Database\BaseBuilder.php(1616): CodeIgniter\Database\BaseConnection->query('SELECT `s`.`id_...', Array, false)
#4 C:\xampp\htdocs\creditos\system\Model.php(243): CodeIgniter\Database\BaseBuilder->get()
#5 C:\xampp\htdocs\creditos\system\BaseModel.php(638): CodeIgniter\Model->doFindAll(0, 0)
#6 C:\xampp\htdocs\creditos\app\Models\SolicitudModel.php(45): CodeIgniter\BaseModel->findAll()
#7 C:\xampp\htdocs\creditos\app\Controllers\SolicitudesController.php(71): App\Models\SolicitudModel->solicitudPorSucursal('1')
#8 C:\xampp\htdocs\creditos\system\CodeIgniter.php(943): App\Controllers\SolicitudesController->index()
#9 C:\xampp\htdocs\creditos\system\CodeIgniter.php(503): CodeIgniter\CodeIgniter->runController(Object(App\Controllers\SolicitudesController))
#10 C:\xampp\htdocs\creditos\system\CodeIgniter.php(361): CodeIgniter\CodeIgniter->handleRequest(NULL, Object(Config\Cache), false)
#11 C:\xampp\htdocs\creditos\index.php(79): CodeIgniter\CodeIgniter->run()
#12 {main}
CRITICAL - 2024-09-22 10:01:12 --> CodeIgniter\Database\Exceptions\DatabaseException: Illegal mix of collations (utf8mb4_unicode_ci,IMPLICIT) and (utf8mb4_general_ci,IMPLICIT) for operation '='
in SYSTEMPATH\Database\BaseConnection.php on line 647.
 1 SYSTEMPATH\Database\BaseBuilder.php(1616): CodeIgniter\Database\BaseConnection->query('SELECT `s`.`id_solicitud`, `s`.`numero_solicitud`, `s`.`fecha_creacion`, `c`.`dui`, `c`.`nombre_completo`, CONCAT(u.nombres, " ", u.apellidos) AS user_creador, `es`.`estado`, `s`.`id_estado_actual`, `s`.`observacion`, IF(COUNT(cs.numero_solicitud) > 0, 1, 0) AS tiene_contrato
FROM (`solicitud`, `solicitud` AS `s`)
JOIN `clientes` AS `c` ON `s`.`id_cliente` = `c`.`id_cliente`
JOIN `usuarios` AS `u` ON `s`.`id_usuario_creacion` = `u`.`id_usuario`
JOIN `estados_solicitud` AS `es` ON `s`.`id_estado_actual` = `es`.`id_estado`
LEFT JOIN `contrato_solicitud` AS `cs` ON `cs`.`numero_solicitud` = `s`.`numero_solicitud`
WHERE `s`.`id_sucursal` = :s.id_sucursal:', [...], false)
 2 SYSTEMPATH\Model.php(243): CodeIgniter\Database\BaseBuilder->get()
 3 SYSTEMPATH\BaseModel.php(638): CodeIgniter\Model->doFindAll(0, 0)
 4 APPPATH\Models\SolicitudModel.php(45): CodeIgniter\BaseModel->findAll()
 5 APPPATH\Controllers\SolicitudesController.php(71): App\Models\SolicitudModel->solicitudPorSucursal('1')
 6 SYSTEMPATH\CodeIgniter.php(943): App\Controllers\SolicitudesController->index()
 7 SYSTEMPATH\CodeIgniter.php(503): CodeIgniter\CodeIgniter->runController(Object(App\Controllers\SolicitudesController))
 8 SYSTEMPATH\CodeIgniter.php(361): CodeIgniter\CodeIgniter->handleRequest(null, Object(Config\Cache), false)
 9 FCPATH\index.php(79): CodeIgniter\CodeIgniter->run()
CRITICAL - 2024-09-22 10:01:12 --> [Caused by] CodeIgniter\Database\Exceptions\DatabaseException: Illegal mix of collations (utf8mb4_unicode_ci,IMPLICIT) and (utf8mb4_general_ci,IMPLICIT) for operation '='
in SYSTEMPATH\Database\MySQLi\Connection.php on line 311.
 1 SYSTEMPATH\Database\BaseConnection.php(693): CodeIgniter\Database\MySQLi\Connection->execute('SELECT `s`.`id_solicitud`, `s`.`numero_solicitud`, `s`.`fecha_creacion`, `c`.`dui`, `c`.`nombre_completo`, CONCAT(u.nombres, " ", u.apellidos) AS user_creador, `es`.`estado`, `s`.`id_estado_actual`, `s`.`observacion`, IF(COUNT(cs.numero_solicitud) > 0, 1, 0) AS tiene_contrato
FROM (`solicitud`, `solicitud` AS `s`)
JOIN `clientes` AS `c` ON `s`.`id_cliente` = `c`.`id_cliente`
JOIN `usuarios` AS `u` ON `s`.`id_usuario_creacion` = `u`.`id_usuario`
JOIN `estados_solicitud` AS `es` ON `s`.`id_estado_actual` = `es`.`id_estado`
LEFT JOIN `contrato_solicitud` AS `cs` ON `cs`.`numero_solicitud` = `s`.`numero_solicitud`
WHERE `s`.`id_sucursal` = \'1\'')
 2 SYSTEMPATH\Database\BaseConnection.php(607): CodeIgniter\Database\BaseConnection->simpleQuery('SELECT `s`.`id_solicitud`, `s`.`numero_solicitud`, `s`.`fecha_creacion`, `c`.`dui`, `c`.`nombre_completo`, CONCAT(u.nombres, " ", u.apellidos) AS user_creador, `es`.`estado`, `s`.`id_estado_actual`, `s`.`observacion`, IF(COUNT(cs.numero_solicitud) > 0, 1, 0) AS tiene_contrato
FROM (`solicitud`, `solicitud` AS `s`)
JOIN `clientes` AS `c` ON `s`.`id_cliente` = `c`.`id_cliente`
JOIN `usuarios` AS `u` ON `s`.`id_usuario_creacion` = `u`.`id_usuario`
JOIN `estados_solicitud` AS `es` ON `s`.`id_estado_actual` = `es`.`id_estado`
LEFT JOIN `contrato_solicitud` AS `cs` ON `cs`.`numero_solicitud` = `s`.`numero_solicitud`
WHERE `s`.`id_sucursal` = \'1\'')
 3 SYSTEMPATH\Database\BaseBuilder.php(1616): CodeIgniter\Database\BaseConnection->query('SELECT `s`.`id_solicitud`, `s`.`numero_solicitud`, `s`.`fecha_creacion`, `c`.`dui`, `c`.`nombre_completo`, CONCAT(u.nombres, " ", u.apellidos) AS user_creador, `es`.`estado`, `s`.`id_estado_actual`, `s`.`observacion`, IF(COUNT(cs.numero_solicitud) > 0, 1, 0) AS tiene_contrato
FROM (`solicitud`, `solicitud` AS `s`)
JOIN `clientes` AS `c` ON `s`.`id_cliente` = `c`.`id_cliente`
JOIN `usuarios` AS `u` ON `s`.`id_usuario_creacion` = `u`.`id_usuario`
JOIN `estados_solicitud` AS `es` ON `s`.`id_estado_actual` = `es`.`id_estado`
LEFT JOIN `contrato_solicitud` AS `cs` ON `cs`.`numero_solicitud` = `s`.`numero_solicitud`
WHERE `s`.`id_sucursal` = :s.id_sucursal:', [...], false)
 4 SYSTEMPATH\Model.php(243): CodeIgniter\Database\BaseBuilder->get()
 5 SYSTEMPATH\BaseModel.php(638): CodeIgniter\Model->doFindAll(0, 0)
 6 APPPATH\Models\SolicitudModel.php(45): CodeIgniter\BaseModel->findAll()
 7 APPPATH\Controllers\SolicitudesController.php(71): App\Models\SolicitudModel->solicitudPorSucursal('1')
 8 SYSTEMPATH\CodeIgniter.php(943): App\Controllers\SolicitudesController->index()
 9 SYSTEMPATH\CodeIgniter.php(503): CodeIgniter\CodeIgniter->runController(Object(App\Controllers\SolicitudesController))
10 SYSTEMPATH\CodeIgniter.php(361): CodeIgniter\CodeIgniter->handleRequest(null, Object(Config\Cache), false)
11 FCPATH\index.php(79): CodeIgniter\CodeIgniter->run()
CRITICAL - 2024-09-22 10:01:12 --> [Caused by] mysqli_sql_exception: Illegal mix of collations (utf8mb4_unicode_ci,IMPLICIT) and (utf8mb4_general_ci,IMPLICIT) for operation '='
in SYSTEMPATH\Database\MySQLi\Connection.php on line 306.
 1 SYSTEMPATH\Database\MySQLi\Connection.php(306): mysqli->query('SELECT `s`.`id_solicitud`, `s`.`numero_solicitud`, `s`.`fecha_creacion`, `c`.`dui`, `c`.`nombre_completo`, CONCAT(u.nombres, " ", u.apellidos) AS user_creador, `es`.`estado`, `s`.`id_estado_actual`, `s`.`observacion`, IF(COUNT(cs.numero_solicitud) > 0, 1, 0) AS tiene_contrato
FROM (`solicitud`, `solicitud` AS `s`)
JOIN `clientes` AS `c` ON `s`.`id_cliente` = `c`.`id_cliente`
JOIN `usuarios` AS `u` ON `s`.`id_usuario_creacion` = `u`.`id_usuario`
JOIN `estados_solicitud` AS `es` ON `s`.`id_estado_actual` = `es`.`id_estado`
LEFT JOIN `contrato_solicitud` AS `cs` ON `cs`.`numero_solicitud` = `s`.`numero_solicitud`
WHERE `s`.`id_sucursal` = \'1\'', 0)
 2 SYSTEMPATH\Database\BaseConnection.php(693): CodeIgniter\Database\MySQLi\Connection->execute('SELECT `s`.`id_solicitud`, `s`.`numero_solicitud`, `s`.`fecha_creacion`, `c`.`dui`, `c`.`nombre_completo`, CONCAT(u.nombres, " ", u.apellidos) AS user_creador, `es`.`estado`, `s`.`id_estado_actual`, `s`.`observacion`, IF(COUNT(cs.numero_solicitud) > 0, 1, 0) AS tiene_contrato
FROM (`solicitud`, `solicitud` AS `s`)
JOIN `clientes` AS `c` ON `s`.`id_cliente` = `c`.`id_cliente`
JOIN `usuarios` AS `u` ON `s`.`id_usuario_creacion` = `u`.`id_usuario`
JOIN `estados_solicitud` AS `es` ON `s`.`id_estado_actual` = `es`.`id_estado`
LEFT JOIN `contrato_solicitud` AS `cs` ON `cs`.`numero_solicitud` = `s`.`numero_solicitud`
WHERE `s`.`id_sucursal` = \'1\'')
 3 SYSTEMPATH\Database\BaseConnection.php(607): CodeIgniter\Database\BaseConnection->simpleQuery('SELECT `s`.`id_solicitud`, `s`.`numero_solicitud`, `s`.`fecha_creacion`, `c`.`dui`, `c`.`nombre_completo`, CONCAT(u.nombres, " ", u.apellidos) AS user_creador, `es`.`estado`, `s`.`id_estado_actual`, `s`.`observacion`, IF(COUNT(cs.numero_solicitud) > 0, 1, 0) AS tiene_contrato
FROM (`solicitud`, `solicitud` AS `s`)
JOIN `clientes` AS `c` ON `s`.`id_cliente` = `c`.`id_cliente`
JOIN `usuarios` AS `u` ON `s`.`id_usuario_creacion` = `u`.`id_usuario`
JOIN `estados_solicitud` AS `es` ON `s`.`id_estado_actual` = `es`.`id_estado`
LEFT JOIN `contrato_solicitud` AS `cs` ON `cs`.`numero_solicitud` = `s`.`numero_solicitud`
WHERE `s`.`id_sucursal` = \'1\'')
 4 SYSTEMPATH\Database\BaseBuilder.php(1616): CodeIgniter\Database\BaseConnection->query('SELECT `s`.`id_solicitud`, `s`.`numero_solicitud`, `s`.`fecha_creacion`, `c`.`dui`, `c`.`nombre_completo`, CONCAT(u.nombres, " ", u.apellidos) AS user_creador, `es`.`estado`, `s`.`id_estado_actual`, `s`.`observacion`, IF(COUNT(cs.numero_solicitud) > 0, 1, 0) AS tiene_contrato
FROM (`solicitud`, `solicitud` AS `s`)
JOIN `clientes` AS `c` ON `s`.`id_cliente` = `c`.`id_cliente`
JOIN `usuarios` AS `u` ON `s`.`id_usuario_creacion` = `u`.`id_usuario`
JOIN `estados_solicitud` AS `es` ON `s`.`id_estado_actual` = `es`.`id_estado`
LEFT JOIN `contrato_solicitud` AS `cs` ON `cs`.`numero_solicitud` = `s`.`numero_solicitud`
WHERE `s`.`id_sucursal` = :s.id_sucursal:', [...], false)
 5 SYSTEMPATH\Model.php(243): CodeIgniter\Database\BaseBuilder->get()
 6 SYSTEMPATH\BaseModel.php(638): CodeIgniter\Model->doFindAll(0, 0)
 7 APPPATH\Models\SolicitudModel.php(45): CodeIgniter\BaseModel->findAll()
 8 APPPATH\Controllers\SolicitudesController.php(71): App\Models\SolicitudModel->solicitudPorSucursal('1')
 9 SYSTEMPATH\CodeIgniter.php(943): App\Controllers\SolicitudesController->index()
10 SYSTEMPATH\CodeIgniter.php(503): CodeIgniter\CodeIgniter->runController(Object(App\Controllers\SolicitudesController))
11 SYSTEMPATH\CodeIgniter.php(361): CodeIgniter\CodeIgniter->handleRequest(null, Object(Config\Cache), false)
12 FCPATH\index.php(79): CodeIgniter\CodeIgniter->run()
INFO - 2024-09-22 10:06:08 --> Session: Class initialized using 'CodeIgniter\Session\Handlers\FileHandler' driver.
INFO - 2024-09-22 10:06:08 --> SolicitudesController solicitudes
ERROR - 2024-09-22 10:06:09 --> mysqli_sql_exception: Illegal mix of collations (utf8mb4_unicode_ci,IMPLICIT) and (utf8mb4_general_ci,IMPLICIT) for operation '=' in C:\xampp\htdocs\creditos\system\Database\MySQLi\Connection.php:306
Stack trace:
#0 C:\xampp\htdocs\creditos\system\Database\MySQLi\Connection.php(306): mysqli->query('SELECT `s`.`id_...', 0)
#1 C:\xampp\htdocs\creditos\system\Database\BaseConnection.php(693): CodeIgniter\Database\MySQLi\Connection->execute('SELECT `s`.`id_...')
#2 C:\xampp\htdocs\creditos\system\Database\BaseConnection.php(607): CodeIgniter\Database\BaseConnection->simpleQuery('SELECT `s`.`id_...')
#3 C:\xampp\htdocs\creditos\system\Database\BaseBuilder.php(1616): CodeIgniter\Database\BaseConnection->query('SELECT `s`.`id_...', Array, false)
#4 C:\xampp\htdocs\creditos\system\Model.php(243): CodeIgniter\Database\BaseBuilder->get()
#5 C:\xampp\htdocs\creditos\system\BaseModel.php(638): CodeIgniter\Model->doFindAll(0, 0)
#6 C:\xampp\htdocs\creditos\app\Models\SolicitudModel.php(45): CodeIgniter\BaseModel->findAll()
#7 C:\xampp\htdocs\creditos\app\Controllers\SolicitudesController.php(71): App\Models\SolicitudModel->solicitudPorSucursal('1')
#8 C:\xampp\htdocs\creditos\system\CodeIgniter.php(943): App\Controllers\SolicitudesController->index()
#9 C:\xampp\htdocs\creditos\system\CodeIgniter.php(503): CodeIgniter\CodeIgniter->runController(Object(App\Controllers\SolicitudesController))
#10 C:\xampp\htdocs\creditos\system\CodeIgniter.php(361): CodeIgniter\CodeIgniter->handleRequest(NULL, Object(Config\Cache), false)
#11 C:\xampp\htdocs\creditos\index.php(79): CodeIgniter\CodeIgniter->run()
#12 {main}
CRITICAL - 2024-09-22 10:06:09 --> CodeIgniter\Database\Exceptions\DatabaseException: Illegal mix of collations (utf8mb4_unicode_ci,IMPLICIT) and (utf8mb4_general_ci,IMPLICIT) for operation '='
in SYSTEMPATH\Database\BaseConnection.php on line 647.
 1 SYSTEMPATH\Database\BaseBuilder.php(1616): CodeIgniter\Database\BaseConnection->query('SELECT `s`.`id_solicitud`, `s`.`numero_solicitud`, `s`.`fecha_creacion`, `c`.`dui`, `c`.`nombre_completo`, CONCAT(u.nombres, " ", u.apellidos) AS user_creador, `es`.`estado`, `s`.`id_estado_actual`, `s`.`observacion`, IF(COUNT(cs.numero_solicitud) > 0, 1, 0) AS tiene_contrato
FROM (`solicitud`, `solicitud` AS `s`)
JOIN `clientes` AS `c` ON `s`.`id_cliente` = `c`.`id_cliente`
JOIN `usuarios` AS `u` ON `s`.`id_usuario_creacion` = `u`.`id_usuario`
JOIN `estados_solicitud` AS `es` ON `s`.`id_estado_actual` = `es`.`id_estado`
LEFT JOIN `contrato_solicitud` AS `cs` ON `cs`.`numero_solicitud` = `s`.`numero_solicitud`
WHERE `s`.`id_sucursal` = :s.id_sucursal:', [...], false)
 2 SYSTEMPATH\Model.php(243): CodeIgniter\Database\BaseBuilder->get()
 3 SYSTEMPATH\BaseModel.php(638): CodeIgniter\Model->doFindAll(0, 0)
 4 APPPATH\Models\SolicitudModel.php(45): CodeIgniter\BaseModel->findAll()
 5 APPPATH\Controllers\SolicitudesController.php(71): App\Models\SolicitudModel->solicitudPorSucursal('1')
 6 SYSTEMPATH\CodeIgniter.php(943): App\Controllers\SolicitudesController->index()
 7 SYSTEMPATH\CodeIgniter.php(503): CodeIgniter\CodeIgniter->runController(Object(App\Controllers\SolicitudesController))
 8 SYSTEMPATH\CodeIgniter.php(361): CodeIgniter\CodeIgniter->handleRequest(null, Object(Config\Cache), false)
 9 FCPATH\index.php(79): CodeIgniter\CodeIgniter->run()
CRITICAL - 2024-09-22 10:06:09 --> [Caused by] CodeIgniter\Database\Exceptions\DatabaseException: Illegal mix of collations (utf8mb4_unicode_ci,IMPLICIT) and (utf8mb4_general_ci,IMPLICIT) for operation '='
in SYSTEMPATH\Database\MySQLi\Connection.php on line 311.
 1 SYSTEMPATH\Database\BaseConnection.php(693): CodeIgniter\Database\MySQLi\Connection->execute('SELECT `s`.`id_solicitud`, `s`.`numero_solicitud`, `s`.`fecha_creacion`, `c`.`dui`, `c`.`nombre_completo`, CONCAT(u.nombres, " ", u.apellidos) AS user_creador, `es`.`estado`, `s`.`id_estado_actual`, `s`.`observacion`, IF(COUNT(cs.numero_solicitud) > 0, 1, 0) AS tiene_contrato
FROM (`solicitud`, `solicitud` AS `s`)
JOIN `clientes` AS `c` ON `s`.`id_cliente` = `c`.`id_cliente`
JOIN `usuarios` AS `u` ON `s`.`id_usuario_creacion` = `u`.`id_usuario`
JOIN `estados_solicitud` AS `es` ON `s`.`id_estado_actual` = `es`.`id_estado`
LEFT JOIN `contrato_solicitud` AS `cs` ON `cs`.`numero_solicitud` = `s`.`numero_solicitud`
WHERE `s`.`id_sucursal` = \'1\'')
 2 SYSTEMPATH\Database\BaseConnection.php(607): CodeIgniter\Database\BaseConnection->simpleQuery('SELECT `s`.`id_solicitud`, `s`.`numero_solicitud`, `s`.`fecha_creacion`, `c`.`dui`, `c`.`nombre_completo`, CONCAT(u.nombres, " ", u.apellidos) AS user_creador, `es`.`estado`, `s`.`id_estado_actual`, `s`.`observacion`, IF(COUNT(cs.numero_solicitud) > 0, 1, 0) AS tiene_contrato
FROM (`solicitud`, `solicitud` AS `s`)
JOIN `clientes` AS `c` ON `s`.`id_cliente` = `c`.`id_cliente`
JOIN `usuarios` AS `u` ON `s`.`id_usuario_creacion` = `u`.`id_usuario`
JOIN `estados_solicitud` AS `es` ON `s`.`id_estado_actual` = `es`.`id_estado`
LEFT JOIN `contrato_solicitud` AS `cs` ON `cs`.`numero_solicitud` = `s`.`numero_solicitud`
WHERE `s`.`id_sucursal` = \'1\'')
 3 SYSTEMPATH\Database\BaseBuilder.php(1616): CodeIgniter\Database\BaseConnection->query('SELECT `s`.`id_solicitud`, `s`.`numero_solicitud`, `s`.`fecha_creacion`, `c`.`dui`, `c`.`nombre_completo`, CONCAT(u.nombres, " ", u.apellidos) AS user_creador, `es`.`estado`, `s`.`id_estado_actual`, `s`.`observacion`, IF(COUNT(cs.numero_solicitud) > 0, 1, 0) AS tiene_contrato
FROM (`solicitud`, `solicitud` AS `s`)
JOIN `clientes` AS `c` ON `s`.`id_cliente` = `c`.`id_cliente`
JOIN `usuarios` AS `u` ON `s`.`id_usuario_creacion` = `u`.`id_usuario`
JOIN `estados_solicitud` AS `es` ON `s`.`id_estado_actual` = `es`.`id_estado`
LEFT JOIN `contrato_solicitud` AS `cs` ON `cs`.`numero_solicitud` = `s`.`numero_solicitud`
WHERE `s`.`id_sucursal` = :s.id_sucursal:', [...], false)
 4 SYSTEMPATH\Model.php(243): CodeIgniter\Database\BaseBuilder->get()
 5 SYSTEMPATH\BaseModel.php(638): CodeIgniter\Model->doFindAll(0, 0)
 6 APPPATH\Models\SolicitudModel.php(45): CodeIgniter\BaseModel->findAll()
 7 APPPATH\Controllers\SolicitudesController.php(71): App\Models\SolicitudModel->solicitudPorSucursal('1')
 8 SYSTEMPATH\CodeIgniter.php(943): App\Controllers\SolicitudesController->index()
 9 SYSTEMPATH\CodeIgniter.php(503): CodeIgniter\CodeIgniter->runController(Object(App\Controllers\SolicitudesController))
10 SYSTEMPATH\CodeIgniter.php(361): CodeIgniter\CodeIgniter->handleRequest(null, Object(Config\Cache), false)
11 FCPATH\index.php(79): CodeIgniter\CodeIgniter->run()
CRITICAL - 2024-09-22 10:06:09 --> [Caused by] mysqli_sql_exception: Illegal mix of collations (utf8mb4_unicode_ci,IMPLICIT) and (utf8mb4_general_ci,IMPLICIT) for operation '='
in SYSTEMPATH\Database\MySQLi\Connection.php on line 306.
 1 SYSTEMPATH\Database\MySQLi\Connection.php(306): mysqli->query('SELECT `s`.`id_solicitud`, `s`.`numero_solicitud`, `s`.`fecha_creacion`, `c`.`dui`, `c`.`nombre_completo`, CONCAT(u.nombres, " ", u.apellidos) AS user_creador, `es`.`estado`, `s`.`id_estado_actual`, `s`.`observacion`, IF(COUNT(cs.numero_solicitud) > 0, 1, 0) AS tiene_contrato
FROM (`solicitud`, `solicitud` AS `s`)
JOIN `clientes` AS `c` ON `s`.`id_cliente` = `c`.`id_cliente`
JOIN `usuarios` AS `u` ON `s`.`id_usuario_creacion` = `u`.`id_usuario`
JOIN `estados_solicitud` AS `es` ON `s`.`id_estado_actual` = `es`.`id_estado`
LEFT JOIN `contrato_solicitud` AS `cs` ON `cs`.`numero_solicitud` = `s`.`numero_solicitud`
WHERE `s`.`id_sucursal` = \'1\'', 0)
 2 SYSTEMPATH\Database\BaseConnection.php(693): CodeIgniter\Database\MySQLi\Connection->execute('SELECT `s`.`id_solicitud`, `s`.`numero_solicitud`, `s`.`fecha_creacion`, `c`.`dui`, `c`.`nombre_completo`, CONCAT(u.nombres, " ", u.apellidos) AS user_creador, `es`.`estado`, `s`.`id_estado_actual`, `s`.`observacion`, IF(COUNT(cs.numero_solicitud) > 0, 1, 0) AS tiene_contrato
FROM (`solicitud`, `solicitud` AS `s`)
JOIN `clientes` AS `c` ON `s`.`id_cliente` = `c`.`id_cliente`
JOIN `usuarios` AS `u` ON `s`.`id_usuario_creacion` = `u`.`id_usuario`
JOIN `estados_solicitud` AS `es` ON `s`.`id_estado_actual` = `es`.`id_estado`
LEFT JOIN `contrato_solicitud` AS `cs` ON `cs`.`numero_solicitud` = `s`.`numero_solicitud`
WHERE `s`.`id_sucursal` = \'1\'')
 3 SYSTEMPATH\Database\BaseConnection.php(607): CodeIgniter\Database\BaseConnection->simpleQuery('SELECT `s`.`id_solicitud`, `s`.`numero_solicitud`, `s`.`fecha_creacion`, `c`.`dui`, `c`.`nombre_completo`, CONCAT(u.nombres, " ", u.apellidos) AS user_creador, `es`.`estado`, `s`.`id_estado_actual`, `s`.`observacion`, IF(COUNT(cs.numero_solicitud) > 0, 1, 0) AS tiene_contrato
FROM (`solicitud`, `solicitud` AS `s`)
JOIN `clientes` AS `c` ON `s`.`id_cliente` = `c`.`id_cliente`
JOIN `usuarios` AS `u` ON `s`.`id_usuario_creacion` = `u`.`id_usuario`
JOIN `estados_solicitud` AS `es` ON `s`.`id_estado_actual` = `es`.`id_estado`
LEFT JOIN `contrato_solicitud` AS `cs` ON `cs`.`numero_solicitud` = `s`.`numero_solicitud`
WHERE `s`.`id_sucursal` = \'1\'')
 4 SYSTEMPATH\Database\BaseBuilder.php(1616): CodeIgniter\Database\BaseConnection->query('SELECT `s`.`id_solicitud`, `s`.`numero_solicitud`, `s`.`fecha_creacion`, `c`.`dui`, `c`.`nombre_completo`, CONCAT(u.nombres, " ", u.apellidos) AS user_creador, `es`.`estado`, `s`.`id_estado_actual`, `s`.`observacion`, IF(COUNT(cs.numero_solicitud) > 0, 1, 0) AS tiene_contrato
FROM (`solicitud`, `solicitud` AS `s`)
JOIN `clientes` AS `c` ON `s`.`id_cliente` = `c`.`id_cliente`
JOIN `usuarios` AS `u` ON `s`.`id_usuario_creacion` = `u`.`id_usuario`
JOIN `estados_solicitud` AS `es` ON `s`.`id_estado_actual` = `es`.`id_estado`
LEFT JOIN `contrato_solicitud` AS `cs` ON `cs`.`numero_solicitud` = `s`.`numero_solicitud`
WHERE `s`.`id_sucursal` = :s.id_sucursal:', [...], false)
 5 SYSTEMPATH\Model.php(243): CodeIgniter\Database\BaseBuilder->get()
 6 SYSTEMPATH\BaseModel.php(638): CodeIgniter\Model->doFindAll(0, 0)
 7 APPPATH\Models\SolicitudModel.php(45): CodeIgniter\BaseModel->findAll()
 8 APPPATH\Controllers\SolicitudesController.php(71): App\Models\SolicitudModel->solicitudPorSucursal('1')
 9 SYSTEMPATH\CodeIgniter.php(943): App\Controllers\SolicitudesController->index()
10 SYSTEMPATH\CodeIgniter.php(503): CodeIgniter\CodeIgniter->runController(Object(App\Controllers\SolicitudesController))
11 SYSTEMPATH\CodeIgniter.php(361): CodeIgniter\CodeIgniter->handleRequest(null, Object(Config\Cache), false)
12 FCPATH\index.php(79): CodeIgniter\CodeIgniter->run()
INFO - 2024-09-22 10:09:01 --> Session: Class initialized using 'CodeIgniter\Session\Handlers\FileHandler' driver.
INFO - 2024-09-22 10:09:01 --> SolicitudesController solicitudes
ERROR - 2024-09-22 10:09:02 --> mysqli_sql_exception: Illegal mix of collations (utf8mb4_unicode_ci,IMPLICIT) and (utf8mb4_general_ci,IMPLICIT) for operation '=' in C:\xampp\htdocs\creditos\system\Database\MySQLi\Connection.php:306
Stack trace:
#0 C:\xampp\htdocs\creditos\system\Database\MySQLi\Connection.php(306): mysqli->query('SELECT `s`.`id_...', 0)
#1 C:\xampp\htdocs\creditos\system\Database\BaseConnection.php(693): CodeIgniter\Database\MySQLi\Connection->execute('SELECT `s`.`id_...')
#2 C:\xampp\htdocs\creditos\system\Database\BaseConnection.php(607): CodeIgniter\Database\BaseConnection->simpleQuery('SELECT `s`.`id_...')
#3 C:\xampp\htdocs\creditos\system\Database\BaseBuilder.php(1616): CodeIgniter\Database\BaseConnection->query('SELECT `s`.`id_...', Array, false)
#4 C:\xampp\htdocs\creditos\system\Model.php(243): CodeIgniter\Database\BaseBuilder->get()
#5 C:\xampp\htdocs\creditos\system\BaseModel.php(638): CodeIgniter\Model->doFindAll(0, 0)
#6 C:\xampp\htdocs\creditos\app\Models\SolicitudModel.php(45): CodeIgniter\BaseModel->findAll()
#7 C:\xampp\htdocs\creditos\app\Controllers\SolicitudesController.php(71): App\Models\SolicitudModel->solicitudPorSucursal('1')
#8 C:\xampp\htdocs\creditos\system\CodeIgniter.php(943): App\Controllers\SolicitudesController->index()
#9 C:\xampp\htdocs\creditos\system\CodeIgniter.php(503): CodeIgniter\CodeIgniter->runController(Object(App\Controllers\SolicitudesController))
#10 C:\xampp\htdocs\creditos\system\CodeIgniter.php(361): CodeIgniter\CodeIgniter->handleRequest(NULL, Object(Config\Cache), false)
#11 C:\xampp\htdocs\creditos\index.php(79): CodeIgniter\CodeIgniter->run()
#12 {main}
CRITICAL - 2024-09-22 10:09:02 --> CodeIgniter\Database\Exceptions\DatabaseException: Illegal mix of collations (utf8mb4_unicode_ci,IMPLICIT) and (utf8mb4_general_ci,IMPLICIT) for operation '='
in SYSTEMPATH\Database\BaseConnection.php on line 647.
 1 SYSTEMPATH\Database\BaseBuilder.php(1616): CodeIgniter\Database\BaseConnection->query('SELECT `s`.`id_solicitud`, `s`.`numero_solicitud`, `s`.`fecha_creacion`, `c`.`dui`, `c`.`nombre_completo`, CONCAT(u.nombres, " ", u.apellidos) AS user_creador, `es`.`estado`, `s`.`id_estado_actual`, `s`.`observacion`, IF(COUNT(cs.numero_solicitud) > 0, 1, 0) AS tiene_contrato
FROM (`solicitud`, `solicitud` AS `s`)
JOIN `clientes` AS `c` ON `s`.`id_cliente` = `c`.`id_cliente`
JOIN `usuarios` AS `u` ON `s`.`id_usuario_creacion` = `u`.`id_usuario`
JOIN `estados_solicitud` AS `es` ON `s`.`id_estado_actual` = `es`.`id_estado`
LEFT JOIN `contrato_solicitud` AS `cs` ON `cs`.`numero_solicitud` = `s`.`numero_solicitud`
WHERE `s`.`id_sucursal` = :s.id_sucursal:', [...], false)
 2 SYSTEMPATH\Model.php(243): CodeIgniter\Database\BaseBuilder->get()
 3 SYSTEMPATH\BaseModel.php(638): CodeIgniter\Model->doFindAll(0, 0)
 4 APPPATH\Models\SolicitudModel.php(45): CodeIgniter\BaseModel->findAll()
 5 APPPATH\Controllers\SolicitudesController.php(71): App\Models\SolicitudModel->solicitudPorSucursal('1')
 6 SYSTEMPATH\CodeIgniter.php(943): App\Controllers\SolicitudesController->index()
 7 SYSTEMPATH\CodeIgniter.php(503): CodeIgniter\CodeIgniter->runController(Object(App\Controllers\SolicitudesController))
 8 SYSTEMPATH\CodeIgniter.php(361): CodeIgniter\CodeIgniter->handleRequest(null, Object(Config\Cache), false)
 9 FCPATH\index.php(79): CodeIgniter\CodeIgniter->run()
CRITICAL - 2024-09-22 10:09:02 --> [Caused by] CodeIgniter\Database\Exceptions\DatabaseException: Illegal mix of collations (utf8mb4_unicode_ci,IMPLICIT) and (utf8mb4_general_ci,IMPLICIT) for operation '='
in SYSTEMPATH\Database\MySQLi\Connection.php on line 311.
 1 SYSTEMPATH\Database\BaseConnection.php(693): CodeIgniter\Database\MySQLi\Connection->execute('SELECT `s`.`id_solicitud`, `s`.`numero_solicitud`, `s`.`fecha_creacion`, `c`.`dui`, `c`.`nombre_completo`, CONCAT(u.nombres, " ", u.apellidos) AS user_creador, `es`.`estado`, `s`.`id_estado_actual`, `s`.`observacion`, IF(COUNT(cs.numero_solicitud) > 0, 1, 0) AS tiene_contrato
FROM (`solicitud`, `solicitud` AS `s`)
JOIN `clientes` AS `c` ON `s`.`id_cliente` = `c`.`id_cliente`
JOIN `usuarios` AS `u` ON `s`.`id_usuario_creacion` = `u`.`id_usuario`
JOIN `estados_solicitud` AS `es` ON `s`.`id_estado_actual` = `es`.`id_estado`
LEFT JOIN `contrato_solicitud` AS `cs` ON `cs`.`numero_solicitud` = `s`.`numero_solicitud`
WHERE `s`.`id_sucursal` = \'1\'')
 2 SYSTEMPATH\Database\BaseConnection.php(607): CodeIgniter\Database\BaseConnection->simpleQuery('SELECT `s`.`id_solicitud`, `s`.`numero_solicitud`, `s`.`fecha_creacion`, `c`.`dui`, `c`.`nombre_completo`, CONCAT(u.nombres, " ", u.apellidos) AS user_creador, `es`.`estado`, `s`.`id_estado_actual`, `s`.`observacion`, IF(COUNT(cs.numero_solicitud) > 0, 1, 0) AS tiene_contrato
FROM (`solicitud`, `solicitud` AS `s`)
JOIN `clientes` AS `c` ON `s`.`id_cliente` = `c`.`id_cliente`
JOIN `usuarios` AS `u` ON `s`.`id_usuario_creacion` = `u`.`id_usuario`
JOIN `estados_solicitud` AS `es` ON `s`.`id_estado_actual` = `es`.`id_estado`
LEFT JOIN `contrato_solicitud` AS `cs` ON `cs`.`numero_solicitud` = `s`.`numero_solicitud`
WHERE `s`.`id_sucursal` = \'1\'')
 3 SYSTEMPATH\Database\BaseBuilder.php(1616): CodeIgniter\Database\BaseConnection->query('SELECT `s`.`id_solicitud`, `s`.`numero_solicitud`, `s`.`fecha_creacion`, `c`.`dui`, `c`.`nombre_completo`, CONCAT(u.nombres, " ", u.apellidos) AS user_creador, `es`.`estado`, `s`.`id_estado_actual`, `s`.`observacion`, IF(COUNT(cs.numero_solicitud) > 0, 1, 0) AS tiene_contrato
FROM (`solicitud`, `solicitud` AS `s`)
JOIN `clientes` AS `c` ON `s`.`id_cliente` = `c`.`id_cliente`
JOIN `usuarios` AS `u` ON `s`.`id_usuario_creacion` = `u`.`id_usuario`
JOIN `estados_solicitud` AS `es` ON `s`.`id_estado_actual` = `es`.`id_estado`
LEFT JOIN `contrato_solicitud` AS `cs` ON `cs`.`numero_solicitud` = `s`.`numero_solicitud`
WHERE `s`.`id_sucursal` = :s.id_sucursal:', [...], false)
 4 SYSTEMPATH\Model.php(243): CodeIgniter\Database\BaseBuilder->get()
 5 SYSTEMPATH\BaseModel.php(638): CodeIgniter\Model->doFindAll(0, 0)
 6 APPPATH\Models\SolicitudModel.php(45): CodeIgniter\BaseModel->findAll()
 7 APPPATH\Controllers\SolicitudesController.php(71): App\Models\SolicitudModel->solicitudPorSucursal('1')
 8 SYSTEMPATH\CodeIgniter.php(943): App\Controllers\SolicitudesController->index()
 9 SYSTEMPATH\CodeIgniter.php(503): CodeIgniter\CodeIgniter->runController(Object(App\Controllers\SolicitudesController))
10 SYSTEMPATH\CodeIgniter.php(361): CodeIgniter\CodeIgniter->handleRequest(null, Object(Config\Cache), false)
11 FCPATH\index.php(79): CodeIgniter\CodeIgniter->run()
CRITICAL - 2024-09-22 10:09:02 --> [Caused by] mysqli_sql_exception: Illegal mix of collations (utf8mb4_unicode_ci,IMPLICIT) and (utf8mb4_general_ci,IMPLICIT) for operation '='
in SYSTEMPATH\Database\MySQLi\Connection.php on line 306.
 1 SYSTEMPATH\Database\MySQLi\Connection.php(306): mysqli->query('SELECT `s`.`id_solicitud`, `s`.`numero_solicitud`, `s`.`fecha_creacion`, `c`.`dui`, `c`.`nombre_completo`, CONCAT(u.nombres, " ", u.apellidos) AS user_creador, `es`.`estado`, `s`.`id_estado_actual`, `s`.`observacion`, IF(COUNT(cs.numero_solicitud) > 0, 1, 0) AS tiene_contrato
FROM (`solicitud`, `solicitud` AS `s`)
JOIN `clientes` AS `c` ON `s`.`id_cliente` = `c`.`id_cliente`
JOIN `usuarios` AS `u` ON `s`.`id_usuario_creacion` = `u`.`id_usuario`
JOIN `estados_solicitud` AS `es` ON `s`.`id_estado_actual` = `es`.`id_estado`
LEFT JOIN `contrato_solicitud` AS `cs` ON `cs`.`numero_solicitud` = `s`.`numero_solicitud`
WHERE `s`.`id_sucursal` = \'1\'', 0)
 2 SYSTEMPATH\Database\BaseConnection.php(693): CodeIgniter\Database\MySQLi\Connection->execute('SELECT `s`.`id_solicitud`, `s`.`numero_solicitud`, `s`.`fecha_creacion`, `c`.`dui`, `c`.`nombre_completo`, CONCAT(u.nombres, " ", u.apellidos) AS user_creador, `es`.`estado`, `s`.`id_estado_actual`, `s`.`observacion`, IF(COUNT(cs.numero_solicitud) > 0, 1, 0) AS tiene_contrato
FROM (`solicitud`, `solicitud` AS `s`)
JOIN `clientes` AS `c` ON `s`.`id_cliente` = `c`.`id_cliente`
JOIN `usuarios` AS `u` ON `s`.`id_usuario_creacion` = `u`.`id_usuario`
JOIN `estados_solicitud` AS `es` ON `s`.`id_estado_actual` = `es`.`id_estado`
LEFT JOIN `contrato_solicitud` AS `cs` ON `cs`.`numero_solicitud` = `s`.`numero_solicitud`
WHERE `s`.`id_sucursal` = \'1\'')
 3 SYSTEMPATH\Database\BaseConnection.php(607): CodeIgniter\Database\BaseConnection->simpleQuery('SELECT `s`.`id_solicitud`, `s`.`numero_solicitud`, `s`.`fecha_creacion`, `c`.`dui`, `c`.`nombre_completo`, CONCAT(u.nombres, " ", u.apellidos) AS user_creador, `es`.`estado`, `s`.`id_estado_actual`, `s`.`observacion`, IF(COUNT(cs.numero_solicitud) > 0, 1, 0) AS tiene_contrato
FROM (`solicitud`, `solicitud` AS `s`)
JOIN `clientes` AS `c` ON `s`.`id_cliente` = `c`.`id_cliente`
JOIN `usuarios` AS `u` ON `s`.`id_usuario_creacion` = `u`.`id_usuario`
JOIN `estados_solicitud` AS `es` ON `s`.`id_estado_actual` = `es`.`id_estado`
LEFT JOIN `contrato_solicitud` AS `cs` ON `cs`.`numero_solicitud` = `s`.`numero_solicitud`
WHERE `s`.`id_sucursal` = \'1\'')
 4 SYSTEMPATH\Database\BaseBuilder.php(1616): CodeIgniter\Database\BaseConnection->query('SELECT `s`.`id_solicitud`, `s`.`numero_solicitud`, `s`.`fecha_creacion`, `c`.`dui`, `c`.`nombre_completo`, CONCAT(u.nombres, " ", u.apellidos) AS user_creador, `es`.`estado`, `s`.`id_estado_actual`, `s`.`observacion`, IF(COUNT(cs.numero_solicitud) > 0, 1, 0) AS tiene_contrato
FROM (`solicitud`, `solicitud` AS `s`)
JOIN `clientes` AS `c` ON `s`.`id_cliente` = `c`.`id_cliente`
JOIN `usuarios` AS `u` ON `s`.`id_usuario_creacion` = `u`.`id_usuario`
JOIN `estados_solicitud` AS `es` ON `s`.`id_estado_actual` = `es`.`id_estado`
LEFT JOIN `contrato_solicitud` AS `cs` ON `cs`.`numero_solicitud` = `s`.`numero_solicitud`
WHERE `s`.`id_sucursal` = :s.id_sucursal:', [...], false)
 5 SYSTEMPATH\Model.php(243): CodeIgniter\Database\BaseBuilder->get()
 6 SYSTEMPATH\BaseModel.php(638): CodeIgniter\Model->doFindAll(0, 0)
 7 APPPATH\Models\SolicitudModel.php(45): CodeIgniter\BaseModel->findAll()
 8 APPPATH\Controllers\SolicitudesController.php(71): App\Models\SolicitudModel->solicitudPorSucursal('1')
 9 SYSTEMPATH\CodeIgniter.php(943): App\Controllers\SolicitudesController->index()
10 SYSTEMPATH\CodeIgniter.php(503): CodeIgniter\CodeIgniter->runController(Object(App\Controllers\SolicitudesController))
11 SYSTEMPATH\CodeIgniter.php(361): CodeIgniter\CodeIgniter->handleRequest(null, Object(Config\Cache), false)
12 FCPATH\index.php(79): CodeIgniter\CodeIgniter->run()
INFO - 2024-09-22 10:10:27 --> Session: Class initialized using 'CodeIgniter\Session\Handlers\FileHandler' driver.
INFO - 2024-09-22 10:10:27 --> SolicitudesController solicitudes
INFO - 2024-09-22 10:12:36 --> Session: Class initialized using 'CodeIgniter\Session\Handlers\FileHandler' driver.
INFO - 2024-09-22 10:12:36 --> SolicitudesController solicitudes
INFO - 2024-09-22 10:12:49 --> Session: Class initialized using 'CodeIgniter\Session\Handlers\FileHandler' driver.
INFO - 2024-09-22 10:12:49 --> SolicitudesController solicitudes
INFO - 2024-09-22 10:13:04 --> Session: Class initialized using 'CodeIgniter\Session\Handlers\FileHandler' driver.
INFO - 2024-09-22 10:13:04 --> encryptedSolicitud::: MTI=
INFO - 2024-09-22 10:13:04 --> numero de solicitud decrypted::: 12
INFO - 2024-09-22 10:13:06 --> Datos de la refLaboral:: Array
(
    [0] => Array
        (
            [id_referencia_laboral] => 11
            [id_solicitud] => 12
            [profesion_oficio] => Programador
            [empresa] => Sis. financiero
            [direccion_trabajo] => San salvador colonia medica
            [telefono_trabajo] => 2309-8655
            [cargo] => DEV JAVA
            [salario] => 2000.00
            [tiempo_laborado_empresa] => 3 AOS
            [nombre_jefe_inmediato] => MARIO LOPEZ
            [empresa_anterior] => WARESOFT
            [telefono_empresa_anterior] => 2333-3333
        )

)

INFO - 2024-09-22 10:13:11 --> ***************************************generarContrato***************************************
INFO - 2024-09-22 10:13:11 --> Session: Class initialized using 'CodeIgniter\Session\Handlers\FileHandler' driver.
INFO - 2024-09-22 10:13:13 --> numero de contrato generado:: ::: 0001-00000001
INFO - 2024-09-22 10:13:13 --> Reemplazando representanteLegal con MARTHA LOPEZ PEREZ
INFO - 2024-09-22 10:13:13 --> Reemplazando edadRepresentanteLet con CUARENTA Y CUATRO
INFO - 2024-09-22 10:13:13 --> Reemplazando duiRepresentante con 98875666-3
INFO - 2024-09-22 10:13:13 --> Reemplazando mueblesSolicitados con MOVIL
INFO - 2024-09-22 10:13:13 --> Reemplazando sucursal con CASA MATRIZ
INFO - 2024-09-22 10:13:13 --> Reemplazando cantidadCuotas con 8
INFO - 2024-09-22 10:13:13 --> Reemplazando precioTotal con $598.19
INFO - 2024-09-22 10:13:13 --> Reemplazando valorPrima con $120.00
INFO - 2024-09-22 10:13:13 --> Reemplazando montoCuotas con $59.77
INFO - 2024-09-22 10:13:13 --> Reemplazando diaLetra con VEINTICINCO
INFO - 2024-09-22 10:13:13 --> Reemplazando mesLetra con SEPTIEMBRE
INFO - 2024-09-22 10:13:13 --> Reemplazando anioLetra con VEINTICUATRO
INFO - 2024-09-22 10:13:13 --> Reemplazando montoTotalPagar con $598.19
INFO - 2024-09-22 10:13:13 --> Reemplazando inicioPeriodoPago con 26 DE AGOSTO DE 2024
INFO - 2024-09-22 10:13:13 --> Reemplazando diasPago con 26
INFO - 2024-09-22 10:13:13 --> Reemplazando nombreFiador con JORGE ANTONIO LOPEZ
INFO - 2024-09-22 10:13:13 --> Reemplazando domicilioFiador con QUEZALTEPEQUE, LA LIBERTAD
INFO - 2024-09-22 10:13:13 --> Reemplazando duiFiador con 09388877-7
INFO - 2024-09-22 10:13:13 --> Reemplazando nitFiador con 09388877-7
INFO - 2024-09-22 10:13:13 --> Reemplazando nombreCliente con JAIME EDGARDO PALACIOS GARCIA
INFO - 2024-09-22 10:13:13 --> Reemplazando ciudadContrato con SAN SALVADOR
INFO - 2024-09-22 10:13:13 --> Reemplazando ciudadSucursal con SAN SALVADOR
INFO - 2024-09-22 10:13:13 --> Reemplazando horaDefault con 10:00 AM
INFO - 2024-09-22 10:13:13 --> Reemplazando diaCreacionSol con 26
INFO - 2024-09-22 10:13:13 --> Reemplazando mesCreacionSol con AGOSTO
INFO - 2024-09-22 10:13:13 --> Reemplazando anioCreacionSol con 2024
INFO - 2024-09-22 10:13:13 --> Reemplazando nombreApoderado con JOSE ALFONSO REDONDO
INFO - 2024-09-22 10:13:13 --> Reemplazando domicilioApoderado con CALLE CENTRAL, SAN SALVADOR
INFO - 2024-09-22 10:13:13 --> Reemplazando duiCliente con 05682717-5
INFO - 2024-09-22 10:13:19 --> llega la sol::: 000001
INFO - 2024-09-22 10:13:19 --> respuesta del select::: C:\xampp\htdocs\creditos\public/documentos/000001/contrato_000001.docx
INFO - 2024-09-22 10:13:21 --> Session: Class initialized using 'CodeIgniter\Session\Handlers\FileHandler' driver.
INFO - 2024-09-22 10:13:21 --> SolicitudesController solicitudes
INFO - 2024-09-22 10:13:41 --> llega la sol::: 000001
INFO - 2024-09-22 10:13:42 --> respuesta del select::: C:\xampp\htdocs\creditos\public/documentos/000001/contrato_000001.docx
INFO - 2024-09-22 10:16:07 --> Session: Class initialized using 'CodeIgniter\Session\Handlers\FileHandler' driver.
INFO - 2024-09-22 10:16:07 --> SolicitudesController solicitudes
INFO - 2024-09-22 10:16:17 --> llega la sol::: 000001
INFO - 2024-09-22 10:16:18 --> respuesta del select::: C:\xampp\htdocs\creditos\public/documentos/000001/contrato_000001.docx
INFO - 2024-09-22 10:16:41 --> Session: Class initialized using 'CodeIgniter\Session\Handlers\FileHandler' driver.
INFO - 2024-09-22 10:16:41 --> Session: Class initialized using 'CodeIgniter\Session\Handlers\FileHandler' driver.
INFO - 2024-09-22 10:16:44 --> iniciando sesion
INFO - 2024-09-22 10:16:45 --> Valor retornado del acceso es:: [{"url_acceso":"solicitudes","orden_acceso":"1"},{"url_acceso":"clientes","orden_acceso":"2"},{"url_acceso":"nueva_solicitud","orden_acceso":null},{"url_acceso":"perfil","orden_acceso":null}]
INFO - 2024-09-22 10:16:45 --> Session: Class initialized using 'CodeIgniter\Session\Handlers\FileHandler' driver.
INFO - 2024-09-22 10:16:45 --> Session: Class initialized using 'CodeIgniter\Session\Handlers\FileHandler' driver.
INFO - 2024-09-22 10:16:46 --> SolicitudesController solicitudes
