INFO - 2024-11-25 20:11:22 --> Session: Class initialized using 'CodeIgniter\Session\Handlers\FileHandler' driver.
INFO - 2024-11-25 20:11:25 --> Session: Class initialized using 'CodeIgniter\Session\Handlers\FileHandler' driver.
INFO - 2024-11-25 20:12:35 --> iniciando sesion
INFO - 2024-11-25 20:12:37 --> Valor retornado del acceso es:: [{"url_acceso":"inicio_administracion","orden_acceso":"1"},{"url_acceso":"usuarios","orden_acceso":"2"},{"url_acceso":"productos","orden_acceso":"3"},{"url_acceso":"categorias","orden_acceso":"4"},{"url_acceso":"proveedores","orden_acceso":"5"},{"url_acceso":"ingresos_por_compras","orden_acceso":"6"},{"url_acceso":"ingresos","orden_acceso":"7"},{"url_acceso":"salidas","orden_acceso":"8"},{"url_acceso":"apoderados","orden_acceso":"9"},{"url_acceso":"permisos","orden_acceso":"10"},{"url_acceso":"perfil","orden_acceso":null},{"url_acceso":"solicitudes","orden_acceso":"1"},{"url_acceso":"clientes","orden_acceso":"2"},{"url_acceso":"nueva_solicitud","orden_acceso":null},{"url_acceso":"profesiones","orden_acceso":"11"},{"url_acceso":"nuevo_cliente","orden_acceso":null},{"url_acceso":"colonias","orden_acceso":"12"},{"url_acceso":"cobros","orden_acceso":"13"}]
INFO - 2024-11-25 20:12:37 --> Session: Class initialized using 'CodeIgniter\Session\Handlers\FileHandler' driver.
INFO - 2024-11-25 20:12:37 --> Session: Class initialized using 'CodeIgniter\Session\Handlers\FileHandler' driver.
INFO - 2024-11-25 20:12:37 --> AdministracionController inicio_administracion
INFO - 2024-11-25 20:12:37 --> AdministracionController Acceso permitido
INFO - 2024-11-25 20:17:41 --> Session: Class initialized using 'CodeIgniter\Session\Handlers\FileHandler' driver.
INFO - 2024-11-25 20:17:45 --> Session: Class initialized using 'CodeIgniter\Session\Handlers\FileHandler' driver.
INFO - 2024-11-25 20:17:46 --> Resultado JSON: [{"id_solicitud":"14","numero_solicitud":"000001","fecha_creacion":"2024-11-11 20:07:45","dui":"01234567-8","nombre_completo":"Ana Mar\u00eda P\u00e9rez L\u00f3pez","user_creador":"Jaime Edgardo Palacios Garcia","estado":"Aprobada","id_estado_actual":"2","observacion":null,"num_contrato":"0001-00000001","montoApagar":"259.43"}]
INFO - 2024-11-25 20:17:48 --> Session: Class initialized using 'CodeIgniter\Session\Handlers\FileHandler' driver.
INFO - 2024-11-25 20:17:48 --> Resultado JSON id_solicitud: 14
INFO - 2024-11-25 20:17:48 --> Resultado JSON deudasSolicitud: Array
(
    [0] => Array
        (
            [id_cobro] => 5
            [id_solicitud] => 14
            [numero_cuota] => 0
            [monto_cuota] => 100.00
            [descripcion] => Pago de prima o cuota numero 0 de 4
            [estado] => CANCELADO
            [fecha_vencimiento] => 2024-11-12
            [fecha_pago] => 2024-11-11
            [interesGenerado] => 0
        )

    [1] => Array
        (
            [id_cobro] => 6
            [id_solicitud] => 14
            [numero_cuota] => 1
            [monto_cuota] => 39.86
            [descripcion] => 
            [estado] => PENDIENTE
            [fecha_vencimiento] => 2024-11-11
            [fecha_pago] => 2024-11-11
            [interesGenerado] => 0
        )

    [2] => Array
        (
            [id_cobro] => 7
            [id_solicitud] => 14
            [numero_cuota] => 2
            [monto_cuota] => 39.86
            [descripcion] => 
            [estado] => PENDIENTE
            [fecha_vencimiento] => 2025-01-12
            [fecha_pago] => 2025-01-11
            [interesGenerado] => 0
        )

    [3] => Array
        (
            [id_cobro] => 8
            [id_solicitud] => 14
            [numero_cuota] => 3
            [monto_cuota] => 39.86
            [descripcion] => 
            [estado] => PENDIENTE
            [fecha_vencimiento] => 2025-02-12
            [fecha_pago] => 2025-02-11
            [interesGenerado] => 0
        )

    [4] => Array
        (
            [id_cobro] => 9
            [id_solicitud] => 14
            [numero_cuota] => 4
            [monto_cuota] => 39.86
            [descripcion] => 
            [estado] => PENDIENTE
            [fecha_vencimiento] => 2025-03-12
            [fecha_pago] => 2025-03-11
            [interesGenerado] => 0
        )

)

INFO - 2024-11-25 20:19:16 --> Procesando pago: {"id":"6","diasMora":14,"mora":"1.30","montoTotalCuotaInteres":41.16,"montoCuota":39.86}
INFO - 2024-11-25 20:26:42 --> Session: Class initialized using 'CodeIgniter\Session\Handlers\FileHandler' driver.
INFO - 2024-11-25 20:26:42 --> Resultado JSON id_solicitud: 14
INFO - 2024-11-25 20:26:43 --> Resultado JSON deudasSolicitud: Array
(
    [0] => Array
        (
            [id_cobro] => 5
            [id_solicitud] => 14
            [numero_cuota] => 0
            [monto_cuota] => 100.00
            [descripcion] => Pago de prima o cuota numero 0 de 4
            [estado] => CANCELADO
            [fecha_vencimiento] => 2024-11-12
            [fecha_pago] => 2024-11-11
            [interesGenerado] => 0
        )

    [1] => Array
        (
            [id_cobro] => 6
            [id_solicitud] => 14
            [numero_cuota] => 1
            [monto_cuota] => 39.86
            [descripcion] => 
            [estado] => PENDIENTE
            [fecha_vencimiento] => 2024-11-11
            [fecha_pago] => 2024-11-11
            [interesGenerado] => 0
        )

    [2] => Array
        (
            [id_cobro] => 7
            [id_solicitud] => 14
            [numero_cuota] => 2
            [monto_cuota] => 39.86
            [descripcion] => 
            [estado] => PENDIENTE
            [fecha_vencimiento] => 2025-01-12
            [fecha_pago] => 2025-01-11
            [interesGenerado] => 0
        )

    [3] => Array
        (
            [id_cobro] => 8
            [id_solicitud] => 14
            [numero_cuota] => 3
            [monto_cuota] => 39.86
            [descripcion] => 
            [estado] => PENDIENTE
            [fecha_vencimiento] => 2025-02-12
            [fecha_pago] => 2025-02-11
            [interesGenerado] => 0
        )

    [4] => Array
        (
            [id_cobro] => 9
            [id_solicitud] => 14
            [numero_cuota] => 4
            [monto_cuota] => 39.86
            [descripcion] => 
            [estado] => PENDIENTE
            [fecha_vencimiento] => 2025-03-12
            [fecha_pago] => 2025-03-11
            [interesGenerado] => 0
        )

)

INFO - 2024-11-25 20:28:18 --> Session: Class initialized using 'CodeIgniter\Session\Handlers\FileHandler' driver.
INFO - 2024-11-25 20:28:24 --> Session: Class initialized using 'CodeIgniter\Session\Handlers\FileHandler' driver.
INFO - 2024-11-25 20:28:25 --> Resultado JSON: [{"id_solicitud":"14","numero_solicitud":"000001","fecha_creacion":"2024-11-11 20:07:45","dui":"01234567-8","nombre_completo":"Ana Mar\u00eda P\u00e9rez L\u00f3pez","user_creador":"Jaime Edgardo Palacios Garcia","estado":"Aprobada","id_estado_actual":"2","observacion":null,"num_contrato":"0001-00000001","montoApagar":"259.43"}]
INFO - 2024-11-25 20:29:45 --> Session: Class initialized using 'CodeIgniter\Session\Handlers\FileHandler' driver.
ERROR - 2024-11-25 20:29:55 --> Error connecting to the database: mysqli_sql_exception: Se produjo un error durante el intento de conexión ya que la parte conectada no respondió adecuadamente tras un periodo de tiempo, o bien se produjo un error en la conexión establecida ya que el host conectado no ha podido responder in C:\xampp\htdocs\creditos\system\Database\MySQLi\Connection.php:185
Stack trace:
#0 C:\xampp\htdocs\creditos\system\Database\MySQLi\Connection.php(185): mysqli->real_connect('srv750.hstgr.io', 'u735812367_prue...', '7oFfBcQB=', 'u735812367_prue...', 3306, '', 0)
#1 C:\xampp\htdocs\creditos\system\Database\BaseConnection.php(392): CodeIgniter\Database\MySQLi\Connection->connect(false)
#2 C:\xampp\htdocs\creditos\system\Database\BaseConnection.php(575): CodeIgniter\Database\BaseConnection->initialize()
#3 C:\xampp\htdocs\creditos\system\Database\BaseBuilder.php(1616): CodeIgniter\Database\BaseConnection->query('SELECT `accesos...', Array, false)
#4 C:\xampp\htdocs\creditos\system\Model.php(243): CodeIgniter\Database\BaseBuilder->get()
#5 C:\xampp\htdocs\creditos\system\BaseModel.php(638): CodeIgniter\Model->doFindAll(0, 0)
#6 C:\xampp\htdocs\creditos\app\Models\MenuModel.php(15): CodeIgniter\BaseModel->findAll()
#7 C:\xampp\htdocs\creditos\app\Controllers\MenuController.php(17): App\Models\MenuModel->getMenu('2')
#8 C:\xampp\htdocs\creditos\app\Controllers\BaseController.php(67): App\Controllers\MenuController->obtenerMenuPorUsuario()
#9 C:\xampp\htdocs\creditos\app\Controllers\CobrosController.php(15): App\Controllers\BaseController->renderPage('<!-- DEBUG-VIEW...')
#10 C:\xampp\htdocs\creditos\system\CodeIgniter.php(943): App\Controllers\CobrosController->index()
#11 C:\xampp\htdocs\creditos\system\CodeIgniter.php(503): CodeIgniter\CodeIgniter->runController(Object(App\Controllers\CobrosController))
#12 C:\xampp\htdocs\creditos\system\CodeIgniter.php(361): CodeIgniter\CodeIgniter->handleRequest(NULL, Object(Config\Cache), false)
#13 C:\xampp\htdocs\creditos\index.php(79): CodeIgniter\CodeIgniter->run()
#14 {main}

Next CodeIgniter\Database\Exceptions\DatabaseException: Se produjo un error durante el intento de conexión ya que la parte conectada no respondió adecuadamente tras un periodo de tiempo, o bien se produjo un error en la conexión establecida ya que el host conectado no ha podido responder in C:\xampp\htdocs\creditos\system\Database\MySQLi\Connection.php:229
Stack trace:
#0 C:\xampp\htdocs\creditos\system\Database\BaseConnection.php(392): CodeIgniter\Database\MySQLi\Connection->connect(false)
#1 C:\xampp\htdocs\creditos\system\Database\BaseConnection.php(575): CodeIgniter\Database\BaseConnection->initialize()
#2 C:\xampp\htdocs\creditos\system\Database\BaseBuilder.php(1616): CodeIgniter\Database\BaseConnection->query('SELECT `accesos...', Array, false)
#3 C:\xampp\htdocs\creditos\system\Model.php(243): CodeIgniter\Database\BaseBuilder->get()
#4 C:\xampp\htdocs\creditos\system\BaseModel.php(638): CodeIgniter\Model->doFindAll(0, 0)
#5 C:\xampp\htdocs\creditos\app\Models\MenuModel.php(15): CodeIgniter\BaseModel->findAll()
#6 C:\xampp\htdocs\creditos\app\Controllers\MenuController.php(17): App\Models\MenuModel->getMenu('2')
#7 C:\xampp\htdocs\creditos\app\Controllers\BaseController.php(67): App\Controllers\MenuController->obtenerMenuPorUsuario()
#8 C:\xampp\htdocs\creditos\app\Controllers\CobrosController.php(15): App\Controllers\BaseController->renderPage('<!-- DEBUG-VIEW...')
#9 C:\xampp\htdocs\creditos\system\CodeIgniter.php(943): App\Controllers\CobrosController->index()
#10 C:\xampp\htdocs\creditos\system\CodeIgniter.php(503): CodeIgniter\CodeIgniter->runController(Object(App\Controllers\CobrosController))
#11 C:\xampp\htdocs\creditos\system\CodeIgniter.php(361): CodeIgniter\CodeIgniter->handleRequest(NULL, Object(Config\Cache), false)
#12 C:\xampp\htdocs\creditos\index.php(79): CodeIgniter\CodeIgniter->run()
#13 {main}
CRITICAL - 2024-11-25 20:29:55 --> CodeIgniter\Database\Exceptions\DatabaseException: Unable to connect to the database.
Main connection [MySQLi]: Se produjo un error durante el intento de conexión ya que la parte conectada no respondió adecuadamente tras un periodo de tiempo, o bien se produjo un error en la conexión establecida ya que el host conectado no ha podido responder
in SYSTEMPATH\Database\BaseConnection.php on line 428.
 1 SYSTEMPATH\Database\BaseConnection.php(575): CodeIgniter\Database\BaseConnection->initialize()
 2 SYSTEMPATH\Database\BaseBuilder.php(1616): CodeIgniter\Database\BaseConnection->query('SELECT `accesos`.*
FROM `accesos`
JOIN `perfiles_accesos` ON `accesos`.`id_acceso` = `perfiles_accesos`.`id_acceso`
WHERE `accesos`.`ver_en_menu` = :accesos.ver_en_menu:
AND `perfiles_accesos`.`id_perfil` = :perfiles_accesos.id_perfil:', [...], false)
 3 SYSTEMPATH\Model.php(243): CodeIgniter\Database\BaseBuilder->get()
 4 SYSTEMPATH\BaseModel.php(638): CodeIgniter\Model->doFindAll(0, 0)
 5 APPPATH\Models\MenuModel.php(15): CodeIgniter\BaseModel->findAll()
 6 APPPATH\Controllers\MenuController.php(17): App\Models\MenuModel->getMenu('2')
 7 APPPATH\Controllers\BaseController.php(67): App\Controllers\MenuController->obtenerMenuPorUsuario()
 8 APPPATH\Controllers\CobrosController.php(15): App\Controllers\BaseController->renderPage('<!-- DEBUG-VIEW START 1 APPPATH\\Views\\cobros\\cobros.php -->
<div class="container-fluid">
    <h1 class="h3 mb-2 text-gray-800">Cobros</h1>
    <p class="mb-4">En este apartado podras realizar los cobros por clientes.</p>
    <div class="card shadow mb-4">
        <div class="card-header py-3">
            <h6 class="m-0 font-weight-bold text-primary">Buscar cliente</h6>
        </div>
        <div class="card-body">
            <div class="row mb-2">
                <div class="container">
                    <div class="col-sm-6 d-flex justify-content-start">
                        <div class="form-inline my-2 my-lg-0">
                            <input class="form-control mr-sm-2 duiG" type="text" id="duiBuscarCliente" placeholder="Ingrese el DUI buscar" aria-label="Search" autocomplete="off">
                            <button class="btn btn-outline-primary my-2 my-sm-0" onclick="buscarClienteDeudas()">Buscar cliente</button>
                        </div>
                    </div>
                </div>
            </div>
            <div class="row">
                <div class="col-md-12">
                    <div class="container mt-5">
                        <table id="tablaSolicitudes" class="table table-bordered">
                            <thead>
                                <tr>
                                    <th>No Solicitud</th>
                                    <th>DUI</th>
                                    <th>Cliente</th>
                                    <th>Fecha creación</th>
                                    <th>Estado</th>
                                    <th>Usuario creador</th>
                                    <th>Monto a pagar</th>
                                    <th>Operaciones</th>
                                </tr>
                            </thead>
                            <tbody id="cuerpoSolicitudes">
                                <!-- Aquí se insertarán las solicitudes dinámicamente -->
                            </tbody>
                        </table>

                        <!-- Modal de selección de cobros -->
                        <div id="modalCobros" class="modal fade" tabindex="-1" role="dialog" aria-labelledby="modalCobrosLabel" aria-hidden="true">
                            <div class="modal-dialog modal-xl" role="document">
                                <div class="modal-content">
                                    <div class="modal-header">
                                        <h5 class="modal-title" id="modalCobrosLabel">Seleccionar Cobros</h5>
                                        <button type="button" class="close" data-dismiss="modal" aria-label="Close">
                                            <span aria-hidden="true">&times;</span>
                                        </button>
                                    </div>
                                    <div class="modal-body">
                                        <form id="paymentSelectionForm">
                                            <div class="table-responsive">
                                                <table class="table table-bordered table-striped">
                                                    <thead class="thead-dark">
                                                        <tr>
                                                            <th>Select</i></th>
                                                            <th>Número de Cuota</th>
                                                            <th>Fecha de Pago</th>
                                                            <th>Fecha de Vencimiento</th>
                                                            <th>Monto</th>
                                                            <th>Estado</th>
                                                            <th style="width: 17%;">Mora generada</th>
                                                        </tr>
                                                    </thead>
                                                    <tbody id="cobrosList">
                                                        <!-- Aquí se agregarán las filas dinámicamente -->
                                                    </tbody>
                                                </table>
                                            </div>
                                            <button type="button" class="btn btn-primary mt-3" onclick="submitSelectedPayments()">Procesar Pagos Seleccionados</button>
                                        </form>
                                    </div>
                                </div>
                            </div>
                        </div>

                    </div>
                </div>
            </div>
        </div>
    </div>
</div>
<script src="http://localhost/creditos/public/js/cobros.js"></script>
<!-- DEBUG-VIEW ENDED 1 APPPATH\\Views\\cobros\\cobros.php -->
')
 9 SYSTEMPATH\CodeIgniter.php(943): App\Controllers\CobrosController->index()
10 SYSTEMPATH\CodeIgniter.php(503): CodeIgniter\CodeIgniter->runController(Object(App\Controllers\CobrosController))
11 SYSTEMPATH\CodeIgniter.php(361): CodeIgniter\CodeIgniter->handleRequest(null, Object(Config\Cache), false)
12 FCPATH\index.php(79): CodeIgniter\CodeIgniter->run()
INFO - 2024-11-25 20:29:56 --> Session: Class initialized using 'CodeIgniter\Session\Handlers\FileHandler' driver.
INFO - 2024-11-25 20:29:56 --> Resultado JSON id_solicitud: 14
ERROR - 2024-11-25 20:30:06 --> Error connecting to the database: mysqli_sql_exception: Se produjo un error durante el intento de conexión ya que la parte conectada no respondió adecuadamente tras un periodo de tiempo, o bien se produjo un error en la conexión establecida ya que el host conectado no ha podido responder in C:\xampp\htdocs\creditos\system\Database\MySQLi\Connection.php:185
Stack trace:
#0 C:\xampp\htdocs\creditos\system\Database\MySQLi\Connection.php(185): mysqli->real_connect('srv750.hstgr.io', 'u735812367_prue...', '7oFfBcQB=', 'u735812367_prue...', 3306, '', 0)
#1 C:\xampp\htdocs\creditos\system\Database\BaseConnection.php(392): CodeIgniter\Database\MySQLi\Connection->connect(false)
#2 C:\xampp\htdocs\creditos\system\Database\BaseConnection.php(575): CodeIgniter\Database\BaseConnection->initialize()
#3 C:\xampp\htdocs\creditos\system\Database\BaseBuilder.php(1616): CodeIgniter\Database\BaseConnection->query('SELECT *\nFROM `...', Array, false)
#4 C:\xampp\htdocs\creditos\system\Model.php(243): CodeIgniter\Database\BaseBuilder->get()
#5 C:\xampp\htdocs\creditos\system\BaseModel.php(638): CodeIgniter\Model->doFindAll(0, 0)
#6 C:\xampp\htdocs\creditos\app\Models\CobrosModel.php(27): CodeIgniter\BaseModel->findAll()
#7 C:\xampp\htdocs\creditos\app\Controllers\CobrosController.php(60): App\Models\CobrosModel->getCobrosBySolicitud(14)
#8 C:\xampp\htdocs\creditos\system\CodeIgniter.php(943): App\Controllers\CobrosController->getDeudasPorSolicitud()
#9 C:\xampp\htdocs\creditos\system\CodeIgniter.php(503): CodeIgniter\CodeIgniter->runController(Object(App\Controllers\CobrosController))
#10 C:\xampp\htdocs\creditos\system\CodeIgniter.php(361): CodeIgniter\CodeIgniter->handleRequest(NULL, Object(Config\Cache), false)
#11 C:\xampp\htdocs\creditos\index.php(79): CodeIgniter\CodeIgniter->run()
#12 {main}

Next CodeIgniter\Database\Exceptions\DatabaseException: Se produjo un error durante el intento de conexión ya que la parte conectada no respondió adecuadamente tras un periodo de tiempo, o bien se produjo un error en la conexión establecida ya que el host conectado no ha podido responder in C:\xampp\htdocs\creditos\system\Database\MySQLi\Connection.php:229
Stack trace:
#0 C:\xampp\htdocs\creditos\system\Database\BaseConnection.php(392): CodeIgniter\Database\MySQLi\Connection->connect(false)
#1 C:\xampp\htdocs\creditos\system\Database\BaseConnection.php(575): CodeIgniter\Database\BaseConnection->initialize()
#2 C:\xampp\htdocs\creditos\system\Database\BaseBuilder.php(1616): CodeIgniter\Database\BaseConnection->query('SELECT *\nFROM `...', Array, false)
#3 C:\xampp\htdocs\creditos\system\Model.php(243): CodeIgniter\Database\BaseBuilder->get()
#4 C:\xampp\htdocs\creditos\system\BaseModel.php(638): CodeIgniter\Model->doFindAll(0, 0)
#5 C:\xampp\htdocs\creditos\app\Models\CobrosModel.php(27): CodeIgniter\BaseModel->findAll()
#6 C:\xampp\htdocs\creditos\app\Controllers\CobrosController.php(60): App\Models\CobrosModel->getCobrosBySolicitud(14)
#7 C:\xampp\htdocs\creditos\system\CodeIgniter.php(943): App\Controllers\CobrosController->getDeudasPorSolicitud()
#8 C:\xampp\htdocs\creditos\system\CodeIgniter.php(503): CodeIgniter\CodeIgniter->runController(Object(App\Controllers\CobrosController))
#9 C:\xampp\htdocs\creditos\system\CodeIgniter.php(361): CodeIgniter\CodeIgniter->handleRequest(NULL, Object(Config\Cache), false)
#10 C:\xampp\htdocs\creditos\index.php(79): CodeIgniter\CodeIgniter->run()
#11 {main}
CRITICAL - 2024-11-25 20:30:06 --> CodeIgniter\Database\Exceptions\DatabaseException: Unable to connect to the database.
Main connection [MySQLi]: Se produjo un error durante el intento de conexión ya que la parte conectada no respondió adecuadamente tras un periodo de tiempo, o bien se produjo un error en la conexión establecida ya que el host conectado no ha podido responder
in SYSTEMPATH\Database\BaseConnection.php on line 428.
 1 SYSTEMPATH\Database\BaseConnection.php(575): CodeIgniter\Database\BaseConnection->initialize()
 2 SYSTEMPATH\Database\BaseBuilder.php(1616): CodeIgniter\Database\BaseConnection->query('SELECT *
FROM `cobros`
WHERE `id_solicitud` = :id_solicitud:
ORDER BY `numero_cuota` ASC', [...], false)
 3 SYSTEMPATH\Model.php(243): CodeIgniter\Database\BaseBuilder->get()
 4 SYSTEMPATH\BaseModel.php(638): CodeIgniter\Model->doFindAll(0, 0)
 5 APPPATH\Models\CobrosModel.php(27): CodeIgniter\BaseModel->findAll()
 6 APPPATH\Controllers\CobrosController.php(60): App\Models\CobrosModel->getCobrosBySolicitud(14)
 7 SYSTEMPATH\CodeIgniter.php(943): App\Controllers\CobrosController->getDeudasPorSolicitud()
 8 SYSTEMPATH\CodeIgniter.php(503): CodeIgniter\CodeIgniter->runController(Object(App\Controllers\CobrosController))
 9 SYSTEMPATH\CodeIgniter.php(361): CodeIgniter\CodeIgniter->handleRequest(null, Object(Config\Cache), false)
10 FCPATH\index.php(79): CodeIgniter\CodeIgniter->run()
INFO - 2024-11-25 20:30:07 --> Session: Class initialized using 'CodeIgniter\Session\Handlers\FileHandler' driver.
INFO - 2024-11-25 20:30:07 --> AdministracionController inicio_administracion
INFO - 2024-11-25 20:30:07 --> AdministracionController Acceso permitido
ERROR - 2024-11-25 20:30:17 --> Error connecting to the database: mysqli_sql_exception: Se produjo un error durante el intento de conexión ya que la parte conectada no respondió adecuadamente tras un periodo de tiempo, o bien se produjo un error en la conexión establecida ya que el host conectado no ha podido responder in C:\xampp\htdocs\creditos\system\Database\MySQLi\Connection.php:185
Stack trace:
#0 C:\xampp\htdocs\creditos\system\Database\MySQLi\Connection.php(185): mysqli->real_connect('srv750.hstgr.io', 'u735812367_prue...', '7oFfBcQB=', 'u735812367_prue...', 3306, '', 0)
#1 C:\xampp\htdocs\creditos\system\Database\BaseConnection.php(392): CodeIgniter\Database\MySQLi\Connection->connect(false)
#2 C:\xampp\htdocs\creditos\system\Database\BaseConnection.php(575): CodeIgniter\Database\BaseConnection->initialize()
#3 C:\xampp\htdocs\creditos\system\Database\BaseBuilder.php(1616): CodeIgniter\Database\BaseConnection->query('SELECT `accesos...', Array, false)
#4 C:\xampp\htdocs\creditos\system\Model.php(243): CodeIgniter\Database\BaseBuilder->get()
#5 C:\xampp\htdocs\creditos\system\BaseModel.php(638): CodeIgniter\Model->doFindAll(0, 0)
#6 C:\xampp\htdocs\creditos\app\Models\MenuModel.php(15): CodeIgniter\BaseModel->findAll()
#7 C:\xampp\htdocs\creditos\app\Controllers\MenuController.php(17): App\Models\MenuModel->getMenu('2')
#8 C:\xampp\htdocs\creditos\app\Controllers\BaseController.php(67): App\Controllers\MenuController->obtenerMenuPorUsuario()
#9 C:\xampp\htdocs\creditos\app\Controllers\AdministracionController.php(31): App\Controllers\BaseController->renderPage('<!-- DEBUG-VIEW...')
#10 C:\xampp\htdocs\creditos\system\CodeIgniter.php(943): App\Controllers\AdministracionController->index()
#11 C:\xampp\htdocs\creditos\system\CodeIgniter.php(503): CodeIgniter\CodeIgniter->runController(Object(App\Controllers\AdministracionController))
#12 C:\xampp\htdocs\creditos\system\CodeIgniter.php(361): CodeIgniter\CodeIgniter->handleRequest(NULL, Object(Config\Cache), false)
#13 C:\xampp\htdocs\creditos\index.php(79): CodeIgniter\CodeIgniter->run()
#14 {main}

Next CodeIgniter\Database\Exceptions\DatabaseException: Se produjo un error durante el intento de conexión ya que la parte conectada no respondió adecuadamente tras un periodo de tiempo, o bien se produjo un error en la conexión establecida ya que el host conectado no ha podido responder in C:\xampp\htdocs\creditos\system\Database\MySQLi\Connection.php:229
Stack trace:
#0 C:\xampp\htdocs\creditos\system\Database\BaseConnection.php(392): CodeIgniter\Database\MySQLi\Connection->connect(false)
#1 C:\xampp\htdocs\creditos\system\Database\BaseConnection.php(575): CodeIgniter\Database\BaseConnection->initialize()
#2 C:\xampp\htdocs\creditos\system\Database\BaseBuilder.php(1616): CodeIgniter\Database\BaseConnection->query('SELECT `accesos...', Array, false)
#3 C:\xampp\htdocs\creditos\system\Model.php(243): CodeIgniter\Database\BaseBuilder->get()
#4 C:\xampp\htdocs\creditos\system\BaseModel.php(638): CodeIgniter\Model->doFindAll(0, 0)
#5 C:\xampp\htdocs\creditos\app\Models\MenuModel.php(15): CodeIgniter\BaseModel->findAll()
#6 C:\xampp\htdocs\creditos\app\Controllers\MenuController.php(17): App\Models\MenuModel->getMenu('2')
#7 C:\xampp\htdocs\creditos\app\Controllers\BaseController.php(67): App\Controllers\MenuController->obtenerMenuPorUsuario()
#8 C:\xampp\htdocs\creditos\app\Controllers\AdministracionController.php(31): App\Controllers\BaseController->renderPage('<!-- DEBUG-VIEW...')
#9 C:\xampp\htdocs\creditos\system\CodeIgniter.php(943): App\Controllers\AdministracionController->index()
#10 C:\xampp\htdocs\creditos\system\CodeIgniter.php(503): CodeIgniter\CodeIgniter->runController(Object(App\Controllers\AdministracionController))
#11 C:\xampp\htdocs\creditos\system\CodeIgniter.php(361): CodeIgniter\CodeIgniter->handleRequest(NULL, Object(Config\Cache), false)
#12 C:\xampp\htdocs\creditos\index.php(79): CodeIgniter\CodeIgniter->run()
#13 {main}
ERROR - 2024-11-25 20:30:17 --> AdministracionController AdministracionController Ocurrió un error: Unable to connect to the database.
Main connection [MySQLi]: Se produjo un error durante el intento de conexión ya que la parte conectada no respondió adecuadamente tras un periodo de tiempo, o bien se produjo un error en la conexión establecida ya que el host conectado no ha podido responder
 Trace: #0 C:\xampp\htdocs\creditos\system\Database\BaseConnection.php(575): CodeIgniter\Database\BaseConnection->initialize()
#1 C:\xampp\htdocs\creditos\system\Database\BaseBuilder.php(1616): CodeIgniter\Database\BaseConnection->query('SELECT `accesos...', Array, false)
#2 C:\xampp\htdocs\creditos\system\Model.php(243): CodeIgniter\Database\BaseBuilder->get()
#3 C:\xampp\htdocs\creditos\system\BaseModel.php(638): CodeIgniter\Model->doFindAll(0, 0)
#4 C:\xampp\htdocs\creditos\app\Models\MenuModel.php(15): CodeIgniter\BaseModel->findAll()
#5 C:\xampp\htdocs\creditos\app\Controllers\MenuController.php(17): App\Models\MenuModel->getMenu('2')
#6 C:\xampp\htdocs\creditos\app\Controllers\BaseController.php(67): App\Controllers\MenuController->obtenerMenuPorUsuario()
#7 C:\xampp\htdocs\creditos\app\Controllers\AdministracionController.php(31): App\Controllers\BaseController->renderPage('<!-- DEBUG-VIEW...')
#8 C:\xampp\htdocs\creditos\system\CodeIgniter.php(943): App\Controllers\AdministracionController->index()
#9 C:\xampp\htdocs\creditos\system\CodeIgniter.php(503): CodeIgniter\CodeIgniter->runController(Object(App\Controllers\AdministracionController))
#10 C:\xampp\htdocs\creditos\system\CodeIgniter.php(361): CodeIgniter\CodeIgniter->handleRequest(NULL, Object(Config\Cache), false)
#11 C:\xampp\htdocs\creditos\index.php(79): CodeIgniter\CodeIgniter->run()
#12 {main}
INFO - 2024-11-25 20:30:17 --> Session: Class initialized using 'CodeIgniter\Session\Handlers\FileHandler' driver.
INFO - 2024-11-25 20:30:17 --> Session: Class initialized using 'CodeIgniter\Session\Handlers\FileHandler' driver.
INFO - 2024-11-25 20:30:17 --> AdministracionController perfil
ERROR - 2024-11-25 20:30:27 --> Error connecting to the database: mysqli_sql_exception: Se produjo un error durante el intento de conexión ya que la parte conectada no respondió adecuadamente tras un periodo de tiempo, o bien se produjo un error en la conexión establecida ya que el host conectado no ha podido responder in C:\xampp\htdocs\creditos\system\Database\MySQLi\Connection.php:185
Stack trace:
#0 C:\xampp\htdocs\creditos\system\Database\MySQLi\Connection.php(185): mysqli->real_connect('srv750.hstgr.io', 'u735812367_prue...', '7oFfBcQB=', 'u735812367_prue...', 3306, '', 0)
#1 C:\xampp\htdocs\creditos\system\Database\BaseConnection.php(392): CodeIgniter\Database\MySQLi\Connection->connect(false)
#2 C:\xampp\htdocs\creditos\system\Database\BaseConnection.php(575): CodeIgniter\Database\BaseConnection->initialize()
#3 C:\xampp\htdocs\creditos\system\Database\BaseBuilder.php(1616): CodeIgniter\Database\BaseConnection->query('SELECT `accesos...', Array, false)
#4 C:\xampp\htdocs\creditos\system\Model.php(243): CodeIgniter\Database\BaseBuilder->get()
#5 C:\xampp\htdocs\creditos\system\BaseModel.php(638): CodeIgniter\Model->doFindAll(0, 0)
#6 C:\xampp\htdocs\creditos\app\Models\MenuModel.php(15): CodeIgniter\BaseModel->findAll()
#7 C:\xampp\htdocs\creditos\app\Controllers\MenuController.php(17): App\Models\MenuModel->getMenu('2')
#8 C:\xampp\htdocs\creditos\app\Controllers\BaseController.php(67): App\Controllers\MenuController->obtenerMenuPorUsuario()
#9 C:\xampp\htdocs\creditos\app\Controllers\AdministracionController.php(61): App\Controllers\BaseController->renderPage('<!-- DEBUG-VIEW...')
#10 C:\xampp\htdocs\creditos\system\CodeIgniter.php(943): App\Controllers\AdministracionController->perfilUsuarioGeneral()
#11 C:\xampp\htdocs\creditos\system\CodeIgniter.php(503): CodeIgniter\CodeIgniter->runController(Object(App\Controllers\AdministracionController))
#12 C:\xampp\htdocs\creditos\system\CodeIgniter.php(361): CodeIgniter\CodeIgniter->handleRequest(NULL, Object(Config\Cache), false)
#13 C:\xampp\htdocs\creditos\index.php(79): CodeIgniter\CodeIgniter->run()
#14 {main}

Next CodeIgniter\Database\Exceptions\DatabaseException: Se produjo un error durante el intento de conexión ya que la parte conectada no respondió adecuadamente tras un periodo de tiempo, o bien se produjo un error en la conexión establecida ya que el host conectado no ha podido responder in C:\xampp\htdocs\creditos\system\Database\MySQLi\Connection.php:229
Stack trace:
#0 C:\xampp\htdocs\creditos\system\Database\BaseConnection.php(392): CodeIgniter\Database\MySQLi\Connection->connect(false)
#1 C:\xampp\htdocs\creditos\system\Database\BaseConnection.php(575): CodeIgniter\Database\BaseConnection->initialize()
#2 C:\xampp\htdocs\creditos\system\Database\BaseBuilder.php(1616): CodeIgniter\Database\BaseConnection->query('SELECT `accesos...', Array, false)
#3 C:\xampp\htdocs\creditos\system\Model.php(243): CodeIgniter\Database\BaseBuilder->get()
#4 C:\xampp\htdocs\creditos\system\BaseModel.php(638): CodeIgniter\Model->doFindAll(0, 0)
#5 C:\xampp\htdocs\creditos\app\Models\MenuModel.php(15): CodeIgniter\BaseModel->findAll()
#6 C:\xampp\htdocs\creditos\app\Controllers\MenuController.php(17): App\Models\MenuModel->getMenu('2')
#7 C:\xampp\htdocs\creditos\app\Controllers\BaseController.php(67): App\Controllers\MenuController->obtenerMenuPorUsuario()
#8 C:\xampp\htdocs\creditos\app\Controllers\AdministracionController.php(61): App\Controllers\BaseController->renderPage('<!-- DEBUG-VIEW...')
#9 C:\xampp\htdocs\creditos\system\CodeIgniter.php(943): App\Controllers\AdministracionController->perfilUsuarioGeneral()
#10 C:\xampp\htdocs\creditos\system\CodeIgniter.php(503): CodeIgniter\CodeIgniter->runController(Object(App\Controllers\AdministracionController))
#11 C:\xampp\htdocs\creditos\system\CodeIgniter.php(361): CodeIgniter\CodeIgniter->handleRequest(NULL, Object(Config\Cache), false)
#12 C:\xampp\htdocs\creditos\index.php(79): CodeIgniter\CodeIgniter->run()
#13 {main}
ERROR - 2024-11-25 20:30:27 --> Ocurrió un error: Unable to connect to the database.
Main connection [MySQLi]: Se produjo un error durante el intento de conexión ya que la parte conectada no respondió adecuadamente tras un periodo de tiempo, o bien se produjo un error en la conexión establecida ya que el host conectado no ha podido responder
Trace: #0 C:\xampp\htdocs\creditos\system\Database\BaseConnection.php(575): CodeIgniter\Database\BaseConnection->initialize()
#1 C:\xampp\htdocs\creditos\system\Database\BaseBuilder.php(1616): CodeIgniter\Database\BaseConnection->query('SELECT `accesos...', Array, false)
#2 C:\xampp\htdocs\creditos\system\Model.php(243): CodeIgniter\Database\BaseBuilder->get()
#3 C:\xampp\htdocs\creditos\system\BaseModel.php(638): CodeIgniter\Model->doFindAll(0, 0)
#4 C:\xampp\htdocs\creditos\app\Models\MenuModel.php(15): CodeIgniter\BaseModel->findAll()
#5 C:\xampp\htdocs\creditos\app\Controllers\MenuController.php(17): App\Models\MenuModel->getMenu('2')
#6 C:\xampp\htdocs\creditos\app\Controllers\BaseController.php(67): App\Controllers\MenuController->obtenerMenuPorUsuario()
#7 C:\xampp\htdocs\creditos\app\Controllers\AdministracionController.php(61): App\Controllers\BaseController->renderPage('<!-- DEBUG-VIEW...')
#8 C:\xampp\htdocs\creditos\system\CodeIgniter.php(943): App\Controllers\AdministracionController->perfilUsuarioGeneral()
#9 C:\xampp\htdocs\creditos\system\CodeIgniter.php(503): CodeIgniter\CodeIgniter->runController(Object(App\Controllers\AdministracionController))
#10 C:\xampp\htdocs\creditos\system\CodeIgniter.php(361): CodeIgniter\CodeIgniter->handleRequest(NULL, Object(Config\Cache), false)
#11 C:\xampp\htdocs\creditos\index.php(79): CodeIgniter\CodeIgniter->run()
#12 {main}
INFO - 2024-11-25 20:30:29 --> Session: Class initialized using 'CodeIgniter\Session\Handlers\FileHandler' driver.
INFO - 2024-11-25 20:30:34 --> Session: Class initialized using 'CodeIgniter\Session\Handlers\FileHandler' driver.
INFO - 2024-11-25 20:30:35 --> Resultado JSON: [{"id_solicitud":"14","numero_solicitud":"000001","fecha_creacion":"2024-11-11 20:07:45","dui":"01234567-8","nombre_completo":"Ana Mar\u00eda P\u00e9rez L\u00f3pez","user_creador":"Jaime Edgardo Palacios Garcia","estado":"Aprobada","id_estado_actual":"2","observacion":null,"num_contrato":"0001-00000001","montoApagar":"259.43"}]
INFO - 2024-11-25 20:30:37 --> Session: Class initialized using 'CodeIgniter\Session\Handlers\FileHandler' driver.
INFO - 2024-11-25 20:30:37 --> Resultado JSON id_solicitud: 14
INFO - 2024-11-25 20:30:37 --> Resultado JSON deudasSolicitud: Array
(
    [0] => Array
        (
            [id_cobro] => 5
            [id_solicitud] => 14
            [numero_cuota] => 0
            [monto_cuota] => 100.00
            [descripcion] => Pago de prima o cuota numero 0 de 4
            [estado] => CANCELADO
            [fecha_vencimiento] => 2024-11-12
            [fecha_pago] => 2024-11-11
            [interesGenerado] => 0
        )

    [1] => Array
        (
            [id_cobro] => 6
            [id_solicitud] => 14
            [numero_cuota] => 1
            [monto_cuota] => 39.86
            [descripcion] => 
            [estado] => PENDIENTE
            [fecha_vencimiento] => 2024-11-11
            [fecha_pago] => 2024-11-11
            [interesGenerado] => 0
        )

    [2] => Array
        (
            [id_cobro] => 7
            [id_solicitud] => 14
            [numero_cuota] => 2
            [monto_cuota] => 39.86
            [descripcion] => 
            [estado] => PENDIENTE
            [fecha_vencimiento] => 2025-01-12
            [fecha_pago] => 2025-01-11
            [interesGenerado] => 0
        )

    [3] => Array
        (
            [id_cobro] => 8
            [id_solicitud] => 14
            [numero_cuota] => 3
            [monto_cuota] => 39.86
            [descripcion] => 
            [estado] => PENDIENTE
            [fecha_vencimiento] => 2025-02-12
            [fecha_pago] => 2025-02-11
            [interesGenerado] => 0
        )

    [4] => Array
        (
            [id_cobro] => 9
            [id_solicitud] => 14
            [numero_cuota] => 4
            [monto_cuota] => 39.86
            [descripcion] => 
            [estado] => PENDIENTE
            [fecha_vencimiento] => 2025-03-12
            [fecha_pago] => 2025-03-11
            [interesGenerado] => 0
        )

)

INFO - 2024-11-25 20:30:41 --> Session: Class initialized using 'CodeIgniter\Session\Handlers\FileHandler' driver.
INFO - 2024-11-25 20:31:09 --> Session: Class initialized using 'CodeIgniter\Session\Handlers\FileHandler' driver.
INFO - 2024-11-25 20:31:10 --> Resultado JSON: [{"id_solicitud":"14","numero_solicitud":"000001","fecha_creacion":"2024-11-11 20:07:45","dui":"01234567-8","nombre_completo":"Ana Mar\u00eda P\u00e9rez L\u00f3pez","user_creador":"Jaime Edgardo Palacios Garcia","estado":"Aprobada","id_estado_actual":"2","observacion":null,"num_contrato":"0001-00000001","montoApagar":"259.43"}]
INFO - 2024-11-25 20:31:13 --> Session: Class initialized using 'CodeIgniter\Session\Handlers\FileHandler' driver.
INFO - 2024-11-25 20:31:13 --> Resultado JSON id_solicitud: 14
INFO - 2024-11-25 20:31:14 --> Resultado JSON deudasSolicitud: Array
(
    [0] => Array
        (
            [id_cobro] => 5
            [id_solicitud] => 14
            [numero_cuota] => 0
            [monto_cuota] => 100.00
            [descripcion] => Pago de prima o cuota numero 0 de 4
            [estado] => CANCELADO
            [fecha_vencimiento] => 2024-11-12
            [fecha_pago] => 2024-11-11
            [interesGenerado] => 0
        )

    [1] => Array
        (
            [id_cobro] => 6
            [id_solicitud] => 14
            [numero_cuota] => 1
            [monto_cuota] => 39.86
            [descripcion] => 
            [estado] => PENDIENTE
            [fecha_vencimiento] => 2024-11-11
            [fecha_pago] => 2024-11-11
            [interesGenerado] => 0
        )

    [2] => Array
        (
            [id_cobro] => 7
            [id_solicitud] => 14
            [numero_cuota] => 2
            [monto_cuota] => 39.86
            [descripcion] => 
            [estado] => PENDIENTE
            [fecha_vencimiento] => 2025-01-12
            [fecha_pago] => 2025-01-11
            [interesGenerado] => 0
        )

    [3] => Array
        (
            [id_cobro] => 8
            [id_solicitud] => 14
            [numero_cuota] => 3
            [monto_cuota] => 39.86
            [descripcion] => 
            [estado] => PENDIENTE
            [fecha_vencimiento] => 2025-02-12
            [fecha_pago] => 2025-02-11
            [interesGenerado] => 0
        )

    [4] => Array
        (
            [id_cobro] => 9
            [id_solicitud] => 14
            [numero_cuota] => 4
            [monto_cuota] => 39.86
            [descripcion] => 
            [estado] => PENDIENTE
            [fecha_vencimiento] => 2025-03-12
            [fecha_pago] => 2025-03-11
            [interesGenerado] => 0
        )

)

INFO - 2024-11-25 20:33:50 --> Session: Class initialized using 'CodeIgniter\Session\Handlers\FileHandler' driver.
INFO - 2024-11-25 20:34:06 --> Session: Class initialized using 'CodeIgniter\Session\Handlers\FileHandler' driver.
INFO - 2024-11-25 20:34:06 --> Resultado JSON: [{"id_solicitud":"14","numero_solicitud":"000001","fecha_creacion":"2024-11-11 20:07:45","dui":"01234567-8","nombre_completo":"Ana Mar\u00eda P\u00e9rez L\u00f3pez","user_creador":"Jaime Edgardo Palacios Garcia","estado":"Aprobada","id_estado_actual":"2","observacion":null,"num_contrato":"0001-00000001","montoApagar":"259.43"}]
INFO - 2024-11-25 20:34:07 --> Session: Class initialized using 'CodeIgniter\Session\Handlers\FileHandler' driver.
INFO - 2024-11-25 20:34:07 --> Resultado JSON id_solicitud: 14
INFO - 2024-11-25 20:34:08 --> Resultado JSON deudasSolicitud: Array
(
    [0] => Array
        (
            [id_cobro] => 5
            [id_solicitud] => 14
            [numero_cuota] => 0
            [monto_cuota] => 100.00
            [descripcion] => Pago de prima o cuota numero 0 de 4
            [estado] => CANCELADO
            [fecha_vencimiento] => 2024-11-12
            [fecha_pago] => 2024-11-11
            [interesGenerado] => 0
        )

    [1] => Array
        (
            [id_cobro] => 6
            [id_solicitud] => 14
            [numero_cuota] => 1
            [monto_cuota] => 39.86
            [descripcion] => 
            [estado] => PENDIENTE
            [fecha_vencimiento] => 2024-11-11
            [fecha_pago] => 2024-11-11
            [interesGenerado] => 0
        )

    [2] => Array
        (
            [id_cobro] => 7
            [id_solicitud] => 14
            [numero_cuota] => 2
            [monto_cuota] => 39.86
            [descripcion] => 
            [estado] => PENDIENTE
            [fecha_vencimiento] => 2025-01-12
            [fecha_pago] => 2025-01-11
            [interesGenerado] => 0
        )

    [3] => Array
        (
            [id_cobro] => 8
            [id_solicitud] => 14
            [numero_cuota] => 3
            [monto_cuota] => 39.86
            [descripcion] => 
            [estado] => PENDIENTE
            [fecha_vencimiento] => 2025-02-12
            [fecha_pago] => 2025-02-11
            [interesGenerado] => 0
        )

    [4] => Array
        (
            [id_cobro] => 9
            [id_solicitud] => 14
            [numero_cuota] => 4
            [monto_cuota] => 39.86
            [descripcion] => 
            [estado] => PENDIENTE
            [fecha_vencimiento] => 2025-03-12
            [fecha_pago] => 2025-03-11
            [interesGenerado] => 0
        )

)

INFO - 2024-11-25 20:35:21 --> Session: Class initialized using 'CodeIgniter\Session\Handlers\FileHandler' driver.
INFO - 2024-11-25 20:35:39 --> Session: Class initialized using 'CodeIgniter\Session\Handlers\FileHandler' driver.
INFO - 2024-11-25 20:35:40 --> Resultado JSON: [{"id_solicitud":"14","numero_solicitud":"000001","fecha_creacion":"2024-11-11 20:07:45","dui":"01234567-8","nombre_completo":"Ana Mar\u00eda P\u00e9rez L\u00f3pez","user_creador":"Jaime Edgardo Palacios Garcia","estado":"Aprobada","id_estado_actual":"2","observacion":null,"num_contrato":"0001-00000001","montoApagar":"259.43"}]
INFO - 2024-11-25 20:35:41 --> Session: Class initialized using 'CodeIgniter\Session\Handlers\FileHandler' driver.
INFO - 2024-11-25 20:35:41 --> Resultado JSON id_solicitud: 14
INFO - 2024-11-25 20:35:42 --> Resultado JSON deudasSolicitud: Array
(
    [0] => Array
        (
            [id_cobro] => 5
            [id_solicitud] => 14
            [numero_cuota] => 0
            [monto_cuota] => 100.00
            [descripcion] => Pago de prima o cuota numero 0 de 4
            [estado] => CANCELADO
            [fecha_vencimiento] => 2024-11-12
            [fecha_pago] => 2024-11-11
            [interesGenerado] => 0
        )

    [1] => Array
        (
            [id_cobro] => 6
            [id_solicitud] => 14
            [numero_cuota] => 1
            [monto_cuota] => 39.86
            [descripcion] => 
            [estado] => PENDIENTE
            [fecha_vencimiento] => 2024-11-11
            [fecha_pago] => 2024-11-11
            [interesGenerado] => 0
        )

    [2] => Array
        (
            [id_cobro] => 7
            [id_solicitud] => 14
            [numero_cuota] => 2
            [monto_cuota] => 39.86
            [descripcion] => 
            [estado] => PENDIENTE
            [fecha_vencimiento] => 2025-01-12
            [fecha_pago] => 2025-01-11
            [interesGenerado] => 0
        )

    [3] => Array
        (
            [id_cobro] => 8
            [id_solicitud] => 14
            [numero_cuota] => 3
            [monto_cuota] => 39.86
            [descripcion] => 
            [estado] => PENDIENTE
            [fecha_vencimiento] => 2025-02-12
            [fecha_pago] => 2025-02-11
            [interesGenerado] => 0
        )

    [4] => Array
        (
            [id_cobro] => 9
            [id_solicitud] => 14
            [numero_cuota] => 4
            [monto_cuota] => 39.86
            [descripcion] => 
            [estado] => PENDIENTE
            [fecha_vencimiento] => 2025-03-12
            [fecha_pago] => 2025-03-11
            [interesGenerado] => 0
        )

)

INFO - 2024-11-25 20:40:01 --> Session: Class initialized using 'CodeIgniter\Session\Handlers\FileHandler' driver.
INFO - 2024-11-25 20:40:24 --> Session: Class initialized using 'CodeIgniter\Session\Handlers\FileHandler' driver.
INFO - 2024-11-25 20:40:25 --> Resultado JSON: [{"id_solicitud":"14","numero_solicitud":"000001","fecha_creacion":"2024-11-11 20:07:45","dui":"01234567-8","nombre_completo":"Ana Mar\u00eda P\u00e9rez L\u00f3pez","user_creador":"Jaime Edgardo Palacios Garcia","estado":"Aprobada","id_estado_actual":"2","observacion":null,"num_contrato":"0001-00000001","montoApagar":"259.43"}]
INFO - 2024-11-25 20:40:27 --> Session: Class initialized using 'CodeIgniter\Session\Handlers\FileHandler' driver.
INFO - 2024-11-25 20:40:27 --> Resultado JSON id_solicitud: 14
INFO - 2024-11-25 20:40:27 --> Resultado JSON deudasSolicitud: Array
(
    [0] => Array
        (
            [id_cobro] => 5
            [id_solicitud] => 14
            [numero_cuota] => 0
            [monto_cuota] => 100.00
            [descripcion] => Pago de prima o cuota numero 0 de 4
            [estado] => CANCELADO
            [fecha_vencimiento] => 2024-11-12
            [fecha_pago] => 2024-11-11
            [interesGenerado] => 0
        )

    [1] => Array
        (
            [id_cobro] => 6
            [id_solicitud] => 14
            [numero_cuota] => 1
            [monto_cuota] => 39.86
            [descripcion] => 
            [estado] => PENDIENTE
            [fecha_vencimiento] => 2024-11-11
            [fecha_pago] => 2024-11-11
            [interesGenerado] => 0
        )

    [2] => Array
        (
            [id_cobro] => 7
            [id_solicitud] => 14
            [numero_cuota] => 2
            [monto_cuota] => 39.86
            [descripcion] => 
            [estado] => PENDIENTE
            [fecha_vencimiento] => 2025-01-12
            [fecha_pago] => 2025-01-11
            [interesGenerado] => 0
        )

    [3] => Array
        (
            [id_cobro] => 8
            [id_solicitud] => 14
            [numero_cuota] => 3
            [monto_cuota] => 39.86
            [descripcion] => 
            [estado] => PENDIENTE
            [fecha_vencimiento] => 2025-02-12
            [fecha_pago] => 2025-02-11
            [interesGenerado] => 0
        )

    [4] => Array
        (
            [id_cobro] => 9
            [id_solicitud] => 14
            [numero_cuota] => 4
            [monto_cuota] => 39.86
            [descripcion] => 
            [estado] => PENDIENTE
            [fecha_vencimiento] => 2025-03-12
            [fecha_pago] => 2025-03-11
            [interesGenerado] => 0
        )

)

INFO - 2024-11-25 20:40:45 --> Session: Class initialized using 'CodeIgniter\Session\Handlers\FileHandler' driver.
INFO - 2024-11-25 20:41:05 --> Session: Class initialized using 'CodeIgniter\Session\Handlers\FileHandler' driver.
INFO - 2024-11-25 20:41:06 --> Resultado JSON: [{"id_solicitud":"14","numero_solicitud":"000001","fecha_creacion":"2024-11-11 20:07:45","dui":"01234567-8","nombre_completo":"Ana Mar\u00eda P\u00e9rez L\u00f3pez","user_creador":"Jaime Edgardo Palacios Garcia","estado":"Aprobada","id_estado_actual":"2","observacion":null,"num_contrato":"0001-00000001","montoApagar":"259.43"}]
INFO - 2024-11-25 20:41:07 --> Session: Class initialized using 'CodeIgniter\Session\Handlers\FileHandler' driver.
INFO - 2024-11-25 20:41:07 --> Resultado JSON id_solicitud: 14
INFO - 2024-11-25 20:41:08 --> Resultado JSON deudasSolicitud: Array
(
    [0] => Array
        (
            [id_cobro] => 5
            [id_solicitud] => 14
            [numero_cuota] => 0
            [monto_cuota] => 100.00
            [descripcion] => Pago de prima o cuota numero 0 de 4
            [estado] => CANCELADO
            [fecha_vencimiento] => 2024-11-12
            [fecha_pago] => 2024-11-11
            [interesGenerado] => 0
        )

    [1] => Array
        (
            [id_cobro] => 6
            [id_solicitud] => 14
            [numero_cuota] => 1
            [monto_cuota] => 39.86
            [descripcion] => 
            [estado] => PENDIENTE
            [fecha_vencimiento] => 2024-11-11
            [fecha_pago] => 2024-11-11
            [interesGenerado] => 0
        )

    [2] => Array
        (
            [id_cobro] => 7
            [id_solicitud] => 14
            [numero_cuota] => 2
            [monto_cuota] => 39.86
            [descripcion] => 
            [estado] => PENDIENTE
            [fecha_vencimiento] => 2025-01-12
            [fecha_pago] => 2025-01-11
            [interesGenerado] => 0
        )

    [3] => Array
        (
            [id_cobro] => 8
            [id_solicitud] => 14
            [numero_cuota] => 3
            [monto_cuota] => 39.86
            [descripcion] => 
            [estado] => PENDIENTE
            [fecha_vencimiento] => 2025-02-12
            [fecha_pago] => 2025-02-11
            [interesGenerado] => 0
        )

    [4] => Array
        (
            [id_cobro] => 9
            [id_solicitud] => 14
            [numero_cuota] => 4
            [monto_cuota] => 39.86
            [descripcion] => 
            [estado] => PENDIENTE
            [fecha_vencimiento] => 2025-03-12
            [fecha_pago] => 2025-03-11
            [interesGenerado] => 0
        )

)

INFO - 2024-11-25 20:41:18 --> Procesando pago: {"id":"6","diasMora":14,"mora":"1.30","montoTotalCuotaInteres":41.16,"montoCuota":39.86}
INFO - 2024-11-25 21:06:12 --> Session: Class initialized using 'CodeIgniter\Session\Handlers\FileHandler' driver.
INFO - 2024-11-25 21:06:20 --> Session: Class initialized using 'CodeIgniter\Session\Handlers\FileHandler' driver.
INFO - 2024-11-25 21:06:20 --> Resultado JSON: [{"id_solicitud":"14","numero_solicitud":"000001","fecha_creacion":"2024-11-11 20:07:45","dui":"01234567-8","nombre_completo":"Ana Mar\u00eda P\u00e9rez L\u00f3pez","user_creador":"Jaime Edgardo Palacios Garcia","estado":"Aprobada","id_estado_actual":"2","observacion":null,"num_contrato":"0001-00000001","montoApagar":"259.43"}]
INFO - 2024-11-25 21:06:21 --> Session: Class initialized using 'CodeIgniter\Session\Handlers\FileHandler' driver.
INFO - 2024-11-25 21:06:21 --> Resultado JSON id_solicitud: 14
INFO - 2024-11-25 21:06:22 --> Resultado JSON deudasSolicitud: Array
(
    [0] => Array
        (
            [id_cobro] => 5
            [id_solicitud] => 14
            [numero_cuota] => 0
            [monto_cuota] => 100.00
            [descripcion] => Pago de prima o cuota numero 0 de 4
            [estado] => CANCELADO
            [fecha_vencimiento] => 2024-11-11
            [fecha_pago] => 2024-11-11
            [interesGenerado] => 0
        )

    [1] => Array
        (
            [id_cobro] => 6
            [id_solicitud] => 14
            [numero_cuota] => 1
            [monto_cuota] => 39.86
            [descripcion] => 
            [estado] => PENDIENTE
            [fecha_vencimiento] => 2024-11-11
            [fecha_pago] => 
            [interesGenerado] => 0
        )

    [2] => Array
        (
            [id_cobro] => 7
            [id_solicitud] => 14
            [numero_cuota] => 2
            [monto_cuota] => 39.86
            [descripcion] => 
            [estado] => PENDIENTE
            [fecha_vencimiento] => 2025-01-12
            [fecha_pago] => 2025-01-11
            [interesGenerado] => 0
        )

    [3] => Array
        (
            [id_cobro] => 8
            [id_solicitud] => 14
            [numero_cuota] => 3
            [monto_cuota] => 39.86
            [descripcion] => 
            [estado] => PENDIENTE
            [fecha_vencimiento] => 2025-02-12
            [fecha_pago] => 2025-02-11
            [interesGenerado] => 0
        )

    [4] => Array
        (
            [id_cobro] => 9
            [id_solicitud] => 14
            [numero_cuota] => 4
            [monto_cuota] => 39.86
            [descripcion] => 
            [estado] => PENDIENTE
            [fecha_vencimiento] => 2025-03-12
            [fecha_pago] => 2025-03-11
            [interesGenerado] => 0
        )

)

INFO - 2024-11-25 21:07:29 --> Session: Class initialized using 'CodeIgniter\Session\Handlers\FileHandler' driver.
INFO - 2024-11-25 21:07:31 --> Session: Class initialized using 'CodeIgniter\Session\Handlers\FileHandler' driver.
INFO - 2024-11-25 21:07:32 --> Resultado JSON: [{"id_solicitud":"14","numero_solicitud":"000001","fecha_creacion":"2024-11-11 20:07:45","dui":"01234567-8","nombre_completo":"Ana Mar\u00eda P\u00e9rez L\u00f3pez","user_creador":"Jaime Edgardo Palacios Garcia","estado":"Aprobada","id_estado_actual":"2","observacion":null,"num_contrato":"0001-00000001","montoApagar":"259.43"}]
INFO - 2024-11-25 21:07:33 --> Session: Class initialized using 'CodeIgniter\Session\Handlers\FileHandler' driver.
INFO - 2024-11-25 21:07:33 --> Resultado JSON id_solicitud: 14
INFO - 2024-11-25 21:07:33 --> Resultado JSON deudasSolicitud: Array
(
    [0] => Array
        (
            [id_cobro] => 5
            [id_solicitud] => 14
            [numero_cuota] => 0
            [monto_cuota] => 100.00
            [descripcion] => Pago de prima o cuota numero 0 de 4
            [estado] => CANCELADO
            [fecha_vencimiento] => 2024-11-11
            [fecha_pago] => 2024-11-11
            [interesGenerado] => 0
        )

    [1] => Array
        (
            [id_cobro] => 6
            [id_solicitud] => 14
            [numero_cuota] => 1
            [monto_cuota] => 39.86
            [descripcion] => 
            [estado] => PENDIENTE
            [fecha_vencimiento] => 2024-11-11
            [fecha_pago] => 
            [interesGenerado] => 0
        )

    [2] => Array
        (
            [id_cobro] => 7
            [id_solicitud] => 14
            [numero_cuota] => 2
            [monto_cuota] => 39.86
            [descripcion] => 
            [estado] => PENDIENTE
            [fecha_vencimiento] => 2025-01-12
            [fecha_pago] => 2025-01-11
            [interesGenerado] => 0
        )

    [3] => Array
        (
            [id_cobro] => 8
            [id_solicitud] => 14
            [numero_cuota] => 3
            [monto_cuota] => 39.86
            [descripcion] => 
            [estado] => PENDIENTE
            [fecha_vencimiento] => 2025-02-12
            [fecha_pago] => 2025-02-11
            [interesGenerado] => 0
        )

    [4] => Array
        (
            [id_cobro] => 9
            [id_solicitud] => 14
            [numero_cuota] => 4
            [monto_cuota] => 39.86
            [descripcion] => 
            [estado] => PENDIENTE
            [fecha_vencimiento] => 2025-03-12
            [fecha_pago] => 2025-03-11
            [interesGenerado] => 0
        )

)

INFO - 2024-11-25 21:08:32 --> Session: Class initialized using 'CodeIgniter\Session\Handlers\FileHandler' driver.
INFO - 2024-11-25 21:08:36 --> Session: Class initialized using 'CodeIgniter\Session\Handlers\FileHandler' driver.
INFO - 2024-11-25 21:08:36 --> Resultado JSON: [{"id_solicitud":"14","numero_solicitud":"000001","fecha_creacion":"2024-11-11 20:07:45","dui":"01234567-8","nombre_completo":"Ana Mar\u00eda P\u00e9rez L\u00f3pez","user_creador":"Jaime Edgardo Palacios Garcia","estado":"Aprobada","id_estado_actual":"2","observacion":null,"num_contrato":"0001-00000001","montoApagar":"259.43"}]
INFO - 2024-11-25 21:08:42 --> Session: Class initialized using 'CodeIgniter\Session\Handlers\FileHandler' driver.
INFO - 2024-11-25 21:08:42 --> Resultado JSON id_solicitud: 14
INFO - 2024-11-25 21:08:43 --> Resultado JSON deudasSolicitud: Array
(
    [0] => Array
        (
            [id_cobro] => 5
            [id_solicitud] => 14
            [numero_cuota] => 0
            [monto_cuota] => 100.00
            [descripcion] => Pago de prima o cuota numero 0 de 4
            [estado] => CANCELADO
            [fecha_vencimiento] => 2024-11-11
            [fecha_pago] => 2024-11-11
            [interesGenerado] => 0
        )

    [1] => Array
        (
            [id_cobro] => 6
            [id_solicitud] => 14
            [numero_cuota] => 1
            [monto_cuota] => 39.86
            [descripcion] => 
            [estado] => PENDIENTE
            [fecha_vencimiento] => 2024-11-11
            [fecha_pago] => 
            [interesGenerado] => 0
        )

    [2] => Array
        (
            [id_cobro] => 7
            [id_solicitud] => 14
            [numero_cuota] => 2
            [monto_cuota] => 39.86
            [descripcion] => 
            [estado] => PENDIENTE
            [fecha_vencimiento] => 2025-01-12
            [fecha_pago] => 2025-01-11
            [interesGenerado] => 0
        )

    [3] => Array
        (
            [id_cobro] => 8
            [id_solicitud] => 14
            [numero_cuota] => 3
            [monto_cuota] => 39.86
            [descripcion] => 
            [estado] => PENDIENTE
            [fecha_vencimiento] => 2025-02-12
            [fecha_pago] => 2025-02-11
            [interesGenerado] => 0
        )

    [4] => Array
        (
            [id_cobro] => 9
            [id_solicitud] => 14
            [numero_cuota] => 4
            [monto_cuota] => 39.86
            [descripcion] => 
            [estado] => PENDIENTE
            [fecha_vencimiento] => 2025-03-12
            [fecha_pago] => 2025-03-11
            [interesGenerado] => 0
        )

)

INFO - 2024-11-25 21:09:53 --> Session: Class initialized using 'CodeIgniter\Session\Handlers\FileHandler' driver.
INFO - 2024-11-25 21:09:55 --> Session: Class initialized using 'CodeIgniter\Session\Handlers\FileHandler' driver.
INFO - 2024-11-25 21:09:56 --> Resultado JSON: [{"id_solicitud":"14","numero_solicitud":"000001","fecha_creacion":"2024-11-11 20:07:45","dui":"01234567-8","nombre_completo":"Ana Mar\u00eda P\u00e9rez L\u00f3pez","user_creador":"Jaime Edgardo Palacios Garcia","estado":"Aprobada","id_estado_actual":"2","observacion":null,"num_contrato":"0001-00000001","montoApagar":"259.43"}]
INFO - 2024-11-25 21:09:57 --> Session: Class initialized using 'CodeIgniter\Session\Handlers\FileHandler' driver.
INFO - 2024-11-25 21:09:57 --> Resultado JSON id_solicitud: 14
INFO - 2024-11-25 21:09:57 --> Resultado JSON deudasSolicitud: Array
(
    [0] => Array
        (
            [id_cobro] => 5
            [id_solicitud] => 14
            [numero_cuota] => 0
            [monto_cuota] => 100.00
            [descripcion] => Pago de prima o cuota numero 0 de 4
            [estado] => CANCELADO
            [fecha_vencimiento] => 2024-11-11
            [fecha_pago] => 2024-11-11
            [interesGenerado] => 0
        )

    [1] => Array
        (
            [id_cobro] => 6
            [id_solicitud] => 14
            [numero_cuota] => 1
            [monto_cuota] => 39.86
            [descripcion] => 
            [estado] => PENDIENTE
            [fecha_vencimiento] => 2024-11-11
            [fecha_pago] => 
            [interesGenerado] => 0
        )

    [2] => Array
        (
            [id_cobro] => 7
            [id_solicitud] => 14
            [numero_cuota] => 2
            [monto_cuota] => 39.86
            [descripcion] => 
            [estado] => PENDIENTE
            [fecha_vencimiento] => 2025-01-12
            [fecha_pago] => 
            [interesGenerado] => 0
        )

    [3] => Array
        (
            [id_cobro] => 8
            [id_solicitud] => 14
            [numero_cuota] => 3
            [monto_cuota] => 39.86
            [descripcion] => 
            [estado] => PENDIENTE
            [fecha_vencimiento] => 2025-02-12
            [fecha_pago] => 
            [interesGenerado] => 0
        )

    [4] => Array
        (
            [id_cobro] => 9
            [id_solicitud] => 14
            [numero_cuota] => 4
            [monto_cuota] => 39.86
            [descripcion] => 
            [estado] => PENDIENTE
            [fecha_vencimiento] => 2025-03-12
            [fecha_pago] => 
            [interesGenerado] => 0
        )

)

INFO - 2024-11-25 21:11:13 --> Session: Class initialized using 'CodeIgniter\Session\Handlers\FileHandler' driver.
INFO - 2024-11-25 21:11:15 --> Session: Class initialized using 'CodeIgniter\Session\Handlers\FileHandler' driver.
INFO - 2024-11-25 21:11:16 --> Resultado JSON: [{"id_solicitud":"14","numero_solicitud":"000001","fecha_creacion":"2024-11-11 20:07:45","dui":"01234567-8","nombre_completo":"Ana Mar\u00eda P\u00e9rez L\u00f3pez","user_creador":"Jaime Edgardo Palacios Garcia","estado":"Aprobada","id_estado_actual":"2","observacion":null,"num_contrato":"0001-00000001","montoApagar":"259.43"}]
INFO - 2024-11-25 21:11:17 --> Session: Class initialized using 'CodeIgniter\Session\Handlers\FileHandler' driver.
INFO - 2024-11-25 21:11:17 --> Resultado JSON id_solicitud: 14
INFO - 2024-11-25 21:11:17 --> Resultado JSON deudasSolicitud: Array
(
    [0] => Array
        (
            [id_cobro] => 5
            [id_solicitud] => 14
            [numero_cuota] => 0
            [monto_cuota] => 100.00
            [descripcion] => Pago de prima o cuota numero 0 de 4
            [estado] => CANCELADO
            [fecha_vencimiento] => 2024-11-11
            [fecha_pago] => 2024-11-11
            [interesGenerado] => 0
        )

    [1] => Array
        (
            [id_cobro] => 6
            [id_solicitud] => 14
            [numero_cuota] => 1
            [monto_cuota] => 39.86
            [descripcion] => 
            [estado] => PENDIENTE
            [fecha_vencimiento] => 2024-11-11
            [fecha_pago] => 
            [interesGenerado] => 0
        )

    [2] => Array
        (
            [id_cobro] => 7
            [id_solicitud] => 14
            [numero_cuota] => 2
            [monto_cuota] => 39.86
            [descripcion] => 
            [estado] => PENDIENTE
            [fecha_vencimiento] => 2025-01-12
            [fecha_pago] => 
            [interesGenerado] => 0
        )

    [3] => Array
        (
            [id_cobro] => 8
            [id_solicitud] => 14
            [numero_cuota] => 3
            [monto_cuota] => 39.86
            [descripcion] => 
            [estado] => PENDIENTE
            [fecha_vencimiento] => 2025-02-12
            [fecha_pago] => 
            [interesGenerado] => 0
        )

    [4] => Array
        (
            [id_cobro] => 9
            [id_solicitud] => 14
            [numero_cuota] => 4
            [monto_cuota] => 39.86
            [descripcion] => 
            [estado] => PENDIENTE
            [fecha_vencimiento] => 2025-03-12
            [fecha_pago] => 
            [interesGenerado] => 0
        )

)

INFO - 2024-11-25 21:11:27 --> Session: Class initialized using 'CodeIgniter\Session\Handlers\FileHandler' driver.
INFO - 2024-11-25 21:11:29 --> Session: Class initialized using 'CodeIgniter\Session\Handlers\FileHandler' driver.
INFO - 2024-11-25 21:11:30 --> Resultado JSON: [{"id_solicitud":"14","numero_solicitud":"000001","fecha_creacion":"2024-11-11 20:07:45","dui":"01234567-8","nombre_completo":"Ana Mar\u00eda P\u00e9rez L\u00f3pez","user_creador":"Jaime Edgardo Palacios Garcia","estado":"Aprobada","id_estado_actual":"2","observacion":null,"num_contrato":"0001-00000001","montoApagar":"259.43"}]
INFO - 2024-11-25 21:11:32 --> Session: Class initialized using 'CodeIgniter\Session\Handlers\FileHandler' driver.
INFO - 2024-11-25 21:11:32 --> Resultado JSON id_solicitud: 14
INFO - 2024-11-25 21:11:32 --> Resultado JSON deudasSolicitud: Array
(
    [0] => Array
        (
            [id_cobro] => 5
            [id_solicitud] => 14
            [numero_cuota] => 0
            [monto_cuota] => 100.00
            [descripcion] => Pago de prima o cuota numero 0 de 4
            [estado] => CANCELADO
            [fecha_vencimiento] => 2024-11-11
            [fecha_pago] => 2024-11-11
            [interesGenerado] => 0
        )

    [1] => Array
        (
            [id_cobro] => 6
            [id_solicitud] => 14
            [numero_cuota] => 1
            [monto_cuota] => 39.86
            [descripcion] => 
            [estado] => PENDIENTE
            [fecha_vencimiento] => 2024-11-11
            [fecha_pago] => 
            [interesGenerado] => 0
        )

    [2] => Array
        (
            [id_cobro] => 7
            [id_solicitud] => 14
            [numero_cuota] => 2
            [monto_cuota] => 39.86
            [descripcion] => 
            [estado] => PENDIENTE
            [fecha_vencimiento] => 2025-01-12
            [fecha_pago] => 
            [interesGenerado] => 0
        )

    [3] => Array
        (
            [id_cobro] => 8
            [id_solicitud] => 14
            [numero_cuota] => 3
            [monto_cuota] => 39.86
            [descripcion] => 
            [estado] => PENDIENTE
            [fecha_vencimiento] => 2025-02-12
            [fecha_pago] => 
            [interesGenerado] => 0
        )

    [4] => Array
        (
            [id_cobro] => 9
            [id_solicitud] => 14
            [numero_cuota] => 4
            [monto_cuota] => 39.86
            [descripcion] => 
            [estado] => PENDIENTE
            [fecha_vencimiento] => 2025-03-12
            [fecha_pago] => 
            [interesGenerado] => 0
        )

)

INFO - 2024-11-25 21:12:07 --> Session: Class initialized using 'CodeIgniter\Session\Handlers\FileHandler' driver.
INFO - 2024-11-25 21:12:12 --> Session: Class initialized using 'CodeIgniter\Session\Handlers\FileHandler' driver.
INFO - 2024-11-25 21:12:12 --> Resultado JSON: [{"id_solicitud":"14","numero_solicitud":"000001","fecha_creacion":"2024-11-11 20:07:45","dui":"01234567-8","nombre_completo":"Ana Mar\u00eda P\u00e9rez L\u00f3pez","user_creador":"Jaime Edgardo Palacios Garcia","estado":"Aprobada","id_estado_actual":"2","observacion":null,"num_contrato":"0001-00000001","montoApagar":"259.43"}]
INFO - 2024-11-25 21:12:14 --> Session: Class initialized using 'CodeIgniter\Session\Handlers\FileHandler' driver.
INFO - 2024-11-25 21:12:14 --> Resultado JSON id_solicitud: 14
INFO - 2024-11-25 21:12:14 --> Resultado JSON deudasSolicitud: Array
(
    [0] => Array
        (
            [id_cobro] => 5
            [id_solicitud] => 14
            [numero_cuota] => 0
            [monto_cuota] => 100.00
            [descripcion] => Pago de prima o cuota numero 0 de 4
            [estado] => CANCELADO
            [fecha_vencimiento] => 2024-11-11
            [fecha_pago] => 2024-11-11
            [interesGenerado] => 0
        )

    [1] => Array
        (
            [id_cobro] => 6
            [id_solicitud] => 14
            [numero_cuota] => 1
            [monto_cuota] => 39.86
            [descripcion] => 
            [estado] => PENDIENTE
            [fecha_vencimiento] => 2024-11-11
            [fecha_pago] => 
            [interesGenerado] => 0
        )

    [2] => Array
        (
            [id_cobro] => 7
            [id_solicitud] => 14
            [numero_cuota] => 2
            [monto_cuota] => 39.86
            [descripcion] => 
            [estado] => PENDIENTE
            [fecha_vencimiento] => 2025-01-12
            [fecha_pago] => 
            [interesGenerado] => 0
        )

    [3] => Array
        (
            [id_cobro] => 8
            [id_solicitud] => 14
            [numero_cuota] => 3
            [monto_cuota] => 39.86
            [descripcion] => 
            [estado] => PENDIENTE
            [fecha_vencimiento] => 2025-02-12
            [fecha_pago] => 
            [interesGenerado] => 0
        )

    [4] => Array
        (
            [id_cobro] => 9
            [id_solicitud] => 14
            [numero_cuota] => 4
            [monto_cuota] => 39.86
            [descripcion] => 
            [estado] => PENDIENTE
            [fecha_vencimiento] => 2025-03-12
            [fecha_pago] => 
            [interesGenerado] => 0
        )

)

INFO - 2024-11-25 21:26:04 --> Session: Class initialized using 'CodeIgniter\Session\Handlers\FileHandler' driver.
INFO - 2024-11-25 21:27:11 --> Session: Class initialized using 'CodeIgniter\Session\Handlers\FileHandler' driver.
INFO - 2024-11-25 21:27:14 --> Session: Class initialized using 'CodeIgniter\Session\Handlers\FileHandler' driver.
INFO - 2024-11-25 21:27:15 --> Resultado JSON: [{"id_solicitud":"14","numero_solicitud":"000001","fecha_creacion":"2024-11-11 20:07:45","dui":"01234567-8","nombre_completo":"Ana Mar\u00eda P\u00e9rez L\u00f3pez","user_creador":"Jaime Edgardo Palacios Garcia","estado":"Aprobada","id_estado_actual":"2","observacion":null,"num_contrato":"0001-00000001","montoApagar":"259.43"}]
INFO - 2024-11-25 21:27:17 --> Session: Class initialized using 'CodeIgniter\Session\Handlers\FileHandler' driver.
INFO - 2024-11-25 21:27:17 --> Resultado JSON id_solicitud: 14
INFO - 2024-11-25 21:27:18 --> Resultado JSON deudasSolicitud: Array
(
    [0] => Array
        (
            [id_cobro] => 5
            [id_solicitud] => 14
            [numero_cuota] => 0
            [monto_cuota] => 100.00
            [descripcion] => Pago de prima o cuota numero 0 de 4
            [estado] => CANCELADO
            [fecha_vencimiento] => 2024-11-11
            [fecha_pago] => 2024-11-11
            [interesGenerado] => 0
        )

    [1] => Array
        (
            [id_cobro] => 6
            [id_solicitud] => 14
            [numero_cuota] => 1
            [monto_cuota] => 39.86
            [descripcion] => 
            [estado] => PENDIENTE
            [fecha_vencimiento] => 2024-11-11
            [fecha_pago] => 
            [interesGenerado] => 0
        )

    [2] => Array
        (
            [id_cobro] => 7
            [id_solicitud] => 14
            [numero_cuota] => 2
            [monto_cuota] => 39.86
            [descripcion] => 
            [estado] => PENDIENTE
            [fecha_vencimiento] => 2025-01-12
            [fecha_pago] => 
            [interesGenerado] => 0
        )

    [3] => Array
        (
            [id_cobro] => 8
            [id_solicitud] => 14
            [numero_cuota] => 3
            [monto_cuota] => 39.86
            [descripcion] => 
            [estado] => PENDIENTE
            [fecha_vencimiento] => 2025-02-12
            [fecha_pago] => 
            [interesGenerado] => 0
        )

    [4] => Array
        (
            [id_cobro] => 9
            [id_solicitud] => 14
            [numero_cuota] => 4
            [monto_cuota] => 39.86
            [descripcion] => 
            [estado] => PENDIENTE
            [fecha_vencimiento] => 2025-03-12
            [fecha_pago] => 
            [interesGenerado] => 0
        )

)

INFO - 2024-11-25 21:27:27 --> Cobro actualizado: {"id":"6","diasMora":14,"mora":"1.30","montoTotalCuotaInteres":41.16,"montoCuota":39.86}
INFO - 2024-11-25 21:27:30 --> Session: Class initialized using 'CodeIgniter\Session\Handlers\FileHandler' driver.
INFO - 2024-11-25 21:29:51 --> Session: Class initialized using 'CodeIgniter\Session\Handlers\FileHandler' driver.
INFO - 2024-11-25 21:29:53 --> Session: Class initialized using 'CodeIgniter\Session\Handlers\FileHandler' driver.
INFO - 2024-11-25 21:29:53 --> Resultado JSON: [{"id_solicitud":"14","numero_solicitud":"000001","fecha_creacion":"2024-11-11 20:07:45","dui":"01234567-8","nombre_completo":"Ana Mar\u00eda P\u00e9rez L\u00f3pez","user_creador":"Jaime Edgardo Palacios Garcia","estado":"Aprobada","id_estado_actual":"2","observacion":null,"num_contrato":"0001-00000001","montoApagar":"259.43"}]
INFO - 2024-11-25 21:29:55 --> Session: Class initialized using 'CodeIgniter\Session\Handlers\FileHandler' driver.
INFO - 2024-11-25 21:29:55 --> Resultado JSON id_solicitud: 14
INFO - 2024-11-25 21:29:56 --> Resultado JSON deudasSolicitud: Array
(
    [0] => Array
        (
            [id_cobro] => 5
            [id_solicitud] => 14
            [numero_cuota] => 0
            [monto_cuota] => 100.00
            [descripcion] => Pago de prima o cuota numero 0 de 4
            [estado] => CANCELADO
            [fecha_vencimiento] => 2024-11-11
            [fecha_pago] => 2024-11-11
            [interesGenerado] => 0
        )

    [1] => Array
        (
            [id_cobro] => 6
            [id_solicitud] => 14
            [numero_cuota] => 1
            [monto_cuota] => 39.86
            [descripcion] => Pago de la cuota 1 con valor de cuota de $39.86, más un interés generado de $1.30
            [estado] => PENDIENTE
            [fecha_vencimiento] => 2024-11-11
            [fecha_pago] => 2024-11-25
            [interesGenerado] => 0
        )

    [2] => Array
        (
            [id_cobro] => 7
            [id_solicitud] => 14
            [numero_cuota] => 2
            [monto_cuota] => 39.86
            [descripcion] => 
            [estado] => PENDIENTE
            [fecha_vencimiento] => 2025-01-12
            [fecha_pago] => 
            [interesGenerado] => 0
        )

    [3] => Array
        (
            [id_cobro] => 8
            [id_solicitud] => 14
            [numero_cuota] => 3
            [monto_cuota] => 39.86
            [descripcion] => 
            [estado] => PENDIENTE
            [fecha_vencimiento] => 2025-02-12
            [fecha_pago] => 
            [interesGenerado] => 0
        )

    [4] => Array
        (
            [id_cobro] => 9
            [id_solicitud] => 14
            [numero_cuota] => 4
            [monto_cuota] => 39.86
            [descripcion] => 
            [estado] => PENDIENTE
            [fecha_vencimiento] => 2025-03-12
            [fecha_pago] => 
            [interesGenerado] => 0
        )

)

INFO - 2024-11-25 21:30:03 --> Cobro actualizado: {"id":"6","diasMora":14,"mora":"1.30","montoTotalCuotaInteres":41.16,"montoCuota":39.86}
INFO - 2024-11-25 21:30:05 --> Session: Class initialized using 'CodeIgniter\Session\Handlers\FileHandler' driver.
INFO - 2024-11-25 21:30:08 --> Session: Class initialized using 'CodeIgniter\Session\Handlers\FileHandler' driver.
INFO - 2024-11-25 21:30:08 --> Resultado JSON: [{"id_solicitud":"14","numero_solicitud":"000001","fecha_creacion":"2024-11-11 20:07:45","dui":"01234567-8","nombre_completo":"Ana Mar\u00eda P\u00e9rez L\u00f3pez","user_creador":"Jaime Edgardo Palacios Garcia","estado":"Aprobada","id_estado_actual":"2","observacion":null,"num_contrato":"0001-00000001","montoApagar":"219.57"}]
INFO - 2024-11-25 21:30:09 --> Session: Class initialized using 'CodeIgniter\Session\Handlers\FileHandler' driver.
INFO - 2024-11-25 21:30:09 --> Resultado JSON id_solicitud: 14
INFO - 2024-11-25 21:30:10 --> Resultado JSON deudasSolicitud: Array
(
    [0] => Array
        (
            [id_cobro] => 5
            [id_solicitud] => 14
            [numero_cuota] => 0
            [monto_cuota] => 100.00
            [descripcion] => Pago de prima o cuota numero 0 de 4
            [estado] => CANCELADO
            [fecha_vencimiento] => 2024-11-11
            [fecha_pago] => 2024-11-11
            [interesGenerado] => 0
        )

    [1] => Array
        (
            [id_cobro] => 6
            [id_solicitud] => 14
            [numero_cuota] => 1
            [monto_cuota] => 39.86
            [descripcion] => Pago de la cuota 1 con valor de cuota de $39.86, más un interés generado de $1.30
            [estado] => CANCELADO
            [fecha_vencimiento] => 2024-11-11
            [fecha_pago] => 2024-11-25
            [interesGenerado] => 1.30
        )

    [2] => Array
        (
            [id_cobro] => 7
            [id_solicitud] => 14
            [numero_cuota] => 2
            [monto_cuota] => 39.86
            [descripcion] => 
            [estado] => PENDIENTE
            [fecha_vencimiento] => 2025-01-12
            [fecha_pago] => 
            [interesGenerado] => 0
        )

    [3] => Array
        (
            [id_cobro] => 8
            [id_solicitud] => 14
            [numero_cuota] => 3
            [monto_cuota] => 39.86
            [descripcion] => 
            [estado] => PENDIENTE
            [fecha_vencimiento] => 2025-02-12
            [fecha_pago] => 
            [interesGenerado] => 0
        )

    [4] => Array
        (
            [id_cobro] => 9
            [id_solicitud] => 14
            [numero_cuota] => 4
            [monto_cuota] => 39.86
            [descripcion] => 
            [estado] => PENDIENTE
            [fecha_vencimiento] => 2025-03-12
            [fecha_pago] => 
            [interesGenerado] => 0
        )

)

