INFO - 2024-08-20 09:58:31 --> Session: Class initialized using 'CodeIgniter\Session\Handlers\FileHandler' driver.
INFO - 2024-08-20 09:58:32 --> Session: Class initialized using 'CodeIgniter\Session\Handlers\FileHandler' driver.
INFO - 2024-08-20 09:58:37 --> iniciando sesion
INFO - 2024-08-20 09:58:38 --> Valor retornado del acceso es:: [{"url_acceso":"inicio_administracion","orden_acceso":"1"},{"url_acceso":"usuarios","orden_acceso":"2"},{"url_acceso":"productos","orden_acceso":"3"},{"url_acceso":"categorias","orden_acceso":"4"},{"url_acceso":"proveedores","orden_acceso":"5"},{"url_acceso":"ingresos_por_compras","orden_acceso":"6"},{"url_acceso":"ingresos","orden_acceso":"7"},{"url_acceso":"salidas","orden_acceso":"8"},{"url_acceso":"apoderados","orden_acceso":"9"}]
INFO - 2024-08-20 09:58:38 --> Session: Class initialized using 'CodeIgniter\Session\Handlers\FileHandler' driver.
INFO - 2024-08-20 09:58:38 --> Session: Class initialized using 'CodeIgniter\Session\Handlers\FileHandler' driver.
INFO - 2024-08-20 09:58:38 --> AdministracionController inicio_administracion
INFO - 2024-08-20 09:58:38 --> AdministracionController Acceso permitido
INFO - 2024-08-20 09:58:42 --> Session: Class initialized using 'CodeIgniter\Session\Handlers\FileHandler' driver.
INFO - 2024-08-20 09:58:42 --> ApoderadosController apoderados
INFO - 2024-08-20 09:58:43 --> Session: Class initialized using 'CodeIgniter\Session\Handlers\FileHandler' driver.
INFO - 2024-08-20 09:58:44 --> Datos a mostrar: Array
(
    [0] => Array
        (
            [idapoderado] => 5
            [nombre_apoderado] => Jose Alfonso Redondo
            [dui_apoderado] => 09871122-2
            [representante_legal] => Martha lopez Perez
            [dui_representante] => 98875666-3
            [estado] => 1
            [created_at] => 2024-08-16 04:06:47
            [updated_at] => 2024-08-16 04:21:53
        )

)

INFO - 2024-08-20 09:58:44 --> retorno
INFO - 2024-08-20 10:05:33 --> Session: Class initialized using 'CodeIgniter\Session\Handlers\FileHandler' driver.
INFO - 2024-08-20 10:05:33 --> Session: Class initialized using 'CodeIgniter\Session\Handlers\FileHandler' driver.
INFO - 2024-08-20 10:05:36 --> iniciando sesion
INFO - 2024-08-20 10:05:37 --> Valor retornado del acceso es:: [{"url_acceso":"solicitudes","orden_acceso":"1"},{"url_acceso":"clientes","orden_acceso":"2"},{"url_acceso":"nueva_solicitud","orden_acceso":null}]
INFO - 2024-08-20 10:05:37 --> Session: Class initialized using 'CodeIgniter\Session\Handlers\FileHandler' driver.
INFO - 2024-08-20 10:05:37 --> Session: Class initialized using 'CodeIgniter\Session\Handlers\FileHandler' driver.
INFO - 2024-08-20 10:05:37 --> SolicitudesController solicitudes
INFO - 2024-08-20 10:05:46 --> Session: Class initialized using 'CodeIgniter\Session\Handlers\FileHandler' driver.
INFO - 2024-08-20 10:05:46 --> SolicitudesController nueva_solicitud
INFO - 2024-08-20 10:05:47 --> Session: Class initialized using 'CodeIgniter\Session\Handlers\FileHandler' driver.
INFO - 2024-08-20 10:05:49 --> Session: Class initialized using 'CodeIgniter\Session\Handlers\FileHandler' driver.
INFO - 2024-08-20 10:05:58 --> Session: Class initialized using 'CodeIgniter\Session\Handlers\FileHandler' driver.
INFO - 2024-08-20 10:05:59 --> Session: Class initialized using 'CodeIgniter\Session\Handlers\FileHandler' driver.
INFO - 2024-08-20 11:25:40 --> llego a buscarProductos
INFO - 2024-08-20 11:25:40 --> Session: Class initialized using 'CodeIgniter\Session\Handlers\FileHandler' driver.
INFO - 2024-08-20 11:25:41 --> productos Array
(
    [0] => Array
        (
            [id_producto] => 2
            [nombre] => Refrigeradora INVERTER 
            [marca] => LG
            [modelo] => VT40WPN | 14
            [color] => GRIS
            [medidas] => Alto	1760mm - Ancho 700mm - Profundidad 680mm
            [precio] => 800.00
            [costo_unitario] => 530.00
            [id_categoria] => 7
            [disponible] => 1
            [codigo_producto] => 0000098
            [estado] => 1
            [id_usuario_creacion] => 7
            [fecha_creacion] => 2024-06-05
            [nombre_categoria] => Electrodomésticos
            [nombre_usuario] => Raul Antonio
        )

)

INFO - 2024-08-20 11:30:24 --> Datos recibidos: Array
(
    [datos_personales] => Array
        (
            [id_cliente] => 2
        )

    [referencias_laborales] => Array
        (
            [profesion_oficio] => Programador
            [empresa] => GOES
            [direccion_trabajo] => San salvador
            [telefono_trabajo] => 2398-7544
            [cargo] => Desarrollador JAVA
            [salario] => 3000.00
            [tiempo_laborando_empresa] => 2 años
            [nombre_jefe_inmediato] => Miguel Angel
            [empresa_anterior] => Waresoft
            [telefono_empresa_anterior] => 2300-0000
        )

    [referencias_familiares] => Array
        (
            [0] => Array
                (
                    [nombre] => Jorge Perez
                    [parentesco] => PAPÁ
                    [direccion] => San martin
                    [telefono] => 7889-8747
                    [lugar_trabajo] => Alcaldia Sm
                    [telefono_trabajo] => 2387-8882
                )

        )

    [referencias_personas_no_familiar] => Array
        (
            [0] => Array
                (
                    [nombre] => Carlos Mendez
                    [direccion] => Quezaltepeque
                    [telefono] => 7888-8888
                    [lugar_trabajo] => N/A
                    [telefono_trabajo] => 2099-8888
                )

        )

    [referencias_crediticias] => Array
        (
        )

    [analisis_socioeconomico] => Array
        (
            [ingresoMensual] => 3000.00
            [egresoMensual] => 1000.00
            [salarioIng] => 
            [pagoCasa] => 
            [otrosIngresos] => 
            [gastosVida] => 
            [otrosEgresos] => 
            [totalIngresos] => 3000.00
            [totalEgresos] => 1000.00
            [diferencia] => 2000.00
            [estado_label] => Sano
        )

    [co_deudor] => Array
        (
            [referencias] => Array
                (
                    [0] => Array
                        (
                            [nombre] => Nicolas Lopez
                            [parentesco] => TIO/A
                            [direccion] => QUezaltepeque
                            [telefono] => 2345-6777
                        )

                )

            [nombre] => Marlon Francisco Alfaro
            [dui] => 08646555-4
            [direccion] => Calle vieja Quezaltepeque
            [COtelPersonal] => 7898-7666
            [COpropiaCN] => SI
            [COpromesaVenta] => NO
            [COalquilada] => NO
            [COtiempoVivienda] => 3 años
            [COestadoCivil] => Soltera/o
            [nombreConyugueCN] => 
            [profesion] => Cocinero
            [patrono] => Pollo campero
            [COdireccionTrabajo] => Quezaltepeque
            [COtelefonoTrabajo] => 2550-5555
            [COcargoDesempeña] => Cocinero
            [COsalario] => 800.00
            [COnombreJefe] => Miguel Gutierrez
        )

    [plan_de_pago] => Array
        (
            [valorArticulo] => 800.00
            [valorPagoPrima] => 200.00
            [saldoAPagar] => 600.00
            [montoCuota] => 69.30
            [montoTotalPagar] => 1031.60
        )

    [productosSolicitud] => Array
        (
            [0] => Array
                (
                    [0] => Array
                        (
                            [id_producto] => 2
                            [nombre] => Refrigeradora INVERTER 
                            [marca] => LG
                            [modelo] => VT40WPN | 14
                            [color] => GRIS
                            [medidas] => Alto	1760mm - Ancho 700mm - Profundidad 680mm
                            [precio] => 800.00
                            [costo_unitario] => 530.00
                            [id_categoria] => 7
                            [disponible] => 1
                            [codigo_producto] => 0000098
                            [estado] => 1
                            [id_usuario_creacion] => 7
                            [fecha_creacion] => 2024-06-05
                            [nombre_categoria] => Electrodomésticos
                            [nombre_usuario] => Raul Antonio
                            [cantidad] => 1
                        )

                )

        )

)

INFO - 2024-08-20 14:41:56 --> Session: Class initialized using 'CodeIgniter\Session\Handlers\FileHandler' driver.
INFO - 2024-08-20 14:41:58 --> Session: Class initialized using 'CodeIgniter\Session\Handlers\FileHandler' driver.
INFO - 2024-08-20 14:42:01 --> iniciando sesion
INFO - 2024-08-20 14:42:02 --> Valor retornado del acceso es:: [{"url_acceso":"inicio_administracion","orden_acceso":"1"},{"url_acceso":"usuarios","orden_acceso":"2"},{"url_acceso":"productos","orden_acceso":"3"},{"url_acceso":"categorias","orden_acceso":"4"},{"url_acceso":"proveedores","orden_acceso":"5"},{"url_acceso":"ingresos_por_compras","orden_acceso":"6"},{"url_acceso":"ingresos","orden_acceso":"7"},{"url_acceso":"salidas","orden_acceso":"8"},{"url_acceso":"apoderados","orden_acceso":"9"}]
INFO - 2024-08-20 14:42:02 --> Session: Class initialized using 'CodeIgniter\Session\Handlers\FileHandler' driver.
INFO - 2024-08-20 14:42:02 --> Session: Class initialized using 'CodeIgniter\Session\Handlers\FileHandler' driver.
INFO - 2024-08-20 14:42:02 --> AdministracionController inicio_administracion
INFO - 2024-08-20 14:42:02 --> AdministracionController Acceso permitido
INFO - 2024-08-20 14:42:47 --> Session: Class initialized using 'CodeIgniter\Session\Handlers\FileHandler' driver.
INFO - 2024-08-20 14:42:47 --> Session: Class initialized using 'CodeIgniter\Session\Handlers\FileHandler' driver.
INFO - 2024-08-20 14:42:58 --> iniciando sesion
INFO - 2024-08-20 14:42:59 --> Valor retornado del acceso es:: [{"url_acceso":"solicitudes","orden_acceso":"1"},{"url_acceso":"clientes","orden_acceso":"2"},{"url_acceso":"nueva_solicitud","orden_acceso":null}]
INFO - 2024-08-20 14:42:59 --> Session: Class initialized using 'CodeIgniter\Session\Handlers\FileHandler' driver.
INFO - 2024-08-20 14:42:59 --> Session: Class initialized using 'CodeIgniter\Session\Handlers\FileHandler' driver.
INFO - 2024-08-20 14:42:59 --> SolicitudesController solicitudes
INFO - 2024-08-20 14:43:07 --> Session: Class initialized using 'CodeIgniter\Session\Handlers\FileHandler' driver.
INFO - 2024-08-20 14:43:07 --> SolicitudesController nueva_solicitud
INFO - 2024-08-20 14:43:08 --> Session: Class initialized using 'CodeIgniter\Session\Handlers\FileHandler' driver.
INFO - 2024-08-20 14:43:45 --> Session: Class initialized using 'CodeIgniter\Session\Handlers\FileHandler' driver.
INFO - 2024-08-20 14:43:45 --> SolicitudesController nueva_solicitud
INFO - 2024-08-20 14:43:46 --> Session: Class initialized using 'CodeIgniter\Session\Handlers\FileHandler' driver.
INFO - 2024-08-20 15:36:16 --> Session: Class initialized using 'CodeIgniter\Session\Handlers\FileHandler' driver.
INFO - 2024-08-20 15:36:16 --> SolicitudesController nueva_solicitud
INFO - 2024-08-20 15:36:18 --> Session: Class initialized using 'CodeIgniter\Session\Handlers\FileHandler' driver.
