INFO - 2024-09-11 09:31:38 --> ***************************************generarContrato***************************************
INFO - 2024-09-11 09:31:40 --> numero de contrato generado:: ::: 0001-00000006
INFO - 2024-09-11 09:31:40 --> Reemplazando representanteLegal con Juan Pérez
INFO - 2024-09-11 09:31:40 --> Reemplazando edadRepresentanteLet con 35
INFO - 2024-09-11 09:31:40 --> Reemplazando duiRepresentante con 01234567-8
INFO - 2024-09-11 09:31:40 --> Reemplazando mueblesSolicitados con Sofá, Mesa, Sillas
INFO - 2024-09-11 09:31:40 --> Reemplazando sucursal con Sucursal Central
INFO - 2024-09-11 09:31:40 --> Reemplazando cantidadCuotas con 12
INFO - 2024-09-11 09:31:40 --> Reemplazando precioTotal con 5000
INFO - 2024-09-11 09:31:40 --> Reemplazando valorPrima con 1000
INFO - 2024-09-11 09:31:40 --> Reemplazando montoCuotas con 333.33
INFO - 2024-09-11 09:31:40 --> Reemplazando diaLetra con veinticinco
INFO - 2024-09-11 09:31:40 --> Reemplazando mesLetra con septiembre
INFO - 2024-09-11 09:31:40 --> Reemplazando anioLetra con veinticuatro
INFO - 2024-09-11 09:31:45 --> llega la sol::: 000001
INFO - 2024-09-11 09:31:46 --> respuesta del select::: C:\xampp\htdocs\creditos\public/documentos/000001/contrato_000001.docx
INFO - 2024-09-11 09:32:37 --> ***************************************generarContrato***************************************
INFO - 2024-09-11 09:32:39 --> numero de contrato generado:: ::: 0001-00000007
INFO - 2024-09-11 09:32:39 --> Reemplazando representanteLegal con Juan Pérez
INFO - 2024-09-11 09:32:39 --> Reemplazando edadRepresentanteLet con 35
INFO - 2024-09-11 09:32:39 --> Reemplazando duiRepresentante con 01234567-8
INFO - 2024-09-11 09:32:39 --> Reemplazando mueblesSolicitados con Sofá, Mesa, Sillas
INFO - 2024-09-11 09:32:39 --> Reemplazando sucursal con Sucursal Central
INFO - 2024-09-11 09:32:39 --> Reemplazando cantidadCuotas con 12
INFO - 2024-09-11 09:32:39 --> Reemplazando precioTotal con 5000
INFO - 2024-09-11 09:32:39 --> Reemplazando valorPrima con 1000
INFO - 2024-09-11 09:32:39 --> Reemplazando montoCuotas con 333.33
INFO - 2024-09-11 09:32:39 --> Reemplazando diaLetra con veinticinco
INFO - 2024-09-11 09:32:39 --> Reemplazando mesLetra con septiembre
INFO - 2024-09-11 09:32:39 --> Reemplazando anioLetra con veinticuatro
INFO - 2024-09-11 09:32:44 --> llega la sol::: 000001
INFO - 2024-09-11 09:32:45 --> respuesta del select::: C:\xampp\htdocs\creditos\public/documentos/000001/contrato_000001.docx
INFO - 2024-09-11 09:34:54 --> ***************************************generarContrato***************************************
INFO - 2024-09-11 09:34:55 --> numero de contrato generado:: ::: 0001-00000008
INFO - 2024-09-11 09:34:55 --> Reemplazando representanteLegal con Juan Pérez
INFO - 2024-09-11 09:34:55 --> Reemplazando edadRepresentanteLet con 35
INFO - 2024-09-11 09:34:55 --> Reemplazando duiRepresentante con 01234567-8
INFO - 2024-09-11 09:34:55 --> Reemplazando mueblesSolicitados con Sofá, Mesa, Sillas
INFO - 2024-09-11 09:34:55 --> Reemplazando sucursal con Sucursal Central
INFO - 2024-09-11 09:34:55 --> Reemplazando cantidadCuotas con 12
INFO - 2024-09-11 09:34:55 --> Reemplazando precioTotal con 5000
INFO - 2024-09-11 09:34:55 --> Reemplazando valorPrima con 1000
INFO - 2024-09-11 09:34:55 --> Reemplazando montoCuotas con 333.33
INFO - 2024-09-11 09:34:55 --> Reemplazando diaLetra con veinticinco
INFO - 2024-09-11 09:34:55 --> Reemplazando mesLetra con septiembre
INFO - 2024-09-11 09:34:55 --> Reemplazando anioLetra con veinticuatro
INFO - 2024-09-11 09:35:00 --> llega la sol::: 000001
INFO - 2024-09-11 09:35:01 --> respuesta del select::: C:\xampp\htdocs\creditos\public/documentos/000001/contrato_000001.docx
INFO - 2024-09-11 09:36:21 --> ***************************************generarContrato***************************************
INFO - 2024-09-11 09:36:22 --> numero de contrato generado:: ::: 0001-00000009
INFO - 2024-09-11 09:36:22 --> Reemplazando representanteLegal con Juan Pérez
INFO - 2024-09-11 09:36:22 --> Reemplazando edadRepresentanteLet con 35
INFO - 2024-09-11 09:36:22 --> Reemplazando duiRepresentante con 01234567-8
INFO - 2024-09-11 09:36:22 --> Reemplazando mueblesSolicitados con Sofá, Mesa, Sillas
INFO - 2024-09-11 09:36:22 --> Reemplazando sucursal con Sucursal Central
INFO - 2024-09-11 09:36:22 --> Reemplazando cantidadCuotas con 12
INFO - 2024-09-11 09:36:22 --> Reemplazando precioTotal con 5000
INFO - 2024-09-11 09:36:22 --> Reemplazando valorPrima con 1000
INFO - 2024-09-11 09:36:22 --> Reemplazando montoCuotas con 333.33
INFO - 2024-09-11 09:36:22 --> Reemplazando diaLetra con veinticinco
INFO - 2024-09-11 09:36:22 --> Reemplazando mesLetra con septiembre
INFO - 2024-09-11 09:36:22 --> Reemplazando anioLetra con veinticuatro
INFO - 2024-09-11 09:36:28 --> llega la sol::: 000001
INFO - 2024-09-11 09:36:29 --> respuesta del select::: C:\xampp\htdocs\creditos\public/documentos/000001/contrato_000001.docx
INFO - 2024-09-11 09:36:43 --> ***************************************generarContrato***************************************
INFO - 2024-09-11 09:36:44 --> numero de contrato generado:: ::: 0001-00000010
INFO - 2024-09-11 09:36:44 --> Reemplazando representanteLegal con Juan Pérez
INFO - 2024-09-11 09:36:44 --> Reemplazando edadRepresentanteLet con 35
INFO - 2024-09-11 09:36:44 --> Reemplazando duiRepresentante con 01234567-8
INFO - 2024-09-11 09:36:44 --> Reemplazando mueblesSolicitados con Sofá, Mesa, Sillas
INFO - 2024-09-11 09:36:44 --> Reemplazando sucursal con Sucursal Central
INFO - 2024-09-11 09:36:44 --> Reemplazando cantidadCuotas con 12
INFO - 2024-09-11 09:36:44 --> Reemplazando precioTotal con 5000
INFO - 2024-09-11 09:36:44 --> Reemplazando valorPrima con 1000
INFO - 2024-09-11 09:36:44 --> Reemplazando montoCuotas con 333.33
INFO - 2024-09-11 09:36:44 --> Reemplazando diaLetra con veinticinco
INFO - 2024-09-11 09:36:44 --> Reemplazando mesLetra con septiembre
INFO - 2024-09-11 09:36:44 --> Reemplazando anioLetra con veinticuatro
INFO - 2024-09-11 09:36:50 --> llega la sol::: 000001
INFO - 2024-09-11 09:36:51 --> respuesta del select::: C:\xampp\htdocs\creditos\public/documentos/000001/contrato_000001.docx
INFO - 2024-09-11 09:42:39 --> ***************************************generarContrato***************************************
INFO - 2024-09-11 09:42:40 --> numero de contrato generado:: ::: 0001-00000011
INFO - 2024-09-11 09:42:40 --> Reemplazando representanteLegal con Juan Pérez
INFO - 2024-09-11 09:42:40 --> Reemplazando edadRepresentanteLet con 35
INFO - 2024-09-11 09:42:40 --> Reemplazando duiRepresentante con 01234567-8
INFO - 2024-09-11 09:42:40 --> Reemplazando mueblesSolicitados con Sofá, Mesa, Sillas
INFO - 2024-09-11 09:42:40 --> Reemplazando sucursal con Sucursal Central
INFO - 2024-09-11 09:42:40 --> Reemplazando cantidadCuotas con 12
INFO - 2024-09-11 09:42:40 --> Reemplazando precioTotal con 5000
INFO - 2024-09-11 09:42:40 --> Reemplazando valorPrima con 1000
INFO - 2024-09-11 09:42:40 --> Reemplazando montoCuotas con 333.33
INFO - 2024-09-11 09:42:40 --> Reemplazando diaLetra con veinticinco
INFO - 2024-09-11 09:42:40 --> Reemplazando mesLetra con septiembre
INFO - 2024-09-11 09:42:40 --> Reemplazando anioLetra con veinticuatro
INFO - 2024-09-11 09:42:46 --> llega la sol::: 000001
INFO - 2024-09-11 09:42:47 --> respuesta del select::: C:\xampp\htdocs\creditos\public/documentos/000001/contrato_000001.docx
INFO - 2024-09-11 09:44:08 --> ***************************************generarContrato***************************************
INFO - 2024-09-11 09:44:10 --> numero de contrato generado:: ::: 0001-00000012
INFO - 2024-09-11 09:44:10 --> Reemplazando representanteLegal con Juan Pérez
INFO - 2024-09-11 09:44:10 --> Reemplazando edadRepresentanteLet con 35
INFO - 2024-09-11 09:44:10 --> Reemplazando duiRepresentante con 01234567-8
INFO - 2024-09-11 09:44:10 --> Reemplazando mueblesSolicitados con Sofá, Mesa, Sillas
INFO - 2024-09-11 09:44:10 --> Reemplazando sucursal con Sucursal Central
INFO - 2024-09-11 09:44:10 --> Reemplazando cantidadCuotas con 12
INFO - 2024-09-11 09:44:10 --> Reemplazando precioTotal con 5000
INFO - 2024-09-11 09:44:10 --> Reemplazando valorPrima con 1000
INFO - 2024-09-11 09:44:10 --> Reemplazando montoCuotas con 333.33
INFO - 2024-09-11 09:44:10 --> Reemplazando diaLetra con veinticinco
INFO - 2024-09-11 09:44:10 --> Reemplazando mesLetra con septiembre
INFO - 2024-09-11 09:44:10 --> Reemplazando anioLetra con veinticuatro
INFO - 2024-09-11 09:44:16 --> llega la sol::: 000001
INFO - 2024-09-11 09:44:17 --> respuesta del select::: C:\xampp\htdocs\creditos\public/documentos/000001/contrato_000001.docx
INFO - 2024-09-11 09:44:34 --> ***************************************generarContrato***************************************
INFO - 2024-09-11 09:44:36 --> numero de contrato generado:: ::: 0001-00000013
INFO - 2024-09-11 09:44:36 --> Reemplazando representanteLegal con Juan Pérez
INFO - 2024-09-11 09:44:36 --> Reemplazando edadRepresentanteLet con 35
INFO - 2024-09-11 09:44:36 --> Reemplazando duiRepresentante con 01234567-8
INFO - 2024-09-11 09:44:36 --> Reemplazando mueblesSolicitados con Sofá, Mesa, Sillas
INFO - 2024-09-11 09:44:36 --> Reemplazando sucursal con Sucursal Central
INFO - 2024-09-11 09:44:36 --> Reemplazando cantidadCuotas con 12
INFO - 2024-09-11 09:44:36 --> Reemplazando precioTotal con 5000
INFO - 2024-09-11 09:44:36 --> Reemplazando valorPrima con 1000
INFO - 2024-09-11 09:44:36 --> Reemplazando montoCuotas con 333.33
INFO - 2024-09-11 09:44:36 --> Reemplazando diaLetra con veinticinco
INFO - 2024-09-11 09:44:36 --> Reemplazando mesLetra con septiembre
INFO - 2024-09-11 09:44:36 --> Reemplazando anioLetra con veinticuatro
INFO - 2024-09-11 09:44:41 --> llega la sol::: 000001
INFO - 2024-09-11 09:44:42 --> respuesta del select::: C:\xampp\htdocs\creditos\public/documentos/000001/contrato_000001.docx
INFO - 2024-09-11 09:45:29 --> ***************************************generarContrato***************************************
INFO - 2024-09-11 09:45:30 --> numero de contrato generado:: ::: 0001-00000014
INFO - 2024-09-11 09:45:30 --> Reemplazando representanteLegal con Juan Pérez
INFO - 2024-09-11 09:45:30 --> Reemplazando edadRepresentanteLet con 35
INFO - 2024-09-11 09:45:30 --> Reemplazando duiRepresentante con 01234567-8
INFO - 2024-09-11 09:45:30 --> Reemplazando mueblesSolicitados con Sofá, Mesa, Sillas
INFO - 2024-09-11 09:45:30 --> Reemplazando sucursal con Sucursal Central
INFO - 2024-09-11 09:45:30 --> Reemplazando cantidadCuotas con 12
INFO - 2024-09-11 09:45:30 --> Reemplazando precioTotal con 5000
INFO - 2024-09-11 09:45:30 --> Reemplazando valorPrima con 1000
INFO - 2024-09-11 09:45:30 --> Reemplazando montoCuotas con 333.33
INFO - 2024-09-11 09:45:30 --> Reemplazando diaLetra con veinticinco
INFO - 2024-09-11 09:45:30 --> Reemplazando mesLetra con septiembre
INFO - 2024-09-11 09:45:30 --> Reemplazando anioLetra con veinticuatro
INFO - 2024-09-11 09:45:36 --> llega la sol::: 000001
INFO - 2024-09-11 09:45:36 --> respuesta del select::: C:\xampp\htdocs\creditos\public/documentos/000001/contrato_000001.docx
INFO - 2024-09-11 09:47:37 --> ***************************************generarContrato***************************************
INFO - 2024-09-11 09:47:38 --> numero de contrato generado:: ::: 0001-00000015
INFO - 2024-09-11 09:47:38 --> Reemplazando representanteLegal con Juan Pérez
INFO - 2024-09-11 09:47:38 --> Reemplazando edadRepresentanteLet con 35
INFO - 2024-09-11 09:47:38 --> Reemplazando duiRepresentante con 01234567-8
INFO - 2024-09-11 09:47:38 --> Reemplazando mueblesSolicitados con Sofá, Mesa, Sillas
INFO - 2024-09-11 09:47:38 --> Reemplazando sucursal con Sucursal Central
INFO - 2024-09-11 09:47:38 --> Reemplazando cantidadCuotas con 12
INFO - 2024-09-11 09:47:38 --> Reemplazando precioTotal con 5000
INFO - 2024-09-11 09:47:38 --> Reemplazando valorPrima con 1000
INFO - 2024-09-11 09:47:38 --> Reemplazando montoCuotas con 333.33
INFO - 2024-09-11 09:47:38 --> Reemplazando diaLetra con veinticinco
INFO - 2024-09-11 09:47:38 --> Reemplazando mesLetra con septiembre
INFO - 2024-09-11 09:47:38 --> Reemplazando anioLetra con veinticuatro
INFO - 2024-09-11 09:47:44 --> llega la sol::: 000001
INFO - 2024-09-11 09:47:45 --> respuesta del select::: C:\xampp\htdocs\creditos\public/documentos/000001/contrato_000001.docx
INFO - 2024-09-11 09:49:29 --> ***************************************generarContrato***************************************
INFO - 2024-09-11 09:49:30 --> numero de contrato generado:: ::: 0001-00000016
INFO - 2024-09-11 09:49:30 --> Reemplazando representanteLegal con Juan Pérez
INFO - 2024-09-11 09:49:30 --> Reemplazando edadRepresentanteLet con 35
INFO - 2024-09-11 09:49:30 --> Reemplazando duiRepresentante con 01234567-8
INFO - 2024-09-11 09:49:30 --> Reemplazando mueblesSolicitados con Sofá, Mesa, Sillas
INFO - 2024-09-11 09:49:30 --> Reemplazando sucursal con Sucursal Central
INFO - 2024-09-11 09:49:30 --> Reemplazando cantidadCuotas con 12
INFO - 2024-09-11 09:49:30 --> Reemplazando precioTotal con 5000
INFO - 2024-09-11 09:49:30 --> Reemplazando valorPrima con 1000
INFO - 2024-09-11 09:49:30 --> Reemplazando montoCuotas con 333.33
INFO - 2024-09-11 09:49:30 --> Reemplazando diaLetra con veinticinco
INFO - 2024-09-11 09:49:30 --> Reemplazando mesLetra con septiembre
INFO - 2024-09-11 09:49:30 --> Reemplazando anioLetra con veinticuatro
INFO - 2024-09-11 09:49:36 --> llega la sol::: 000001
INFO - 2024-09-11 09:49:37 --> respuesta del select::: C:\xampp\htdocs\creditos\public/documentos/000001/contrato_000001.docx
INFO - 2024-09-11 10:12:52 --> ***************************************generarContrato***************************************
INFO - 2024-09-11 10:12:53 --> numero de contrato generado:: ::: 0001-00000017
INFO - 2024-09-11 10:12:53 --> Reemplazando representanteLegal con Juan Pérez
INFO - 2024-09-11 10:12:53 --> Reemplazando edadRepresentanteLet con 35
INFO - 2024-09-11 10:12:53 --> Reemplazando duiRepresentante con 01234567-8
INFO - 2024-09-11 10:12:53 --> Reemplazando mueblesSolicitados con Sofá, Mesa, Sillas
INFO - 2024-09-11 10:12:53 --> Reemplazando sucursal con Sucursal Central
INFO - 2024-09-11 10:12:53 --> Reemplazando cantidadCuotas con 12
INFO - 2024-09-11 10:12:53 --> Reemplazando precioTotal con 5000
INFO - 2024-09-11 10:12:53 --> Reemplazando valorPrima con 1000
INFO - 2024-09-11 10:12:53 --> Reemplazando montoCuotas con 333.33
INFO - 2024-09-11 10:12:53 --> Reemplazando diaLetra con veinticinco
INFO - 2024-09-11 10:12:53 --> Reemplazando mesLetra con septiembre
INFO - 2024-09-11 10:12:53 --> Reemplazando anioLetra con veinticuatro
INFO - 2024-09-11 10:12:58 --> llega la sol::: 000001
INFO - 2024-09-11 10:12:59 --> respuesta del select::: C:\xampp\htdocs\creditos\public/documentos/000001/contrato_000001.docx
INFO - 2024-09-11 10:14:15 --> ***************************************generarContrato***************************************
INFO - 2024-09-11 10:14:16 --> numero de contrato generado:: ::: 0001-00000018
INFO - 2024-09-11 10:14:16 --> Reemplazando representanteLegal con Juan Pérez
INFO - 2024-09-11 10:14:16 --> Reemplazando edadRepresentanteLet con 35
INFO - 2024-09-11 10:14:16 --> Reemplazando duiRepresentante con 01234567-8
INFO - 2024-09-11 10:14:16 --> Reemplazando mueblesSolicitados con Sofá, Mesa, Sillas
INFO - 2024-09-11 10:14:16 --> Reemplazando sucursal con Sucursal Central
INFO - 2024-09-11 10:14:16 --> Reemplazando cantidadCuotas con 12
INFO - 2024-09-11 10:14:16 --> Reemplazando precioTotal con 5000
INFO - 2024-09-11 10:14:16 --> Reemplazando valorPrima con 1000
INFO - 2024-09-11 10:14:16 --> Reemplazando montoCuotas con 333.33
INFO - 2024-09-11 10:14:16 --> Reemplazando diaLetra con veinticinco
INFO - 2024-09-11 10:14:16 --> Reemplazando mesLetra con septiembre
INFO - 2024-09-11 10:14:16 --> Reemplazando anioLetra con veinticuatro
INFO - 2024-09-11 10:14:16 --> Reemplazando montoTotalPagar con 6000.00
INFO - 2024-09-11 10:14:22 --> llega la sol::: 000001
INFO - 2024-09-11 10:14:22 --> respuesta del select::: C:\xampp\htdocs\creditos\public/documentos/000001/contrato_000001.docx
INFO - 2024-09-11 14:22:53 --> Session: Class initialized using 'CodeIgniter\Session\Handlers\FileHandler' driver.
INFO - 2024-09-11 14:22:54 --> Session: Class initialized using 'CodeIgniter\Session\Handlers\FileHandler' driver.
INFO - 2024-09-11 14:50:53 --> iniciando sesion
INFO - 2024-09-11 14:50:54 --> Valor retornado del acceso es:: [{"url_acceso":"inicio_administracion","orden_acceso":"1"},{"url_acceso":"usuarios","orden_acceso":"2"},{"url_acceso":"productos","orden_acceso":"3"},{"url_acceso":"categorias","orden_acceso":"4"},{"url_acceso":"proveedores","orden_acceso":"5"},{"url_acceso":"ingresos_por_compras","orden_acceso":"6"},{"url_acceso":"ingresos","orden_acceso":"7"},{"url_acceso":"salidas","orden_acceso":"8"},{"url_acceso":"apoderados","orden_acceso":"9"},{"url_acceso":"permisos","orden_acceso":"10"},{"url_acceso":"perfil","orden_acceso":null},{"url_acceso":"solicitudes","orden_acceso":"1"},{"url_acceso":"clientes","orden_acceso":"2"},{"url_acceso":"nueva_solicitud","orden_acceso":null}]
INFO - 2024-09-11 14:50:54 --> Session: Class initialized using 'CodeIgniter\Session\Handlers\FileHandler' driver.
INFO - 2024-09-11 14:50:54 --> Session: Class initialized using 'CodeIgniter\Session\Handlers\FileHandler' driver.
INFO - 2024-09-11 14:50:54 --> AdministracionController inicio_administracion
INFO - 2024-09-11 14:50:54 --> AdministracionController Acceso permitido
INFO - 2024-09-11 14:51:41 --> Session: Class initialized using 'CodeIgniter\Session\Handlers\FileHandler' driver.
INFO - 2024-09-11 14:51:41 --> SolicitudesController solicitudes
INFO - 2024-09-11 14:52:36 --> Session: Class initialized using 'CodeIgniter\Session\Handlers\FileHandler' driver.
INFO - 2024-09-11 14:52:36 --> encryptedSolicitud::: MTI=
INFO - 2024-09-11 14:52:36 --> numero de solicitud decrypted::: 12
INFO - 2024-09-11 14:52:37 --> Datos de la refLaboral:: Array
(
    [0] => Array
        (
            [id_referencia_laboral] => 11
            [id_solicitud] => 12
            [profesion_oficio] => Programador
            [empresa] => Sis. financiero
            [direccion_trabajo] => San salvador colonia medica
            [telefono_trabajo] => 2309-8655
            [cargo] => DEV JAVA
            [salario] => 2000.00
            [tiempo_laborado_empresa] => 3 AÑOS
            [nombre_jefe_inmediato] => MARIO LOPEZ
            [empresa_anterior] => WARESOFT
            [telefono_empresa_anterior] => 2333-3333
        )

)

INFO - 2024-09-11 14:53:16 --> ***************************************generarContrato***************************************
INFO - 2024-09-11 14:53:17 --> numero de contrato generado:: ::: 0001-00000019
INFO - 2024-09-11 14:53:17 --> Reemplazando representanteLegal con Juan Pérez
INFO - 2024-09-11 14:53:17 --> Reemplazando edadRepresentanteLet con 35
INFO - 2024-09-11 14:53:17 --> Reemplazando duiRepresentante con 01234567-8
INFO - 2024-09-11 14:53:17 --> Reemplazando mueblesSolicitados con Sofá, Mesa, Sillas
INFO - 2024-09-11 14:53:17 --> Reemplazando sucursal con Sucursal Central
INFO - 2024-09-11 14:53:17 --> Reemplazando cantidadCuotas con 12
INFO - 2024-09-11 14:53:17 --> Reemplazando precioTotal con 5000
INFO - 2024-09-11 14:53:17 --> Reemplazando valorPrima con 1000
INFO - 2024-09-11 14:53:17 --> Reemplazando montoCuotas con 333.33
INFO - 2024-09-11 14:53:17 --> Reemplazando diaLetra con veinticinco
INFO - 2024-09-11 14:53:17 --> Reemplazando mesLetra con septiembre
INFO - 2024-09-11 14:53:17 --> Reemplazando anioLetra con veinticuatro
INFO - 2024-09-11 14:53:17 --> Reemplazando montoTotalPagar con 6000.00
INFO - 2024-09-11 14:53:17 --> Reemplazando inicioPeriodoPago con 12/09/2024
INFO - 2024-09-11 14:53:22 --> llega la sol::: 000001
INFO - 2024-09-11 14:53:24 --> respuesta del select::: C:\xampp\htdocs\creditos\public/documentos/000001/contrato_000001.docx
INFO - 2024-09-11 14:53:45 --> ***************************************generarContrato***************************************
INFO - 2024-09-11 14:53:46 --> numero de contrato generado:: ::: 0001-00000020
INFO - 2024-09-11 14:53:46 --> Reemplazando representanteLegal con Juan Pérez
INFO - 2024-09-11 14:53:46 --> Reemplazando edadRepresentanteLet con 35
INFO - 2024-09-11 14:53:46 --> Reemplazando duiRepresentante con 01234567-8
INFO - 2024-09-11 14:53:46 --> Reemplazando mueblesSolicitados con Sofá, Mesa, Sillas
INFO - 2024-09-11 14:53:46 --> Reemplazando sucursal con Sucursal Central
INFO - 2024-09-11 14:53:46 --> Reemplazando cantidadCuotas con 12
INFO - 2024-09-11 14:53:46 --> Reemplazando precioTotal con 5000
INFO - 2024-09-11 14:53:46 --> Reemplazando valorPrima con 1000
INFO - 2024-09-11 14:53:46 --> Reemplazando montoCuotas con 333.33
INFO - 2024-09-11 14:53:46 --> Reemplazando diaLetra con veinticinco
INFO - 2024-09-11 14:53:46 --> Reemplazando mesLetra con septiembre
INFO - 2024-09-11 14:53:46 --> Reemplazando anioLetra con veinticuatro
INFO - 2024-09-11 14:53:46 --> Reemplazando montoTotalPagar con 6000.00
INFO - 2024-09-11 14:53:46 --> Reemplazando inicioPeriodoPago con 12/09/2024
INFO - 2024-09-11 14:53:52 --> llega la sol::: 000001
INFO - 2024-09-11 14:53:53 --> respuesta del select::: C:\xampp\htdocs\creditos\public/documentos/000001/contrato_000001.docx
INFO - 2024-09-11 14:54:13 --> ***************************************generarContrato***************************************
INFO - 2024-09-11 14:54:14 --> numero de contrato generado:: ::: 0001-00000021
INFO - 2024-09-11 14:54:14 --> Reemplazando representanteLegal con Juan Pérez
INFO - 2024-09-11 14:54:14 --> Reemplazando edadRepresentanteLet con 35
INFO - 2024-09-11 14:54:14 --> Reemplazando duiRepresentante con 01234567-8
INFO - 2024-09-11 14:54:14 --> Reemplazando mueblesSolicitados con Sofá, Mesa, Sillas
INFO - 2024-09-11 14:54:14 --> Reemplazando sucursal con Sucursal Central
INFO - 2024-09-11 14:54:14 --> Reemplazando cantidadCuotas con 12
INFO - 2024-09-11 14:54:14 --> Reemplazando precioTotal con 5000
INFO - 2024-09-11 14:54:14 --> Reemplazando valorPrima con 1000
INFO - 2024-09-11 14:54:14 --> Reemplazando montoCuotas con 333.33
INFO - 2024-09-11 14:54:14 --> Reemplazando diaLetra con veinticinco
INFO - 2024-09-11 14:54:14 --> Reemplazando mesLetra con septiembre
INFO - 2024-09-11 14:54:14 --> Reemplazando anioLetra con veinticuatro
INFO - 2024-09-11 14:54:14 --> Reemplazando montoTotalPagar con 6000.00
INFO - 2024-09-11 14:54:14 --> Reemplazando inicioPeriodoPago con 12/09/2024
INFO - 2024-09-11 14:54:19 --> llega la sol::: 000001
INFO - 2024-09-11 14:54:20 --> respuesta del select::: C:\xampp\htdocs\creditos\public/documentos/000001/contrato_000001.docx
INFO - 2024-09-11 14:56:38 --> ***************************************generarContrato***************************************
INFO - 2024-09-11 14:56:40 --> numero de contrato generado:: ::: 0001-00000022
INFO - 2024-09-11 14:56:40 --> Reemplazando representanteLegal con Juan Pérez
INFO - 2024-09-11 14:56:40 --> Reemplazando edadRepresentanteLet con 35
INFO - 2024-09-11 14:56:40 --> Reemplazando duiRepresentante con 01234567-8
INFO - 2024-09-11 14:56:40 --> Reemplazando mueblesSolicitados con Sofá, Mesa, Sillas
INFO - 2024-09-11 14:56:40 --> Reemplazando sucursal con Sucursal Central
INFO - 2024-09-11 14:56:40 --> Reemplazando cantidadCuotas con 12
INFO - 2024-09-11 14:56:40 --> Reemplazando precioTotal con 5000
INFO - 2024-09-11 14:56:40 --> Reemplazando valorPrima con 1000
INFO - 2024-09-11 14:56:40 --> Reemplazando montoCuotas con 333.33
INFO - 2024-09-11 14:56:40 --> Reemplazando diaLetra con veinticinco
INFO - 2024-09-11 14:56:40 --> Reemplazando mesLetra con septiembre
INFO - 2024-09-11 14:56:40 --> Reemplazando anioLetra con veinticuatro
INFO - 2024-09-11 14:56:40 --> Reemplazando montoTotalPagar con 6000.00
INFO - 2024-09-11 14:56:40 --> Reemplazando inicioPeriodoPago con 12/09/2024
INFO - 2024-09-11 14:56:45 --> llega la sol::: 000001
INFO - 2024-09-11 14:56:46 --> respuesta del select::: C:\xampp\htdocs\creditos\public/documentos/000001/contrato_000001.docx
INFO - 2024-09-11 15:04:22 --> ***************************************generarContrato***************************************
INFO - 2024-09-11 15:04:24 --> numero de contrato generado:: ::: 0001-00000023
INFO - 2024-09-11 15:04:24 --> Reemplazando representanteLegal con Juan Pérez
INFO - 2024-09-11 15:04:24 --> Reemplazando edadRepresentanteLet con 35
INFO - 2024-09-11 15:04:24 --> Reemplazando duiRepresentante con 01234567-8
INFO - 2024-09-11 15:04:24 --> Reemplazando mueblesSolicitados con Sofá, Mesa, Sillas
INFO - 2024-09-11 15:04:24 --> Reemplazando sucursal con Sucursal Central
INFO - 2024-09-11 15:04:24 --> Reemplazando cantidadCuotas con 12
INFO - 2024-09-11 15:04:24 --> Reemplazando precioTotal con 5000
INFO - 2024-09-11 15:04:24 --> Reemplazando valorPrima con 1000
INFO - 2024-09-11 15:04:24 --> Reemplazando montoCuotas con 333.33
INFO - 2024-09-11 15:04:24 --> Reemplazando diaLetra con veinticinco
INFO - 2024-09-11 15:04:24 --> Reemplazando mesLetra con septiembre
INFO - 2024-09-11 15:04:24 --> Reemplazando anioLetra con veinticuatro
INFO - 2024-09-11 15:04:24 --> Reemplazando montoTotalPagar con 6000.00
INFO - 2024-09-11 15:04:24 --> Reemplazando inicioPeriodoPago con 12/09/2024
INFO - 2024-09-11 15:04:29 --> llega la sol::: 000001
INFO - 2024-09-11 15:04:30 --> respuesta del select::: C:\xampp\htdocs\creditos\public/documentos/000001/contrato_000001.docx
INFO - 2024-09-11 15:05:18 --> Session: Class initialized using 'CodeIgniter\Session\Handlers\FileHandler' driver.
INFO - 2024-09-11 15:05:18 --> encryptedSolicitud::: MTI=
INFO - 2024-09-11 15:05:18 --> numero de solicitud decrypted::: 12
INFO - 2024-09-11 15:05:19 --> Datos de la refLaboral:: Array
(
    [0] => Array
        (
            [id_referencia_laboral] => 11
            [id_solicitud] => 12
            [profesion_oficio] => Programador
            [empresa] => Sis. financiero
            [direccion_trabajo] => San salvador colonia medica
            [telefono_trabajo] => 2309-8655
            [cargo] => DEV JAVA
            [salario] => 2000.00
            [tiempo_laborado_empresa] => 3 AÑOS
            [nombre_jefe_inmediato] => MARIO LOPEZ
            [empresa_anterior] => WARESOFT
            [telefono_empresa_anterior] => 2333-3333
        )

)

INFO - 2024-09-11 15:05:24 --> ***************************************generarContrato***************************************
INFO - 2024-09-11 15:05:26 --> numero de contrato generado:: ::: 0001-00000024
INFO - 2024-09-11 15:05:26 --> Reemplazando representanteLegal con Juan Pérez
INFO - 2024-09-11 15:05:26 --> Reemplazando edadRepresentanteLet con 35
INFO - 2024-09-11 15:05:26 --> Reemplazando duiRepresentante con 01234567-8
INFO - 2024-09-11 15:05:26 --> Reemplazando mueblesSolicitados con Sofá, Mesa, Sillas
INFO - 2024-09-11 15:05:26 --> Reemplazando sucursal con Sucursal Central
INFO - 2024-09-11 15:05:26 --> Reemplazando cantidadCuotas con 12
INFO - 2024-09-11 15:05:26 --> Reemplazando precioTotal con 5000
INFO - 2024-09-11 15:05:26 --> Reemplazando valorPrima con 1000
INFO - 2024-09-11 15:05:26 --> Reemplazando montoCuotas con 333.33
INFO - 2024-09-11 15:05:26 --> Reemplazando diaLetra con veinticinco
INFO - 2024-09-11 15:05:26 --> Reemplazando mesLetra con septiembre
INFO - 2024-09-11 15:05:26 --> Reemplazando anioLetra con veinticuatro
INFO - 2024-09-11 15:05:26 --> Reemplazando montoTotalPagar con 6000.00
INFO - 2024-09-11 15:05:26 --> Reemplazando inicioPeriodoPago con 12/09/2024
INFO - 2024-09-11 15:05:32 --> llega la sol::: 000001
INFO - 2024-09-11 15:05:33 --> respuesta del select::: C:\xampp\htdocs\creditos\public/documentos/000001/contrato_000001.docx
INFO - 2024-09-11 15:05:56 --> ***************************************generarContrato***************************************
INFO - 2024-09-11 15:05:58 --> numero de contrato generado:: ::: 0001-00000025
INFO - 2024-09-11 15:05:58 --> Reemplazando representanteLegal con Juan Pérez
INFO - 2024-09-11 15:05:58 --> Reemplazando edadRepresentanteLet con 35
INFO - 2024-09-11 15:05:58 --> Reemplazando duiRepresentante con 01234567-8
INFO - 2024-09-11 15:05:58 --> Reemplazando mueblesSolicitados con Sofá, Mesa, Sillas
INFO - 2024-09-11 15:05:58 --> Reemplazando sucursal con Sucursal Central
INFO - 2024-09-11 15:05:58 --> Reemplazando cantidadCuotas con 12
INFO - 2024-09-11 15:05:58 --> Reemplazando precioTotal con 5000
INFO - 2024-09-11 15:05:58 --> Reemplazando valorPrima con 1000
INFO - 2024-09-11 15:05:58 --> Reemplazando montoCuotas con 333.33
INFO - 2024-09-11 15:05:58 --> Reemplazando diaLetra con veinticinco
INFO - 2024-09-11 15:05:58 --> Reemplazando mesLetra con septiembre
INFO - 2024-09-11 15:05:58 --> Reemplazando anioLetra con veinticuatro
INFO - 2024-09-11 15:05:58 --> Reemplazando montoTotalPagar con 6000.00
INFO - 2024-09-11 15:05:58 --> Reemplazando inicioPeriodoPago con 12/09/2024
INFO - 2024-09-11 15:06:03 --> llega la sol::: 000001
INFO - 2024-09-11 15:06:04 --> respuesta del select::: C:\xampp\htdocs\creditos\public/documentos/000001/contrato_000001.docx
INFO - 2024-09-11 15:19:48 --> ***************************************generarContrato***************************************
INFO - 2024-09-11 15:19:49 --> numero de contrato generado:: ::: 0001-00000026
INFO - 2024-09-11 15:19:49 --> Reemplazando representanteLegal con Juan Pérez
INFO - 2024-09-11 15:19:49 --> Reemplazando edadRepresentanteLet con 35
INFO - 2024-09-11 15:19:49 --> Reemplazando duiRepresentante con 01234567-8
INFO - 2024-09-11 15:19:49 --> Reemplazando mueblesSolicitados con Sofá, Mesa, Sillas
INFO - 2024-09-11 15:19:49 --> Reemplazando sucursal con Sucursal Central
INFO - 2024-09-11 15:19:49 --> Reemplazando cantidadCuotas con 12
INFO - 2024-09-11 15:19:49 --> Reemplazando precioTotal con 5000
INFO - 2024-09-11 15:19:49 --> Reemplazando valorPrima con 1000
INFO - 2024-09-11 15:19:49 --> Reemplazando montoCuotas con 333.33
INFO - 2024-09-11 15:19:49 --> Reemplazando diaLetra con veinticinco
INFO - 2024-09-11 15:19:49 --> Reemplazando mesLetra con septiembre
INFO - 2024-09-11 15:19:49 --> Reemplazando anioLetra con veinticuatro
INFO - 2024-09-11 15:19:49 --> Reemplazando montoTotalPagar con 6000.00
INFO - 2024-09-11 15:19:49 --> Reemplazando inicioPeriodoPago con 12/09/2024
INFO - 2024-09-11 15:19:55 --> llega la sol::: 000001
INFO - 2024-09-11 15:19:55 --> respuesta del select::: C:\xampp\htdocs\creditos\public/documentos/000001/contrato_000001.docx
INFO - 2024-09-11 16:15:26 --> ***************************************generarContrato***************************************
INFO - 2024-09-11 16:15:28 --> numero de contrato generado:: ::: 0001-00000027
INFO - 2024-09-11 16:15:28 --> Reemplazando representanteLegal con Juan Pérez
INFO - 2024-09-11 16:15:28 --> Reemplazando edadRepresentanteLet con 35
INFO - 2024-09-11 16:15:28 --> Reemplazando duiRepresentante con 01234567-8
INFO - 2024-09-11 16:15:28 --> Reemplazando mueblesSolicitados con Sofá, Mesa, Sillas
INFO - 2024-09-11 16:15:28 --> Reemplazando sucursal con Sucursal Central
INFO - 2024-09-11 16:15:28 --> Reemplazando cantidadCuotas con 12
INFO - 2024-09-11 16:15:28 --> Reemplazando precioTotal con 5000
INFO - 2024-09-11 16:15:28 --> Reemplazando valorPrima con 1000
INFO - 2024-09-11 16:15:28 --> Reemplazando montoCuotas con 333.33
INFO - 2024-09-11 16:15:28 --> Reemplazando diaLetra con veinticinco
INFO - 2024-09-11 16:15:28 --> Reemplazando mesLetra con septiembre
INFO - 2024-09-11 16:15:28 --> Reemplazando anioLetra con veinticuatro
INFO - 2024-09-11 16:15:28 --> Reemplazando montoTotalPagar con 6000.00
INFO - 2024-09-11 16:15:28 --> Reemplazando inicioPeriodoPago con 12/09/2024
INFO - 2024-09-11 16:15:33 --> llega la sol::: 000001
INFO - 2024-09-11 16:15:34 --> respuesta del select::: C:\xampp\htdocs\creditos\public/documentos/000001/contrato_000001.docx
INFO - 2024-09-11 16:43:21 --> ***************************************generarContrato***************************************
INFO - 2024-09-11 16:43:23 --> numero de contrato generado:: ::: 0001-00000028
INFO - 2024-09-11 16:43:23 --> Reemplazando representanteLegal con Juan Pérez
INFO - 2024-09-11 16:43:23 --> Reemplazando edadRepresentanteLet con 35
INFO - 2024-09-11 16:43:23 --> Reemplazando duiRepresentante con 01234567-8
INFO - 2024-09-11 16:43:23 --> Reemplazando mueblesSolicitados con Sofá, Mesa, Sillas
INFO - 2024-09-11 16:43:23 --> Reemplazando sucursal con Sucursal Central
INFO - 2024-09-11 16:43:23 --> Reemplazando cantidadCuotas con 12
INFO - 2024-09-11 16:43:23 --> Reemplazando precioTotal con 5000
INFO - 2024-09-11 16:43:23 --> Reemplazando valorPrima con 1000
INFO - 2024-09-11 16:43:23 --> Reemplazando montoCuotas con 333.33
INFO - 2024-09-11 16:43:23 --> Reemplazando diaLetra con veinticinco
INFO - 2024-09-11 16:43:23 --> Reemplazando mesLetra con septiembre
INFO - 2024-09-11 16:43:23 --> Reemplazando anioLetra con veinticuatro
INFO - 2024-09-11 16:43:23 --> Reemplazando montoTotalPagar con 6000.00
INFO - 2024-09-11 16:43:23 --> Reemplazando inicioPeriodoPago con 12/09/2024
INFO - 2024-09-11 16:43:23 --> Reemplazando diasPago con 12
INFO - 2024-09-11 16:43:28 --> llega la sol::: 000001
INFO - 2024-09-11 16:43:29 --> respuesta del select::: C:\xampp\htdocs\creditos\public/documentos/000001/contrato_000001.docx
INFO - 2024-09-11 16:47:31 --> ***************************************generarContrato***************************************
INFO - 2024-09-11 16:47:33 --> numero de contrato generado:: ::: 0001-00000029
INFO - 2024-09-11 16:47:33 --> Reemplazando representanteLegal con Juan Pérez
INFO - 2024-09-11 16:47:33 --> Reemplazando edadRepresentanteLet con 35
INFO - 2024-09-11 16:47:33 --> Reemplazando duiRepresentante con 01234567-8
INFO - 2024-09-11 16:47:33 --> Reemplazando mueblesSolicitados con Sofá, Mesa, Sillas
INFO - 2024-09-11 16:47:33 --> Reemplazando sucursal con Sucursal Central
INFO - 2024-09-11 16:47:33 --> Reemplazando cantidadCuotas con 12
INFO - 2024-09-11 16:47:33 --> Reemplazando precioTotal con 5000
INFO - 2024-09-11 16:47:33 --> Reemplazando valorPrima con 1000
INFO - 2024-09-11 16:47:33 --> Reemplazando montoCuotas con 333.33
INFO - 2024-09-11 16:47:33 --> Reemplazando diaLetra con veinticinco
INFO - 2024-09-11 16:47:33 --> Reemplazando mesLetra con septiembre
INFO - 2024-09-11 16:47:33 --> Reemplazando anioLetra con veinticuatro
INFO - 2024-09-11 16:47:33 --> Reemplazando montoTotalPagar con 6000.00
INFO - 2024-09-11 16:47:33 --> Reemplazando inicioPeriodoPago con 12/09/2024
INFO - 2024-09-11 16:47:33 --> Reemplazando diasPago con 12
INFO - 2024-09-11 16:47:38 --> llega la sol::: 000001
INFO - 2024-09-11 16:47:39 --> respuesta del select::: C:\xampp\htdocs\creditos\public/documentos/000001/contrato_000001.docx
INFO - 2024-09-11 17:02:32 --> ***************************************generarContrato***************************************
INFO - 2024-09-11 17:02:34 --> numero de contrato generado:: ::: 0001-00000030
INFO - 2024-09-11 17:02:34 --> Reemplazando representanteLegal con Juan Pérez
INFO - 2024-09-11 17:02:34 --> Reemplazando edadRepresentanteLet con 35
INFO - 2024-09-11 17:02:34 --> Reemplazando duiRepresentante con 01234567-8
INFO - 2024-09-11 17:02:34 --> Reemplazando mueblesSolicitados con Sofá, Mesa, Sillas
INFO - 2024-09-11 17:02:34 --> Reemplazando sucursal con Sucursal Central
INFO - 2024-09-11 17:02:34 --> Reemplazando cantidadCuotas con 12
INFO - 2024-09-11 17:02:34 --> Reemplazando precioTotal con 5000
INFO - 2024-09-11 17:02:34 --> Reemplazando valorPrima con 1000
INFO - 2024-09-11 17:02:34 --> Reemplazando montoCuotas con 333.33
INFO - 2024-09-11 17:02:34 --> Reemplazando diaLetra con veinticinco
INFO - 2024-09-11 17:02:34 --> Reemplazando mesLetra con septiembre
INFO - 2024-09-11 17:02:34 --> Reemplazando anioLetra con veinticuatro
INFO - 2024-09-11 17:02:34 --> Reemplazando montoTotalPagar con 6000.00
INFO - 2024-09-11 17:02:34 --> Reemplazando inicioPeriodoPago con 12/09/2024
INFO - 2024-09-11 17:02:34 --> Reemplazando diasPago con 12
INFO - 2024-09-11 17:02:34 --> Reemplazando nombreFiador con Carlos Gómez
INFO - 2024-09-11 17:02:34 --> Reemplazando domicilioFiador con Avenida Central, San Salvador
INFO - 2024-09-11 17:02:34 --> Reemplazando duiFiador con 12345678-9
INFO - 2024-09-11 17:02:34 --> Reemplazando nitFiador con 123456789012
INFO - 2024-09-11 17:02:34 --> Reemplazando nombreCliente con María Rodríguez
INFO - 2024-09-11 17:02:34 --> Reemplazando ciudadContrato con San Salvador
INFO - 2024-09-11 17:02:40 --> llega la sol::: 000001
INFO - 2024-09-11 17:02:41 --> respuesta del select::: C:\xampp\htdocs\creditos\public/documentos/000001/contrato_000001.docx
INFO - 2024-09-11 17:03:14 --> ***************************************generarContrato***************************************
INFO - 2024-09-11 17:03:16 --> numero de contrato generado:: ::: 0001-00000031
INFO - 2024-09-11 17:03:16 --> Reemplazando representanteLegal con Juan Pérez
INFO - 2024-09-11 17:03:16 --> Reemplazando edadRepresentanteLet con 35
INFO - 2024-09-11 17:03:16 --> Reemplazando duiRepresentante con 01234567-8
INFO - 2024-09-11 17:03:16 --> Reemplazando mueblesSolicitados con Sofá, Mesa, Sillas
INFO - 2024-09-11 17:03:16 --> Reemplazando sucursal con Sucursal Central
INFO - 2024-09-11 17:03:16 --> Reemplazando cantidadCuotas con 12
INFO - 2024-09-11 17:03:16 --> Reemplazando precioTotal con 5000
INFO - 2024-09-11 17:03:16 --> Reemplazando valorPrima con 1000
INFO - 2024-09-11 17:03:16 --> Reemplazando montoCuotas con 333.33
INFO - 2024-09-11 17:03:16 --> Reemplazando diaLetra con veinticinco
INFO - 2024-09-11 17:03:16 --> Reemplazando mesLetra con septiembre
INFO - 2024-09-11 17:03:16 --> Reemplazando anioLetra con veinticuatro
INFO - 2024-09-11 17:03:16 --> Reemplazando montoTotalPagar con 6000.00
INFO - 2024-09-11 17:03:16 --> Reemplazando inicioPeriodoPago con 12/09/2024
INFO - 2024-09-11 17:03:16 --> Reemplazando diasPago con 12
INFO - 2024-09-11 17:03:16 --> Reemplazando nombreFiador con Carlos Gómez
INFO - 2024-09-11 17:03:16 --> Reemplazando domicilioFiador con Avenida Central, San Salvador
INFO - 2024-09-11 17:03:16 --> Reemplazando duiFiador con 12345678-9
INFO - 2024-09-11 17:03:16 --> Reemplazando nitFiador con 123456789012
INFO - 2024-09-11 17:03:16 --> Reemplazando nombreCliente con María Rodríguez
INFO - 2024-09-11 17:03:16 --> Reemplazando ciudadContrato con San Salvador
INFO - 2024-09-11 17:03:22 --> llega la sol::: 000001
INFO - 2024-09-11 17:03:23 --> respuesta del select::: C:\xampp\htdocs\creditos\public/documentos/000001/contrato_000001.docx
INFO - 2024-09-11 17:06:00 --> ***************************************generarContrato***************************************
INFO - 2024-09-11 17:06:01 --> numero de contrato generado:: ::: 0001-00000032
INFO - 2024-09-11 17:06:01 --> Reemplazando representanteLegal con JUAN PéREZ
INFO - 2024-09-11 17:06:01 --> Reemplazando edadRepresentanteLet con 35
INFO - 2024-09-11 17:06:01 --> Reemplazando duiRepresentante con 01234567-8
INFO - 2024-09-11 17:06:01 --> Reemplazando mueblesSolicitados con SOFá, MESA, SILLAS
INFO - 2024-09-11 17:06:01 --> Reemplazando sucursal con SUCURSAL CENTRAL
INFO - 2024-09-11 17:06:01 --> Reemplazando cantidadCuotas con 12
INFO - 2024-09-11 17:06:01 --> Reemplazando precioTotal con 5000
INFO - 2024-09-11 17:06:01 --> Reemplazando valorPrima con 1000
INFO - 2024-09-11 17:06:01 --> Reemplazando montoCuotas con 333.33
INFO - 2024-09-11 17:06:01 --> Reemplazando diaLetra con VEINTICINCO
INFO - 2024-09-11 17:06:01 --> Reemplazando mesLetra con SEPTIEMBRE
INFO - 2024-09-11 17:06:01 --> Reemplazando anioLetra con VEINTICUATRO
INFO - 2024-09-11 17:06:01 --> Reemplazando montoTotalPagar con 6000.00
INFO - 2024-09-11 17:06:01 --> Reemplazando inicioPeriodoPago con 12/09/2024
INFO - 2024-09-11 17:06:01 --> Reemplazando diasPago con 12
INFO - 2024-09-11 17:06:01 --> Reemplazando nombreFiador con CARLOS GóMEZ
INFO - 2024-09-11 17:06:01 --> Reemplazando domicilioFiador con AVENIDA CENTRAL, SAN SALVADOR
INFO - 2024-09-11 17:06:01 --> Reemplazando duiFiador con 12345678-9
INFO - 2024-09-11 17:06:01 --> Reemplazando nitFiador con 123456789012
INFO - 2024-09-11 17:06:01 --> Reemplazando nombreCliente con MARíA RODRíGUEZ
INFO - 2024-09-11 17:06:01 --> Reemplazando ciudadContrato con SAN SALVADOR
INFO - 2024-09-11 17:06:07 --> llega la sol::: 000001
INFO - 2024-09-11 17:06:08 --> respuesta del select::: C:\xampp\htdocs\creditos\public/documentos/000001/contrato_000001.docx
INFO - 2024-09-11 17:08:06 --> ***************************************generarContrato***************************************
INFO - 2024-09-11 17:08:08 --> numero de contrato generado:: ::: 0001-00000033
INFO - 2024-09-11 17:08:08 --> Reemplazando representanteLegal con JUAN PéREZ
INFO - 2024-09-11 17:08:08 --> Reemplazando edadRepresentanteLet con 35
INFO - 2024-09-11 17:08:08 --> Reemplazando duiRepresentante con 01234567-8
INFO - 2024-09-11 17:08:08 --> Reemplazando mueblesSolicitados con SOFá, MESA, SILLAS
INFO - 2024-09-11 17:08:08 --> Reemplazando sucursal con SUCURSAL CENTRAL
INFO - 2024-09-11 17:08:08 --> Reemplazando cantidadCuotas con 12
INFO - 2024-09-11 17:08:08 --> Reemplazando precioTotal con 5000
INFO - 2024-09-11 17:08:08 --> Reemplazando valorPrima con 1000
INFO - 2024-09-11 17:08:08 --> Reemplazando montoCuotas con 333.33
INFO - 2024-09-11 17:08:08 --> Reemplazando diaLetra con VEINTICINCO
INFO - 2024-09-11 17:08:08 --> Reemplazando mesLetra con SEPTIEMBRE
INFO - 2024-09-11 17:08:08 --> Reemplazando anioLetra con VEINTICUATRO
INFO - 2024-09-11 17:08:08 --> Reemplazando montoTotalPagar con 6000.00
INFO - 2024-09-11 17:08:08 --> Reemplazando inicioPeriodoPago con 12/09/2024
INFO - 2024-09-11 17:08:08 --> Reemplazando diasPago con 12
INFO - 2024-09-11 17:08:08 --> Reemplazando nombreFiador con CARLOS GóMEZ
INFO - 2024-09-11 17:08:08 --> Reemplazando domicilioFiador con AVENIDA CENTRAL, SAN SALVADOR
INFO - 2024-09-11 17:08:08 --> Reemplazando duiFiador con 12345678-9
INFO - 2024-09-11 17:08:08 --> Reemplazando nitFiador con 123456789012
INFO - 2024-09-11 17:08:08 --> Reemplazando nombreCliente con MARíA RODRíGUEZ
INFO - 2024-09-11 17:08:08 --> Reemplazando ciudadContrato con SAN SALVADOR
INFO - 2024-09-11 17:08:13 --> llega la sol::: 000001
INFO - 2024-09-11 17:08:14 --> respuesta del select::: C:\xampp\htdocs\creditos\public/documentos/000001/contrato_000001.docx
INFO - 2024-09-11 17:10:07 --> ***************************************generarContrato***************************************
INFO - 2024-09-11 17:10:08 --> numero de contrato generado:: ::: 0001-00000034
INFO - 2024-09-11 17:10:08 --> Reemplazando representanteLegal con JUAN PÉREZ
INFO - 2024-09-11 17:10:08 --> Reemplazando edadRepresentanteLet con 35
INFO - 2024-09-11 17:10:08 --> Reemplazando duiRepresentante con 01234567-8
INFO - 2024-09-11 17:10:08 --> Reemplazando mueblesSolicitados con SOFÁ, MESA, SILLAS
INFO - 2024-09-11 17:10:08 --> Reemplazando sucursal con SUCURSAL CENTRAL
INFO - 2024-09-11 17:10:08 --> Reemplazando cantidadCuotas con 12
INFO - 2024-09-11 17:10:08 --> Reemplazando precioTotal con 5000
INFO - 2024-09-11 17:10:08 --> Reemplazando valorPrima con 1000
INFO - 2024-09-11 17:10:08 --> Reemplazando montoCuotas con 333.33
INFO - 2024-09-11 17:10:08 --> Reemplazando diaLetra con VEINTICINCO
INFO - 2024-09-11 17:10:08 --> Reemplazando mesLetra con SEPTIEMBRE
INFO - 2024-09-11 17:10:08 --> Reemplazando anioLetra con VEINTICUATRO
INFO - 2024-09-11 17:10:08 --> Reemplazando montoTotalPagar con 6000.00
INFO - 2024-09-11 17:10:08 --> Reemplazando inicioPeriodoPago con 12/09/2024
INFO - 2024-09-11 17:10:08 --> Reemplazando diasPago con 12
INFO - 2024-09-11 17:10:08 --> Reemplazando nombreFiador con CARLOS GÓMEZ
INFO - 2024-09-11 17:10:08 --> Reemplazando domicilioFiador con AVENIDA CENTRAL, SAN SALVADOR
INFO - 2024-09-11 17:10:08 --> Reemplazando duiFiador con 12345678-9
INFO - 2024-09-11 17:10:08 --> Reemplazando nitFiador con 123456789012
INFO - 2024-09-11 17:10:08 --> Reemplazando nombreCliente con MARÍA RODRÍGUEZ
INFO - 2024-09-11 17:10:08 --> Reemplazando ciudadContrato con SAN SALVADOR
INFO - 2024-09-11 17:10:14 --> llega la sol::: 000001
INFO - 2024-09-11 17:10:15 --> respuesta del select::: C:\xampp\htdocs\creditos\public/documentos/000001/contrato_000001.docx
