INFO - 2024-11-16 20:51:42 --> Session: Class initialized using 'CodeIgniter\Session\Handlers\FileHandler' driver.
INFO - 2024-11-16 20:51:49 --> iniciando sesion
INFO - 2024-11-16 20:51:51 --> Valor retornado del acceso es:: [{"url_acceso":"solicitudes","orden_acceso":"1"},{"url_acceso":"clientes","orden_acceso":"2"},{"url_acceso":"nueva_solicitud","orden_acceso":null},{"url_acceso":"perfil","orden_acceso":null},{"url_acceso":"nuevo_cliente","orden_acceso":null}]
INFO - 2024-11-16 20:51:51 --> Session: Class initialized using 'CodeIgniter\Session\Handlers\FileHandler' driver.
INFO - 2024-11-16 20:51:52 --> Session: Class initialized using 'CodeIgniter\Session\Handlers\FileHandler' driver.
INFO - 2024-11-16 20:51:52 --> SolicitudesController solicitudes
INFO - 2024-11-16 20:52:01 --> Session: Class initialized using 'CodeIgniter\Session\Handlers\FileHandler' driver.
INFO - 2024-11-16 20:52:01 --> Session: Class initialized using 'CodeIgniter\Session\Handlers\FileHandler' driver.
INFO - 2024-11-16 20:52:03 --> iniciando sesion
INFO - 2024-11-16 20:52:04 --> Valor retornado del acceso es:: [{"url_acceso":"inicio_administracion","orden_acceso":"1"},{"url_acceso":"usuarios","orden_acceso":"2"},{"url_acceso":"productos","orden_acceso":"3"},{"url_acceso":"categorias","orden_acceso":"4"},{"url_acceso":"proveedores","orden_acceso":"5"},{"url_acceso":"ingresos_por_compras","orden_acceso":"6"},{"url_acceso":"ingresos","orden_acceso":"7"},{"url_acceso":"salidas","orden_acceso":"8"},{"url_acceso":"apoderados","orden_acceso":"9"},{"url_acceso":"permisos","orden_acceso":"10"},{"url_acceso":"perfil","orden_acceso":null},{"url_acceso":"solicitudes","orden_acceso":"1"},{"url_acceso":"clientes","orden_acceso":"2"},{"url_acceso":"nueva_solicitud","orden_acceso":null},{"url_acceso":"profesiones","orden_acceso":"11"},{"url_acceso":"nuevo_cliente","orden_acceso":null},{"url_acceso":"colonias","orden_acceso":"12"},{"url_acceso":"cobros","orden_acceso":"13"}]
INFO - 2024-11-16 20:52:04 --> Session: Class initialized using 'CodeIgniter\Session\Handlers\FileHandler' driver.
INFO - 2024-11-16 20:52:04 --> Session: Class initialized using 'CodeIgniter\Session\Handlers\FileHandler' driver.
INFO - 2024-11-16 20:52:04 --> AdministracionController inicio_administracion
INFO - 2024-11-16 20:52:04 --> AdministracionController Acceso permitido
INFO - 2024-11-16 20:52:08 --> Session: Class initialized using 'CodeIgniter\Session\Handlers\FileHandler' driver.
INFO - 2024-11-16 20:52:11 --> Session: Class initialized using 'CodeIgniter\Session\Handlers\FileHandler' driver.
INFO - 2024-11-16 20:52:12 --> Resultado JSON: [{"id_solicitud":"14","numero_solicitud":"000001","fecha_creacion":"2024-11-11 20:07:45","dui":"01234567-8","nombre_completo":"Ana Mar\u00eda P\u00e9rez L\u00f3pez","user_creador":"Jaime Edgardo Palacios Garcia","estado":"Aprobada","id_estado_actual":"2","observacion":null,"num_contrato":"0001-00000001"}]
INFO - 2024-11-16 20:52:14 --> Session: Class initialized using 'CodeIgniter\Session\Handlers\FileHandler' driver.
INFO - 2024-11-16 20:52:14 --> Resultado JSON id_solicitud: 14
INFO - 2024-11-16 20:52:15 --> Resultado JSON deudasSolicitud: Array
(
    [0] => Array
        (
            [id_cobro] => 5
            [id_solicitud] => 14
            [numero_cuota] => 0
            [monto_cuota] => 100.00
            [descripcion] => Pago de prima o cuota numero 0 de 4
            [estado] => CANCELADO
            [fecha_vencimiento] => 2024-11-12
            [fecha_pago] => 2024-11-11
        )

    [1] => Array
        (
            [id_cobro] => 6
            [id_solicitud] => 14
            [numero_cuota] => 1
            [monto_cuota] => 39.86
            [descripcion] => 
            [estado] => PENDIENTE
            [fecha_vencimiento] => 2024-11-11
            [fecha_pago] => 2024-11-11
        )

    [2] => Array
        (
            [id_cobro] => 7
            [id_solicitud] => 14
            [numero_cuota] => 2
            [monto_cuota] => 39.86
            [descripcion] => 
            [estado] => PENDIENTE
            [fecha_vencimiento] => 2025-01-12
            [fecha_pago] => 2025-01-11
        )

    [3] => Array
        (
            [id_cobro] => 8
            [id_solicitud] => 14
            [numero_cuota] => 3
            [monto_cuota] => 39.86
            [descripcion] => 
            [estado] => PENDIENTE
            [fecha_vencimiento] => 2025-02-12
            [fecha_pago] => 2025-02-11
        )

    [4] => Array
        (
            [id_cobro] => 9
            [id_solicitud] => 14
            [numero_cuota] => 4
            [monto_cuota] => 39.86
            [descripcion] => 
            [estado] => PENDIENTE
            [fecha_vencimiento] => 2025-03-12
            [fecha_pago] => 2025-03-11
        )

)

